{"meta": {"format": 3, "version": "7.12.0", "timestamp": "2025-12-02T23:46:20.791384", "branch_coverage": false, "show_contexts": false}, "files": {"pipeline/runner.py": {"executed_lines": [], "summary": {"covered_lines": 0, "num_statements": 257, "percent_covered": 0.0, "percent_covered_display": "0", "missing_lines": 257, "excluded_lines": 0, "percent_statements_covered": 0.0, "percent_statements_covered_display": "0"}, "missing_lines": [1, 2, 3, 4, 5, 6, 7, 8, 9, 10, 11, 14, 16, 23, 25, 27, 28, 30, 31, 33, 39, 40, 41, 42, 45, 48, 49, 50, 58, 59, 60, 62, 64, 66, 67, 68, 69, 70, 71, 72, 73, 75, 77, 78, 79, 81, 82, 83, 84, 85, 86, 87, 88, 90, 91, 92, 94, 96, 97, 98, 99, 100, 101, 102, 103, 105, 107, 108, 109, 110, 112, 114, 115, 116, 117, 118, 119, 120, 122, 125, 134, 135, 136, 137, 138, 139, 141, 142, 143, 144, 145, 146, 147, 148, 149, 150, 151, 152, 153, 154, 155, 156, 157, 158, 159, 161, 162, 164, 169, 170, 171, 172, 173, 175, 177, 178, 179, 180, 181, 182, 183, 185, 187, 197, 198, 199, 201, 208, 210, 211, 212, 214, 215, 217, 218, 219, 220, 221, 222, 223, 224, 226, 227, 229, 231, 237, 238, 239, 240, 242, 244, 246, 247, 248, 249, 251, 253, 255, 256, 258, 259, 260, 261, 262, 263, 264, 266, 268, 269, 270, 271, 272, 275, 281, 282, 283, 285, 286, 287, 290, 291, 292, 293, 294, 297, 298, 300, 301, 302, 303, 305, 307, 309, 310, 311, 313, 314, 317, 318, 319, 321, 324, 325, 328, 329, 333, 347, 348, 352, 368, 391, 392, 393, 394, 396, 398, 401, 402, 403, 404, 405, 406, 407, 408, 411, 413, 415, 416, 417, 418, 419, 422, 423, 424, 426, 427, 430, 431, 432, 433, 434, 435, 436, 437, 438, 439, 440, 441, 442, 443, 444, 445, 447, 448, 449, 450, 451], "excluded_lines": [], "functions": {"set_log_level": {"executed_lines": [], "summary": {"covered_lines": 0, "num_statements": 2, "percent_covered": 0.0, "percent_covered_display": "0", "missing_lines": 2, "excluded_lines": 0, "percent_statements_covered": 0.0, "percent_statements_covered_display": "0"}, "missing_lines": [27, 28], "excluded_lines": []}, "_timestamp": {"executed_lines": [], "summary": {"covered_lines": 0, "num_statements": 1, "percent_covered": 0.0, "percent_covered_display": "0", "missing_lines": 1, "excluded_lines": 0, "percent_statements_covered": 0.0, "percent_statements_covered_display": "0"}, "missing_lines": [31], "excluded_lines": []}, "log_event": {"executed_lines": [], "summary": {"covered_lines": 0, "num_statements": 12, "percent_covered": 0.0, "percent_covered_display": "0", "missing_lines": 12, "excluded_lines": 0, "percent_statements_covered": 0.0, "percent_statements_covered_display": "0"}, "missing_lines": [39, 40, 41, 42, 45, 48, 49, 50, 58, 59, 60, 62], "excluded_lines": []}, "sha256_of_file": {"executed_lines": [], "summary": {"covered_lines": 0, "num_statements": 8, "percent_covered": 0.0, "percent_covered_display": "0", "missing_lines": 8, "excluded_lines": 0, "percent_statements_covered": 0.0, "percent_statements_covered_display": "0"}, "missing_lines": [66, 67, 68, 69, 70, 71, 72, 73], "excluded_lines": []}, "compute_inputs_checksum": {"executed_lines": [], "summary": {"covered_lines": 0, "num_statements": 14, "percent_covered": 0.0, "percent_covered_display": "0", "missing_lines": 14, "excluded_lines": 0, "percent_statements_covered": 0.0, "percent_statements_covered_display": "0"}, "missing_lines": [77, 78, 79, 81, 82, 83, 84, 85, 86, 87, 88, 90, 91, 92], "excluded_lines": []}, "read_manifest": {"executed_lines": [], "summary": {"covered_lines": 0, "num_statements": 8, "percent_covered": 0.0, "percent_covered_display": "0", "missing_lines": 8, "excluded_lines": 0, "percent_statements_covered": 0.0, "percent_statements_covered_display": "0"}, "missing_lines": [96, 97, 98, 99, 100, 101, 102, 103], "excluded_lines": []}, "write_manifest": {"executed_lines": [], "summary": {"covered_lines": 0, "num_statements": 4, "percent_covered": 0.0, "percent_covered_display": "0", "missing_lines": 4, "excluded_lines": 0, "percent_statements_covered": 0.0, "percent_statements_covered_display": "0"}, "missing_lines": [107, 108, 109, 110], "excluded_lines": []}, "scan_stage_outputs": {"executed_lines": [], "summary": {"covered_lines": 0, "num_statements": 7, "percent_covered": 0.0, "percent_covered_display": "0", "missing_lines": 7, "excluded_lines": 0, "percent_statements_covered": 0.0, "percent_statements_covered_display": "0"}, "missing_lines": [114, 115, 116, 117, 118, 119, 120], "excluded_lines": []}, "StageRunner.__init__": {"executed_lines": [], "summary": {"covered_lines": 0, "num_statements": 6, "percent_covered": 0.0, "percent_covered_display": "0", "missing_lines": 6, "excluded_lines": 0, "percent_statements_covered": 0.0, "percent_statements_covered_display": "0"}, "missing_lines": [134, 135, 136, 137, 138, 139], "excluded_lines": []}, "StageRunner.should_run": {"executed_lines": [], "summary": {"covered_lines": 0, "num_statements": 20, "percent_covered": 0.0, "percent_covered_display": "0", "missing_lines": 20, "excluded_lines": 0, "percent_statements_covered": 0.0, "percent_statements_covered_display": "0"}, "missing_lines": [142, 143, 144, 145, 146, 147, 148, 149, 150, 151, 152, 153, 154, 155, 156, 157, 158, 159, 161, 162], "excluded_lines": []}, "StageRunner.run": {"executed_lines": [], "summary": {"covered_lines": 0, "num_statements": 18, "percent_covered": 0.0, "percent_covered_display": "0", "missing_lines": 18, "excluded_lines": 0, "percent_statements_covered": 0.0, "percent_statements_covered_display": "0"}, "missing_lines": [169, 170, 171, 172, 173, 175, 177, 178, 179, 180, 181, 182, 183, 185, 187, 197, 198, 199], "excluded_lines": []}, "filter_stage_list": {"executed_lines": [], "summary": {"covered_lines": 0, "num_statements": 17, "percent_covered": 0.0, "percent_covered_display": "0", "missing_lines": 17, "excluded_lines": 0, "percent_statements_covered": 0.0, "percent_statements_covered_display": "0"}, "missing_lines": [208, 210, 211, 212, 214, 215, 217, 218, 219, 220, 221, 222, 223, 224, 226, 227, 229], "excluded_lines": []}, "install_demucs_env": {"executed_lines": [], "summary": {"covered_lines": 0, "num_statements": 21, "percent_covered": 0.0, "percent_covered_display": "0", "missing_lines": 21, "excluded_lines": 0, "percent_statements_covered": 0.0, "percent_statements_covered_display": "0"}, "missing_lines": [237, 238, 239, 240, 242, 244, 246, 247, 248, 249, 251, 253, 255, 256, 258, 259, 260, 261, 262, 263, 264], "excluded_lines": []}, "is_demucs_installed": {"executed_lines": [], "summary": {"covered_lines": 0, "num_statements": 5, "percent_covered": 0.0, "percent_covered_display": "0", "missing_lines": 5, "excluded_lines": 0, "percent_statements_covered": 0.0, "percent_statements_covered_display": "0"}, "missing_lines": [268, 269, 270, 271, 272], "excluded_lines": []}, "demucs_executor": {"executed_lines": [], "summary": {"covered_lines": 0, "num_statements": 32, "percent_covered": 0.0, "percent_covered_display": "0", "missing_lines": 32, "excluded_lines": 0, "percent_statements_covered": 0.0, "percent_statements_covered_display": "0"}, "missing_lines": [281, 282, 283, 285, 286, 287, 290, 291, 292, 293, 294, 297, 298, 300, 301, 302, 303, 305, 307, 309, 310, 311, 313, 314, 317, 318, 319, 321, 324, 325, 328, 329], "excluded_lines": []}, "run_pipeline_workflow": {"executed_lines": [], "summary": {"covered_lines": 0, "num_statements": 30, "percent_covered": 0.0, "percent_covered_display": "0", "missing_lines": 30, "excluded_lines": 0, "percent_statements_covered": 0.0, "percent_statements_covered_display": "0"}, "missing_lines": [347, 348, 352, 368, 391, 392, 393, 394, 396, 398, 401, 402, 403, 404, 405, 406, 407, 408, 411, 413, 415, 416, 417, 418, 419, 422, 423, 424, 426, 427], "excluded_lines": []}, "parse_args_cli": {"executed_lines": [], "summary": {"covered_lines": 0, "num_statements": 15, "percent_covered": 0.0, "percent_covered_display": "0", "missing_lines": 15, "excluded_lines": 0, "percent_statements_covered": 0.0, "percent_statements_covered_display": "0"}, "missing_lines": [431, 432, 433, 434, 435, 436, 437, 438, 439, 440, 441, 442, 443, 444, 445], "excluded_lines": []}, "": {"executed_lines": [], "summary": {"covered_lines": 0, "num_statements": 37, "percent_covered": 0.0, "percent_covered_display": "0", "missing_lines": 37, "excluded_lines": 0, "percent_statements_covered": 0.0, "percent_statements_covered_display": "0"}, "missing_lines": [1, 2, 3, 4, 5, 6, 7, 8, 9, 10, 11, 14, 16, 23, 25, 30, 33, 64, 75, 94, 105, 112, 122, 125, 141, 164, 201, 231, 266, 275, 333, 430, 447, 448, 449, 450, 451], "excluded_lines": []}}, "classes": {"StageRunner": {"executed_lines": [], "summary": {"covered_lines": 0, "num_statements": 44, "percent_covered": 0.0, "percent_covered_display": "0", "missing_lines": 44, "excluded_lines": 0, "percent_statements_covered": 0.0, "percent_statements_covered_display": "0"}, "missing_lines": [134, 135, 136, 137, 138, 139, 142, 143, 144, 145, 146, 147, 148, 149, 150, 151, 152, 153, 154, 155, 156, 157, 158, 159, 161, 162, 169, 170, 171, 172, 173, 175, 177, 178, 179, 180, 181, 182, 183, 185, 187, 197, 198, 199], "excluded_lines": []}, "": {"executed_lines": [], "summary": {"covered_lines": 0, "num_statements": 213, "percent_covered": 0.0, "percent_covered_display": "0", "missing_lines": 213, "excluded_lines": 0, "percent_statements_covered": 0.0, "percent_statements_covered_display": "0"}, "missing_lines": [1, 2, 3, 4, 5, 6, 7, 8, 9, 10, 11, 14, 16, 23, 25, 27, 28, 30, 31, 33, 39, 40, 41, 42, 45, 48, 49, 50, 58, 59, 60, 62, 64, 66, 67, 68, 69, 70, 71, 72, 73, 75, 77, 78, 79, 81, 82, 83, 84, 85, 86, 87, 88, 90, 91, 92, 94, 96, 97, 98, 99, 100, 101, 102, 103, 105, 107, 108, 109, 110, 112, 114, 115, 116, 117, 118, 119, 120, 122, 125, 141, 164, 201, 208, 210, 211, 212, 214, 215, 217, 218, 219, 220, 221, 222, 223, 224, 226, 227, 229, 231, 237, 238, 239, 240, 242, 244, 246, 247, 248, 249, 251, 253, 255, 256, 258, 259, 260, 261, 262, 263, 264, 266, 268, 269, 270, 271, 272, 275, 281, 282, 283, 285, 286, 287, 290, 291, 292, 293, 294, 297, 298, 300, 301, 302, 303, 305, 307, 309, 310, 311, 313, 314, 317, 318, 319, 321, 324, 325, 328, 329, 333, 347, 348, 352, 368, 391, 392, 393, 394, 396, 398, 401, 402, 403, 404, 405, 406, 407, 408, 411, 413, 415, 416, 417, 418, 419, 422, 423, 424, 426, 427, 430, 431, 432, 433, 434, 435, 436, 437, 438, 439, 440, 441, 442, 443, 444, 445, 447, 448, 449, 450, 451], "excluded_lines": []}}}, "scripts/__init__.py": {"executed_lines": [], "summary": {"covered_lines": 0, "num_statements": 0, "percent_covered": 100.0, "percent_covered_display": "100", "missing_lines": 0, "excluded_lines": 0, "percent_statements_covered": 100.0, "percent_statements_covered_display": "100"}, "missing_lines": [], "excluded_lines": [], "functions": {"": {"executed_lines": [], "summary": {"covered_lines": 0, "num_statements": 0, "percent_covered": 100.0, "percent_covered_display": "100", "missing_lines": 0, "excluded_lines": 0, "percent_statements_covered": 100.0, "percent_statements_covered_display": "100"}, "missing_lines": [], "excluded_lines": []}}, "classes": {"": {"executed_lines": [], "summary": {"covered_lines": 0, "num_statements": 0, "percent_covered": 100.0, "percent_covered_display": "100", "missing_lines": 0, "excluded_lines": 0, "percent_statements_covered": 100.0, "percent_statements_covered_display": "100"}, "missing_lines": [], "excluded_lines": []}}}, "scripts/asr_chunker.py": {"executed_lines": [], "summary": {"covered_lines": 0, "num_statements": 117, "percent_covered": 0.0, "percent_covered_display": "0", "missing_lines": 117, "excluded_lines": 0, "percent_statements_covered": 0.0, "percent_statements_covered_display": "0"}, "missing_lines": [15, 16, 19, 20, 23, 25, 26, 27, 28, 29, 30, 31, 34, 35, 38, 39, 41, 42, 43, 44, 45, 46, 47, 50, 62, 71, 72, 73, 75, 90, 92, 94, 95, 96, 97, 100, 101, 102, 103, 104, 106, 107, 108, 110, 111, 113, 115, 116, 119, 120, 121, 124, 125, 126, 131, 140, 142, 147, 148, 150, 151, 152, 153, 154, 156, 185, 191, 193, 195, 196, 197, 200, 203, 205, 206, 209, 210, 211, 213, 215, 217, 226, 227, 229, 231, 232, 235, 238, 239, 240, 245, 246, 247, 249, 253, 255, 268, 270, 271, 273, 279, 280, 283, 285, 287, 289, 298, 299, 301, 302, 304, 306, 321, 323, 324, 325, 327], "excluded_lines": [], "functions": {"ChunkedASRProcessor.__init__": {"executed_lines": [], "summary": {"covered_lines": 0, "num_statements": 3, "percent_covered": 0.0, "percent_covered_display": "0", "missing_lines": 3, "excluded_lines": 0, "percent_statements_covered": 0.0, "percent_statements_covered_display": "0"}, "missing_lines": [71, 72, 73], "excluded_lines": []}, "ChunkedASRProcessor.create_chunks": {"executed_lines": [], "summary": {"covered_lines": 0, "num_statements": 35, "percent_covered": 0.0, "percent_covered_display": "0", "missing_lines": 35, "excluded_lines": 0, "percent_statements_covered": 0.0, "percent_statements_covered_display": "0"}, "missing_lines": [90, 92, 94, 95, 96, 97, 100, 101, 102, 103, 104, 106, 107, 108, 110, 111, 113, 115, 116, 119, 120, 121, 124, 125, 126, 131, 140, 142, 147, 148, 150, 151, 152, 153, 154], "excluded_lines": []}, "ChunkedASRProcessor.process_chunk_with_bias": {"executed_lines": [], "summary": {"covered_lines": 0, "num_statements": 30, "percent_covered": 0.0, "percent_covered_display": "0", "missing_lines": 30, "excluded_lines": 0, "percent_statements_covered": 0.0, "percent_statements_covered_display": "0"}, "missing_lines": [185, 191, 193, 195, 196, 197, 200, 203, 205, 206, 209, 210, 211, 213, 215, 217, 226, 227, 229, 231, 232, 235, 238, 239, 240, 245, 246, 247, 249, 253], "excluded_lines": []}, "ChunkedASRProcessor.merge_chunk_results": {"executed_lines": [], "summary": {"covered_lines": 0, "num_statements": 9, "percent_covered": 0.0, "percent_covered_display": "0", "missing_lines": 9, "excluded_lines": 0, "percent_statements_covered": 0.0, "percent_statements_covered_display": "0"}, "missing_lines": [268, 270, 271, 273, 279, 280, 283, 285, 287], "excluded_lines": []}, "ChunkedASRProcessor.save_checkpoint": {"executed_lines": [], "summary": {"covered_lines": 0, "num_statements": 5, "percent_covered": 0.0, "percent_covered_display": "0", "missing_lines": 5, "excluded_lines": 0, "percent_statements_covered": 0.0, "percent_statements_covered_display": "0"}, "missing_lines": [298, 299, 301, 302, 304], "excluded_lines": []}, "ChunkedASRProcessor.load_checkpoint": {"executed_lines": [], "summary": {"covered_lines": 0, "num_statements": 5, "percent_covered": 0.0, "percent_covered_display": "0", "missing_lines": 5, "excluded_lines": 0, "percent_statements_covered": 0.0, "percent_statements_covered_display": "0"}, "missing_lines": [321, 323, 324, 325, 327], "excluded_lines": []}, "": {"executed_lines": [], "summary": {"covered_lines": 0, "num_statements": 30, "percent_covered": 0.0, "percent_covered_display": "0", "missing_lines": 30, "excluded_lines": 0, "percent_statements_covered": 0.0, "percent_statements_covered_display": "0"}, "missing_lines": [15, 16, 19, 20, 23, 25, 26, 27, 28, 29, 30, 31, 34, 35, 38, 39, 41, 42, 43, 44, 45, 46, 47, 50, 62, 75, 156, 255, 289, 306], "excluded_lines": []}}, "classes": {"AudioChunk": {"executed_lines": [], "summary": {"covered_lines": 0, "num_statements": 0, "percent_covered": 100.0, "percent_covered_display": "100", "missing_lines": 0, "excluded_lines": 0, "percent_statements_covered": 100.0, "percent_statements_covered_display": "100"}, "missing_lines": [], "excluded_lines": []}, "ChunkedASRProcessor": {"executed_lines": [], "summary": {"covered_lines": 0, "num_statements": 87, "percent_covered": 0.0, "percent_covered_display": "0", "missing_lines": 87, "excluded_lines": 0, "percent_statements_covered": 0.0, "percent_statements_covered_display": "0"}, "missing_lines": [71, 72, 73, 90, 92, 94, 95, 96, 97, 100, 101, 102, 103, 104, 106, 107, 108, 110, 111, 113, 115, 116, 119, 120, 121, 124, 125, 126, 131, 140, 142, 147, 148, 150, 151, 152, 153, 154, 185, 191, 193, 195, 196, 197, 200, 203, 205, 206, 209, 210, 211, 213, 215, 217, 226, 227, 229, 231, 232, 235, 238, 239, 240, 245, 246, 247, 249, 253, 268, 270, 271, 273, 279, 280, 283, 285, 287, 298, 299, 301, 302, 304, 321, 323, 324, 325, 327], "excluded_lines": []}, "": {"executed_lines": [], "summary": {"covered_lines": 0, "num_statements": 30, "percent_covered": 0.0, "percent_covered_display": "0", "missing_lines": 30, "excluded_lines": 0, "percent_statements_covered": 0.0, "percent_statements_covered_display": "0"}, "missing_lines": [15, 16, 19, 20, 23, 25, 26, 27, 28, 29, 30, 31, 34, 35, 38, 39, 41, 42, 43, 44, 45, 46, 47, 50, 62, 75, 156, 255, 289, 306], "excluded_lines": []}}}, "scripts/bias_injection_core.py": {"executed_lines": [], "summary": {"covered_lines": 0, "num_statements": 168, "percent_covered": 0.0, "percent_covered_display": "0", "missing_lines": 168, "excluded_lines": 0, "percent_statements_covered": 0.0, "percent_statements_covered_display": "0"}, "missing_lines": [16, 17, 18, 21, 24, 25, 28, 39, 59, 60, 61, 62, 63, 64, 67, 69, 72, 75, 82, 83, 84, 88, 89, 90, 91, 92, 93, 94, 96, 98, 111, 112, 124, 125, 126, 128, 129, 130, 131, 132, 134, 136, 149, 150, 151, 154, 155, 156, 157, 164, 165, 166, 169, 170, 171, 174, 175, 176, 179, 181, 183, 188, 189, 190, 192, 195, 197, 202, 207, 214, 215, 216, 217, 221, 223, 233, 236, 237, 238, 239, 242, 243, 244, 247, 248, 249, 250, 252, 254, 264, 265, 267, 268, 271, 272, 273, 276, 278, 279, 280, 282, 283, 285, 287, 297, 298, 300, 301, 304, 305, 308, 314, 315, 316, 317, 319, 321, 339, 340, 343, 344, 345, 346, 349, 350, 351, 352, 354, 357, 364, 378, 379, 382, 384, 387, 392, 394, 404, 405, 417, 419, 420, 421, 423, 426, 427, 428, 429, 432, 433, 436, 437, 438, 441, 442, 443, 444, 445, 447, 449, 459, 461, 462, 463, 465, 466, 467, 469], "excluded_lines": [], "functions": {"BiasCorrector.__init__": {"executed_lines": [], "summary": {"covered_lines": 0, "num_statements": 7, "percent_covered": 0.0, "percent_covered_display": "0", "missing_lines": 7, "excluded_lines": 0, "percent_statements_covered": 0.0, "percent_statements_covered_display": "0"}, "missing_lines": [59, 60, 61, 62, 63, 64, 67], "excluded_lines": []}, "BiasCorrector._build_lookups": {"executed_lines": [], "summary": {"covered_lines": 0, "num_statements": 13, "percent_covered": 0.0, "percent_covered_display": "0", "missing_lines": 13, "excluded_lines": 0, "percent_statements_covered": 0.0, "percent_statements_covered_display": "0"}, "missing_lines": [72, 75, 82, 83, 84, 88, 89, 90, 91, 92, 93, 94, 96], "excluded_lines": []}, "BiasCorrector.correct_segments": {"executed_lines": [], "summary": {"covered_lines": 0, "num_statements": 11, "percent_covered": 0.0, "percent_covered_display": "0", "missing_lines": 11, "excluded_lines": 0, "percent_statements_covered": 0.0, "percent_statements_covered_display": "0"}, "missing_lines": [111, 112, 124, 125, 126, 128, 129, 130, 131, 132, 134], "excluded_lines": []}, "BiasCorrector._correct_segment": {"executed_lines": [], "summary": {"covered_lines": 0, "num_statements": 26, "percent_covered": 0.0, "percent_covered_display": "0", "missing_lines": 26, "excluded_lines": 0, "percent_statements_covered": 0.0, "percent_statements_covered_display": "0"}, "missing_lines": [149, 150, 151, 154, 155, 156, 157, 164, 165, 166, 169, 170, 171, 174, 175, 176, 179, 181, 183, 188, 189, 190, 192, 195, 197, 202], "excluded_lines": []}, "BiasCorrector._tokenize": {"executed_lines": [], "summary": {"covered_lines": 0, "num_statements": 5, "percent_covered": 0.0, "percent_covered_display": "0", "missing_lines": 5, "excluded_lines": 0, "percent_statements_covered": 0.0, "percent_statements_covered_display": "0"}, "missing_lines": [214, 215, 216, 217, 221], "excluded_lines": []}, "BiasCorrector._correct_word": {"executed_lines": [], "summary": {"covered_lines": 0, "num_statements": 13, "percent_covered": 0.0, "percent_covered_display": "0", "missing_lines": 13, "excluded_lines": 0, "percent_statements_covered": 0.0, "percent_statements_covered_display": "0"}, "missing_lines": [233, 236, 237, 238, 239, 242, 243, 244, 247, 248, 249, 250, 252], "excluded_lines": []}, "BiasCorrector._fuzzy_match": {"executed_lines": [], "summary": {"covered_lines": 0, "num_statements": 14, "percent_covered": 0.0, "percent_covered_display": "0", "missing_lines": 14, "excluded_lines": 0, "percent_statements_covered": 0.0, "percent_statements_covered_display": "0"}, "missing_lines": [264, 265, 267, 268, 271, 272, 273, 276, 278, 279, 280, 282, 283, 285], "excluded_lines": []}, "BiasCorrector._phonetic_match": {"executed_lines": [], "summary": {"covered_lines": 0, "num_statements": 12, "percent_covered": 0.0, "percent_covered_display": "0", "missing_lines": 12, "excluded_lines": 0, "percent_statements_covered": 0.0, "percent_statements_covered_display": "0"}, "missing_lines": [297, 298, 300, 301, 304, 305, 308, 314, 315, 316, 317, 319], "excluded_lines": []}, "BiasCorrector._restore_punctuation": {"executed_lines": [], "summary": {"covered_lines": 0, "num_statements": 11, "percent_covered": 0.0, "percent_covered_display": "0", "missing_lines": 11, "excluded_lines": 0, "percent_statements_covered": 0.0, "percent_statements_covered_display": "0"}, "missing_lines": [339, 340, 343, 344, 345, 346, 349, 350, 351, 352, 354], "excluded_lines": []}, "ContextAwareBiasCorrector.__init__": {"executed_lines": [], "summary": {"covered_lines": 0, "num_statements": 3, "percent_covered": 0.0, "percent_covered_display": "0", "missing_lines": 3, "excluded_lines": 0, "percent_statements_covered": 0.0, "percent_statements_covered_display": "0"}, "missing_lines": [378, 379, 382], "excluded_lines": []}, "ContextAwareBiasCorrector._build_temporal_index": {"executed_lines": [], "summary": {"covered_lines": 0, "num_statements": 2, "percent_covered": 0.0, "percent_covered_display": "0", "missing_lines": 2, "excluded_lines": 0, "percent_statements_covered": 0.0, "percent_statements_covered_display": "0"}, "missing_lines": [387, 392], "excluded_lines": []}, "ContextAwareBiasCorrector.correct_segments": {"executed_lines": [], "summary": {"covered_lines": 0, "num_statements": 22, "percent_covered": 0.0, "percent_covered_display": "0", "missing_lines": 22, "excluded_lines": 0, "percent_statements_covered": 0.0, "percent_statements_covered_display": "0"}, "missing_lines": [404, 405, 417, 419, 420, 421, 423, 426, 427, 428, 429, 432, 433, 436, 437, 438, 441, 442, 443, 444, 445, 447], "excluded_lines": []}, "ContextAwareBiasCorrector._get_context_terms": {"executed_lines": [], "summary": {"covered_lines": 0, "num_statements": 8, "percent_covered": 0.0, "percent_covered_display": "0", "missing_lines": 8, "excluded_lines": 0, "percent_statements_covered": 0.0, "percent_statements_covered_display": "0"}, "missing_lines": [459, 461, 462, 463, 465, 466, 467, 469], "excluded_lines": []}, "": {"executed_lines": [], "summary": {"covered_lines": 0, "num_statements": 21, "percent_covered": 0.0, "percent_covered_display": "0", "missing_lines": 21, "excluded_lines": 0, "percent_statements_covered": 0.0, "percent_statements_covered_display": "0"}, "missing_lines": [16, 17, 18, 21, 24, 25, 28, 39, 69, 98, 136, 207, 223, 254, 287, 321, 357, 364, 384, 394, 449], "excluded_lines": []}}, "classes": {"BiasCorrector": {"executed_lines": [], "summary": {"covered_lines": 0, "num_statements": 112, "percent_covered": 0.0, "percent_covered_display": "0", "missing_lines": 112, "excluded_lines": 0, "percent_statements_covered": 0.0, "percent_statements_covered_display": "0"}, "missing_lines": [59, 60, 61, 62, 63, 64, 67, 72, 75, 82, 83, 84, 88, 89, 90, 91, 92, 93, 94, 96, 111, 112, 124, 125, 126, 128, 129, 130, 131, 132, 134, 149, 150, 151, 154, 155, 156, 157, 164, 165, 166, 169, 170, 171, 174, 175, 176, 179, 181, 183, 188, 189, 190, 192, 195, 197, 202, 214, 215, 216, 217, 221, 233, 236, 237, 238, 239, 242, 243, 244, 247, 248, 249, 250, 252, 264, 265, 267, 268, 271, 272, 273, 276, 278, 279, 280, 282, 283, 285, 297, 298, 300, 301, 304, 305, 308, 314, 315, 316, 317, 319, 339, 340, 343, 344, 345, 346, 349, 350, 351, 352, 354], "excluded_lines": []}, "ContextAwareBiasCorrector": {"executed_lines": [], "summary": {"covered_lines": 0, "num_statements": 35, "percent_covered": 0.0, "percent_covered_display": "0", "missing_lines": 35, "excluded_lines": 0, "percent_statements_covered": 0.0, "percent_statements_covered_display": "0"}, "missing_lines": [378, 379, 382, 387, 392, 404, 405, 417, 419, 420, 421, 423, 426, 427, 428, 429, 432, 433, 436, 437, 438, 441, 442, 443, 444, 445, 447, 459, 461, 462, 463, 465, 466, 467, 469], "excluded_lines": []}, "": {"executed_lines": [], "summary": {"covered_lines": 0, "num_statements": 21, "percent_covered": 0.0, "percent_covered_display": "0", "missing_lines": 21, "excluded_lines": 0, "percent_statements_covered": 0.0, "percent_statements_covered_display": "0"}, "missing_lines": [16, 17, 18, 21, 24, 25, 28, 39, 69, 98, 136, 207, 223, 254, 287, 321, 357, 364, 384, 394, 449], "excluded_lines": []}}}, "scripts/config_loader.py": {"executed_lines": [], "summary": {"covered_lines": 0, "num_statements": 209, "percent_covered": 0.0, "percent_covered_display": "0", "missing_lines": 209, "excluded_lines": 0, "percent_statements_covered": 0.0, "percent_statements_covered_display": "0"}, "missing_lines": [15, 16, 17, 20, 23, 26, 29, 36, 38, 40, 42, 43, 45, 46, 48, 49, 51, 53, 54, 57, 60, 61, 62, 63, 64, 65, 66, 68, 69, 70, 71, 73, 75, 76, 78, 79, 81, 83, 85, 87, 88, 89, 92, 93, 95, 97, 98, 100, 102, 103, 105, 106, 108, 109, 111, 112, 114, 115, 117, 119, 120, 122, 124, 125, 127, 129, 130, 132, 134, 135, 137, 139, 140, 142, 144, 145, 147, 149, 150, 152, 154, 155, 157, 159, 160, 163, 165, 166, 168, 170, 171, 173, 175, 176, 178, 180, 181, 183, 185, 186, 188, 190, 191, 193, 195, 196, 198, 200, 201, 203, 205, 206, 208, 210, 211, 213, 215, 216, 218, 220, 221, 223, 225, 226, 228, 231, 232, 234, 236, 237, 239, 241, 242, 244, 246, 247, 249, 251, 252, 254, 256, 257, 259, 261, 262, 264, 266, 267, 269, 271, 272, 274, 277, 278, 280, 282, 283, 285, 287, 288, 290, 292, 293, 295, 297, 304, 307, 308, 309, 315, 316, 317, 323, 324, 325, 331, 332, 333, 339, 340, 341, 342, 343, 349, 350, 351, 356, 357, 359, 361, 363, 364, 365, 367, 368, 370, 371, 372, 373, 374, 376, 378, 380, 381, 383, 385, 387, 390, 407], "excluded_lines": [], "functions": {"Config.__init__": {"executed_lines": [], "summary": {"covered_lines": 0, "num_statements": 9, "percent_covered": 0.0, "percent_covered_display": "0", "missing_lines": 9, "excluded_lines": 0, "percent_statements_covered": 0.0, "percent_statements_covered_display": "0"}, "missing_lines": [36, 38, 40, 42, 43, 45, 46, 48, 49], "excluded_lines": []}, "Config._load_env": {"executed_lines": [], "summary": {"covered_lines": 0, "num_statements": 14, "percent_covered": 0.0, "percent_covered_display": "0", "missing_lines": 14, "excluded_lines": 0, "percent_statements_covered": 0.0, "percent_statements_covered_display": "0"}, "missing_lines": [53, 54, 57, 60, 61, 62, 63, 64, 65, 66, 68, 69, 70, 71], "excluded_lines": []}, "Config._load_secrets": {"executed_lines": [], "summary": {"covered_lines": 0, "num_statements": 4, "percent_covered": 0.0, "percent_covered_display": "0", "missing_lines": 4, "excluded_lines": 0, "percent_statements_covered": 0.0, "percent_statements_covered_display": "0"}, "missing_lines": [75, 76, 78, 79], "excluded_lines": []}, "Config.get": {"executed_lines": [], "summary": {"covered_lines": 0, "num_statements": 1, "percent_covered": 0.0, "percent_covered_display": "0", "missing_lines": 1, "excluded_lines": 0, "percent_statements_covered": 0.0, "percent_statements_covered_display": "0"}, "missing_lines": [83], "excluded_lines": []}, "Config.get_secret": {"executed_lines": [], "summary": {"covered_lines": 0, "num_statements": 3, "percent_covered": 0.0, "percent_covered_display": "0", "missing_lines": 3, "excluded_lines": 0, "percent_statements_covered": 0.0, "percent_statements_covered_display": "0"}, "missing_lines": [87, 88, 89], "excluded_lines": []}, "Config.input_file": {"executed_lines": [], "summary": {"covered_lines": 0, "num_statements": 1, "percent_covered": 0.0, "percent_covered_display": "0", "missing_lines": 1, "excluded_lines": 0, "percent_statements_covered": 0.0, "percent_statements_covered_display": "0"}, "missing_lines": [95], "excluded_lines": []}, "Config.input_url": {"executed_lines": [], "summary": {"covered_lines": 0, "num_statements": 1, "percent_covered": 0.0, "percent_covered_display": "0", "missing_lines": 1, "excluded_lines": 0, "percent_statements_covered": 0.0, "percent_statements_covered_display": "0"}, "missing_lines": [100], "excluded_lines": []}, "Config.output_root": {"executed_lines": [], "summary": {"covered_lines": 0, "num_statements": 2, "percent_covered": 0.0, "percent_covered_display": "0", "missing_lines": 2, "excluded_lines": 0, "percent_statements_covered": 0.0, "percent_statements_covered_display": "0"}, "missing_lines": [105, 106], "excluded_lines": []}, "Config.log_root": {"executed_lines": [], "summary": {"covered_lines": 0, "num_statements": 2, "percent_covered": 0.0, "percent_covered_display": "0", "missing_lines": 2, "excluded_lines": 0, "percent_statements_covered": 0.0, "percent_statements_covered_display": "0"}, "missing_lines": [111, 112], "excluded_lines": []}, "Config.window_seconds": {"executed_lines": [], "summary": {"covered_lines": 0, "num_statements": 1, "percent_covered": 0.0, "percent_covered_display": "0", "missing_lines": 1, "excluded_lines": 0, "percent_statements_covered": 0.0, "percent_statements_covered_display": "0"}, "missing_lines": [117], "excluded_lines": []}, "Config.stride_seconds": {"executed_lines": [], "summary": {"covered_lines": 0, "num_statements": 1, "percent_covered": 0.0, "percent_covered_display": "0", "missing_lines": 1, "excluded_lines": 0, "percent_statements_covered": 0.0, "percent_statements_covered_display": "0"}, "missing_lines": [122], "excluded_lines": []}, "Config.bias_topk": {"executed_lines": [], "summary": {"covered_lines": 0, "num_statements": 1, "percent_covered": 0.0, "percent_covered_display": "0", "missing_lines": 1, "excluded_lines": 0, "percent_statements_covered": 0.0, "percent_statements_covered_display": "0"}, "missing_lines": [127], "excluded_lines": []}, "Config.bias_decay": {"executed_lines": [], "summary": {"covered_lines": 0, "num_statements": 1, "percent_covered": 0.0, "percent_covered_display": "0", "missing_lines": 1, "excluded_lines": 0, "percent_statements_covered": 0.0, "percent_statements_covered_display": "0"}, "missing_lines": [132], "excluded_lines": []}, "Config.infer_tmdb": {"executed_lines": [], "summary": {"covered_lines": 0, "num_statements": 1, "percent_covered": 0.0, "percent_covered_display": "0", "missing_lines": 1, "excluded_lines": 0, "percent_statements_covered": 0.0, "percent_statements_covered_display": "0"}, "missing_lines": [137], "excluded_lines": []}, "Config.second_pass_enabled": {"executed_lines": [], "summary": {"covered_lines": 0, "num_statements": 1, "percent_covered": 0.0, "percent_covered_display": "0", "missing_lines": 1, "excluded_lines": 0, "percent_statements_covered": 0.0, "percent_statements_covered_display": "0"}, "missing_lines": [142], "excluded_lines": []}, "Config.second_pass_backend": {"executed_lines": [], "summary": {"covered_lines": 0, "num_statements": 1, "percent_covered": 0.0, "percent_covered_display": "0", "missing_lines": 1, "excluded_lines": 0, "percent_statements_covered": 0.0, "percent_statements_covered_display": "0"}, "missing_lines": [147], "excluded_lines": []}, "Config.ner_enabled": {"executed_lines": [], "summary": {"covered_lines": 0, "num_statements": 1, "percent_covered": 0.0, "percent_covered_display": "0", "missing_lines": 1, "excluded_lines": 0, "percent_statements_covered": 0.0, "percent_statements_covered_display": "0"}, "missing_lines": [152], "excluded_lines": []}, "Config.ner_preset": {"executed_lines": [], "summary": {"covered_lines": 0, "num_statements": 1, "percent_covered": 0.0, "percent_covered_display": "0", "missing_lines": 1, "excluded_lines": 0, "percent_statements_covered": 0.0, "percent_statements_covered_display": "0"}, "missing_lines": [157], "excluded_lines": []}, "Config.whisperx_model": {"executed_lines": [], "summary": {"covered_lines": 0, "num_statements": 1, "percent_covered": 0.0, "percent_covered_display": "0", "missing_lines": 1, "excluded_lines": 0, "percent_statements_covered": 0.0, "percent_statements_covered_display": "0"}, "missing_lines": [163], "excluded_lines": []}, "Config.whisper_compute_type": {"executed_lines": [], "summary": {"covered_lines": 0, "num_statements": 1, "percent_covered": 0.0, "percent_covered_display": "0", "missing_lines": 1, "excluded_lines": 0, "percent_statements_covered": 0.0, "percent_statements_covered_display": "0"}, "missing_lines": [168], "excluded_lines": []}, "Config.batch_size": {"executed_lines": [], "summary": {"covered_lines": 0, "num_statements": 1, "percent_covered": 0.0, "percent_covered_display": "0", "missing_lines": 1, "excluded_lines": 0, "percent_statements_covered": 0.0, "percent_statements_covered_display": "0"}, "missing_lines": [173], "excluded_lines": []}, "Config.whisper_backend": {"executed_lines": [], "summary": {"covered_lines": 0, "num_statements": 1, "percent_covered": 0.0, "percent_covered_display": "0", "missing_lines": 1, "excluded_lines": 0, "percent_statements_covered": 0.0, "percent_statements_covered_display": "0"}, "missing_lines": [178], "excluded_lines": []}, "Config.indictrans2_device": {"executed_lines": [], "summary": {"covered_lines": 0, "num_statements": 1, "percent_covered": 0.0, "percent_covered_display": "0", "missing_lines": 1, "excluded_lines": 0, "percent_statements_covered": 0.0, "percent_statements_covered_display": "0"}, "missing_lines": [183], "excluded_lines": []}, "Config.device_whisperx": {"executed_lines": [], "summary": {"covered_lines": 0, "num_statements": 1, "percent_covered": 0.0, "percent_covered_display": "0", "missing_lines": 1, "excluded_lines": 0, "percent_statements_covered": 0.0, "percent_statements_covered_display": "0"}, "missing_lines": [188], "excluded_lines": []}, "Config.device_diarization": {"executed_lines": [], "summary": {"covered_lines": 0, "num_statements": 1, "percent_covered": 0.0, "percent_covered_display": "0", "missing_lines": 1, "excluded_lines": 0, "percent_statements_covered": 0.0, "percent_statements_covered_display": "0"}, "missing_lines": [193], "excluded_lines": []}, "Config.device_second_pass": {"executed_lines": [], "summary": {"covered_lines": 0, "num_statements": 1, "percent_covered": 0.0, "percent_covered_display": "0", "missing_lines": 1, "excluded_lines": 0, "percent_statements_covered": 0.0, "percent_statements_covered_display": "0"}, "missing_lines": [198], "excluded_lines": []}, "Config.device_spacy": {"executed_lines": [], "summary": {"covered_lines": 0, "num_statements": 1, "percent_covered": 0.0, "percent_covered_display": "0", "missing_lines": 1, "excluded_lines": 0, "percent_statements_covered": 0.0, "percent_statements_covered_display": "0"}, "missing_lines": [203], "excluded_lines": []}, "Config.src_lang": {"executed_lines": [], "summary": {"covered_lines": 0, "num_statements": 1, "percent_covered": 0.0, "percent_covered_display": "0", "missing_lines": 1, "excluded_lines": 0, "percent_statements_covered": 0.0, "percent_statements_covered_display": "0"}, "missing_lines": [208], "excluded_lines": []}, "Config.tgt_lang": {"executed_lines": [], "summary": {"covered_lines": 0, "num_statements": 1, "percent_covered": 0.0, "percent_covered_display": "0", "missing_lines": 1, "excluded_lines": 0, "percent_statements_covered": 0.0, "percent_statements_covered_display": "0"}, "missing_lines": [213], "excluded_lines": []}, "Config.hf_token": {"executed_lines": [], "summary": {"covered_lines": 0, "num_statements": 1, "percent_covered": 0.0, "percent_covered_display": "0", "missing_lines": 1, "excluded_lines": 0, "percent_statements_covered": 0.0, "percent_statements_covered_display": "0"}, "missing_lines": [218], "excluded_lines": []}, "Config.tmdb_api_key": {"executed_lines": [], "summary": {"covered_lines": 0, "num_statements": 1, "percent_covered": 0.0, "percent_covered_display": "0", "missing_lines": 1, "excluded_lines": 0, "percent_statements_covered": 0.0, "percent_statements_covered_display": "0"}, "missing_lines": [223], "excluded_lines": []}, "Config.pyannote_token": {"executed_lines": [], "summary": {"covered_lines": 0, "num_statements": 1, "percent_covered": 0.0, "percent_covered_display": "0", "missing_lines": 1, "excluded_lines": 0, "percent_statements_covered": 0.0, "percent_statements_covered_display": "0"}, "missing_lines": [228], "excluded_lines": []}, "Config.segment_merging_enabled": {"executed_lines": [], "summary": {"covered_lines": 0, "num_statements": 1, "percent_covered": 0.0, "percent_covered_display": "0", "missing_lines": 1, "excluded_lines": 0, "percent_statements_covered": 0.0, "percent_statements_covered_display": "0"}, "missing_lines": [234], "excluded_lines": []}, "Config.segment_merge_max_gap": {"executed_lines": [], "summary": {"covered_lines": 0, "num_statements": 1, "percent_covered": 0.0, "percent_covered_display": "0", "missing_lines": 1, "excluded_lines": 0, "percent_statements_covered": 0.0, "percent_statements_covered_display": "0"}, "missing_lines": [239], "excluded_lines": []}, "Config.segment_merge_max_chars": {"executed_lines": [], "summary": {"covered_lines": 0, "num_statements": 1, "percent_covered": 0.0, "percent_covered_display": "0", "missing_lines": 1, "excluded_lines": 0, "percent_statements_covered": 0.0, "percent_statements_covered_display": "0"}, "missing_lines": [244], "excluded_lines": []}, "Config.segment_merge_max_duration": {"executed_lines": [], "summary": {"covered_lines": 0, "num_statements": 1, "percent_covered": 0.0, "percent_covered_display": "0", "missing_lines": 1, "excluded_lines": 0, "percent_statements_covered": 0.0, "percent_statements_covered_display": "0"}, "missing_lines": [249], "excluded_lines": []}, "Config.segment_merge_min_cps": {"executed_lines": [], "summary": {"covered_lines": 0, "num_statements": 1, "percent_covered": 0.0, "percent_covered_display": "0", "missing_lines": 1, "excluded_lines": 0, "percent_statements_covered": 0.0, "percent_statements_covered_display": "0"}, "missing_lines": [254], "excluded_lines": []}, "Config.segment_merge_max_cps": {"executed_lines": [], "summary": {"covered_lines": 0, "num_statements": 1, "percent_covered": 0.0, "percent_covered_display": "0", "missing_lines": 1, "excluded_lines": 0, "percent_statements_covered": 0.0, "percent_statements_covered_display": "0"}, "missing_lines": [259], "excluded_lines": []}, "Config.subtitle_max_line_length": {"executed_lines": [], "summary": {"covered_lines": 0, "num_statements": 1, "percent_covered": 0.0, "percent_covered_display": "0", "missing_lines": 1, "excluded_lines": 0, "percent_statements_covered": 0.0, "percent_statements_covered_display": "0"}, "missing_lines": [264], "excluded_lines": []}, "Config.subtitle_max_lines": {"executed_lines": [], "summary": {"covered_lines": 0, "num_statements": 1, "percent_covered": 0.0, "percent_covered_display": "0", "missing_lines": 1, "excluded_lines": 0, "percent_statements_covered": 0.0, "percent_statements_covered_display": "0"}, "missing_lines": [269], "excluded_lines": []}, "Config.subtitle_min_duration": {"executed_lines": [], "summary": {"covered_lines": 0, "num_statements": 1, "percent_covered": 0.0, "percent_covered_display": "0", "missing_lines": 1, "excluded_lines": 0, "percent_statements_covered": 0.0, "percent_statements_covered_display": "0"}, "missing_lines": [274], "excluded_lines": []}, "Config.translation_glossary_protection": {"executed_lines": [], "summary": {"covered_lines": 0, "num_statements": 1, "percent_covered": 0.0, "percent_covered_display": "0", "missing_lines": 1, "excluded_lines": 0, "percent_statements_covered": 0.0, "percent_statements_covered_display": "0"}, "missing_lines": [280], "excluded_lines": []}, "Config.translation_validation_enabled": {"executed_lines": [], "summary": {"covered_lines": 0, "num_statements": 1, "percent_covered": 0.0, "percent_covered_display": "0", "missing_lines": 1, "excluded_lines": 0, "percent_statements_covered": 0.0, "percent_statements_covered_display": "0"}, "missing_lines": [285], "excluded_lines": []}, "Config.translation_max_length_ratio": {"executed_lines": [], "summary": {"covered_lines": 0, "num_statements": 1, "percent_covered": 0.0, "percent_covered_display": "0", "missing_lines": 1, "excluded_lines": 0, "percent_statements_covered": 0.0, "percent_statements_covered_display": "0"}, "missing_lines": [290], "excluded_lines": []}, "Config.translation_min_length_ratio": {"executed_lines": [], "summary": {"covered_lines": 0, "num_statements": 1, "percent_covered": 0.0, "percent_covered_display": "0", "missing_lines": 1, "excluded_lines": 0, "percent_statements_covered": 0.0, "percent_statements_covered_display": "0"}, "missing_lines": [295], "excluded_lines": []}, "Config.validate_whisperx_config": {"executed_lines": [], "summary": {"covered_lines": 0, "num_statements": 23, "percent_covered": 0.0, "percent_covered_display": "0", "missing_lines": 23, "excluded_lines": 0, "percent_statements_covered": 0.0, "percent_statements_covered_display": "0"}, "missing_lines": [304, 307, 308, 309, 315, 316, 317, 323, 324, 325, 331, 332, 333, 339, 340, 341, 342, 343, 349, 350, 351, 356, 357], "excluded_lines": []}, "Config.print_validation_report": {"executed_lines": [], "summary": {"covered_lines": 0, "num_statements": 16, "percent_covered": 0.0, "percent_covered_display": "0", "missing_lines": 16, "excluded_lines": 0, "percent_statements_covered": 0.0, "percent_statements_covered_display": "0"}, "missing_lines": [361, 363, 364, 365, 367, 368, 370, 371, 372, 373, 374, 376, 378, 380, 381, 383], "excluded_lines": []}, "Config.__repr__": {"executed_lines": [], "summary": {"covered_lines": 0, "num_statements": 1, "percent_covered": 0.0, "percent_covered_display": "0", "missing_lines": 1, "excluded_lines": 0, "percent_statements_covered": 0.0, "percent_statements_covered_display": "0"}, "missing_lines": [387], "excluded_lines": []}, "load_config": {"executed_lines": [], "summary": {"covered_lines": 0, "num_statements": 1, "percent_covered": 0.0, "percent_covered_display": "0", "missing_lines": 1, "excluded_lines": 0, "percent_statements_covered": 0.0, "percent_statements_covered_display": "0"}, "missing_lines": [407], "excluded_lines": []}, "": {"executed_lines": [], "summary": {"covered_lines": 0, "num_statements": 95, "percent_covered": 0.0, "percent_covered_display": "0", "missing_lines": 95, "excluded_lines": 0, "percent_statements_covered": 0.0, "percent_statements_covered_display": "0"}, "missing_lines": [15, 16, 17, 20, 23, 26, 29, 51, 73, 81, 85, 92, 93, 97, 98, 102, 103, 108, 109, 114, 115, 119, 120, 124, 125, 129, 130, 134, 135, 139, 140, 144, 145, 149, 150, 154, 155, 159, 160, 165, 166, 170, 171, 175, 176, 180, 181, 185, 186, 190, 191, 195, 196, 200, 201, 205, 206, 210, 211, 215, 216, 220, 221, 225, 226, 231, 232, 236, 237, 241, 242, 246, 247, 251, 252, 256, 257, 261, 262, 266, 267, 271, 272, 277, 278, 282, 283, 287, 288, 292, 293, 297, 359, 385, 390], "excluded_lines": []}}, "classes": {"Config": {"executed_lines": [], "summary": {"covered_lines": 0, "num_statements": 113, "percent_covered": 0.0, "percent_covered_display": "0", "missing_lines": 113, "excluded_lines": 0, "percent_statements_covered": 0.0, "percent_statements_covered_display": "0"}, "missing_lines": [36, 38, 40, 42, 43, 45, 46, 48, 49, 53, 54, 57, 60, 61, 62, 63, 64, 65, 66, 68, 69, 70, 71, 75, 76, 78, 79, 83, 87, 88, 89, 95, 100, 105, 106, 111, 112, 117, 122, 127, 132, 137, 142, 147, 152, 157, 163, 168, 173, 178, 183, 188, 193, 198, 203, 208, 213, 218, 223, 228, 234, 239, 244, 249, 254, 259, 264, 269, 274, 280, 285, 290, 295, 304, 307, 308, 309, 315, 316, 317, 323, 324, 325, 331, 332, 333, 339, 340, 341, 342, 343, 349, 350, 351, 356, 357, 361, 363, 364, 365, 367, 368, 370, 371, 372, 373, 374, 376, 378, 380, 381, 383, 387], "excluded_lines": []}, "": {"executed_lines": [], "summary": {"covered_lines": 0, "num_statements": 96, "percent_covered": 0.0, "percent_covered_display": "0", "missing_lines": 96, "excluded_lines": 0, "percent_statements_covered": 0.0, "percent_statements_covered_display": "0"}, "missing_lines": [15, 16, 17, 20, 23, 26, 29, 51, 73, 81, 85, 92, 93, 97, 98, 102, 103, 108, 109, 114, 115, 119, 120, 124, 125, 129, 130, 134, 135, 139, 140, 144, 145, 149, 150, 154, 155, 159, 160, 165, 166, 170, 171, 175, 176, 180, 181, 185, 186, 190, 191, 195, 196, 200, 201, 205, 206, 210, 211, 215, 216, 220, 221, 225, 226, 231, 232, 236, 237, 241, 242, 246, 247, 251, 252, 256, 257, 261, 262, 266, 267, 271, 272, 277, 278, 282, 283, 287, 288, 292, 293, 297, 359, 385, 390, 407], "excluded_lines": []}}}, "scripts/demux.py": {"executed_lines": [], "summary": {"covered_lines": 0, "num_statements": 84, "percent_covered": 0.0, "percent_covered_display": "0", "missing_lines": 84, "excluded_lines": 0, "percent_statements_covered": 0.0, "percent_statements_covered_display": "0"}, "missing_lines": [6, 7, 8, 9, 10, 13, 14, 16, 17, 20, 21, 24, 35, 36, 38, 39, 40, 41, 44, 47, 48, 49, 52, 53, 55, 58, 59, 60, 62, 63, 64, 65, 66, 67, 69, 72, 73, 74, 75, 76, 79, 80, 83, 86, 87, 90, 93, 94, 97, 106, 107, 109, 111, 112, 113, 114, 117, 119, 120, 122, 123, 124, 126, 127, 129, 130, 131, 132, 133, 134, 135, 136, 137, 138, 139, 140, 141, 142, 143, 146, 152, 153, 156, 157], "excluded_lines": [], "functions": {"run_stage": {"executed_lines": [], "summary": {"covered_lines": 0, "num_statements": 67, "percent_covered": 0.0, "percent_covered_display": "0", "missing_lines": 67, "excluded_lines": 0, "percent_statements_covered": 0.0, "percent_statements_covered_display": "0"}, "missing_lines": [35, 36, 38, 39, 40, 41, 44, 47, 48, 49, 52, 53, 55, 58, 59, 60, 62, 63, 64, 65, 66, 67, 69, 72, 73, 74, 75, 76, 79, 80, 83, 86, 87, 90, 93, 94, 97, 106, 107, 109, 111, 112, 113, 114, 117, 119, 120, 122, 123, 124, 126, 127, 129, 130, 131, 132, 133, 134, 135, 136, 137, 138, 139, 140, 141, 142, 143], "excluded_lines": []}, "main": {"executed_lines": [], "summary": {"covered_lines": 0, "num_statements": 2, "percent_covered": 0.0, "percent_covered_display": "0", "missing_lines": 2, "excluded_lines": 0, "percent_statements_covered": 0.0, "percent_statements_covered_display": "0"}, "missing_lines": [152, 153], "excluded_lines": []}, "": {"executed_lines": [], "summary": {"covered_lines": 0, "num_statements": 15, "percent_covered": 0.0, "percent_covered_display": "0", "missing_lines": 15, "excluded_lines": 0, "percent_statements_covered": 0.0, "percent_statements_covered_display": "0"}, "missing_lines": [6, 7, 8, 9, 10, 13, 14, 16, 17, 20, 21, 24, 146, 156, 157], "excluded_lines": []}}, "classes": {"": {"executed_lines": [], "summary": {"covered_lines": 0, "num_statements": 84, "percent_covered": 0.0, "percent_covered_display": "0", "missing_lines": 84, "excluded_lines": 0, "percent_statements_covered": 0.0, "percent_statements_covered_display": "0"}, "missing_lines": [6, 7, 8, 9, 10, 13, 14, 16, 17, 20, 21, 24, 35, 36, 38, 39, 40, 41, 44, 47, 48, 49, 52, 53, 55, 58, 59, 60, 62, 63, 64, 65, 66, 67, 69, 72, 73, 74, 75, 76, 79, 80, 83, 86, 87, 90, 93, 94, 97, 106, 107, 109, 111, 112, 113, 114, 117, 119, 120, 122, 123, 124, 126, 127, 129, 130, 131, 132, 133, 134, 135, 136, 137, 138, 139, 140, 141, 142, 143, 146, 152, 153, 156, 157], "excluded_lines": []}}}, "scripts/device_selector.py": {"executed_lines": [], "summary": {"covered_lines": 0, "num_statements": 112, "percent_covered": 0.0, "percent_covered_display": "0", "missing_lines": 112, "excluded_lines": 0, "percent_statements_covered": 0.0, "percent_statements_covered_display": "0"}, "missing_lines": [19, 20, 23, 26, 27, 29, 32, 33, 36, 47, 48, 49, 50, 51, 52, 53, 54, 56, 59, 75, 77, 78, 79, 81, 82, 83, 84, 85, 87, 88, 89, 90, 92, 93, 95, 98, 119, 122, 123, 124, 125, 126, 128, 131, 132, 135, 136, 139, 142, 153, 155, 156, 157, 159, 160, 162, 164, 167, 177, 178, 180, 183, 194, 195, 197, 199, 202, 212, 213, 216, 229, 231, 232, 234, 237, 249, 251, 253, 254, 255, 257, 258, 260, 261, 264, 267, 274, 275, 277, 287, 297, 298, 299, 304, 306, 311, 314, 344, 345, 348, 349, 350, 351, 352, 354, 355, 360, 361, 362, 363, 364, 366], "excluded_lines": [], "functions": {"_get_torch": {"executed_lines": [], "summary": {"covered_lines": 0, "num_statements": 9, "percent_covered": 0.0, "percent_covered_display": "0", "missing_lines": 9, "excluded_lines": 0, "percent_statements_covered": 0.0, "percent_statements_covered_display": "0"}, "missing_lines": [47, 48, 49, 50, 51, 52, 53, 54, 56], "excluded_lines": []}, "check_device_available": {"executed_lines": [], "summary": {"covered_lines": 0, "num_statements": 16, "percent_covered": 0.0, "percent_covered_display": "0", "missing_lines": 16, "excluded_lines": 0, "percent_statements_covered": 0.0, "percent_statements_covered_display": "0"}, "missing_lines": [75, 77, 78, 79, 81, 82, 83, 84, 85, 87, 88, 89, 90, 92, 93, 95], "excluded_lines": []}, "select_device": {"executed_lines": [], "summary": {"covered_lines": 0, "num_statements": 12, "percent_covered": 0.0, "percent_covered_display": "0", "missing_lines": 12, "excluded_lines": 0, "percent_statements_covered": 0.0, "percent_statements_covered_display": "0"}, "missing_lines": [119, 122, 123, 124, 125, 126, 128, 131, 132, 135, 136, 139], "excluded_lines": []}, "get_compute_type_for_device": {"executed_lines": [], "summary": {"covered_lines": 0, "num_statements": 8, "percent_covered": 0.0, "percent_covered_display": "0", "missing_lines": 8, "excluded_lines": 0, "percent_statements_covered": 0.0, "percent_statements_covered_display": "0"}, "missing_lines": [153, 155, 156, 157, 159, 160, 162, 164], "excluded_lines": []}, "select_whisperx_device": {"executed_lines": [], "summary": {"covered_lines": 0, "num_statements": 3, "percent_covered": 0.0, "percent_covered_display": "0", "missing_lines": 3, "excluded_lines": 0, "percent_statements_covered": 0.0, "percent_statements_covered_display": "0"}, "missing_lines": [177, 178, 180], "excluded_lines": []}, "select_diarization_device": {"executed_lines": [], "summary": {"covered_lines": 0, "num_statements": 4, "percent_covered": 0.0, "percent_covered_display": "0", "missing_lines": 4, "excluded_lines": 0, "percent_statements_covered": 0.0, "percent_statements_covered_display": "0"}, "missing_lines": [194, 195, 197, 199], "excluded_lines": []}, "select_transformers_device": {"executed_lines": [], "summary": {"covered_lines": 0, "num_statements": 2, "percent_covered": 0.0, "percent_covered_display": "0", "missing_lines": 2, "excluded_lines": 0, "percent_statements_covered": 0.0, "percent_statements_covered_display": "0"}, "missing_lines": [212, 213], "excluded_lines": []}, "select_spacy_device": {"executed_lines": [], "summary": {"covered_lines": 0, "num_statements": 4, "percent_covered": 0.0, "percent_covered_display": "0", "missing_lines": 4, "excluded_lines": 0, "percent_statements_covered": 0.0, "percent_statements_covered_display": "0"}, "missing_lines": [229, 231, 232, 234], "excluded_lines": []}, "get_platform_optimal_device": {"executed_lines": [], "summary": {"covered_lines": 0, "num_statements": 10, "percent_covered": 0.0, "percent_covered_display": "0", "missing_lines": 10, "excluded_lines": 0, "percent_statements_covered": 0.0, "percent_statements_covered_display": "0"}, "missing_lines": [249, 251, 253, 254, 255, 257, 258, 260, 261, 264], "excluded_lines": []}, "get_cuda_info": {"executed_lines": [], "summary": {"covered_lines": 0, "num_statements": 3, "percent_covered": 0.0, "percent_covered_display": "0", "missing_lines": 3, "excluded_lines": 0, "percent_statements_covered": 0.0, "percent_statements_covered_display": "0"}, "missing_lines": [274, 275, 277], "excluded_lines": []}, "get_device_memory_info": {"executed_lines": [], "summary": {"covered_lines": 0, "num_statements": 6, "percent_covered": 0.0, "percent_covered_display": "0", "missing_lines": 6, "excluded_lines": 0, "percent_statements_covered": 0.0, "percent_statements_covered_display": "0"}, "missing_lines": [297, 298, 299, 304, 306, 311], "excluded_lines": []}, "validate_device_and_compute_type": {"executed_lines": [], "summary": {"covered_lines": 0, "num_statements": 15, "percent_covered": 0.0, "percent_covered_display": "0", "missing_lines": 15, "excluded_lines": 0, "percent_statements_covered": 0.0, "percent_statements_covered_display": "0"}, "missing_lines": [344, 345, 348, 349, 350, 351, 352, 354, 355, 360, 361, 362, 363, 364, 366], "excluded_lines": []}, "": {"executed_lines": [], "summary": {"covered_lines": 0, "num_statements": 20, "percent_covered": 0.0, "percent_covered_display": "0", "missing_lines": 20, "excluded_lines": 0, "percent_statements_covered": 0.0, "percent_statements_covered_display": "0"}, "missing_lines": [19, 20, 23, 26, 27, 29, 32, 33, 36, 59, 98, 142, 167, 183, 202, 216, 237, 267, 287, 314], "excluded_lines": []}}, "classes": {"": {"executed_lines": [], "summary": {"covered_lines": 0, "num_statements": 112, "percent_covered": 0.0, "percent_covered_display": "0", "missing_lines": 112, "excluded_lines": 0, "percent_statements_covered": 0.0, "percent_statements_covered_display": "0"}, "missing_lines": [19, 20, 23, 26, 27, 29, 32, 33, 36, 47, 48, 49, 50, 51, 52, 53, 54, 56, 59, 75, 77, 78, 79, 81, 82, 83, 84, 85, 87, 88, 89, 90, 92, 93, 95, 98, 119, 122, 123, 124, 125, 126, 128, 131, 132, 135, 136, 139, 142, 153, 155, 156, 157, 159, 160, 162, 164, 167, 177, 178, 180, 183, 194, 195, 197, 199, 202, 212, 213, 216, 229, 231, 232, 234, 237, 249, 251, 253, 254, 255, 257, 258, 260, 261, 264, 267, 274, 275, 277, 287, 297, 298, 299, 304, 306, 311, 314, 344, 345, 348, 349, 350, 351, 352, 354, 355, 360, 361, 362, 363, 364, 366], "excluded_lines": []}}}, "scripts/fetch_tmdb_metadata.py": {"executed_lines": [], "summary": {"covered_lines": 0, "num_statements": 135, "percent_covered": 0.0, "percent_covered_display": "0", "missing_lines": 135, "excluded_lines": 0, "percent_statements_covered": 0.0, "percent_statements_covered_display": "0"}, "missing_lines": [22, 23, 24, 25, 26, 27, 30, 33, 34, 36, 37, 40, 41, 44, 47, 56, 57, 58, 61, 62, 63, 64, 65, 66, 67, 68, 69, 71, 73, 78, 89, 90, 91, 92, 93, 94, 96, 98, 99, 100, 102, 103, 105, 106, 107, 110, 111, 112, 114, 115, 116, 117, 120, 121, 123, 125, 127, 128, 129, 132, 133, 136, 164, 165, 166, 168, 170, 171, 172, 174, 184, 185, 187, 198, 199, 200, 201, 204, 205, 208, 209, 211, 212, 215, 216, 218, 226, 227, 233, 234, 235, 237, 239, 248, 250, 251, 252, 254, 255, 257, 260, 262, 278, 279, 280, 281, 282, 283, 284, 286, 289, 290, 292, 293, 294, 295, 296, 299, 305, 306, 308, 309, 310, 313, 315, 316, 317, 320, 323, 325, 326, 327, 329, 332, 333], "excluded_lines": [], "functions": {"TMDBFetcher.__init__": {"executed_lines": [], "summary": {"covered_lines": 0, "num_statements": 12, "percent_covered": 0.0, "percent_covered_display": "0", "missing_lines": 12, "excluded_lines": 0, "percent_statements_covered": 0.0, "percent_statements_covered_display": "0"}, "missing_lines": [56, 57, 58, 61, 62, 63, 64, 65, 66, 67, 68, 69], "excluded_lines": []}, "TMDBFetcher._create_default_logger": {"executed_lines": [], "summary": {"covered_lines": 0, "num_statements": 1, "percent_covered": 0.0, "percent_covered_display": "0", "missing_lines": 1, "excluded_lines": 0, "percent_statements_covered": 0.0, "percent_statements_covered_display": "0"}, "missing_lines": [73], "excluded_lines": []}, "TMDBFetcher.fetch_movie": {"executed_lines": [], "summary": {"covered_lines": 0, "num_statements": 39, "percent_covered": 0.0, "percent_covered_display": "0", "missing_lines": 39, "excluded_lines": 0, "percent_statements_covered": 0.0, "percent_statements_covered_display": "0"}, "missing_lines": [89, 90, 91, 92, 93, 94, 96, 98, 99, 100, 102, 103, 105, 106, 107, 110, 111, 112, 114, 115, 116, 117, 120, 121, 123, 125, 127, 128, 129, 132, 133, 136, 164, 165, 166, 168, 170, 171, 172], "excluded_lines": []}, "TMDBFetcher.generate_glossary": {"executed_lines": [], "summary": {"covered_lines": 0, "num_statements": 22, "percent_covered": 0.0, "percent_covered_display": "0", "missing_lines": 22, "excluded_lines": 0, "percent_statements_covered": 0.0, "percent_statements_covered_display": "0"}, "missing_lines": [184, 185, 187, 198, 199, 200, 201, 204, 205, 208, 209, 211, 212, 215, 216, 218, 226, 227, 233, 234, 235, 237], "excluded_lines": []}, "TMDBFetcher.save_metadata": {"executed_lines": [], "summary": {"covered_lines": 0, "num_statements": 7, "percent_covered": 0.0, "percent_covered_display": "0", "missing_lines": 7, "excluded_lines": 0, "percent_statements_covered": 0.0, "percent_statements_covered_display": "0"}, "missing_lines": [248, 250, 251, 252, 254, 255, 257], "excluded_lines": []}, "main": {"executed_lines": [], "summary": {"covered_lines": 0, "num_statements": 32, "percent_covered": 0.0, "percent_covered_display": "0", "missing_lines": 32, "excluded_lines": 0, "percent_statements_covered": 0.0, "percent_statements_covered_display": "0"}, "missing_lines": [262, 278, 279, 280, 281, 282, 283, 284, 286, 289, 290, 292, 293, 294, 295, 296, 299, 305, 306, 308, 309, 310, 313, 315, 316, 317, 320, 323, 325, 326, 327, 329], "excluded_lines": []}, "": {"executed_lines": [], "summary": {"covered_lines": 0, "num_statements": 22, "percent_covered": 0.0, "percent_covered_display": "0", "missing_lines": 22, "excluded_lines": 0, "percent_statements_covered": 0.0, "percent_statements_covered_display": "0"}, "missing_lines": [22, 23, 24, 25, 26, 27, 30, 33, 34, 36, 37, 40, 41, 44, 47, 71, 78, 174, 239, 260, 332, 333], "excluded_lines": []}}, "classes": {"TMDBFetcher": {"executed_lines": [], "summary": {"covered_lines": 0, "num_statements": 81, "percent_covered": 0.0, "percent_covered_display": "0", "missing_lines": 81, "excluded_lines": 0, "percent_statements_covered": 0.0, "percent_statements_covered_display": "0"}, "missing_lines": [56, 57, 58, 61, 62, 63, 64, 65, 66, 67, 68, 69, 73, 89, 90, 91, 92, 93, 94, 96, 98, 99, 100, 102, 103, 105, 106, 107, 110, 111, 112, 114, 115, 116, 117, 120, 121, 123, 125, 127, 128, 129, 132, 133, 136, 164, 165, 166, 168, 170, 171, 172, 184, 185, 187, 198, 199, 200, 201, 204, 205, 208, 209, 211, 212, 215, 216, 218, 226, 227, 233, 234, 235, 237, 248, 250, 251, 252, 254, 255, 257], "excluded_lines": []}, "": {"executed_lines": [], "summary": {"covered_lines": 0, "num_statements": 54, "percent_covered": 0.0, "percent_covered_display": "0", "missing_lines": 54, "excluded_lines": 0, "percent_statements_covered": 0.0, "percent_statements_covered_display": "0"}, "missing_lines": [22, 23, 24, 25, 26, 27, 30, 33, 34, 36, 37, 40, 41, 44, 47, 71, 78, 174, 239, 260, 262, 278, 279, 280, 281, 282, 283, 284, 286, 289, 290, 292, 293, 294, 295, 296, 299, 305, 306, 308, 309, 310, 313, 315, 316, 317, 320, 323, 325, 326, 327, 329, 332, 333], "excluded_lines": []}}}, "scripts/filename_parser.py": {"executed_lines": [], "summary": {"covered_lines": 0, "num_statements": 68, "percent_covered": 0.0, "percent_covered_display": "0", "missing_lines": 68, "excluded_lines": 0, "percent_statements_covered": 0.0, "percent_statements_covered_display": "0"}, "missing_lines": [10, 11, 14, 16, 19, 21, 22, 23, 24, 25, 28, 51, 54, 57, 58, 59, 60, 61, 64, 70, 71, 72, 73, 74, 75, 77, 78, 81, 82, 83, 84, 85, 86, 87, 90, 91, 92, 93, 96, 97, 98, 99, 103, 105, 107, 109, 111, 120, 135, 136, 137, 140, 155, 156, 158, 159, 160, 163, 165, 174, 175, 176, 177, 178, 179, 180, 181, 182], "excluded_lines": [], "functions": {"parse_filename": {"executed_lines": [], "summary": {"covered_lines": 0, "num_statements": 36, "percent_covered": 0.0, "percent_covered_display": "0", "missing_lines": 36, "excluded_lines": 0, "percent_statements_covered": 0.0, "percent_statements_covered_display": "0"}, "missing_lines": [51, 54, 57, 58, 59, 60, 61, 64, 70, 71, 72, 73, 74, 75, 77, 78, 81, 82, 83, 84, 85, 86, 87, 90, 91, 92, 93, 96, 97, 98, 99, 103, 105, 107, 109, 111], "excluded_lines": []}, "format_title_for_display": {"executed_lines": [], "summary": {"covered_lines": 0, "num_statements": 3, "percent_covered": 0.0, "percent_covered_display": "0", "missing_lines": 3, "excluded_lines": 0, "percent_statements_covered": 0.0, "percent_statements_covered_display": "0"}, "missing_lines": [135, 136, 137], "excluded_lines": []}, "format_title_for_filename": {"executed_lines": [], "summary": {"covered_lines": 0, "num_statements": 5, "percent_covered": 0.0, "percent_covered_display": "0", "missing_lines": 5, "excluded_lines": 0, "percent_statements_covered": 0.0, "percent_statements_covered_display": "0"}, "missing_lines": [155, 156, 158, 159, 160], "excluded_lines": []}, "": {"executed_lines": [], "summary": {"covered_lines": 0, "num_statements": 24, "percent_covered": 0.0, "percent_covered_display": "0", "missing_lines": 24, "excluded_lines": 0, "percent_statements_covered": 0.0, "percent_statements_covered_display": "0"}, "missing_lines": [10, 11, 14, 16, 19, 21, 22, 23, 24, 25, 28, 120, 140, 163, 165, 174, 175, 176, 177, 178, 179, 180, 181, 182], "excluded_lines": []}}, "classes": {"ParsedFilename": {"executed_lines": [], "summary": {"covered_lines": 0, "num_statements": 0, "percent_covered": 100.0, "percent_covered_display": "100", "missing_lines": 0, "excluded_lines": 0, "percent_statements_covered": 100.0, "percent_statements_covered_display": "100"}, "missing_lines": [], "excluded_lines": []}, "": {"executed_lines": [], "summary": {"covered_lines": 0, "num_statements": 68, "percent_covered": 0.0, "percent_covered_display": "0", "missing_lines": 68, "excluded_lines": 0, "percent_statements_covered": 0.0, "percent_statements_covered_display": "0"}, "missing_lines": [10, 11, 14, 16, 19, 21, 22, 23, 24, 25, 28, 51, 54, 57, 58, 59, 60, 61, 64, 70, 71, 72, 73, 74, 75, 77, 78, 81, 82, 83, 84, 85, 86, 87, 90, 91, 92, 93, 96, 97, 98, 99, 103, 105, 107, 109, 111, 120, 135, 136, 137, 140, 155, 156, 158, 159, 160, 163, 165, 174, 175, 176, 177, 178, 179, 180, 181, 182], "excluded_lines": []}}}, "scripts/hybrid_subtitle_merger.py": {"executed_lines": [], "summary": {"covered_lines": 0, "num_statements": 137, "percent_covered": 0.0, "percent_covered_display": "0", "missing_lines": 137, "excluded_lines": 0, "percent_statements_covered": 0.0, "percent_statements_covered_display": "0"}, "missing_lines": [12, 13, 14, 15, 18, 21, 23, 29, 32, 33, 34, 35, 37, 38, 39, 40, 41, 44, 45, 47, 48, 51, 52, 53, 54, 56, 57, 58, 61, 62, 63, 66, 67, 68, 70, 73, 84, 85, 87, 88, 89, 92, 93, 95, 96, 97, 98, 100, 101, 102, 105, 106, 107, 108, 110, 111, 112, 113, 114, 116, 119, 130, 131, 132, 133, 134, 135, 136, 139, 140, 141, 143, 144, 146, 147, 148, 151, 152, 153, 154, 157, 158, 159, 160, 161, 163, 164, 166, 167, 169, 175, 177, 183, 185, 186, 189, 190, 191, 194, 200, 203, 204, 205, 206, 209, 210, 211, 212, 213, 214, 215, 216, 217, 218, 219, 220, 221, 222, 223, 224, 227, 229, 255, 261, 267, 273, 279, 282, 283, 284, 286, 287, 288, 291, 294, 302, 303], "excluded_lines": [], "functions": {"detect_hallucinations": {"executed_lines": [], "summary": {"covered_lines": 0, "num_statements": 28, "percent_covered": 0.0, "percent_covered_display": "0", "missing_lines": 28, "excluded_lines": 0, "percent_statements_covered": 0.0, "percent_statements_covered_display": "0"}, "missing_lines": [29, 32, 33, 34, 35, 37, 38, 39, 40, 41, 44, 45, 47, 48, 51, 52, 53, 54, 56, 57, 58, 61, 62, 63, 66, 67, 68, 70], "excluded_lines": []}, "find_matching_subtitle": {"executed_lines": [], "summary": {"covered_lines": 0, "num_statements": 24, "percent_covered": 0.0, "percent_covered_display": "0", "missing_lines": 24, "excluded_lines": 0, "percent_statements_covered": 0.0, "percent_statements_covered_display": "0"}, "missing_lines": [84, 85, 87, 88, 89, 92, 93, 95, 96, 97, 98, 100, 101, 102, 105, 106, 107, 108, 110, 111, 112, 113, 114, 116], "excluded_lines": []}, "merge_translations": {"executed_lines": [], "summary": {"covered_lines": 0, "num_statements": 59, "percent_covered": 0.0, "percent_covered_display": "0", "missing_lines": 59, "excluded_lines": 0, "percent_statements_covered": 0.0, "percent_statements_covered_display": "0"}, "missing_lines": [130, 131, 132, 133, 134, 135, 136, 139, 140, 141, 143, 144, 146, 147, 148, 151, 152, 153, 154, 157, 158, 159, 160, 161, 163, 164, 166, 167, 169, 175, 177, 183, 185, 186, 189, 190, 191, 194, 200, 203, 204, 205, 206, 209, 210, 211, 212, 213, 214, 215, 216, 217, 218, 219, 220, 221, 222, 223, 224], "excluded_lines": []}, "main": {"executed_lines": [], "summary": {"covered_lines": 0, "num_statements": 14, "percent_covered": 0.0, "percent_covered_display": "0", "missing_lines": 14, "excluded_lines": 0, "percent_statements_covered": 0.0, "percent_statements_covered_display": "0"}, "missing_lines": [229, 255, 261, 267, 273, 279, 282, 283, 284, 286, 287, 288, 291, 294], "excluded_lines": []}, "": {"executed_lines": [], "summary": {"covered_lines": 0, "num_statements": 12, "percent_covered": 0.0, "percent_covered_display": "0", "missing_lines": 12, "excluded_lines": 0, "percent_statements_covered": 0.0, "percent_statements_covered_display": "0"}, "missing_lines": [12, 13, 14, 15, 18, 21, 23, 73, 119, 227, 302, 303], "excluded_lines": []}}, "classes": {"": {"executed_lines": [], "summary": {"covered_lines": 0, "num_statements": 137, "percent_covered": 0.0, "percent_covered_display": "0", "missing_lines": 137, "excluded_lines": 0, "percent_statements_covered": 0.0, "percent_statements_covered_display": "0"}, "missing_lines": [12, 13, 14, 15, 18, 21, 23, 29, 32, 33, 34, 35, 37, 38, 39, 40, 41, 44, 45, 47, 48, 51, 52, 53, 54, 56, 57, 58, 61, 62, 63, 66, 67, 68, 70, 73, 84, 85, 87, 88, 89, 92, 93, 95, 96, 97, 98, 100, 101, 102, 105, 106, 107, 108, 110, 111, 112, 113, 114, 116, 119, 130, 131, 132, 133, 134, 135, 136, 139, 140, 141, 143, 144, 146, 147, 148, 151, 152, 153, 154, 157, 158, 159, 160, 161, 163, 164, 166, 167, 169, 175, 177, 183, 185, 186, 189, 190, 191, 194, 200, 203, 204, 205, 206, 209, 210, 211, 212, 213, 214, 215, 216, 217, 218, 219, 220, 221, 222, 223, 224, 227, 229, 255, 261, 267, 273, 279, 282, 283, 284, 286, 287, 288, 291, 294, 302, 303], "excluded_lines": []}}}, "scripts/lyrics_detection_core.py": {"executed_lines": [], "summary": {"covered_lines": 0, "num_statements": 279, "percent_covered": 0.0, "percent_covered_display": "0", "missing_lines": 279, "excluded_lines": 0, "percent_statements_covered": 0.0, "percent_statements_covered_display": "0"}, "missing_lines": [12, 13, 14, 15, 18, 21, 22, 25, 26, 27, 28, 29, 32, 35, 51, 52, 53, 54, 56, 71, 72, 73, 75, 77, 79, 82, 83, 84, 87, 88, 91, 92, 93, 96, 98, 99, 107, 109, 110, 111, 113, 130, 132, 134, 136, 137, 140, 141, 143, 144, 147, 148, 150, 151, 154, 156, 157, 159, 161, 162, 163, 165, 166, 167, 170, 171, 173, 175, 194, 196, 197, 200, 201, 202, 204, 205, 206, 207, 209, 210, 212, 215, 218, 219, 220, 221, 222, 223, 224, 226, 228, 229, 230, 236, 237, 240, 241, 243, 244, 245, 248, 249, 251, 252, 254, 255, 259, 260, 263, 264, 265, 275, 276, 278, 279, 281, 283, 288, 289, 297, 299, 314, 315, 316, 318, 321, 322, 323, 325, 326, 327, 330, 331, 332, 333, 334, 336, 343, 345, 346, 349, 350, 351, 352, 354, 361, 364, 366, 367, 370, 371, 373, 374, 376, 378, 379, 380, 382, 386, 387, 389, 391, 393, 394, 395, 398, 399, 410, 416, 418, 420, 441, 442, 443, 445, 447, 449, 450, 452, 453, 456, 457, 458, 465, 466, 468, 469, 471, 472, 474, 475, 476, 478, 479, 480, 481, 488, 489, 490, 491, 497, 500, 502, 509, 510, 511, 513, 514, 516, 517, 520, 521, 523, 524, 525, 526, 528, 529, 532, 533, 538, 540, 542, 543, 556, 561, 562, 563, 564, 566, 568, 587, 588, 589, 590, 591, 593, 594, 597, 600, 601, 603, 605, 607, 608, 611, 612, 613, 614, 615, 618, 619, 620, 623, 624, 627, 630, 632, 635, 661, 669, 670, 671, 674, 675, 676, 679, 682, 683, 685, 696, 697, 698, 700, 701, 702, 704, 707, 708], "excluded_lines": [], "functions": {"LyricsDetector.__init__": {"executed_lines": [], "summary": {"covered_lines": 0, "num_statements": 4, "percent_covered": 0.0, "percent_covered_display": "0", "missing_lines": 4, "excluded_lines": 0, "percent_statements_covered": 0.0, "percent_statements_covered_display": "0"}, "missing_lines": [51, 52, 53, 54], "excluded_lines": []}, "LyricsDetector.detect_from_audio_features": {"executed_lines": [], "summary": {"covered_lines": 0, "num_statements": 21, "percent_covered": 0.0, "percent_covered_display": "0", "missing_lines": 21, "excluded_lines": 0, "percent_statements_covered": 0.0, "percent_statements_covered_display": "0"}, "missing_lines": [71, 72, 73, 75, 77, 79, 82, 83, 84, 87, 88, 91, 92, 93, 96, 98, 99, 107, 109, 110, 111], "excluded_lines": []}, "LyricsDetector._calculate_music_confidence": {"executed_lines": [], "summary": {"covered_lines": 0, "num_statements": 26, "percent_covered": 0.0, "percent_covered_display": "0", "missing_lines": 26, "excluded_lines": 0, "percent_statements_covered": 0.0, "percent_statements_covered_display": "0"}, "missing_lines": [130, 132, 134, 136, 137, 140, 141, 143, 144, 147, 148, 150, 151, 154, 156, 157, 159, 161, 162, 163, 165, 166, 167, 170, 171, 173], "excluded_lines": []}, "LyricsDetector.detect_from_transcript_patterns": {"executed_lines": [], "summary": {"covered_lines": 0, "num_statements": 52, "percent_covered": 0.0, "percent_covered_display": "0", "missing_lines": 52, "excluded_lines": 0, "percent_statements_covered": 0.0, "percent_statements_covered_display": "0"}, "missing_lines": [194, 196, 197, 200, 201, 202, 204, 205, 206, 207, 209, 210, 212, 215, 218, 219, 220, 221, 222, 223, 224, 226, 228, 229, 230, 236, 237, 240, 241, 243, 244, 245, 248, 249, 251, 252, 254, 255, 259, 260, 263, 264, 265, 275, 276, 278, 279, 281, 283, 288, 289, 297], "excluded_lines": []}, "LyricsDetector.detect_from_soundtrack_durations": {"executed_lines": [], "summary": {"covered_lines": 0, "num_statements": 49, "percent_covered": 0.0, "percent_covered_display": "0", "missing_lines": 49, "excluded_lines": 0, "percent_statements_covered": 0.0, "percent_statements_covered_display": "0"}, "missing_lines": [314, 315, 316, 318, 321, 322, 323, 325, 326, 327, 330, 331, 332, 333, 334, 336, 343, 345, 346, 349, 350, 351, 352, 354, 361, 364, 366, 367, 370, 371, 373, 374, 376, 378, 379, 380, 382, 386, 387, 389, 391, 393, 394, 395, 398, 399, 410, 416, 418], "excluded_lines": []}, "LyricsDetector.detect_from_music_separation": {"executed_lines": [], "summary": {"covered_lines": 0, "num_statements": 59, "percent_covered": 0.0, "percent_covered_display": "0", "missing_lines": 59, "excluded_lines": 0, "percent_statements_covered": 0.0, "percent_statements_covered_display": "0"}, "missing_lines": [441, 442, 443, 445, 447, 449, 450, 452, 453, 456, 457, 458, 465, 466, 468, 469, 471, 472, 474, 475, 476, 478, 479, 480, 481, 488, 489, 490, 491, 497, 500, 502, 509, 510, 511, 513, 514, 516, 517, 520, 521, 523, 524, 525, 526, 528, 529, 532, 533, 538, 540, 542, 543, 556, 561, 562, 563, 564, 566], "excluded_lines": []}, "LyricsDetector.merge_detections": {"executed_lines": [], "summary": {"covered_lines": 0, "num_statements": 27, "percent_covered": 0.0, "percent_covered_display": "0", "missing_lines": 27, "excluded_lines": 0, "percent_statements_covered": 0.0, "percent_statements_covered_display": "0"}, "missing_lines": [587, 588, 589, 590, 591, 593, 594, 597, 600, 601, 603, 605, 607, 608, 611, 612, 613, 614, 615, 618, 619, 620, 623, 624, 627, 630, 632], "excluded_lines": []}, "run_lyrics_detection": {"executed_lines": [], "summary": {"covered_lines": 0, "num_statements": 18, "percent_covered": 0.0, "percent_covered_display": "0", "missing_lines": 18, "excluded_lines": 0, "percent_statements_covered": 0.0, "percent_statements_covered_display": "0"}, "missing_lines": [661, 669, 670, 671, 674, 675, 676, 679, 682, 683, 685, 696, 697, 698, 700, 701, 702, 704], "excluded_lines": []}, "": {"executed_lines": [], "summary": {"covered_lines": 0, "num_statements": 23, "percent_covered": 0.0, "percent_covered_display": "0", "missing_lines": 23, "excluded_lines": 0, "percent_statements_covered": 0.0, "percent_statements_covered_display": "0"}, "missing_lines": [12, 13, 14, 15, 18, 21, 22, 25, 26, 27, 28, 29, 32, 35, 56, 113, 175, 299, 420, 568, 635, 707, 708], "excluded_lines": []}}, "classes": {"LyricsDetector": {"executed_lines": [], "summary": {"covered_lines": 0, "num_statements": 238, "percent_covered": 0.0, "percent_covered_display": "0", "missing_lines": 238, "excluded_lines": 0, "percent_statements_covered": 0.0, "percent_statements_covered_display": "0"}, "missing_lines": [51, 52, 53, 54, 71, 72, 73, 75, 77, 79, 82, 83, 84, 87, 88, 91, 92, 93, 96, 98, 99, 107, 109, 110, 111, 130, 132, 134, 136, 137, 140, 141, 143, 144, 147, 148, 150, 151, 154, 156, 157, 159, 161, 162, 163, 165, 166, 167, 170, 171, 173, 194, 196, 197, 200, 201, 202, 204, 205, 206, 207, 209, 210, 212, 215, 218, 219, 220, 221, 222, 223, 224, 226, 228, 229, 230, 236, 237, 240, 241, 243, 244, 245, 248, 249, 251, 252, 254, 255, 259, 260, 263, 264, 265, 275, 276, 278, 279, 281, 283, 288, 289, 297, 314, 315, 316, 318, 321, 322, 323, 325, 326, 327, 330, 331, 332, 333, 334, 336, 343, 345, 346, 349, 350, 351, 352, 354, 361, 364, 366, 367, 370, 371, 373, 374, 376, 378, 379, 380, 382, 386, 387, 389, 391, 393, 394, 395, 398, 399, 410, 416, 418, 441, 442, 443, 445, 447, 449, 450, 452, 453, 456, 457, 458, 465, 466, 468, 469, 471, 472, 474, 475, 476, 478, 479, 480, 481, 488, 489, 490, 491, 497, 500, 502, 509, 510, 511, 513, 514, 516, 517, 520, 521, 523, 524, 525, 526, 528, 529, 532, 533, 538, 540, 542, 543, 556, 561, 562, 563, 564, 566, 587, 588, 589, 590, 591, 593, 594, 597, 600, 601, 603, 605, 607, 608, 611, 612, 613, 614, 615, 618, 619, 620, 623, 624, 627, 630, 632], "excluded_lines": []}, "": {"executed_lines": [], "summary": {"covered_lines": 0, "num_statements": 41, "percent_covered": 0.0, "percent_covered_display": "0", "missing_lines": 41, "excluded_lines": 0, "percent_statements_covered": 0.0, "percent_statements_covered_display": "0"}, "missing_lines": [12, 13, 14, 15, 18, 21, 22, 25, 26, 27, 28, 29, 32, 35, 56, 113, 175, 299, 420, 568, 635, 661, 669, 670, 671, 674, 675, 676, 679, 682, 683, 685, 696, 697, 698, 700, 701, 702, 704, 707, 708], "excluded_lines": []}}}, "scripts/mux.py": {"executed_lines": [], "summary": {"covered_lines": 0, "num_statements": 185, "percent_covered": 0.0, "percent_covered_display": "0", "missing_lines": 185, "excluded_lines": 0, "percent_statements_covered": 0.0, "percent_statements_covered_display": "0"}, "missing_lines": [6, 7, 8, 9, 10, 13, 14, 16, 17, 19, 26, 27, 29, 31, 32, 34, 35, 36, 39, 40, 41, 42, 43, 44, 45, 47, 48, 51, 52, 53, 54, 55, 56, 59, 60, 62, 65, 66, 72, 73, 74, 76, 77, 78, 79, 81, 82, 83, 84, 85, 86, 89, 90, 93, 95, 96, 97, 98, 99, 101, 103, 105, 106, 107, 111, 112, 113, 116, 117, 120, 121, 124, 130, 131, 132, 136, 137, 138, 139, 140, 141, 144, 145, 148, 151, 154, 155, 158, 161, 165, 166, 167, 170, 171, 173, 176, 190, 193, 196, 209, 210, 212, 215, 218, 219, 220, 222, 224, 225, 226, 228, 229, 230, 231, 232, 233, 235, 238, 239, 245, 246, 247, 249, 250, 253, 254, 257, 259, 260, 261, 264, 271, 272, 276, 281, 282, 283, 284, 285, 286, 288, 290, 291, 292, 293, 294, 295, 296, 298, 299, 300, 301, 302, 303, 304, 306, 307, 308, 309, 310, 311, 312, 314, 315, 316, 317, 318, 319, 320, 322, 323, 324, 325, 326, 327, 328, 330, 331, 332, 333, 334, 335, 336, 338, 339], "excluded_lines": [], "functions": {"main": {"executed_lines": [], "summary": {"covered_lines": 0, "num_statements": 167, "percent_covered": 0.0, "percent_covered_display": "0", "missing_lines": 167, "excluded_lines": 0, "percent_statements_covered": 0.0, "percent_statements_covered_display": "0"}, "missing_lines": [26, 27, 29, 31, 32, 34, 35, 36, 39, 40, 41, 42, 43, 44, 45, 47, 48, 51, 52, 53, 54, 55, 56, 59, 60, 62, 65, 66, 72, 73, 74, 76, 77, 78, 79, 81, 82, 83, 84, 85, 86, 89, 90, 93, 103, 105, 106, 107, 111, 112, 113, 116, 117, 120, 121, 124, 130, 131, 132, 136, 137, 138, 139, 140, 141, 144, 145, 148, 151, 154, 155, 158, 161, 165, 166, 167, 170, 171, 173, 176, 190, 193, 196, 209, 210, 212, 215, 218, 219, 220, 222, 224, 225, 226, 228, 229, 230, 231, 232, 233, 235, 238, 239, 245, 246, 247, 249, 250, 253, 254, 257, 259, 260, 261, 264, 271, 272, 276, 281, 282, 283, 284, 285, 286, 288, 290, 291, 292, 293, 294, 295, 296, 298, 299, 300, 301, 302, 303, 304, 306, 307, 308, 309, 310, 311, 312, 314, 315, 316, 317, 318, 319, 320, 322, 323, 324, 325, 326, 327, 328, 330, 331, 332, 333, 334, 335, 336], "excluded_lines": []}, "main.sort_key": {"executed_lines": [], "summary": {"covered_lines": 0, "num_statements": 6, "percent_covered": 0.0, "percent_covered_display": "0", "missing_lines": 6, "excluded_lines": 0, "percent_statements_covered": 0.0, "percent_statements_covered_display": "0"}, "missing_lines": [95, 96, 97, 98, 99, 101], "excluded_lines": []}, "": {"executed_lines": [], "summary": {"covered_lines": 0, "num_statements": 12, "percent_covered": 0.0, "percent_covered_display": "0", "missing_lines": 12, "excluded_lines": 0, "percent_statements_covered": 0.0, "percent_statements_covered_display": "0"}, "missing_lines": [6, 7, 8, 9, 10, 13, 14, 16, 17, 19, 338, 339], "excluded_lines": []}}, "classes": {"": {"executed_lines": [], "summary": {"covered_lines": 0, "num_statements": 185, "percent_covered": 0.0, "percent_covered_display": "0", "missing_lines": 185, "excluded_lines": 0, "percent_statements_covered": 0.0, "percent_statements_covered_display": "0"}, "missing_lines": [6, 7, 8, 9, 10, 13, 14, 16, 17, 19, 26, 27, 29, 31, 32, 34, 35, 36, 39, 40, 41, 42, 43, 44, 45, 47, 48, 51, 52, 53, 54, 55, 56, 59, 60, 62, 65, 66, 72, 73, 74, 76, 77, 78, 79, 81, 82, 83, 84, 85, 86, 89, 90, 93, 95, 96, 97, 98, 99, 101, 103, 105, 106, 107, 111, 112, 113, 116, 117, 120, 121, 124, 130, 131, 132, 136, 137, 138, 139, 140, 141, 144, 145, 148, 151, 154, 155, 158, 161, 165, 166, 167, 170, 171, 173, 176, 190, 193, 196, 209, 210, 212, 215, 218, 219, 220, 222, 224, 225, 226, 228, 229, 230, 231, 232, 233, 235, 238, 239, 245, 246, 247, 249, 250, 253, 254, 257, 259, 260, 261, 264, 271, 272, 276, 281, 282, 283, 284, 285, 286, 288, 290, 291, 292, 293, 294, 295, 296, 298, 299, 300, 301, 302, 303, 304, 306, 307, 308, 309, 310, 311, 312, 314, 315, 316, 317, 318, 319, 320, 322, 323, 324, 325, 326, 327, 328, 330, 331, 332, 333, 334, 335, 336, 338, 339], "excluded_lines": []}}}, "scripts/post_ner.py": {"executed_lines": [], "summary": {"covered_lines": 0, "num_statements": 6, "percent_covered": 0.0, "percent_covered_display": "0", "missing_lines": 6, "excluded_lines": 0, "percent_statements_covered": 0.0, "percent_statements_covered_display": "0"}, "missing_lines": [6, 7, 10, 12, 14, 16], "excluded_lines": [], "functions": {"": {"executed_lines": [], "summary": {"covered_lines": 0, "num_statements": 6, "percent_covered": 0.0, "percent_covered_display": "0", "missing_lines": 6, "excluded_lines": 0, "percent_statements_covered": 0.0, "percent_statements_covered_display": "0"}, "missing_lines": [6, 7, 10, 12, 14, 16], "excluded_lines": []}}, "classes": {"": {"executed_lines": [], "summary": {"covered_lines": 0, "num_statements": 6, "percent_covered": 0.0, "percent_covered_display": "0", "missing_lines": 6, "excluded_lines": 0, "percent_statements_covered": 0.0, "percent_statements_covered_display": "0"}, "missing_lines": [6, 7, 10, 12, 14, 16], "excluded_lines": []}}}, "scripts/pre_ner.py": {"executed_lines": [], "summary": {"covered_lines": 0, "num_statements": 6, "percent_covered": 0.0, "percent_covered_display": "0", "missing_lines": 6, "excluded_lines": 0, "percent_statements_covered": 0.0, "percent_statements_covered_display": "0"}, "missing_lines": [6, 7, 10, 12, 14, 16], "excluded_lines": [], "functions": {"": {"executed_lines": [], "summary": {"covered_lines": 0, "num_statements": 6, "percent_covered": 0.0, 
[...]
, "excluded_lines": []}, "TMDBCache.get_age_days": {"executed_lines": [], "summary": {"covered_lines": 0, "num_statements": 9, "percent_covered": 0.0, "percent_covered_display": "0", "missing_lines": 9, "excluded_lines": 0, "percent_statements_covered": 0.0, "percent_statements_covered_display": "0"}, "missing_lines": [106, 108, 109, 111, 112, 113, 114, 115, 116], "excluded_lines": []}, "TMDBCache.clear": {"executed_lines": [], "summary": {"covered_lines": 0, "num_statements": 6, "percent_covered": 0.0, "percent_covered_display": "0", "missing_lines": 6, "excluded_lines": 0, "percent_statements_covered": 0.0, "percent_statements_covered_display": "0"}, "missing_lines": [125, 127, 128, 129, 132, 133], "excluded_lines": []}, "TMDBCache.clear_expired": {"executed_lines": [], "summary": {"covered_lines": 0, "num_statements": 8, "percent_covered": 0.0, "percent_covered_display": "0", "missing_lines": 8, "excluded_lines": 0, "percent_statements_covered": 0.0, "percent_statements_covered_display": "0"}, "missing_lines": [137, 138, 139, 140, 142, 143, 144, 145], "excluded_lines": []}, "TMDBCache.get_stats": {"executed_lines": [], "summary": {"covered_lines": 0, "num_statements": 12, "percent_covered": 0.0, "percent_covered_display": "0", "missing_lines": 12, "excluded_lines": 0, "percent_statements_covered": 0.0, "percent_statements_covered_display": "0"}, "missing_lines": [154, 156, 157, 163, 164, 165, 166, 167, 168, 169, 170, 172], "excluded_lines": []}, "": {"executed_lines": [], "summary": {"covered_lines": 0, "num_statements": 12, "percent_covered": 0.0, "percent_covered_display": "0", "missing_lines": 12, "excluded_lines": 0, "percent_statements_covered": 0.0, "percent_statements_covered_display": "0"}, "missing_lines": [10, 11, 12, 13, 16, 19, 34, 75, 96, 118, 135, 147], "excluded_lines": []}}, "classes": {"TMDBCache": {"executed_lines": [], "summary": {"covered_lines": 0, "num_statements": 61, "percent_covered": 0.0, "percent_covered_display": "0", "missing_lines": 61, "excluded_lines": 0, "percent_statements_covered": 0.0, "percent_statements_covered_display": "0"}, "missing_lines": [27, 28, 30, 31, 32, 44, 46, 47, 49, 51, 52, 54, 56, 59, 60, 63, 69, 71, 73, 83, 85, 87, 89, 90, 92, 94, 106, 108, 109, 111, 112, 113, 114, 115, 116, 125, 127, 128, 129, 132, 133, 137, 138, 139, 140, 142, 143, 144, 145, 154, 156, 157, 163, 164, 165, 166, 167, 168, 169, 170, 172], "excluded_lines": []}, "": {"executed_lines": [], "summary": {"covered_lines": 0, "num_statements": 12, "percent_covered": 0.0, "percent_covered_display": "0", "missing_lines": 12, "excluded_lines": 0, "percent_statements_covered": 0.0, "percent_statements_covered_display": "0"}, "missing_lines": [10, 11, 12, 13, 16, 19, 34, 75, 96, 118, 135, 147], "excluded_lines": []}}}, "shared/tmdb_client.py": {"executed_lines": [], "summary": {"covered_lines": 0, "num_statements": 134, "percent_covered": 0.0, "percent_covered_display": "0", "missing_lines": 134, "excluded_lines": 0, "percent_statements_covered": 0.0, "percent_statements_covered_display": "0"}, "missing_lines": [15, 16, 17, 18, 19, 22, 23, 26, 27, 30, 33, 49, 50, 51, 54, 55, 56, 59, 60, 63, 65, 66, 68, 85, 86, 87, 88, 89, 91, 92, 93, 96, 98, 99, 100, 101, 104, 105, 106, 107, 108, 109, 112, 113, 115, 117, 118, 121, 122, 123, 124, 125, 126, 127, 130, 131, 133, 134, 136, 137, 139, 140, 141, 142, 144, 154, 155, 156, 157, 158, 160, 161, 162, 165, 168, 171, 172, 175, 177, 178, 179, 180, 181, 182, 188, 195, 196, 200, 201, 202, 203, 204, 205, 211, 218, 234, 235, 236, 237, 238, 240, 241, 243, 244, 245, 246, 247, 248, 250, 263, 264, 265, 268, 269, 270, 271, 276, 278, 280, 290, 292, 293, 294, 297, 307, 308, 310, 311, 313, 314, 315, 316, 317, 318], "excluded_lines": [], "functions": {"TMDBClient.__init__": {"executed_lines": [], "summary": {"covered_lines": 0, "num_statements": 11, "percent_covered": 0.0, "percent_covered_display": "0", "missing_lines": 11, "excluded_lines": 0, "percent_statements_covered": 0.0, "percent_statements_covered_display": "0"}, "missing_lines": [49, 50, 51, 54, 55, 56, 59, 60, 63, 65, 66], "excluded_lines": []}, "TMDBClient.search_movie": {"executed_lines": [], "summary": {"covered_lines": 0, "num_statements": 41, "percent_covered": 0.0, "percent_covered_display": "0", "missing_lines": 41, "excluded_lines": 0, "percent_statements_covered": 0.0, "percent_statements_covered_display": "0"}, "missing_lines": [85, 86, 87, 88, 89, 91, 92, 93, 96, 98, 99, 100, 101, 104, 105, 106, 107, 108, 109, 112, 113, 115, 117, 118, 121, 122, 123, 124, 125, 126, 127, 130, 131, 133, 134, 136, 137, 139, 140, 141, 142], "excluded_lines": []}, "TMDBClient.get_movie_metadata": {"executed_lines": [], "summary": {"covered_lines": 0, "num_statements": 43, "percent_covered": 0.0, "percent_covered_display": "0", "missing_lines": 43, "excluded_lines": 0, "percent_statements_covered": 0.0, "percent_statements_covered_display": "0"}, "missing_lines": [154, 155, 156, 157, 158, 160, 161, 162, 165, 168, 171, 172, 175, 177, 178, 179, 180, 181, 182, 188, 195, 196, 200, 201, 202, 203, 204, 205, 211, 218, 234, 235, 236, 237, 238, 240, 241, 243, 244, 245, 246, 247, 248], "excluded_lines": []}, "TMDBClient.get_soundtrack_info": {"executed_lines": [], "summary": {"covered_lines": 0, "num_statements": 8, "percent_covered": 0.0, "percent_covered_display": "0", "missing_lines": 8, "excluded_lines": 0, "percent_statements_covered": 0.0, "percent_statements_covered_display": "0"}, "missing_lines": [263, 264, 265, 268, 269, 270, 271, 276], "excluded_lines": []}, "TMDBClient._movie_to_dict": {"executed_lines": [], "summary": {"covered_lines": 0, "num_statements": 1, "percent_covered": 0.0, "percent_covered_display": "0", "missing_lines": 1, "excluded_lines": 0, "percent_statements_covered": 0.0, "percent_statements_covered_display": "0"}, "missing_lines": [280], "excluded_lines": []}, "TMDBClient.clear_cache": {"executed_lines": [], "summary": {"covered_lines": 0, "num_statements": 3, "percent_covered": 0.0, "percent_covered_display": "0", "missing_lines": 3, "excluded_lines": 0, "percent_statements_covered": 0.0, "percent_statements_covered_display": "0"}, "missing_lines": [292, 293, 294], "excluded_lines": []}, "load_api_key": {"executed_lines": [], "summary": {"covered_lines": 0, "num_statements": 10, "percent_covered": 0.0, "percent_covered_display": "0", "missing_lines": 10, "excluded_lines": 0, "percent_statements_covered": 0.0, "percent_statements_covered_display": "0"}, "missing_lines": [307, 308, 310, 311, 313, 314, 315, 316, 317, 318], "excluded_lines": []}, "": {"executed_lines": [], "summary": {"covered_lines": 0, "num_statements": 17, "percent_covered": 0.0, "percent_covered_display": "0", "missing_lines": 17, "excluded_lines": 0, "percent_statements_covered": 0.0, "percent_statements_covered_display": "0"}, "missing_lines": [15, 16, 17, 18, 19, 22, 23, 26, 27, 30, 33, 68, 144, 250, 278, 290, 297], "excluded_lines": []}}, "classes": {"TMDBClient": {"executed_lines": [], "summary": {"covered_lines": 0, "num_statements": 107, "percent_covered": 0.0, "percent_covered_display": "0", "missing_lines": 107, "excluded_lines": 0, "percent_statements_covered": 0.0, "percent_statements_covered_display": "0"}, "missing_lines": [49, 50, 51, 54, 55, 56, 59, 60, 63, 65, 66, 85, 86, 87, 88, 89, 91, 92, 93, 96, 98, 99, 100, 101, 104, 105, 106, 107, 108, 109, 112, 113, 115, 117, 118, 121, 122, 123, 124, 125, 126, 127, 130, 131, 133, 134, 136, 137, 139, 140, 141, 142, 154, 155, 156, 157, 158, 160, 161, 162, 165, 168, 171, 172, 175, 177, 178, 179, 180, 181, 182, 188, 195, 196, 200, 201, 202, 203, 204, 205, 211, 218, 234, 235, 236, 237, 238, 240, 241, 243, 244, 245, 246, 247, 248, 263, 264, 265, 268, 269, 270, 271, 276, 280, 292, 293, 294], "excluded_lines": []}, "": {"executed_lines": [], "summary": {"covered_lines": 0, "num_statements": 27, "percent_covered": 0.0, "percent_covered_display": "0", "missing_lines": 27, "excluded_lines": 0, "percent_statements_covered": 0.0, "percent_statements_covered_display": "0"}, "missing_lines": [15, 16, 17, 18, 19, 22, 23, 26, 27, 30, 33, 68, 144, 250, 278, 290, 297, 307, 308, 310, 311, 313, 314, 315, 316, 317, 318], "excluded_lines": []}}}, "shared/tmdb_loader.py": {"executed_lines": [], "summary": {"covered_lines": 0, "num_statements": 92, "percent_covered": 0.0, "percent_covered_display": "0", "missing_lines": 92, "excluded_lines": 0, "percent_statements_covered": 0.0, "percent_statements_covered_display": "0"}, "missing_lines": [10, 11, 12, 13, 14, 17, 18, 21, 22, 24, 25, 26, 27, 28, 29, 30, 31, 32, 34, 35, 37, 50, 53, 61, 62, 63, 65, 76, 77, 80, 82, 83, 84, 85, 86, 88, 89, 90, 93, 105, 106, 107, 108, 110, 112, 113, 114, 115, 116, 118, 125, 126, 128, 130, 131, 133, 135, 136, 138, 140, 141, 143, 145, 146, 148, 160, 162, 163, 166, 167, 169, 170, 173, 175, 180, 184, 185, 187, 189, 200, 202, 203, 206, 207, 210, 211, 214, 215, 217, 219, 226, 227], "excluded_lines": [], "functions": {"TMDBData.empty": {"executed_lines": [], "summary": {"covered_lines": 0, "num_statements": 1, "percent_covered": 0.0, "percent_covered_display": "0", "missing_lines": 1, "excluded_lines": 0, "percent_statements_covered": 0.0, "percent_statements_covered_display": "0"}, "missing_lines": [37], "excluded_lines": []}, "TMDBLoader.__init__": {"executed_lines": [], "summary": {"covered_lines": 0, "num_statements": 3, "percent_covered": 0.0, "percent_covered_display": "0", "missing_lines": 3, "excluded_lines": 0, "percent_statements_covered": 0.0, "percent_statements_covered_display": "0"}, "missing_lines": [61, 62, 63], "excluded_lines": []}, "TMDBLoader.load": {"executed_lines": [], "summary": {"covered_lines": 0, "num_statements": 22, "percent_covered": 0.0, "percent_covered_display": "0", "missing_lines": 22, "excluded_lines": 0, "percent_statements_covered": 0.0, "percent_statements_covered_display": "0"}, "missing_lines": [76, 77, 80, 82, 83, 84, 85, 86, 88, 89, 90, 93, 105, 106, 107, 108, 110, 112, 113, 114, 115, 116], "excluded_lines": []}, "TMDBLoader.get_soundtrack": {"executed_lines": [], "summary": {"covered_lines": 0, "num_statements": 2, "percent_covered": 0.0, "percent_covered_display": "0", "missing_lines": 2, "excluded_lines": 0, "percent_statements_covered": 0.0, "percent_statements_covered_display": "0"}, "missing_lines": [125, 126], "excluded_lines": []}, "TMDBLoader.get_cast_names": {"executed_lines": [], "summary": {"covered_lines": 0, "num_statements": 2, "percent_covered": 0.0, "percent_covered_display": "0", "missing_lines": 2, "excluded_lines": 0, "percent_statements_covered": 0.0, "percent_statements_covered_display": "0"}, "missing_lines": [130, 131], "excluded_lines": []}, "TMDBLoader.get_crew_names": {"executed_lines": [], "summary": {"covered_lines": 0, "num_statements": 2, "percent_covered": 0.0, "percent_covered_display": "0", "missing_lines": 2, "excluded_lines": 0, "percent_statements_covered": 0.0, "percent_statements_covered_display": "0"}, "missing_lines": [135, 136], "excluded_lines": []}, "TMDBLoader.get_all_person_names": {"executed_lines": [], "summary": {"covered_lines": 0, "num_statements": 2, "percent_covered": 0.0, "percent_covered_display": "0", "missing_lines": 2, "excluded_lines": 0, "percent_statements_covered": 0.0, "percent_statements_covered_display": "0"}, "missing_lines": [140, 141], "excluded_lines": []}, "TMDBLoader.get_genres": {"executed_lines": [], "summary": {"covered_lines": 0, "num_statements": 2, "percent_covered": 0.0, "percent_covered_display": "0", "missing_lines": 2, "excluded_lines": 0, "percent_statements_covered": 0.0, "percent_statements_covered_display": "0"}, "missing_lines": [145, 146], "excluded_lines": []}, "TMDBLoader.is_bollywood": {"executed_lines": [], "summary": {"covered_lines": 0, "num_statements": 13, "percent_covered": 0.0, "percent_covered_display": "0", "missing_lines": 13, "excluded_lines": 0, "percent_statements_covered": 0.0, "percent_statements_covered_display": "0"}, "missing_lines": [160, 162, 163, 166, 167, 169, 170, 173, 175, 180, 184, 185, 187], "excluded_lines": []}, "TMDBLoader.should_enable_song_bias": {"executed_lines": [], "summary": {"covered_lines": 0, "num_statements": 10, "percent_covered": 0.0, "percent_covered_display": "0", "missing_lines": 10, "excluded_lines": 0, "percent_statements_covered": 0.0, "percent_statements_covered_display": "0"}, "missing_lines": [200, 202, 203, 206, 207, 210, 211, 214, 215, 217], "excluded_lines": []}, "TMDBLoader.get_metadata": {"executed_lines": [], "summary": {"covered_lines": 0, "num_statements": 2, "percent_covered": 0.0, "percent_covered_display": "0", "missing_lines": 2, "excluded_lines": 0, "percent_statements_covered": 0.0, "percent_statements_covered_display": "0"}, "missing_lines": [226, 227], "excluded_lines": []}, "": {"executed_lines": [], "summary": {"covered_lines": 0, "num_statements": 31, "percent_covered": 0.0, "percent_covered_display": "0", "missing_lines": 31, "excluded_lines": 0, "percent_statements_covered": 0.0, "percent_statements_covered_display": "0"}, "missing_lines": [10, 11, 12, 13, 14, 17, 18, 21, 22, 24, 25, 26, 27, 28, 29, 30, 31, 32, 34, 35, 50, 53, 65, 118, 128, 133, 138, 143, 148, 189, 219], "excluded_lines": []}}, "classes": {"TMDBData": {"executed_lines": [], "summary": {"covered_lines": 0, "num_statements": 1, "percent_covered": 0.0, "percent_covered_display": "0", "missing_lines": 1, "excluded_lines": 0, "percent_statements_covered": 0.0, "percent_statements_covered_display": "0"}, "missing_lines": [37], "excluded_lines": []}, "TMDBLoader": {"executed_lines": [], "summary": {"covered_lines": 0, "num_statements": 60, "percent_covered": 0.0, "percent_covered_display": "0", "missing_lines": 60, "excluded_lines": 0, "percent_statements_covered": 0.0, "percent_statements_covered_display": "0"}, "missing_lines": [61, 62, 63, 76, 77, 80, 82, 83, 84, 85, 86, 88, 89, 90, 93, 105, 106, 107, 108, 110, 112, 113, 114, 115, 116, 125, 126, 130, 131, 135, 136, 140, 141, 145, 146, 160, 162, 163, 166, 167, 169, 170, 173, 175, 180, 184, 185, 187, 200, 202, 203, 206, 207, 210, 211, 214, 215, 217, 226, 227], "excluded_lines": []}, "": {"executed_lines": [], "summary": {"covered_lines": 0, "num_statements": 31, "percent_covered": 0.0, "percent_covered_display": "0", "missing_lines": 31, "excluded_lines": 0, "percent_statements_covered": 0.0, "percent_statements_covered_display": "0"}, "missing_lines": [10, 11, 12, 13, 14, 17, 18, 21, 22, 24, 25, 26, 27, 28, 29, 30, 31, 32, 34, 35, 50, 53, 65, 118, 128, 133, 138, 143, 148, 189, 219], "excluded_lines": []}}}, "shared/utils.py": {"executed_lines": [], "summary": {"covered_lines": 0, "num_statements": 63, "percent_covered": 0.0, "percent_covered_display": "0", "missing_lines": 63, "excluded_lines": 0, "percent_statements_covered": 0.0, "percent_statements_covered_display": "0"}, "missing_lines": [6, 7, 8, 9, 12, 15, 17, 18, 19, 20, 21, 22, 25, 27, 28, 29, 30, 31, 32, 33, 36, 45, 48, 49, 52, 53, 55, 58, 59, 61, 64, 75, 78, 81, 84, 86, 89, 91, 94, 96, 99, 101, 104, 116, 119, 120, 122, 125, 132, 144, 156, 159, 160, 162, 165, 166, 168, 171, 181, 182, 183, 184, 186], "excluded_lines": [], "functions": {"save_json": {"executed_lines": [], "summary": {"covered_lines": 0, "num_statements": 6, "percent_covered": 0.0, "percent_covered_display": "0", "missing_lines": 6, "excluded_lines": 0, "percent_statements_covered": 0.0, "percent_statements_covered_display": "0"}, "missing_lines": [17, 18, 19, 20, 21, 22], "excluded_lines": []}, "load_json": {"executed_lines": [], "summary": {"covered_lines": 0, "num_statements": 7, "percent_covered": 0.0, "percent_covered_display": "0", "missing_lines": 7, "excluded_lines": 0, "percent_statements_covered": 0.0, "percent_statements_covered_display": "0"}, "missing_lines": [27, 28, 29, 30, 31, 32, 33], "excluded_lines": []}, "parse_filename": {"executed_lines": [], "summary": {"covered_lines": 0, "num_statements": 9, "percent_covered": 0.0, "percent_covered_display": "0", "missing_lines": 9, "excluded_lines": 0, "percent_statements_covered": 0.0, "percent_statements_covered_display": "0"}, "missing_lines": [45, 48, 49, 52, 53, 55, 58, 59, 61], "excluded_lines": []}, "sanitize_dirname": {"executed_lines": [], "summary": {"covered_lines": 0, "num_statements": 5, "percent_covered": 0.0, "percent_covered_display": "0", "missing_lines": 5, "excluded_lines": 0, "percent_statements_covered": 0.0, "percent_statements_covered_display": "0"}, "missing_lines": [75, 78, 81, 84, 86], "excluded_lines": []}, "is_windows": {"executed_lines": [], "summary": {"covered_lines": 0, "num_statements": 1, "percent_covered": 0.0, "percent_covered_display": "0", "missing_lines": 1, "excluded_lines": 0, "percent_statements_covered": 0.0, "percent_statements_covered_display": "0"}, "missing_lines": [91], "excluded_lines": []}, "is_linux": {"executed_lines": [], "summary": {"covered_lines": 0, "num_statements": 1, "percent_covered": 0.0, "percent_covered_display": "0", "missing_lines": 1, "excluded_lines": 0, "percent_statements_covered": 0.0, "percent_statements_covered_display": "0"}, "missing_lines": [96], "excluded_lines": []}, "is_macos": {"executed_lines": [], "summary": {"covered_lines": 0, "num_statements": 1, "percent_covered": 0.0, "percent_covered_display": "0", "missing_lines": 1, "excluded_lines": 0, "percent_statements_covered": 0.0, "percent_statements_covered_display": "0"}, "missing_lines": [101], "excluded_lines": []}, "normalize_path": {"executed_lines": [], "summary": {"covered_lines": 0, "num_statements": 4, "percent_covered": 0.0, "percent_covered_display": "0", "missing_lines": 4, "excluded_lines": 0, "percent_statements_covered": 0.0, "percent_statements_covered_display": "0"}, "missing_lines": [116, 119, 120, 122], "excluded_lines": []}, "get_platform_info": {"executed_lines": [], "summary": {"covered_lines": 0, "num_statements": 1, "percent_covered": 0.0, "percent_covered_display": "0", "missing_lines": 1, "excluded_lines": 0, "percent_statements_covered": 0.0, "percent_statements_covered_display": "0"}, "missing_lines": [132], "excluded_lines": []}, "get_movie_dir": {"executed_lines": [], "summary": {"covered_lines": 0, "num_statements": 7, "percent_covered": 0.0, "percent_covered_display": "0", "missing_lines": 7, "excluded_lines": 0, "percent_statements_covered": 0.0, "percent_statements_covered_display": "0"}, "missing_lines": [156, 159, 160, 162, 165, 166, 168], "excluded_lines": []}, "format_timestamp": {"executed_lines": [], "summary": {"covered_lines": 0, "num_statements": 5, "percent_covered": 0.0, "percent_covered_display": "0", "missing_lines": 5, "excluded_lines": 0, "percent_statements_covered": 0.0, "percent_statements_covered_display": "0"}, "missing_lines": [181, 182, 183, 184, 186], "excluded_lines": []}, "": {"executed_lines": [], "summary": {"covered_lines": 0, "num_statements": 16, "percent_covered": 0.0, "percent_covered_display": "0", "missing_lines": 16, "excluded_lines": 0, "percent_statements_covered": 0.0, "percent_statements_covered_display": "0"}, "missing_lines": [6, 7, 8, 9, 12, 15, 25, 36, 64, 89, 94, 99, 104, 125, 144, 171], "excluded_lines": []}}, "classes": {"": {"executed_lines": [], "summary": {"covered_lines": 0, "num_statements": 63, "percent_covered": 0.0, "percent_covered_display": "0", "missing_lines": 63, "excluded_lines": 0, "percent_statements_covered": 0.0, "percent_statements_covered_display": "0"}, "missing_lines": [6, 7, 8, 9, 12, 15, 17, 18, 19, 20, 21, 22, 25, 27, 28, 29, 30, 31, 32, 33, 36, 45, 48, 49, 52, 53, 55, 58, 59, 61, 64, 75, 78, 81, 84, 86, 89, 91, 94, 96, 99, 101, 104, 116, 119, 120, 122, 125, 132, 144, 156, 159, 160, 162, 165, 166, 168, 171, 181, 182, 183, 184, 186], "excluded_lines": []}}}}, "totals": {"covered_lines": 82, "num_statements": 6608, "percent_covered": 1.2409200968523002, "percent_covered_display": "1", "missing_lines": 6526, "excluded_lines": 1, "percent_statements_covered": 1.2409200968523002, "percent_statements_covered_display": "1"}}