{"meta": {"format": 3, "version": "7.12.0", "timestamp": "2025-12-09T19:51:49.306042", "branch_coverage": false, "show_contexts": false}, "files": {"pipeline/runner.py": {"executed_lines": [], "summary": {"covered_lines": 0, "num_statements": 257, "percent_covered": 0.0, "percent_covered_display": "0", "missing_lines": 257, "excluded_lines": 0, "percent_statements_covered": 0.0, "percent_statements_covered_display": "0"}, "missing_lines": [1, 2, 3, 4, 5, 6, 7, 8, 9, 10, 11, 14, 16, 23, 25, 27, 28, 30, 31, 33, 39, 40, 41, 42, 45, 48, 49, 50, 58, 59, 60, 62, 64, 66, 67, 68, 69, 70, 71, 72, 73, 75, 77, 78, 79, 81, 82, 83, 84, 85, 86, 87, 88, 90, 91, 92, 94, 96, 97, 98, 99, 100, 101, 102, 103, 105, 107, 108, 109, 110, 112, 114, 115, 116, 117, 118, 119, 120, 122, 125, 134, 135, 136, 137, 138, 139, 141, 142, 143, 144, 145, 146, 147, 148, 149, 150, 151, 152, 153, 154, 155, 156, 157, 158, 159, 161, 162, 164, 169, 170, 171, 172, 173, 175, 177, 178, 179, 180, 181, 182, 183, 185, 187, 197, 198, 199, 201, 208, 210, 211, 212, 214, 215, 217, 218, 219, 220, 221, 222, 223, 224, 226, 227, 229, 231, 237, 238, 239, 240, 242, 244, 246, 247, 248, 249, 251, 253, 255, 256, 258, 259, 260, 261, 262, 263, 264, 266, 268, 269, 270, 271, 272, 275, 281, 282, 283, 285, 286, 287, 290, 291, 292, 293, 294, 297, 298, 300, 301, 302, 303, 305, 307, 309, 310, 311, 313, 314, 317, 318, 319, 321, 324, 325, 328, 329, 333, 347, 348, 352, 368, 391, 392, 393, 394, 396, 398, 401, 402, 403, 404, 405, 406, 407, 408, 411, 413, 415, 416, 417, 418, 419, 422, 423, 424, 426, 427, 430, 431, 432, 433, 434, 435, 436, 437, 438, 439, 440, 441, 442, 443, 444, 445, 447, 448, 449, 450, 451], "excluded_lines": [], "functions": {"set_log_level": {"executed_lines": [], "summary": {"covered_lines": 0, "num_statements": 2, "percent_covered": 0.0, "percent_covered_display": "0", "missing_lines": 2, "excluded_lines": 0, "percent_statements_covered": 0.0, "percent_statements_covered_display": "0"}, "missing_lines": [27, 28], "excluded_lines": []}, "_timestamp": {"executed_lines": [], "summary": {"covered_lines": 0, "num_statements": 1, "percent_covered": 0.0, "percent_covered_display": "0", "missing_lines": 1, "excluded_lines": 0, "percent_statements_covered": 0.0, "percent_statements_covered_display": "0"}, "missing_lines": [31], "excluded_lines": []}, "log_event": {"executed_lines": [], "summary": {"covered_lines": 0, "num_statements": 12, "percent_covered": 0.0, "percent_covered_display": "0", "missing_lines": 12, "excluded_lines": 0, "percent_statements_covered": 0.0, "percent_statements_covered_display": "0"}, "missing_lines": [39, 40, 41, 42, 45, 48, 49, 50, 58, 59, 60, 62], "excluded_lines": []}, "sha256_of_file": {"executed_lines": [], "summary": {"covered_lines": 0, "num_statements": 8, "percent_covered": 0.0, "percent_covered_display": "0", "missing_lines": 8, "excluded_lines": 0, "percent_statements_covered": 0.0, "percent_statements_covered_display": "0"}, "missing_lines": [66, 67, 68, 69, 70, 71, 72, 73], "excluded_lines": []}, "compute_inputs_checksum": {"executed_lines": [], "summary": {"covered_lines": 0, "num_statements": 14, "percent_covered": 0.0, "percent_covered_display": "0", "missing_lines": 14, "excluded_lines": 0, "percent_statements_covered": 0.0, "percent_statements_covered_display": "0"}, "missing_lines": [77, 78, 79, 81, 82, 83, 84, 85, 86, 87, 88, 90, 91, 92], "excluded_lines": []}, "read_manifest": {"executed_lines": [], "summary": {"covered_lines": 0, "num_statements": 8, "percent_covered": 0.0, "percent_covered_display": "0", "missing_lines": 8, "excluded_lines": 0, "percent_statements_covered": 0.0, "percent_statements_covered_display": "0"}, "missing_lines": [96, 97, 98, 99, 100, 101, 102, 103], "excluded_lines": []}, "write_manifest": {"executed_lines": [], "summary": {"covered_lines": 0, "num_statements": 4, "percent_covered": 0.0, "percent_covered_display": "0", "missing_lines": 4, "excluded_lines": 0, "percent_statements_covered": 0.0, "percent_statements_covered_display": "0"}, "missing_lines": [107, 108, 109, 110], "excluded_lines": []}, "scan_stage_outputs": {"executed_lines": [], "summary": {"covered_lines": 0, "num_statements": 7, "percent_covered": 0.0, "percent_covered_display": "0", "missing_lines": 7, "excluded_lines": 0, "percent_statements_covered": 0.0, "percent_statements_covered_display": "0"}, "missing_lines": [114, 115, 116, 117, 118, 119, 120], "excluded_lines": []}, "StageRunner.__init__": {"executed_lines": [], "summary": {"covered_lines": 0, "num_statements": 6, "percent_covered": 0.0, "percent_covered_display": "0", "missing_lines": 6, "excluded_lines": 0, "percent_statements_covered": 0.0, "percent_statements_covered_display": "0"}, "missing_lines": [134, 135, 136, 137, 138, 139], "excluded_lines": []}, "StageRunner.should_run": {"executed_lines": [], "summary": {"covered_lines": 0, "num_statements": 20, "percent_covered": 0.0, "percent_covered_display": "0", "missing_lines": 20, "excluded_lines": 0, "percent_statements_covered": 0.0, "percent_statements_covered_display": "0"}, "missing_lines": [142, 143, 144, 145, 146, 147, 148, 149, 150, 151, 152, 153, 154, 155, 156, 157, 158, 159, 161, 162], "excluded_lines": []}, "StageRunner.run": {"executed_lines": [], "summary": {"covered_lines": 0, "num_statements": 18, "percent_covered": 0.0, "percent_covered_display": "0", "missing_lines": 18, "excluded_lines": 0, "percent_statements_covered": 0.0, "percent_statements_covered_display": "0"}, "missing_lines": [169, 170, 171, 172, 173, 175, 177, 178, 179, 180, 181, 182, 183, 185, 187, 197, 198, 199], "excluded_lines": []}, "filter_stage_list": {"executed_lines": [], "summary": {"covered_lines": 0, "num_statements": 17, "percent_covered": 0.0, "percent_covered_display": "0", "missing_lines": 17, "excluded_lines": 0, "percent_statements_covered": 0.0, "percent_statements_covered_display": "0"}, "missing_lines": [208, 210, 211, 212, 214, 215, 217, 218, 219, 220, 221, 222, 223, 224, 226, 227, 229], "excluded_lines": []}, "install_demucs_env": {"executed_lines": [], "summary": {"covered_lines": 0, "num_statements": 21, "percent_covered": 0.0, "percent_covered_display": "0", "missing_lines": 21, "excluded_lines": 0, "percent_statements_covered": 0.0, "percent_statements_covered_display": "0"}, "missing_lines": [237, 238, 239, 240, 242, 244, 246, 247, 248, 249, 251, 253, 255, 256, 258, 259, 260, 261, 262, 263, 264], "excluded_lines": []}, "is_demucs_installed": {"executed_lines": [], "summary": {"covered_lines": 0, "num_statements": 5, "percent_covered": 0.0, "percent_covered_display": "0", "missing_lines": 5, "excluded_lines": 0, "percent_statements_covered": 0.0, "percent_statements_covered_display": "0"}, "missing_lines": [268, 269, 270, 271, 272], "excluded_lines": []}, "demucs_executor": {"executed_lines": [], "summary": {"covered_lines": 0, "num_statements": 32, "percent_covered": 0.0, "percent_covered_display": "0", "missing_lines": 32, "excluded_lines": 0, "percent_statements_covered": 0.0, "percent_statements_covered_display": "0"}, "missing_lines": [281, 282, 283, 285, 286, 287, 290, 291, 292, 293, 294, 297, 298, 300, 301, 302, 303, 305, 307, 309, 310, 311, 313, 314, 317, 318, 319, 321, 324, 325, 328, 329], "excluded_lines": []}, "run_pipeline_workflow": {"executed_lines": [], "summary": {"covered_lines": 0, "num_statements": 30, "percent_covered": 0.0, "percent_covered_display": "0", "missing_lines": 30, "excluded_lines": 0, "percent_statements_covered": 0.0, "percent_statements_covered_display": "0"}, "missing_lines": [347, 348, 352, 368, 391, 392, 393, 394, 396, 398, 401, 402, 403, 404, 405, 406, 407, 408, 411, 413, 415, 416, 417, 418, 419, 422, 423, 424, 426, 427], "excluded_lines": []}, "parse_args_cli": {"executed_lines": [], "summary": {"covered_lines": 0, "num_statements": 15, "percent_covered": 0.0, "percent_covered_display": "0", "missing_lines": 15, "excluded_lines": 0, "percent_statements_covered": 0.0, "percent_statements_covered_display": "0"}, "missing_lines": [431, 432, 433, 434, 435, 436, 437, 438, 439, 440, 441, 442, 443, 444, 445], "excluded_lines": []}, "": {"executed_lines": [], "summary": {"covered_lines": 0, "num_statements": 37, "percent_covered": 0.0, "percent_covered_display": "0", "missing_lines": 37, "excluded_lines": 0, "percent_statements_covered": 0.0, "percent_statements_covered_display": "0"}, "missing_lines": [1, 2, 3, 4, 5, 6, 7, 8, 9, 10, 11, 14, 16, 23, 25, 30, 33, 64, 75, 94, 105, 112, 122, 125, 141, 164, 201, 231, 266, 275, 333, 430, 447, 448, 449, 450, 451], "excluded_lines": []}}, "classes": {"StageRunner": {"executed_lines": [], "summary": {"covered_lines": 0, "num_statements": 44, "percent_covered": 0.0, "percent_covered_display": "0", "missing_lines": 44, "excluded_lines": 0, "percent_statements_covered": 0.0, "percent_statements_covered_display": "0"}, "missing_lines": [134, 135, 136, 137, 138, 139, 142, 143, 144, 145, 146, 147, 148, 149, 150, 151, 152, 153, 154, 155, 156, 157, 158, 159, 161, 162, 169, 170, 171, 172, 173, 175, 177, 178, 179, 180, 181, 182, 183, 185, 187, 197, 198, 199], "excluded_lines": []}, "": {"executed_lines": [], "summary": {"covered_lines": 0, "num_statements": 213, "percent_covered": 0.0, "percent_covered_display": "0", "missing_lines": 213, "excluded_lines": 0, "percent_statements_covered": 0.0, "percent_statements_covered_display": "0"}, "missing_lines": [1, 2, 3, 4, 5, 6, 7, 8, 9, 10, 11, 14, 16, 23, 25, 27, 28, 30, 31, 33, 39, 40, 41, 42, 45, 48, 49, 50, 58, 59, 60, 62, 64, 66, 67, 68, 69, 70, 71, 72, 73, 75, 77, 78, 79, 81, 82, 83, 84, 85, 86, 87, 88, 90, 91, 92, 94, 96, 97, 98, 99, 100, 101, 102, 103, 105, 107, 108, 109, 110, 112, 114, 115, 116, 117, 118, 119, 120, 122, 125, 141, 164, 201, 208, 210, 211, 212, 214, 215, 217, 218, 219, 220, 221, 222, 223, 224, 226, 227, 229, 231, 237, 238, 239, 240, 242, 244, 246, 247, 248, 249, 251, 253, 255, 256, 258, 259, 260, 261, 262, 263, 264, 266, 268, 269, 270, 271, 272, 275, 281, 282, 283, 285, 286, 287, 290, 291, 292, 293, 294, 297, 298, 300, 301, 302, 303, 305, 307, 309, 310, 311, 313, 314, 317, 318, 319, 321, 324, 325, 328, 329, 333, 347, 348, 352, 368, 391, 392, 393, 394, 396, 398, 401, 402, 403, 404, 405, 406, 407, 408, 411, 413, 415, 416, 417, 418, 419, 422, 423, 424, 426, 427, 430, 431, 432, 433, 434, 435, 436, 437, 438, 439, 440, 441, 442, 443, 444, 445, 447, 448, 449, 450, 451], "excluded_lines": []}}}, "scripts/01_demux.py": {"executed_lines": [], "summary": {"covered_lines": 0, "num_statements": 108, "percent_covered": 0.0, "percent_covered_display": "0", "missing_lines": 108, "excluded_lines": 0, "percent_statements_covered": 0.0, "percent_statements_covered_display": "0"}, "missing_lines": [6, 7, 8, 9, 10, 13, 14, 16, 17, 20, 21, 24, 35, 36, 38, 39, 40, 41, 44, 47, 48, 49, 50, 53, 54, 55, 56, 57, 60, 61, 62, 63, 66, 67, 68, 69, 70, 71, 72, 73, 74, 75, 76, 77, 78, 79, 81, 84, 85, 88, 89, 91, 93, 94, 95, 96, 97, 98, 100, 103, 104, 105, 106, 107, 110, 111, 114, 117, 118, 121, 124, 125, 128, 137, 138, 140, 142, 143, 144, 145, 148, 150, 151, 153, 154, 155, 157, 158, 160, 161, 162, 163, 164, 165, 166, 167, 168, 169, 170, 171, 172, 173, 174, 177, 183, 184, 187, 188], "excluded_lines": [], "functions": {"run_stage": {"executed_lines": [], "summary": {"covered_lines": 0, "num_statements": 91, "percent_covered": 0.0, "percent_covered_display": "0", "missing_lines": 91, "excluded_lines": 0, "percent_statements_covered": 0.0, "percent_statements_covered_display": "0"}, "missing_lines": [35, 36, 38, 39, 40, 41, 44, 47, 48, 49, 50, 53, 54, 55, 56, 57, 60, 61, 62, 63, 66, 67, 68, 69, 70, 71, 72, 73, 74, 75, 76, 77, 78, 79, 81, 84, 85, 88, 89, 91, 93, 94, 95, 96, 97, 98, 100, 103, 104, 105, 106, 107, 110, 111, 114, 117, 118, 121, 124, 125, 128, 137, 138, 140, 142, 143, 144, 145, 148, 150, 151, 153, 154, 155, 157, 158, 160, 161, 162, 163, 164, 165, 166, 167, 168, 169, 170, 171, 172, 173, 174], "excluded_lines": []}, "main": {"executed_lines": [], "summary": {"covered_lines": 0, "num_statements": 2, "percent_covered": 0.0, "percent_covered_display": "0", "missing_lines": 2, "excluded_lines": 0, "percent_statements_covered": 0.0, "percent_statements_covered_display": "0"}, "missing_lines": [183, 184], "excluded_lines": []}, "": {"executed_lines": [], "summary": {"covered_lines": 0, "num_statements": 15, "percent_covered": 0.0, "percent_covered_display": "0", "missing_lines": 15, "excluded_lines": 0, "percent_statements_covered": 0.0, "percent_statements_covered_display": "0"}, "missing_lines": [6, 7, 8, 9, 10, 13, 14, 16, 17, 20, 21, 24, 177, 187, 188], "excluded_lines": []}}, "classes": {"": {"executed_lines": [], "summary": {"covered_lines": 0, "num_statements": 108, "percent_covered": 0.0, "percent_covered_display": "0", "missing_lines": 108, "excluded_lines": 0, "percent_statements_covered": 0.0, "percent_statements_covered_display": "0"}, "missing_lines": [6, 7, 8, 9, 10, 13, 14, 16, 17, 20, 21, 24, 35, 36, 38, 39, 40, 41, 44, 47, 48, 49, 50, 53, 54, 55, 56, 57, 60, 61, 62, 63, 66, 67, 68, 69, 70, 71, 72, 73, 74, 75, 76, 77, 78, 79, 81, 84, 85, 88, 89, 91, 93, 94, 95, 96, 97, 98, 100, 103, 104, 105, 106, 107, 110, 111, 114, 117, 118, 121, 124, 125, 128, 137, 138, 140, 142, 143, 144, 145, 148, 150, 151, 153, 154, 155, 157, 158, 160, 161, 162, 163, 164, 165, 166, 167, 168, 169, 170, 171, 172, 173, 174, 177, 183, 184, 187, 188], "excluded_lines": []}}}, "scripts/02_tmdb_enrichment.py": {"executed_lines": [], "summary": {"covered_lines": 0, "num_statements": 283, "percent_covered": 0.0, "percent_covered_display": "0", "missing_lines": 283, "excluded_lines": 0, "percent_statements_covered": 0.0, "percent_statements_covered_display": "0"}, "missing_lines": [32, 33, 34, 35, 36, 37, 38, 41, 42, 48, 49, 50, 51, 53, 56, 59, 78, 79, 81, 83, 84, 85, 86, 87, 88, 90, 91, 92, 94, 96, 97, 100, 101, 103, 106, 107, 108, 109, 111, 113, 115, 117, 125, 126, 127, 128, 129, 130, 131, 132, 133, 134, 135, 138, 139, 140, 141, 142, 144, 145, 147, 149, 156, 157, 158, 161, 168, 169, 170, 171, 172, 173, 176, 177, 178, 179, 180, 182, 183, 184, 185, 186, 187, 189, 191, 192, 193, 195, 197, 198, 199, 200, 201, 202, 204, 205, 208, 209, 211, 212, 213, 214, 215, 217, 218, 219, 220, 223, 226, 229, 230, 231, 238, 239, 242, 248, 249, 250, 251, 252, 254, 256, 257, 258, 259, 260, 262, 263, 264, 265, 266, 268, 269, 270, 271, 272, 274, 275, 276, 277, 278, 280, 281, 282, 283, 284, 286, 288, 291, 308, 309, 311, 313, 315, 318, 321, 322, 323, 324, 326, 327, 328, 331, 332, 333, 334, 337, 338, 339, 340, 343, 344, 345, 346, 347, 350, 351, 352, 353, 355, 356, 357, 358, 360, 361, 362, 363, 366, 379, 380, 381, 382, 384, 387, 398, 399, 400, 403, 404, 406, 407, 409, 412, 423, 425, 426, 428, 429, 430, 433, 434, 435, 436, 437, 440, 441, 442, 445, 447, 448, 451, 452, 453, 454, 455, 456, 458, 459, 460, 461, 463, 464, 465, 466, 468, 471, 472, 473, 474, 477, 483, 484, 486, 487, 488, 489, 490, 491, 492, 493, 494, 497, 503, 507, 513, 519, 525, 531, 537, 540, 542, 543, 545, 548, 549, 550, 551, 552, 553, 554, 557, 564, 570, 571, 573, 575, 576, 578, 579, 580, 581, 584, 585], "excluded_lines": [], "functions": {"TMDBEnrichmentStage.__init__": {"executed_lines": [], "summary": {"covered_lines": 0, "num_statements": 23, "percent_covered": 0.0, "percent_covered_display": "0", "missing_lines": 23, "excluded_lines": 0, "percent_statements_covered": 0.0, "percent_statements_covered_display": "0"}, "missing_lines": [78, 79, 81, 83, 84, 85, 86, 87, 88, 90, 91, 92, 94, 96, 97, 100, 101, 103, 106, 107, 108, 109, 111], "excluded_lines": []}, "TMDBEnrichmentStage._create_logger": {"executed_lines": [], "summary": {"covered_lines": 0, "num_statements": 1, "percent_covered": 0.0, "percent_covered_display": "0", "missing_lines": 1, "excluded_lines": 0, "percent_statements_covered": 0.0, "percent_statements_covered_display": "0"}, "missing_lines": [115], "excluded_lines": []}, "TMDBEnrichmentStage.auto_detect_title": {"executed_lines": [], "summary": {"covered_lines": 0, "num_statements": 19, "percent_covered": 0.0, "percent_covered_display": "0", "missing_lines": 19, "excluded_lines": 0, "percent_statements_covered": 0.0, "percent_statements_covered_display": "0"}, "missing_lines": [125, 126, 127, 128, 129, 130, 131, 132, 133, 134, 135, 138, 139, 140, 141, 142, 144, 145, 147], "excluded_lines": []}, "TMDBEnrichmentStage.run": {"executed_lines": [], "summary": {"covered_lines": 0, "num_statements": 84, "percent_covered": 0.0, "percent_covered_display": "0", "missing_lines": 84, "excluded_lines": 0, "percent_statements_covered": 0.0, "percent_statements_covered_display": "0"}, "missing_lines": [156, 157, 158, 161, 168, 169, 170, 171, 172, 173, 176, 177, 178, 179, 180, 182, 183, 184, 185, 186, 187, 189, 191, 192, 193, 195, 197, 198, 199, 200, 201, 202, 204, 205, 208, 209, 211, 212, 213, 214, 215, 217, 218, 219, 220, 223, 226, 229, 230, 231, 238, 239, 242, 248, 249, 250, 251, 252, 254, 256, 257, 258, 259, 260, 262, 263, 264, 265, 266, 268, 269, 270, 271, 272, 274, 275, 276, 277, 278, 280, 281, 282, 283, 284], "excluded_lines": []}, "TMDBEnrichmentStage._save_enrichment": {"executed_lines": [], "summary": {"covered_lines": 0, "num_statements": 5, "percent_covered": 0.0, "percent_covered_display": "0", "missing_lines": 5, "excluded_lines": 0, "percent_statements_covered": 0.0, "percent_statements_covered_display": "0"}, "missing_lines": [288, 291, 308, 309, 311], "excluded_lines": []}, "TMDBEnrichmentStage._generate_glossaries": {"executed_lines": [], "summary": {"covered_lines": 0, "num_statements": 39, "percent_covered": 0.0, "percent_covered_display": "0", "missing_lines": 39, "excluded_lines": 0, "percent_statements_covered": 0.0, "percent_statements_covered_display": "0"}, "missing_lines": [315, 318, 321, 322, 323, 324, 326, 327, 328, 331, 332, 333, 334, 337, 338, 339, 340, 343, 344, 345, 346, 347, 350, 351, 352, 353, 355, 356, 357, 358, 360, 361, 362, 363, 366, 379, 380, 381, 382], "excluded_lines": []}, "TMDBEnrichmentStage._create_empty_outputs": {"executed_lines": [], "summary": {"covered_lines": 0, "num_statements": 9, "percent_covered": 0.0, "percent_covered_display": "0", "missing_lines": 9, "excluded_lines": 0, "percent_statements_covered": 0.0, "percent_statements_covered_display": "0"}, "missing_lines": [387, 398, 399, 400, 403, 404, 406, 407, 409], "excluded_lines": []}, "run_stage": {"executed_lines": [], "summary": {"covered_lines": 0, "num_statements": 48, "percent_covered": 0.0, "percent_covered_display": "0", "missing_lines": 48, "excluded_lines": 0, "percent_statements_covered": 0.0, "percent_statements_covered_display": "0"}, "missing_lines": [423, 425, 426, 428, 429, 430, 433, 434, 435, 436, 437, 440, 441, 442, 445, 447, 448, 451, 452, 453, 454, 455, 456, 458, 459, 460, 461, 463, 464, 465, 466, 468, 471, 472, 473, 474, 477, 483, 484, 486, 487, 488, 489, 490, 491, 492, 493, 494], "excluded_lines": []}, "main": {"executed_lines": [], "summary": {"covered_lines": 0, "num_statements": 29, "percent_covered": 0.0, "percent_covered_display": "0", "missing_lines": 29, "excluded_lines": 0, "percent_statements_covered": 0.0, "percent_statements_covered_display": "0"}, "missing_lines": [503, 507, 513, 519, 525, 531, 537, 540, 542, 543, 545, 548, 549, 550, 551, 552, 553, 554, 557, 564, 570, 571, 573, 575, 576, 578, 579, 580, 581], "excluded_lines": []}, "": {"executed_lines": [], "summary": {"covered_lines": 0, "num_statements": 26, "percent_covered": 0.0, "percent_covered_display": "0", "missing_lines": 26, "excluded_lines": 0, "percent_statements_covered": 0.0, "percent_statements_covered_display": "0"}, "missing_lines": [32, 33, 34, 35, 36, 37, 38, 41, 42, 48, 49, 50, 51, 53, 56, 59, 113, 117, 149, 286, 313, 384, 412, 497, 584, 585], "excluded_lines": []}}, "classes": {"TMDBEnrichmentStage": {"executed_lines": [], "summary": {"covered_lines": 0, "num_statements": 180, "percent_covered": 0.0, "percent_covered_display": "0", "missing_lines": 180, "excluded_lines": 0, "percent_statements_covered": 0.0, "percent_statements_covered_display": "0"}, "missing_lines": [78, 79, 81, 83, 84, 85, 86, 87, 88, 90, 91, 92, 94, 96, 97, 100, 101, 103, 106, 107, 108, 109, 111, 115, 125, 126, 127, 128, 129, 130, 131, 132, 133, 134, 135, 138, 139, 140, 141, 142, 144, 145, 147, 156, 157, 158, 161, 168, 169, 170, 171, 172, 173, 176, 177, 178, 179, 180, 182, 183, 184, 185, 186, 187, 189, 191, 192, 193, 195, 197, 198, 199, 200, 201, 202, 204, 205, 208, 209, 211, 212, 213, 214, 215, 217, 218, 219, 220, 223, 226, 229, 230, 231, 238, 239, 242, 248, 249, 250, 251, 252, 254, 256, 257, 258, 259, 260, 262, 263, 264, 265, 266, 268, 269, 270, 271, 272, 274, 275, 276, 277, 278, 280, 281, 282, 283, 284, 288, 291, 308, 309, 311, 315, 318, 321, 322, 323, 324, 326, 327, 328, 331, 332, 333, 334, 337, 338, 339, 340, 343, 344, 345, 346, 347, 350, 351, 352, 353, 355, 356, 357, 358, 360, 361, 362, 363, 366, 379, 380, 381, 382, 387, 398, 399, 400, 403, 404, 406, 407, 409], "excluded_lines": []}, "": {"executed_lines": [], "summary": {"covered_lines": 0, "num_statements": 103, "percent_covered": 0.0, "percent_covered_display": "0", "missing_lines": 103, "excluded_lines": 0, "percent_statements_covered": 0.0, "percent_statements_covered_display": "0"}, "missing_lines": [32, 33, 34, 35, 36, 37, 38, 41, 42, 48, 49, 50, 51, 53, 56, 59, 113, 117, 149, 286, 313, 384, 412, 423, 425, 426, 428, 429, 430, 433, 434, 435, 436, 437, 440, 441, 442, 445, 447, 448, 451, 452, 453, 454, 455, 456, 458, 459, 460, 461, 463, 464, 465, 466, 468, 471, 472, 473, 474, 477, 483, 484, 486, 487, 488, 489, 490, 491, 492, 493, 494, 497, 503, 507, 513, 519, 525, 531, 537, 540, 542, 543, 545, 548, 549, 550, 551, 552, 553, 554, 557, 564, 570, 571, 573, 575, 576, 578, 579, 580, 581, 584, 585], "excluded_lines": []}}}, "scripts/03_glossary_load.py": {"executed_lines": [], "summary": {"covered_lines": 0, "num_statements": 142, "percent_covered": 0.0, "percent_covered_display": "0", "missing_lines": 142, "excluded_lines": 0, "percent_statements_covered": 0.0, "percent_statements_covered_display": "0"}, "missing_lines": [13, 14, 15, 16, 17, 20, 23, 24, 25, 27, 30, 40, 42, 43, 44, 45, 46, 48, 50, 51, 53, 56, 66, 68, 69, 70, 72, 74, 75, 76, 78, 80, 81, 84, 94, 96, 97, 98, 100, 102, 103, 104, 106, 107, 110, 123, 124, 126, 127, 128, 129, 132, 135, 136, 137, 138, 141, 142, 143, 144, 145, 148, 149, 150, 151, 152, 153, 156, 157, 158, 159, 161, 164, 165, 167, 168, 169, 172, 173, 175, 176, 177, 178, 180, 181, 183, 184, 186, 189, 190, 192, 193, 194, 195, 197, 200, 201, 202, 203, 204, 207, 208, 209, 210, 212, 215, 216, 217, 218, 219, 220, 223, 224, 225, 226, 227, 228, 231, 232, 233, 234, 235, 238, 239, 240, 241, 242, 243, 245, 246, 248, 249, 250, 251, 254, 255, 257, 258, 259, 261, 263, 264], "excluded_lines": [], "functions": {"load_tsv_glossary": {"executed_lines": [], "summary": {"covered_lines": 0, "num_statements": 10, "percent_covered": 0.0, "percent_covered_display": "0", "missing_lines": 10, "excluded_lines": 0, "percent_statements_covered": 0.0, "percent_statements_covered_display": "0"}, "missing_lines": [40, 42, 43, 44, 45, 46, 48, 50, 51, 53], "excluded_lines": []}, "prepare_asr_glossary": {"executed_lines": [], "summary": {"covered_lines": 0, "num_statements": 11, "percent_covered": 0.0, "percent_covered_display": "0", "missing_lines": 11, "excluded_lines": 0, "percent_statements_covered": 0.0, "percent_statements_covered_display": "0"}, "missing_lines": [66, 68, 69, 70, 72, 74, 75, 76, 78, 80, 81], "excluded_lines": []}, "prepare_translation_glossary": {"executed_lines": [], "summary": {"covered_lines": 0, "num_statements": 10, "percent_covered": 0.0, "percent_covered_display": "0", "missing_lines": 10, "excluded_lines": 0, "percent_statements_covered": 0.0, "percent_statements_covered_display": "0"}, "missing_lines": [94, 96, 97, 98, 100, 102, 103, 104, 106, 107], "excluded_lines": []}, "run_stage": {"executed_lines": [], "summary": {"covered_lines": 0, "num_statements": 89, "percent_covered": 0.0, "percent_covered_display": "0", "missing_lines": 89, "excluded_lines": 0, "percent_statements_covered": 0.0, "percent_statements_covered_display": "0"}, "missing_lines": [123, 124, 126, 127, 128, 129, 132, 135, 136, 137, 138, 141, 142, 143, 144, 145, 148, 149, 150, 151, 152, 153, 156, 157, 158, 159, 161, 164, 165, 167, 168, 169, 172, 173, 175, 176, 177, 178, 180, 181, 183, 184, 186, 189, 190, 192, 193, 194, 195, 197, 200, 201, 202, 203, 204, 207, 208, 209, 210, 212, 215, 216, 217, 218, 219, 220, 223, 224, 225, 226, 227, 228, 231, 232, 233, 234, 235, 238, 239, 240, 241, 242, 243, 245, 246, 248, 249, 250, 251], "excluded_lines": []}, "": {"executed_lines": [], "summary": {"covered_lines": 0, "num_statements": 22, "percent_covered": 0.0, "percent_covered_display": "0", "missing_lines": 22, "excluded_lines": 0, "percent_statements_covered": 0.0, "percent_statements_covered_display": "0"}, "missing_lines": [13, 14, 15, 16, 17, 20, 23, 24, 25, 27, 30, 56, 84, 110, 254, 255, 257, 258, 259, 261, 263, 264], "excluded_lines": []}}, "classes": {"": {"executed_lines": [], "summary": {"covered_lines": 0, "num_statements": 142, "percent_covered": 0.0, "percent_covered_display": "0", "missing_lines": 142, "excluded_lines": 0, "percent_statements_covered": 0.0, "percent_statements_covered_display": "0"}, "missing_lines": [13, 14, 15, 16, 17, 20, 23, 24, 25, 27, 30, 40, 42, 43, 44, 45, 46, 48, 50, 51, 53, 56, 66, 68, 69, 70, 72, 74, 75, 76, 78, 80, 81, 84, 94, 96, 97, 98, 100, 102, 103, 104, 106, 107, 110, 123, 124, 126, 127, 128, 129, 132, 135, 136, 137, 138, 141, 142, 143, 144, 145, 148, 149, 150, 151, 152, 153, 156, 157, 158, 159, 161, 164, 165, 167, 168, 169, 172, 173, 175, 176, 177, 178, 180, 181, 183, 184, 186, 189, 190, 192, 193, 194, 195, 197, 200, 201, 202, 203, 204, 207, 208, 209, 210, 212, 215, 216, 217, 218, 219, 220, 223, 224, 225, 226, 227, 228, 231, 232, 233, 234, 235, 238, 239, 240, 241, 242, 243, 245, 246, 248, 249, 250, 251, 254, 255, 257, 258, 259, 261, 263, 264], "excluded_lines": []}}}, "scripts/04_source_separation.py": {"executed_lines": [], "summary": {"covered_lines": 0, "num_statements": 263, "percent_covered": 0.0, "percent_covered_display": "0", "missing_lines": 263, "excluded_lines": 0, "percent_statements_covered": 0.0, "percent_statements_covered_display": "0"}, "missing_lines": [13, 14, 15, 16, 17, 18, 19, 20, 23, 24, 26, 29, 30, 33, 35, 36, 37, 38, 39, 42, 44, 45, 46, 52, 53, 54, 56, 57, 58, 59, 60, 63, 76, 77, 78, 79, 82, 83, 86, 92, 94, 95, 97, 100, 103, 109, 110, 111, 112, 115, 116, 123, 124, 125, 126, 127, 131, 134, 135, 137, 138, 139, 140, 141, 143, 144, 145, 146, 149, 150, 153, 154, 155, 156, 157, 158, 161, 163, 164, 165, 166, 168, 170, 171, 172, 173, 174, 175, 176, 177, 180, 182, 183, 185, 187, 188, 190, 191, 192, 198, 200, 201, 202, 203, 204, 205, 207, 208, 209, 210, 211, 212, 213, 214, 215, 216, 217, 218, 219, 222, 223, 224, 227, 234, 235, 236, 237, 239, 240, 241, 242, 243, 244, 245, 248, 249, 250, 251, 254, 255, 257, 258, 259, 260, 261, 262, 265, 267, 268, 269, 270, 271, 272, 275, 276, 277, 278, 279, 280, 281, 282, 283, 284, 287, 290, 291, 292, 293, 296, 299, 301, 302, 303, 304, 305, 308, 309, 310, 311, 312, 314, 315, 316, 317, 318, 319, 323, 325, 326, 327, 328, 329, 330, 331, 332, 335, 336, 342, 343, 347, 358, 359, 360, 361, 363, 364, 365, 366, 368, 369, 373, 377, 378, 379, 380, 381, 382, 384, 386, 387, 388, 389, 390, 391, 392, 394, 395, 396, 397, 398, 399, 400, 402, 403, 404, 405, 406, 407, 408, 410, 411, 412, 413, 414, 415, 416, 418, 419, 420, 421, 422, 423, 424, 426, 427, 428, 430, 431, 432, 433, 434, 437, 438], "excluded_lines": [], "functions": {"check_demucs_installed": {"executed_lines": [], "summary": {"covered_lines": 0, "num_statements": 5, "percent_covered": 0.0, "percent_covered_display": "0", "missing_lines": 5, "excluded_lines": 0, "percent_statements_covered": 0.0, "percent_statements_covered_display": "0"}, "missing_lines": [35, 36, 37, 38, 39], "excluded_lines": []}, "install_demucs": {"executed_lines": [], "summary": {"covered_lines": 0, "num_statements": 11, "percent_covered": 0.0, "percent_covered_display": "0", "missing_lines": 11, "excluded_lines": 0, "percent_statements_covered": 0.0, "percent_statements_covered_display": "0"}, "missing_lines": [44, 45, 46, 52, 53, 54, 56, 57, 58, 59, 60], "excluded_lines": []}, "separate_vocals": {"executed_lines": [], "summary": {"covered_lines": 0, "num_statements": 58, "percent_covered": 0.0, "percent_covered_display": "0", "missing_lines": 58, "excluded_lines": 0, "percent_statements_covered": 0.0, "percent_statements_covered_display": "0"}, "missing_lines": [76, 77, 78, 79, 82, 83, 86, 92, 94, 95, 97, 100, 103, 109, 110, 111, 112, 115, 116, 123, 124, 125, 126, 127, 131, 134, 135, 137, 138, 139, 140, 141, 143, 144, 145, 146, 149, 150, 153, 154, 155, 156, 157, 158, 161, 163, 164, 165, 166, 168, 170, 171, 172, 173, 174, 175, 176, 177], "excluded_lines": []}, "main": {"executed_lines": [], "summary": {"covered_lines": 0, "num_statements": 170, "percent_covered": 0.0, "percent_covered_display": "0", "missing_lines": 170, "excluded_lines": 0, "percent_statements_covered": 0.0, "percent_statements_covered_display": "0"}, "missing_lines": [182, 183, 185, 187, 188, 190, 191, 192, 198, 200, 201, 202, 203, 204, 205, 207, 208, 209, 210, 211, 212, 213, 214, 215, 216, 217, 218, 219, 222, 223, 224, 227, 234, 235, 236, 237, 239, 240, 241, 242, 243, 244, 245, 248, 249, 250, 251, 254, 255, 257, 258, 259, 260, 261, 262, 265, 267, 268, 269, 270, 271, 272, 275, 276, 277, 278, 279, 280, 281, 282, 283, 284, 287, 290, 291, 292, 293, 296, 299, 301, 302, 303, 304, 305, 308, 309, 310, 311, 312, 314, 315, 316, 317, 318, 319, 323, 325, 326, 327, 328, 329, 330, 331, 332, 335, 336, 342, 343, 347, 358, 359, 360, 361, 363, 364, 365, 366, 368, 369, 373, 377, 378, 379, 380, 381, 382, 384, 386, 387, 388, 389, 390, 391, 392, 394, 395, 396, 397, 398, 399, 400, 402, 403, 404, 405, 406, 407, 408, 410, 411, 412, 413, 414, 415, 416, 418, 419, 420, 421, 422, 423, 424, 426, 427, 428, 430, 431, 432, 433, 434], "excluded_lines": []}, "": {"executed_lines": [], "summary": {"covered_lines": 0, "num_statements": 19, "percent_covered": 0.0, "percent_covered_display": "0", "missing_lines": 19, "excluded_lines": 0, "percent_statements_covered": 0.0, "percent_statements_covered_display": "0"}, "missing_lines": [13, 14, 15, 16, 17, 18, 19, 20, 23, 24, 26, 29, 30, 33, 42, 63, 180, 437, 438], "excluded_lines": []}}, "classes": {"": {"executed_lines": [], "summary": {"covered_lines": 0, "num_statements": 263, "percent_covered": 0.0, "percent_covered_display": "0", "missing_lines": 263, "excluded_lines": 0, "percent_statements_covered": 0.0, "percent_statements_covered_display": "0"}, "missing_lines": [13, 14, 15, 16, 17, 18, 19, 20, 23, 24, 26, 29, 30, 33, 35, 36, 37, 38, 39, 42, 44, 45, 46, 52, 53, 54, 56, 57, 58, 59, 60, 63, 76, 77, 78, 79, 82, 83, 86, 92, 94, 95, 97, 100, 103, 109, 110, 111, 112, 115, 116, 123, 124, 125, 126, 127, 131, 134, 135, 137, 138, 139, 140, 141, 143, 144, 145, 146, 149, 150, 153, 154, 155, 156, 157, 158, 161, 163, 164, 165, 166, 168, 170, 171, 172, 173, 174, 175, 176, 177, 180, 182, 183, 185, 187, 188, 190, 191, 192, 198, 200, 201, 202, 203, 204, 205, 207, 208, 209, 210, 211, 212, 213, 214, 215, 216, 217, 218, 219, 222, 223, 224, 227, 234, 235, 236, 237, 239, 240, 241, 242, 243, 244, 245, 248, 249, 250, 251, 254, 255, 257, 258, 259, 260, 261, 262, 265, 267, 268, 269, 270, 271, 272, 275, 276, 277, 278, 279, 280, 281, 282, 283, 284, 287, 290, 291, 292, 293, 296, 299, 301, 302, 303, 304, 305, 308, 309, 310, 311, 312, 314, 315, 316, 317, 318, 319, 323, 325, 326, 327, 328, 329, 330, 331, 332, 335, 336, 342, 343, 347, 358, 359, 360, 361, 363, 364, 365, 366, 368, 369, 373, 377, 378, 379, 380, 381, 382, 384, 386, 387, 388, 389, 390, 391, 392, 394, 395, 396, 397, 398, 399, 400, 402, 403, 404, 405, 406, 407, 408, 410, 411, 412, 413, 414, 415, 416, 418, 419, 420, 421, 422, 423, 424, 426, 427, 428, 430, 431, 432, 433, 434, 437, 438], "excluded_lines": []}}}, "scripts/05_pyannote_vad.py": {"executed_lines": [], "summary": {"covered_lines": 0, "num_statements": 166, "percent_covered": 0.0, "percent_covered_display": "0", "missing_lines": 166, "excluded_lines": 0, "percent_statements_covered": 0.0, "percent_statements_covered_display": "0"}, "missing_lines": [6, 8, 9, 10, 12, 13, 14, 15, 18, 20, 21, 24, 25, 27, 29, 30, 32, 33, 34, 37, 38, 39, 40, 41, 42, 43, 46, 47, 50, 51, 52, 55, 56, 57, 58, 59, 60, 63, 64, 65, 66, 67, 68, 69, 70, 71, 72, 73, 74, 76, 78, 79, 82, 83, 84, 85, 88, 90, 91, 92, 93, 94, 97, 99, 102, 103, 106, 108, 111, 117, 120, 121, 122, 123, 124, 127, 128, 131, 132, 133, 134, 135, 136, 137, 140, 141, 144, 145, 146, 152, 155, 156, 157, 158, 160, 161, 163, 164, 166, 167, 169, 170, 171, 175, 176, 177, 178, 180, 181, 183, 184, 185, 186, 187, 188, 189, 190, 191, 192, 193, 194, 195, 196, 197, 198, 199, 200, 201, 202, 203, 204, 205, 206, 207, 208, 209, 210, 211, 212, 213, 215, 216, 219, 220, 221, 222, 223, 224, 225, 230, 233, 234, 235, 236, 238, 239, 240, 242, 243, 244, 246, 247, 248, 249, 250, 252], "excluded_lines": [], "functions": {"": {"executed_lines": [], "summary": {"covered_lines": 0, "num_statements": 166, "percent_covered": 0.0, "percent_covered_display": "0", "missing_lines": 166, "excluded_lines": 0, "percent_statements_covered": 0.0, "percent_statements_covered_display": "0"}, "missing_lines": [6, 8, 9, 10, 12, 13, 14, 15, 18, 20, 21, 24, 25, 27, 29, 30, 32, 33, 34, 37, 38, 39, 40, 41, 42, 43, 46, 47, 50, 51, 52, 55, 56, 57, 58, 59, 60, 63, 64, 65, 66, 67, 68, 69, 70, 71, 72, 73, 74, 76, 78, 79, 82, 83, 84, 85, 88, 90, 91, 92, 93, 94, 97, 99, 102, 103, 106, 108, 111, 117, 120, 121, 122, 123, 124, 127, 128, 131, 132, 133, 134, 135, 136, 137, 140, 141, 144, 145, 146, 152, 155, 156, 157, 158, 160, 161, 163, 164, 166, 167, 169, 170, 171, 175, 176, 177, 178, 180, 181, 183, 184, 185, 186, 187, 188, 189, 190, 191, 192, 193, 194, 195, 196, 197, 198, 199, 200, 201, 202, 203, 204, 205, 206, 207, 208, 209, 210, 211, 212, 213, 215, 216, 219, 220, 221, 222, 223, 224, 225, 230, 233, 234, 235, 236, 238, 239, 240, 242, 243, 244, 246, 247, 248, 249, 250, 252], "excluded_lines": []}}, "classes": {"": {"executed_lines": [], "summary": {"covered_lines": 0, "num_statements": 166, "percent_covered": 0.0, "percent_covered_display": "0", "missing_lines": 166, "excluded_lines": 0, "percent_statements_covered": 0.0, "percent_statements_covered_display": "0"}, "missing_lines": [6, 8, 9, 10, 12, 13, 14, 15, 18, 20, 21, 24, 25, 27, 29, 30, 32, 33, 34, 37, 38, 39, 40, 41, 42, 43, 46, 47, 50, 51, 52, 55, 56, 57, 58, 59, 60, 63, 64, 65, 66, 67, 68, 69, 70, 71, 72, 73, 74, 76, 78, 79, 82, 83, 84, 85, 88, 90, 91, 92, 93, 94, 97, 99, 102, 103, 106, 108, 111, 117, 120, 121, 122, 123, 124, 127, 128, 131, 132, 133, 134, 135, 136, 137, 140, 141, 144, 145, 146, 152, 155, 156, 157, 158, 160, 161, 163, 164, 166, 167, 169, 170, 171, 175, 176, 177, 178, 180, 181, 183, 184, 185, 186, 187, 188, 189, 190, 191, 192, 193, 194, 195, 196, 197, 198, 199, 200, 201, 202, 203, 204, 205, 206, 207, 208, 209, 210, 211, 212, 213, 215, 216, 219, 220, 221, 222, 223, 224, 225, 230, 233, 234, 235, 236, 238, 239, 240, 242, 243, 244, 246, 247, 248, 249, 250, 252], "excluded_lines": []}}}, "scripts/06_whisperx_asr.py": {"executed_lines": [], "summary": {"covered_lines": 0, "num_statements": 69, "percent_covered": 0.0, "percent_covered_display": "0", "missing_lines": 69, "excluded_lines": 0, "percent_statements_covered": 0.0, "percent_statements_covered_display": "0"}, "missing_lines": [17, 18, 19, 22, 23, 24, 26, 29, 30, 31, 33, 36, 49, 50, 52, 53, 54, 55, 58, 59, 61, 62, 63, 64, 67, 68, 69, 70, 71, 72, 74, 75, 76, 77, 79, 80, 84, 85, 87, 88, 89, 90, 93, 101, 102, 103, 104, 106, 107, 108, 110, 111, 113, 114, 115, 116, 119, 133, 134, 135, 136, 137, 138, 139, 140, 141, 142, 145, 146], "excluded_lines": [], "functions": {"run_stage": {"executed_lines": [], "summary": {"covered_lines": 0, "num_statements": 44, "percent_covered": 0.0, "percent_covered_display": "0", "missing_lines": 44, "excluded_lines": 0, "percent_statements_covered": 0.0, "percent_statements_covered_display": "0"}, "missing_lines": [49, 50, 52, 53, 54, 55, 58, 59, 61, 62, 63, 64, 67, 68, 69, 70, 71, 72, 74, 75, 76, 77, 79, 80, 84, 85, 87, 88, 89, 90, 93, 101, 102, 103, 104, 106, 107, 108, 110, 111, 113, 114, 115, 116], "excluded_lines": []}, "main": {"executed_lines": [], "summary": {"covered_lines": 0, "num_statements": 10, "percent_covered": 0.0, "percent_covered_display": "0", "missing_lines": 10, "excluded_lines": 0, "percent_statements_covered": 0.0, "percent_statements_covered_display": "0"}, "missing_lines": [133, 134, 135, 136, 137, 138, 139, 140, 141, 142], "excluded_lines": []}, "": {"executed_lines": [], "summary": {"covered_lines": 0, "num_statements": 15, "percent_covered": 0.0, "percent_covered_display": "0", "missing_lines": 15, "excluded_lines": 0, "percent_statements_covered": 0.0, "percent_statements_covered_display": "0"}, "missing_lines": [17, 18, 19, 22, 23, 24, 26, 29, 30, 31, 33, 36, 119, 145, 146], "excluded_lines": []}}, "classes": {"": {"executed_lines": [], "summary": {"covered_lines": 0, "num_statements": 69, "percent_covered": 0.0, "percent_covered_display": "0", "missing_lines": 69, "excluded_lines": 0, "percent_statements_covered": 0.0, "percent_statements_covered_display": "0"}, "missing_lines": [17, 18, 19, 22, 23, 24, 26, 29, 30, 31, 33, 36, 49, 50, 52, 53, 54, 55, 58, 59, 61, 62, 63, 64, 67, 68, 69, 70, 71, 72, 74, 75, 76, 77, 79, 80, 84, 85, 87, 88, 89, 90, 93, 101, 102, 103, 104, 106, 107, 108, 110, 111, 113, 114, 115, 116, 119, 133, 134, 135, 136, 137, 138, 139, 140, 141, 142, 145, 146], "excluded_lines": []}}}, "scripts/07_alignment.py": {"executed_lines": [], "summary": {"covered_lines": 0, "num_statements": 186, "percent_covered": 0.0, "percent_covered_display": "0", "missing_lines": 186, "excluded_lines": 0, "percent_statements_covered": 0.0, "percent_statements_covered_display": "0"}, "missing_lines": [14, 15, 16, 17, 18, 21, 22, 25, 26, 28, 29, 30, 31, 32, 33, 36, 58, 59, 61, 62, 63, 64, 65, 68, 69, 70, 73, 74, 75, 76, 78, 79, 81, 82, 83, 86, 87, 88, 89, 90, 91, 92, 94, 95, 96, 97, 100, 114, 116, 117, 118, 121, 122, 125, 130, 133, 139, 140, 142, 144, 147, 154, 156, 159, 160, 161, 162, 164, 165, 166, 169, 172, 174, 175, 176, 177, 178, 181, 182, 184, 185, 186, 189, 190, 191, 192, 193, 196, 197, 198, 199, 200, 203, 204, 205, 206, 209, 210, 211, 212, 214, 216, 217, 218, 220, 221, 222, 223, 226, 228, 229, 230, 231, 233, 234, 235, 236, 237, 240, 241, 244, 251, 252, 255, 259, 261, 262, 263, 264, 265, 268, 269, 270, 272, 273, 274, 277, 280, 281, 290, 291, 293, 299, 303, 304, 305, 306, 307, 309, 310, 311, 312, 313, 315, 317, 318, 319, 320, 321, 322, 324, 325, 326, 327, 328, 329, 331, 332, 333, 334, 335, 336, 338, 339, 340, 341, 342, 343, 345, 346, 347, 348, 349, 350, 353, 354], "excluded_lines": [], "functions": {"align_mlx_segments": {"executed_lines": [], "summary": {"covered_lines": 0, "num_statements": 44, "percent_covered": 0.0, "percent_covered_display": "0", "missing_lines": 44, "excluded_lines": 0, "percent_statements_covered": 0.0, "percent_statements_covered_display": "0"}, "missing_lines": [58, 59, 61, 62, 63, 64, 65, 68, 69, 70, 73, 74, 75, 76, 78, 79, 81, 82, 83, 86, 87, 88, 89, 90, 91, 92, 94, 95, 96, 97, 100, 114, 116, 117, 118, 121, 122, 125, 130, 133, 139, 140, 142, 144], "excluded_lines": []}, "main": {"executed_lines": [], "summary": {"covered_lines": 0, "num_statements": 123, "percent_covered": 0.0, "percent_covered_display": "0", "missing_lines": 123, "excluded_lines": 0, "percent_statements_covered": 0.0, "percent_statements_covered_display": "0"}, "missing_lines": [154, 156, 159, 160, 161, 162, 164, 165, 166, 169, 172, 174, 175, 176, 177, 178, 181, 182, 184, 185, 186, 189, 190, 191, 192, 193, 196, 197, 198, 199, 200, 203, 204, 205, 206, 209, 210, 211, 212, 214, 216, 217, 218, 220, 221, 222, 223, 226, 228, 229, 230, 231, 233, 234, 235, 236, 237, 240, 241, 244, 251, 252, 255, 259, 261, 262, 263, 264, 265, 268, 269, 270, 272, 273, 274, 277, 280, 281, 290, 291, 293, 299, 303, 304, 305, 306, 307, 309, 310, 311, 312, 313, 315, 317, 318, 319, 320, 321, 322, 324, 325, 326, 327, 328, 329, 331, 332, 333, 334, 335, 336, 338, 339, 340, 341, 342, 343, 345, 346, 347, 348, 349, 350], "excluded_lines": []}, "": {"executed_lines": [], "summary": {"covered_lines": 0, "num_statements": 19, "percent_covered": 0.0, "percent_covered_display": "0", "missing_lines": 19, "excluded_lines": 0, "percent_statements_covered": 0.0, "percent_statements_covered_display": "0"}, "missing_lines": [14, 15, 16, 17, 18, 21, 22, 25, 26, 28, 29, 30, 31, 32, 33, 36, 147, 353, 354], "excluded_lines": []}}, "classes": {"": {"executed_lines": [], "summary": {"covered_lines": 0, "num_statements": 186, "percent_covered": 0.0, "percent_covered_display": "0", "missing_lines": 186, "excluded_lines": 0, "percent_statements_covered": 0.0, "percent_statements_covered_display": "0"}, "missing_lines": [14, 15, 16, 17, 18, 21, 22, 25, 26, 28, 29, 30, 31, 32, 33, 36, 58, 59, 61, 62, 63, 64, 65, 68, 69, 70, 73, 74, 75, 76, 78, 79, 81, 82, 83, 86, 87, 88, 89, 90, 91, 92, 94, 95, 96, 97, 100, 114, 116, 117, 118, 121, 122, 125, 130, 133, 139, 140, 142, 144, 147, 154, 156, 159, 160, 161, 162, 164, 165, 166, 169, 172, 174, 175, 176, 177, 178, 181, 182, 184, 185, 186, 189, 190, 191, 192, 193, 196, 197, 198, 199, 200, 203, 204, 205, 206, 209, 210, 211, 212, 214, 216, 217, 218, 220, 221, 222, 223, 226, 228, 229, 230, 231, 233, 234, 235, 236, 237, 240, 241, 244, 251, 252, 255, 259, 261, 262, 263, 264, 265, 268, 269, 270, 272, 273, 274, 277, 280, 281, 290, 291, 293, 299, 303, 304, 305, 306, 307, 309, 310, 311, 312, 313, 315, 317, 318, 319, 320, 321, 322, 324, 325, 326, 327, 328, 329, 331, 332, 333, 334, 335, 336, 338, 339, 340, 341, 342, 343, 345, 346, 347, 348, 349, 350, 353, 354], "excluded_lines": []}}}, "scripts/08_lyrics_detection.py": {"executed_lines": [], "summary": {"covered_lines": 0, "num_statements": 129, "percent_covered": 0.0, "percent_covered_display": "0", "missing_lines": 129, "excluded_lines": 0, "percent_statements_covered": 0.0, "percent_statements_covered_display": "0"}, "missing_lines": [13, 14, 15, 16, 19, 22, 23, 24, 26, 29, 40, 50, 53, 54, 57, 58, 59, 60, 61, 64, 65, 67, 70, 83, 84, 86, 87, 88, 89, 92, 93, 94, 95, 98, 99, 100, 101, 102, 103, 106, 107, 108, 109, 110, 111, 112, 113, 114, 115, 118, 119, 120, 121, 122, 123, 125, 127, 128, 129, 131, 132, 133, 134, 136, 137, 138, 141, 144, 145, 146, 147, 148, 151, 152, 153, 154, 155, 156, 157, 159, 160, 161, 164, 165, 166, 168, 169, 170, 172, 173, 175, 176, 178, 179, 180, 182, 185, 186, 187, 188, 189, 191, 192, 195, 204, 205, 206, 207, 209, 212, 213, 214, 215, 216, 217, 219, 220, 222, 223, 224, 225, 228, 229, 231, 232, 233, 235, 237, 238], "excluded_lines": [], "functions": {"detect_lyrics_simple": {"executed_lines": [], "summary": {"covered_lines": 0, "num_statements": 12, "percent_covered": 0.0, "percent_covered_display": "0", "missing_lines": 12, "excluded_lines": 0, "percent_statements_covered": 0.0, "percent_statements_covered_display": "0"}, "missing_lines": [40, 50, 53, 54, 57, 58, 59, 60, 61, 64, 65, 67], "excluded_lines": []}, "run_stage": {"executed_lines": [], "summary": {"covered_lines": 0, "num_statements": 98, "percent_covered": 0.0, "percent_covered_display": "0", "missing_lines": 98, "excluded_lines": 0, "percent_statements_covered": 0.0, "percent_statements_covered_display": "0"}, "missing_lines": [83, 84, 86, 87, 88, 89, 92, 93, 94, 95, 98, 99, 100, 101, 102, 103, 106, 107, 108, 109, 110, 111, 112, 113, 114, 115, 118, 119, 120, 121, 122, 123, 125, 127, 128, 129, 131, 132, 133, 134, 136, 137, 138, 141, 144, 145, 146, 147, 148, 151, 152, 153, 154, 155, 156, 157, 159, 160, 161, 164, 165, 166, 168, 169, 170, 172, 173, 175, 176, 178, 179, 180, 182, 185, 186, 187, 188, 189, 191, 192, 195, 204, 205, 206, 207, 209, 212, 213, 214, 215, 216, 217, 219, 220, 222, 223, 224, 225], "excluded_lines": []}, "": {"executed_lines": [], "summary": {"covered_lines": 0, "num_statements": 19, "percent_covered": 0.0, "percent_covered_display": "0", "missing_lines": 19, "excluded_lines": 0, "percent_statements_covered": 0.0, "percent_statements_covered_display": "0"}, "missing_lines": [13, 14, 15, 16, 19, 22, 23, 24, 26, 29, 70, 228, 229, 231, 232, 233, 235, 237, 238], "excluded_lines": []}}, "classes": {"": {"executed_lines": [], "summary": {"covered_lines": 0, "num_statements": 129, "percent_covered": 0.0, "percent_covered_display": "0", "missing_lines": 129, "excluded_lines": 0, "percent_statements_covered": 0.0, "percent_statements_covered_display": "0"}, "missing_lines": [13, 14, 15, 16, 19, 22, 23, 24, 26, 29, 40, 50, 53, 54, 57, 58, 59, 60, 61, 64, 65, 67, 70, 83, 84, 86, 87, 88, 89, 92, 93, 94, 95, 98, 99, 100, 101, 102, 103, 106, 107, 108, 109, 110, 111, 112, 113, 114, 115, 118, 119, 120, 121, 122, 123, 125, 127, 128, 129, 131, 132, 133, 134, 136, 137, 138, 141, 144, 145, 146, 147, 148, 151, 152, 153, 154, 155, 156, 157, 159, 160, 161, 164, 165, 166, 168, 169, 170, 172, 173, 175, 176, 178, 179, 180, 182, 185, 186, 187, 188, 189, 191, 192, 195, 204, 205, 206, 207, 209, 212, 213, 214, 215, 216, 217, 219, 220, 222, 223, 224, 225, 228, 229, 231, 232, 233, 235, 237, 238], "excluded_lines": []}}}, "scripts/09_hallucination_removal.py": {"executed_lines": [], "summary": {"covered_lines": 0, "num_statements": 158, "percent_covered": 0.0, "percent_covered_display": "0", "missing_lines": 158, "excluded_lines": 0, "percent_statements_covered": 0.0, "percent_statements_covered_display": "0"}, "missing_lines": [13, 14, 15, 16, 17, 20, 23, 24, 25, 27, 30, 40, 41, 43, 46, 62, 63, 64, 67, 68, 71, 72, 73, 74, 75, 77, 78, 80, 83, 96, 97, 99, 100, 101, 102, 105, 106, 107, 108, 111, 112, 113, 114, 115, 116, 119, 120, 121, 122, 123, 124, 125, 126, 127, 128, 131, 132, 133, 134, 135, 136, 138, 140, 141, 142, 144, 145, 146, 147, 149, 150, 151, 154, 155, 157, 158, 159, 163, 166, 167, 168, 169, 170, 171, 174, 175, 176, 177, 178, 179, 180, 181, 184, 185, 186, 187, 188, 189, 190, 191, 193, 194, 195, 198, 199, 200, 202, 203, 204, 206, 207, 209, 210, 213, 214, 215, 216, 218, 220, 223, 224, 226, 227, 230, 232, 233, 234, 235, 236, 238, 239, 242, 253, 254, 255, 256, 258, 261, 262, 263, 264, 265, 266, 267, 269, 270, 272, 273, 274, 275, 278, 279, 281, 282, 283, 285, 287, 288], "excluded_lines": [], "functions": {"is_hallucination": {"executed_lines": [], "summary": {"covered_lines": 0, "num_statements": 17, "percent_covered": 0.0, "percent_covered_display": "0", "missing_lines": 17, "excluded_lines": 0, "percent_statements_covered": 0.0, "percent_statements_covered_display": "0"}, "missing_lines": [40, 41, 43, 46, 62, 63, 64, 67, 68, 71, 72, 73, 74, 75, 77, 78, 80], "excluded_lines": []}, "run_stage": {"executed_lines": [], "summary": {"covered_lines": 0, "num_statements": 121, "percent_covered": 0.0, "percent_covered_display": "0", "missing_lines": 121, "excluded_lines": 0, "percent_statements_covered": 0.0, "percent_statements_covered_display": "0"}, "missing_lines": [96, 97, 99, 100, 101, 102, 105, 106, 107, 108, 111, 112, 113, 114, 115, 116, 119, 120, 121, 122, 123, 124, 125, 126, 127, 128, 131, 132, 133, 134, 135, 136, 138, 140, 141, 142, 144, 145, 146, 147, 149, 150, 151, 154, 155, 157, 158, 159, 163, 166, 167, 168, 169, 170, 171, 174, 175, 176, 177, 178, 179, 180, 181, 184, 185, 186, 187, 188, 189, 190, 191, 193, 194, 195, 198, 199, 200, 202, 203, 204, 206, 207, 209, 210, 213, 214, 215, 216, 218, 220, 223, 224, 226, 227, 230, 232, 233, 234, 235, 236, 238, 239, 242, 253, 254, 255, 256, 258, 261, 262, 263, 264, 265, 266, 267, 269, 270, 272, 273, 274, 275], "excluded_lines": []}, "": {"executed_lines": [], "summary": {"covered_lines": 0, "num_statements": 20, "percent_covered": 0.0, "percent_covered_display": "0", "missing_lines": 20, "excluded_lines": 0, "percent_statements_covered": 0.0, "percent_statements_covered_display": "0"}, "missing_lines": [13, 14, 15, 16, 17, 20, 23, 24, 25, 27, 30, 83, 278, 279, 281, 282, 283, 285, 287, 288], "excluded_lines": []}}, "classes": {"": {"executed_lines": [], "summary": {"covered_lines": 0, "num_statements": 158, "percent_covered": 0.0, "percent_covered_display": "0", "missing_lines": 158, "excluded_lines": 0, "percent_statements_covered": 0.0, "percent_statements_covered_display": "0"}, "missing_lines": [13, 14, 15, 16, 17, 20, 23, 24, 25, 27, 30, 40, 41, 43, 46, 62, 63, 64, 67, 68, 71, 72, 73, 74, 75, 77, 78, 80, 83, 96, 97, 99, 100, 101, 102, 105, 106, 107, 108, 111, 112, 113, 114, 115, 116, 119, 120, 121, 122, 123, 124, 125, 126, 127, 128, 131, 132, 133, 134, 135, 136, 138, 140, 141, 142, 144, 145, 146, 147, 149, 150, 151, 154, 155, 157, 158, 159, 163, 166, 167, 168, 169, 170, 171, 174, 175, 176, 177, 178, 179, 180, 181, 184, 185, 186, 187, 188, 189, 190, 191, 193, 194, 195, 198, 199, 200, 202, 203, 204, 206, 207, 209, 210, 213, 214, 215, 216, 218, 220, 223, 224, 226, 227, 230, 232, 233, 234, 235, 236, 238, 239, 242, 253, 254, 255, 256, 258, 261, 262, 263, 264, 265, 266, 267, 269, 270, 272, 273, 274, 275, 278, 279, 281, 282, 283, 285, 287, 288], "excluded_lines": []}}}, "scripts/10_translation.py": {"executed_lines": [], "summary": {"covered_lines": 0, "num_statements": 518, "percent_covered": 0.0, "percent_covered_display": "0", "missing_lines": 518, "excluded_lines": 0, "percent_statements_covered": 0.0, "percent_statements_covered_display": "0"}, "missing_lines": [24, 25, 27, 28, 29, 32, 33, 34, 35, 36, 38, 39, 40, 41, 42, 43, 46, 47, 49, 50, 51, 52, 53, 56, 57, 58, 59, 60, 65, 92, 98, 108, 111, 127, 128, 131, 132, 134, 137, 148, 149, 151, 152, 154, 157, 160, 172, 173, 175, 176, 177, 180, 181, 183, 184, 185, 186, 187, 188, 189, 190, 191, 194, 209, 225, 226, 231, 232, 235, 236, 237, 238, 239, 241, 242, 243, 244, 247, 252, 254, 255, 257, 259, 272, 273, 274, 277, 278, 279, 280, 281, 283, 284, 285, 286, 287, 290, 291, 292, 293, 294, 295, 296, 297, 298, 300, 302, 304, 305, 306, 307, 308, 310, 311, 313, 315, 316, 318, 319, 322, 323, 324, 326, 328, 329, 334, 339, 340, 343, 344, 347, 348, 349, 351, 352, 357, 359, 360, 361, 364, 365, 366, 367, 368, 369, 370, 371, 372, 375, 376, 378, 380, 381, 382, 383, 384, 385, 386, 387, 388, 389, 390, 392, 393, 395, 400, 401, 403, 404, 405, 407, 418, 419, 421, 422, 423, 427, 428, 431, 432, 434, 436, 437, 439, 440, 441, 447, 448, 450, 451, 452, 453, 454, 457, 458, 459, 460, 463, 465, 468, 469, 470, 473, 474, 480, 481, 482, 485, 486, 487, 490, 491, 492, 495, 496, 498, 499, 500, 501, 504, 505, 506, 509, 510, 511, 512, 513, 514, 515, 520, 522, 524, 525, 526, 527, 529, 531, 532, 540, 541, 542, 544, 546, 547, 549, 550, 551, 552, 553, 554, 555, 557, 558, 559, 560, 561, 564, 565, 570, 571, 572, 575, 576, 577, 580, 581, 582, 586, 587, 588, 589, 592, 594, 595, 596, 598, 614, 615, 617, 618, 620, 622, 625, 626, 627, 630, 631, 632, 633, 634, 635, 639, 640, 642, 645, 646, 648, 649, 651, 669, 670, 672, 674, 675, 677, 679, 680, 683, 684, 686, 687, 688, 693, 695, 698, 699, 701, 702, 704, 705, 707, 708, 710, 712, 713, 714, 715, 716, 718, 719, 720, 721, 723, 726, 750, 751, 752, 756, 759, 760, 762, 763, 764, 767, 770, 772, 773, 774, 777, 783, 790, 792, 793, 799, 800, 801, 803, 805, 806, 807, 809, 811, 812, 813, 814, 815, 816, 817, 818, 819, 820, 822, 824, 825, 826, 827, 828, 831, 836, 850, 851, 852, 854, 855, 857, 858, 859, 860, 863, 864, 865, 866, 867, 868, 869, 870, 873, 874, 875, 876, 877, 878, 881, 882, 883, 884, 887, 888, 889, 890, 893, 894, 895, 896, 897, 898, 899, 900, 901, 902, 903, 904, 905, 906, 909, 910, 911, 912, 913, 914, 916, 918, 919, 920, 921, 922, 924, 925, 926, 927, 931, 932, 939, 940, 942, 943, 944, 945, 946, 947, 948, 949, 950, 952, 953, 954, 955, 958, 964, 970, 971, 973, 975, 976, 978, 981, 982, 985, 986, 988, 991, 992, 993, 994, 996, 999, 1000, 1001, 1002, 1005, 1011, 1012, 1014, 1015, 1016, 1018, 1019, 1020, 1022, 1023, 1026, 1028, 1029, 1030, 1031, 1034, 1036, 1038, 1041, 1046, 1051, 1056, 1062, 1069, 1072, 1078, 1080, 1082, 1088, 1089, 1090, 1092, 1093, 1094, 1096, 1099, 1100, 1101], "excluded_lines": [], "functions": {"is_indic_language": {"executed_lines": [], "summary": {"covered_lines": 0, "num_statements": 1, "percent_covered": 0.0, "percent_covered_display": "0", "missing_lines": 1, "excluded_lines": 0, "percent_statements_covered": 0.0, "percent_statements_covered_display": "0"}, "missing_lines": [108], "excluded_lines": []}, "can_use_indictrans2": {"executed_lines": [], "summary": {"covered_lines": 0, "num_statements": 5, "percent_covered": 0.0, "percent_covered_display": "0", "missing_lines": 5, "excluded_lines": 0, "percent_statements_covered": 0.0, "percent_statements_covered_display": "0"}, "missing_lines": [127, 128, 131, 132, 134], "excluded_lines": []}, "get_indictrans2_model_name": {"executed_lines": [], "summary": {"covered_lines": 0, "num_statements": 6, "percent_covered": 0.0, "percent_covered_display": "0", "missing_lines": 6, "excluded_lines": 0, "percent_statements_covered": 0.0, "percent_statements_covered_display": "0"}, "missing_lines": [148, 149, 151, 152, 154, 157], "excluded_lines": []}, "get_indictrans2_lang_code": {"executed_lines": [], "summary": {"covered_lines": 0, "num_statements": 5, "percent_covered": 0.0, "percent_covered_display": "0", "missing_lines": 5, "excluded_lines": 0, "percent_statements_covered": 0.0, "percent_statements_covered_display": "0"}, "missing_lines": [172, 173, 175, 176, 177], "excluded_lines": []}, "IndicTrans2Translator.__init__": {"executed_lines": [], "summary": {"covered_lines": 0, "num_statements": 14, "percent_covered": 0.0, "percent_covered_display": "0", "missing_lines": 14, "excluded_lines": 0, "percent_statements_covered": 0.0, "percent_statements_covered_display": "0"}, "missing_lines": [225, 226, 231, 232, 235, 236, 237, 238, 239, 241, 242, 243, 244, 247], "excluded_lines": []}, "IndicTrans2Translator._log": {"executed_lines": [], "summary": {"covered_lines": 0, "num_statements": 3, "percent_covered": 0.0, "percent_covered_display": "0", "missing_lines": 3, "excluded_lines": 0, "percent_statements_covered": 0.0, "percent_statements_covered_display": "0"}, "missing_lines": [254, 255, 257], "excluded_lines": []}, "IndicTrans2Translator._get_hf_token": {"executed_lines": [], "summary": {"covered_lines": 0, "num_statements": 23, "percent_covered": 0.0, "percent_covered_display": "0", "missing_lines": 23, "excluded_lines": 0, "percent_statements_covered": 0.0, "percent_statements_covered_display": "0"}, "missing_lines": [272, 273, 274, 277, 278, 279, 280, 281, 283, 284, 285, 286, 287, 290, 291, 292, 293, 294, 295, 296, 297, 298, 300], "excluded_lines": []}, "IndicTrans2Translator._select_device": {"executed_lines": [], "summary": {"covered_lines": 0, "num_statements": 7, "percent_covered": 0.0, "percent_covered_display": "0", "missing_lines": 7, "excluded_lines": 0, "percent_statements_covered": 0.0, "percent_statements_covered_display": "0"}, "missing_lines": [304, 305, 306, 307, 308, 310, 311], "excluded_lines": []}, "IndicTrans2Translator.load_model": {"executed_lines": [], "summary": {"covered_lines": 0, "num_statements": 49, "percent_covered": 0.0, "percent_covered_display": "0", "missing_lines": 49, "excluded_lines": 0, "percent_statements_covered": 0.0, "percent_statements_covered_display": "0"}, "missing_lines": [315, 316, 318, 319, 322, 323, 324, 326, 328, 329, 334, 339, 340, 343, 344, 347, 348, 349, 351, 352, 357, 359, 360, 361, 364, 365, 366, 367, 368, 369, 370, 371, 372, 375, 376, 378, 380, 381, 382, 383, 384, 385, 386, 387, 388, 389, 390, 392, 393], "excluded_lines": []}, "IndicTrans2Translator._is_mostly_english": {"executed_lines": [], "summary": {"covered_lines": 0, "num_statements": 5, "percent_covered": 0.0, "percent_covered_display": "0", "missing_lines": 5, "excluded_lines": 0, "percent_statements_covered": 0.0, "percent_statements_covered_display": "0"}, "missing_lines": [400, 401, 403, 404, 405], "excluded_lines": []}, "IndicTrans2Translator.translate_text": {"executed_lines": [], "summary": {"covered_lines": 0, "num_statements": 104, "percent_covered": 0.0, "percent_covered_display": "0", "missing_lines": 104, "excluded_lines": 0, "percent_statements_covered": 0.0, "percent_statements_covered_display": "0"}, "missing_lines": [418, 419, 421, 422, 423, 427, 428, 431, 432, 434, 436, 437, 439, 440, 441, 447, 448, 450, 451, 452, 453, 454, 457, 458, 459, 460, 463, 465, 468, 469, 470, 473, 474, 480, 481, 482, 485, 486, 487, 490, 491, 492, 495, 496, 498, 499, 500, 501, 504, 505, 506, 509, 510, 511, 512, 513, 514, 515, 520, 522, 524, 525, 526, 527, 529, 531, 532, 540, 541, 542, 544, 546, 547, 549, 550, 551, 552, 553, 554, 555, 557, 558, 559, 560, 561, 564, 565, 570, 571, 572, 575, 576, 577, 580, 581, 582, 586, 587, 588, 589, 592, 594, 595, 596], "excluded_lines": []}, "IndicTrans2Translator.translate_segments": {"executed_lines": [], "summary": {"covered_lines": 0, "num_statements": 22, "percent_covered": 0.0, "percent_covered_display": "0", "missing_lines": 22, "excluded_lines": 0, "percent_statements_covered": 0.0, "percent_statements_covered_display": "0"}, "missing_lines": [614, 615, 617, 618, 620, 622, 625, 626, 627, 630, 631, 632, 633, 634, 635, 639, 640, 642, 645, 646, 648, 649], "excluded_lines": []}, "IndicTrans2Translator.translate_srt_file": {"executed_lines": [], "summary": {"covered_lines": 0, "num_statements": 23, "percent_covered": 0.0, "percent_covered_display": "0", "missing_lines": 23, "excluded_lines": 0, "percent_statements_covered": 0.0, "percent_statements_covered_display": "0"}, "missing_lines": [669, 670, 672, 674, 675, 677, 679, 680, 683, 684, 686, 687, 688, 693, 695, 698, 699, 701, 702, 704, 705, 707, 708], "excluded_lines": []}, "IndicTrans2Translator.cleanup": {"executed_lines": [], "summary": {"covered_lines": 0, "num_statements": 10, "percent_covered": 0.0, "percent_covered_display": "0", "missing_lines": 10, "excluded_lines": 0, "percent_statements_covered": 0.0, "percent_statements_covered_display": "0"}, "missing_lines": [712, 713, 714, 715, 716, 718, 719, 720, 721, 723], "excluded_lines": []}, "translate_whisperx_result": {"executed_lines": [], "summary": {"covered_lines": 0, "num_statements": 44, "percent_covered": 0.0, "percent_covered_display": "0", "missing_lines": 44, "excluded_lines": 0, "percent_statements_covered": 0.0, "percent_statements_covered_display": "0"}, "missing_lines": [750, 751, 752, 756, 759, 760, 762, 763, 764, 767, 770, 772, 773, 774, 777, 783, 790, 792, 793, 799, 800, 801, 803, 805, 806, 807, 809, 811, 812, 813, 814, 815, 816, 817, 818, 819, 820, 822, 824, 825, 826, 827, 828, 831], "excluded_lines": []}, "run_stage": {"executed_lines": [], "summary": {"covered_lines": 0, "num_statements": 116, "percent_covered": 0.0, "percent_covered_display": "0", "missing_lines": 116, "excluded_lines": 0, "percent_statements_covered": 0.0, "percent_statements_covered_display": "0"}, "missing_lines": [850, 851, 852, 854, 855, 857, 858, 859, 860, 863, 864, 865, 866, 867, 868, 869, 870, 873, 874, 875, 876, 877, 878, 881, 882, 883, 884, 887, 888, 889, 890, 893, 894, 895, 896, 897, 898, 899, 900, 901, 902, 903, 904, 905, 906, 909, 910, 911, 912, 913, 914, 916, 918, 919, 920, 921, 922, 924, 925, 926, 927, 931, 932, 939, 940, 942, 943, 944, 945, 946, 947, 948, 949, 950, 952, 953, 954, 955, 958, 964, 970, 971, 973, 975, 976, 978, 981, 982, 985, 986, 988, 991, 992, 993, 994, 996, 999, 1000, 1001, 1002, 1005, 1011, 1012, 1014, 1015, 1016, 1018, 1019, 1020, 1022, 1023, 1026, 1028, 1029, 1030, 1031], "excluded_lines": []}, "main": {"executed_lines": [], "summary": {"covered_lines": 0, "num_statements": 19, "percent_covered": 0.0, "percent_covered_display": "0", "missing_lines": 19, "excluded_lines": 0, "percent_statements_covered": 0.0, "percent_statements_covered_display": "0"}, "missing_lines": [1036, 1038, 1041, 1046, 1051, 1056, 1062, 1069, 1072, 1078, 1080, 1082, 1088, 1089, 1090, 1092, 1093, 1094, 1096], "excluded_lines": []}, "": {"executed_lines": [], "summary": {"covered_lines": 0, "num_statements": 62, "percent_covered": 0.0, "percent_covered_display": "0", "missing_lines": 62, "excluded_lines": 0, "percent_statements_covered": 0.0, "percent_statements_covered_display": "0"}, "missing_lines": [24, 25, 27, 28, 29, 32, 33, 34, 35, 36, 38, 39, 40, 41, 42, 43, 46, 47, 49, 50, 51, 52, 53, 56, 57, 58, 59, 60, 65, 92, 98, 111, 137, 160, 180, 181, 183, 184, 185, 186, 187, 188, 189, 190, 191, 194, 209, 252, 259, 302, 313, 395, 407, 598, 651, 710, 726, 836, 1034, 1099, 1100, 1101], "excluded_lines": []}}, "classes": {"TranslationConfig": {"executed_lines": [], "summary": {"covered_lines": 0, "num_statements": 0, "percent_covered": 100.0, "percent_covered_display": "100", "missing_lines": 0, "excluded_lines": 0, "percent_statements_covered": 100.0, "percent_statements_covered_display": "100"}, "missing_lines": [], "excluded_lines": []}, "IndicTrans2Translator": {"executed_lines": [], "summary": {"covered_lines": 0, "num_statements": 260, "percent_covered": 0.0, "percent_covered_display": "0", "missing_lines": 260, "excluded_lines": 0, "percent_statements_covered": 0.0, "percent_statements_covered_display": "0"}, "missing_lines": [225, 226, 231, 232, 235, 236, 237, 238, 239, 241, 242, 243, 244, 247, 254, 255, 257, 272, 273, 274, 277, 278, 279, 280, 281, 283, 284, 285, 286, 287, 290, 291, 292, 293, 294, 295, 296, 297, 298, 300, 304, 305, 306, 307, 308, 310, 311, 315, 316, 318, 319, 322, 323, 324, 326, 328, 329, 334, 339, 340, 343, 344, 347, 348, 349, 351, 352, 357, 359, 360, 361, 364, 365, 366, 367, 368, 369, 370, 371, 372, 375, 376, 378, 380, 381, 382, 383, 384, 385, 386, 387, 388, 389, 390, 392, 393, 400, 401, 403, 404, 405, 418, 419, 421, 422, 423, 427, 428, 431, 432, 434, 436, 437, 439, 440, 441, 447, 448, 450, 451, 452, 453, 454, 457, 458, 459, 460, 463, 465, 468, 469, 470, 473, 474, 480, 481, 482, 485, 486, 487, 490, 491, 492, 495, 496, 498, 499, 500, 501, 504, 505, 506, 509, 510, 511, 512, 513, 514, 515, 520, 522, 524, 525, 526, 527, 529, 531, 532, 540, 541, 542, 544, 546, 547, 549, 550, 551, 552, 553, 554, 555, 557, 558, 559, 560, 561, 564, 565, 570, 571, 572, 575, 576, 577, 580, 581, 582, 586, 587, 588, 589, 592, 594, 595, 596, 614, 615, 617, 618, 620, 622, 625, 626, 627, 630, 631, 632, 633, 634, 635, 639, 640, 642, 645, 646, 648, 649, 669, 670, 672, 674, 675, 677, 679, 680, 683, 684, 686, 687, 688, 693, 695, 698, 699, 701, 702, 704, 705, 707, 708, 712, 713, 714, 715, 716, 718, 719, 720, 721, 723], "excluded_lines": []}, "": {"executed_lines": [], "summary": {"covered_lines": 0, "num_statements": 258, "percent_covered": 0.0, "percent_covered_display": "0", "missing_lines": 258, "excluded_lines": 0, "percent_statements_covered": 0.0, "percent_statements_covered_display": "0"}, "missing_lines": [24, 25, 27, 28, 29, 32, 33, 34, 35, 36, 38, 39, 40, 41, 42, 43, 46, 47, 49, 50, 51, 52, 53, 56, 57, 58, 59, 60, 65, 92, 98, 108, 111, 127, 128, 131, 132, 134, 137, 148, 149, 151, 152, 154, 157, 160, 172, 173, 175, 176, 177, 180, 181, 183, 184, 185, 186, 187, 188, 189, 190, 191, 194, 209, 252, 259, 302, 313, 395, 407, 598, 651, 710, 726, 750, 751, 752, 756, 759, 760, 762, 763, 764, 767, 770, 772, 773, 774, 777, 783, 790, 792, 793, 799, 800, 801, 803, 805, 806, 807, 809, 811, 812, 813, 814, 815, 816, 817, 818, 819, 820, 822, 824, 825, 826, 827, 828, 831, 836, 850, 851, 852, 854, 855, 857, 858, 859, 860, 863, 864, 865, 866, 867, 868, 869, 870, 873, 874, 875, 876, 877, 878, 881, 882, 883, 884, 887, 888, 889, 890, 893, 894, 895, 896, 897, 898, 899, 900, 901, 902, 903, 904, 905, 906, 909, 910, 911, 912, 913, 914, 916, 918, 919, 920, 921, 922, 924, 925, 926, 927, 931, 932, 939, 940, 942, 943, 944, 945, 946, 947, 948, 949, 950, 952, 953, 954, 955, 958, 964, 970, 971, 973, 975, 976, 978, 981, 982, 985, 986, 988, 991, 992, 993, 994, 996, 999, 1000, 1001, 1002, 1005, 1011, 1012, 1014, 1015, 1016, 1018, 1019, 1020, 1022, 1023, 1026, 1028, 1029, 1030, 1031, 1034, 1036, 1038, 1041, 1046, 1051, 1056, 1062, 1069, 1072, 1078, 1080, 1082, 1088, 1089, 1090, 1092, 1093, 1094, 1096, 1099, 1100, 1101], "excluded_lines": []}}}, "scripts/11_ner.py": {"executed_lines": [], "summary": {"covered_lines": 0, "num_statements": 73, "percent_covered": 0.0, "percent_covered_display": "0", "missing_lines": 73, "excluded_lines": 0, "percent_statements_covered": 0.0, "percent_statements_covered_display": "0"}, "missing_lines": [16, 17, 18, 19, 22, 25, 26, 27, 29, 32, 45, 46, 48, 49, 50, 51, 54, 55, 57, 58, 59, 60, 63, 64, 66, 67, 68, 69, 70, 72, 73, 74, 77, 78, 79, 81, 82, 83, 85, 86, 88, 89, 91, 92, 93, 95, 99, 100, 102, 113, 114, 115, 116, 118, 121, 122, 123, 124, 125, 127, 128, 130, 131, 132, 133, 136, 137, 139, 140, 141, 143, 145, 146], "excluded_lines": [], "functions": {"run_stage": {"executed_lines": [], "summary": {"covered_lines": 0, "num_statements": 55, "percent_covered": 0.0, "percent_covered_display": "0", "missing_lines": 55, "excluded_lines": 0, "percent_statements_covered": 0.0, "percent_statements_covered_display": "0"}, "missing_lines": [45, 46, 48, 49, 50, 51, 54, 55, 57, 58, 59, 60, 63, 64, 66, 67, 68, 69, 70, 72, 73, 74, 77, 78, 79, 81, 82, 83, 85, 86, 88, 89, 91, 92, 93, 95, 99, 100, 102, 113, 114, 115, 116, 118, 121, 122, 123, 124, 125, 127, 128, 130, 131, 132, 133], "excluded_lines": []}, "": {"executed_lines": [], "summary": {"covered_lines": 0, "num_statements": 18, "percent_covered": 0.0, "percent_covered_display": "0", "missing_lines": 18, "excluded_lines": 0, "percent_statements_covered": 0.0, "percent_statements_covered_display": "0"}, "missing_lines": [16, 17, 18, 19, 22, 25, 26, 27, 29, 32, 136, 137, 139, 140, 141, 143, 145, 146], "excluded_lines": []}}, "classes": {"": {"executed_lines": [], "summary": {"covered_lines": 0, "num_statements": 73, "percent_covered": 0.0, "percent_covered_display": "0", "missing_lines": 73, "excluded_lines": 0, "percent_statements_covered": 0.0, "percent_statements_covered_display": "0"}, "missing_lines": [16, 17, 18, 19, 22, 25, 26, 27, 29, 32, 45, 46, 48, 49, 50, 51, 54, 55, 57, 58, 59, 60, 63, 64, 66, 67, 68, 69, 70, 72, 73, 74, 77, 78, 79, 81, 82, 83, 85, 86, 88, 89, 91, 92, 93, 95, 99, 100, 102, 113, 114, 115, 116, 118, 121, 122, 123, 124, 125, 127, 128, 130, 131, 132, 133, 136, 137, 139, 140, 141, 143, 145, 146], "excluded_lines": []}}}, "scripts/11_subtitle_generation.py": {"executed_lines": [], "summary": {"covered_lines": 0, "num_statements": 159, "percent_covered": 0.0, "percent_covered_display": "0", "missing_lines": 159, "excluded_lines": 0, "percent_statements_covered": 0.0, "percent_statements_covered_display": "0"}, "missing_lines": [12, 13, 14, 15, 18, 21, 22, 23, 25, 28, 30, 31, 32, 33, 34, 37, 49, 50, 52, 53, 55, 56, 57, 60, 63, 64, 65, 68, 71, 73, 76, 89, 90, 92, 93, 94, 95, 98, 99, 100, 101, 102, 105, 106, 107, 108, 109, 110, 113, 114, 115, 116, 119, 120, 121, 122, 123, 124, 127, 128, 129, 130, 131, 132, 134, 136, 137, 138, 139, 141, 142, 143, 144, 145, 146, 147, 148, 151, 152, 153, 154, 155, 158, 160, 161, 162, 165, 166, 167, 168, 169, 170, 171, 172, 173, 174, 175, 177, 178, 179, 180, 182, 183, 185, 186, 188, 189, 190, 193, 194, 195, 197, 201, 203, 204, 205, 207, 208, 209, 210, 212, 213, 215, 218, 219, 220, 221, 223, 224, 226, 227, 228, 231, 234, 235, 236, 238, 239, 242, 243, 244, 245, 246, 247, 248, 250, 251, 253, 254, 255, 256, 259, 260, 262, 263, 264, 266, 268, 269], "excluded_lines": [], "functions": {"format_timestamp_srt": {"executed_lines": [], "summary": {"covered_lines": 0, "num_statements": 5, "percent_covered": 0.0, "percent_covered_display": "0", "missing_lines": 5, "excluded_lines": 0, "percent_statements_covered": 0.0, "percent_statements_covered_display": "0"}, "missing_lines": [30, 31, 32, 33, 34], "excluded_lines": []}, "generate_srt": {"executed_lines": [], "summary": {"covered_lines": 0, "num_statements": 14, "percent_covered": 0.0, "percent_covered_display": "0", "missing_lines": 14, "excluded_lines": 0, "percent_statements_covered": 0.0, "percent_statements_covered_display": "0"}, "missing_lines": [49, 50, 52, 53, 55, 56, 57, 60, 63, 64, 65, 68, 71, 73], "excluded_lines": []}, "run_stage": {"executed_lines": [], "summary": {"covered_lines": 0, "num_statements": 120, "percent_covered": 0.0, "percent_covered_display": "0", "missing_lines": 120, "excluded_lines": 0, "percent_statements_covered": 0.0, "percent_statements_covered_display": "0"}, "missing_lines": [89, 90, 92, 93, 94, 95, 98, 99, 100, 101, 102, 105, 106, 107, 108, 109, 110, 113, 114, 115, 116, 119, 120, 121, 122, 123, 124, 127, 128, 129, 130, 131, 132, 134, 136, 137, 138, 139, 141, 142, 143, 144, 145, 146, 147, 148, 151, 152, 153, 154, 155, 158, 160, 161, 162, 165, 166, 167, 168, 169, 170, 171, 172, 173, 174, 175, 177, 178, 179, 180, 182, 183, 185, 186, 188, 189, 190, 193, 194, 195, 197, 201, 203, 204, 205, 207, 208, 209, 210, 212, 213, 215, 218, 219, 220, 221, 223, 224, 226, 227, 228, 231, 234, 235, 236, 238, 239, 242, 243, 244, 245, 246, 247, 248, 250, 251, 253, 254, 255, 256], "excluded_lines": []}, "": {"executed_lines": [], "summary": {"covered_lines": 0, "num_statements": 20, "percent_covered": 0.0, "percent_covered_display": "0", "missing_lines": 20, "excluded_lines": 0, "percent_statements_covered": 0.0, "percent_statements_covered_display": "0"}, "missing_lines": [12, 13, 14, 15, 18, 21, 22, 23, 25, 28, 37, 76, 259, 260, 262, 263, 264, 266, 268, 269], "excluded_lines": []}}, "classes": {"": {"executed_lines": [], "summary": {"covered_lines": 0, "num_statements": 159, "percent_covered": 0.0, "percent_covered_display": "0", "missing_lines": 159, "excluded_lines": 0, "percent_statements_covered": 0.0, "percent_statements_covered_display": "0"}, "missing_lines": [12, 13, 14, 15, 18, 21, 22, 23, 25, 28, 30, 31, 32, 33, 34, 37, 49, 50, 52, 53, 55, 56, 57, 60, 63, 64, 65, 68, 71, 73, 76, 89, 90, 92, 93, 94, 95, 98, 99, 100, 101, 102, 105, 106, 107, 108, 109, 110, 113, 114, 115, 116, 119, 120, 121, 122, 123, 124, 127, 128, 129, 130, 131, 132, 134, 136, 137, 138, 139, 141, 142, 143, 144, 145, 146, 147, 148, 151, 152, 153, 154, 155, 158, 160, 161, 162, 165, 166, 167, 168, 169, 170, 171, 172, 173, 174, 175, 177, 178, 179, 180, 182, 183, 185, 186, 188, 189, 190, 193, 194, 195, 197, 201, 203, 204, 205, 207, 208, 209, 210, 212, 213, 215, 218, 219, 220, 221, 223, 224, 226, 227, 228, 231, 234, 235, 236, 238, 239, 242, 243, 244, 245, 246, 247, 248, 250, 251, 253, 254, 255, 256, 259, 260, 262, 263, 264, 266, 268, 269], "excluded_lines": []}}}, "scripts/12_mux.py": {"executed_lines": [], "summary": {"covered_lines": 0, "num_statements": 216, "percent_covered": 0.0, "percent_covered_display": "0", "missing_lines": 216, "excluded_lines": 0, "percent_statements_covered": 0.0, "percent_statements_covered_display": "0"}, "missing_lines": [6, 7, 8, 9, 10, 13, 14, 16, 17, 19, 26, 27, 29, 31, 32, 34, 35, 36, 39, 40, 41, 42, 43, 44, 45, 48, 49, 50, 53, 54, 55, 56, 57, 58, 61, 62, 63, 64, 67, 68, 69, 70, 71, 72, 73, 74, 75, 76, 77, 78, 80, 82, 83, 84, 86, 87, 90, 91, 92, 93, 94, 95, 98, 99, 101, 104, 105, 111, 112, 113, 115, 116, 117, 118, 120, 121, 122, 123, 124, 125, 128, 129, 132, 134, 135, 136, 137, 138, 140, 142, 144, 145, 146, 150, 151, 152, 155, 156, 159, 160, 163, 169, 170, 171, 175, 176, 177, 178, 179, 180, 183, 184, 187, 190, 193, 194, 197, 200, 204, 205, 206, 209, 210, 212, 215, 229, 232, 235, 248, 249, 251, 254, 257, 258, 259, 261, 263, 264, 265, 267, 268, 269, 270, 271, 272, 274, 277, 278, 284, 285, 286, 288, 289, 292, 293, 296, 298, 299, 300, 303, 310, 311, 315, 320, 321, 322, 323, 324, 325, 327, 329, 330, 331, 332, 333, 334, 335, 337, 338, 339, 340, 341, 342, 343, 345, 346, 347, 348, 349, 350, 351, 353, 354, 355, 356, 357, 358, 359, 361, 362, 363, 364, 365, 366, 367, 369, 370, 371, 372, 373, 374, 375, 377, 392, 394, 395], "excluded_lines": [], "functions": {"main": {"executed_lines": [], "summary": {"covered_lines": 0, "num_statements": 196, "percent_covered": 0.0, "percent_covered_display": "0", "missing_lines": 196, "excluded_lines": 0, "percent_statements_covered": 0.0, "percent_statements_covered_display": "0"}, "missing_lines": [26, 27, 29, 31, 32, 34, 35, 36, 39, 40, 41, 42, 43, 44, 45, 48, 49, 50, 53, 54, 55, 56, 57, 58, 61, 62, 63, 64, 67, 68, 69, 70, 71, 72, 73, 74, 75, 76, 77, 78, 80, 82, 83, 84, 86, 87, 90, 91, 92, 93, 94, 95, 98, 99, 101, 104, 105, 111, 112, 113, 115, 116, 117, 118, 120, 121, 122, 123, 124, 125, 128, 129, 132, 142, 144, 145, 146, 150, 151, 152, 155, 156, 159, 160, 163, 169, 170, 171, 175, 176, 177, 178, 179, 180, 183, 184, 187, 190, 193, 194, 197, 200, 204, 205, 206, 209, 210, 212, 215, 229, 232, 235, 248, 249, 251, 254, 257, 258, 259, 261, 263, 264, 265, 267, 268, 269, 270, 271, 272, 274, 277, 278, 284, 285, 286, 288, 289, 292, 293, 296, 298, 299, 300, 303, 310, 311, 315, 320, 321, 322, 323, 324, 325, 327, 329, 330, 331, 332, 333, 334, 335, 337, 338, 339, 340, 341, 342, 343, 345, 346, 347, 348, 349, 350, 351, 353, 354, 355, 356, 357, 358, 359, 361, 362, 363, 364, 365, 366, 367, 369, 370, 371, 372, 373, 374, 375], "excluded_lines": []}, "main.sort_key": {"executed_lines": [], "summary": {"covered_lines": 0, "num_statements": 6, "percent_covered": 0.0, "percent_covered_display": "0", "missing_lines": 6, "excluded_lines": 0, "percent_statements_covered": 0.0, "percent_statements_covered_display": "0"}, "missing_lines": [134, 135, 136, 137, 138, 140], "excluded_lines": []}, "run_stage": {"executed_lines": [], "summary": {"covered_lines": 0, "num_statements": 1, "percent_covered": 0.0, "percent_covered_display": "0", "missing_lines": 1, "excluded_lines": 0, "percent_statements_covered": 0.0, "percent_statements_covered_display": "0"}, "missing_lines": [392], "excluded_lines": []}, "": {"executed_lines": [], "summary": {"covered_lines": 0, "num_statements": 13, "percent_covered": 0.0, "percent_covered_display": "0", "missing_lines": 13, "excluded_lines": 0, "percent_statements_covered": 0.0, "percent_statements_covered_display": "0"}, "missing_lines": [6, 7, 8, 9, 10, 13, 14, 16, 17, 19, 377, 394, 395], "excluded_lines": []}}, "classes": {"": {"executed_lines": [], "summary": {"covered_lines": 0, "num_statements": 216, "percent_covered": 0.0, "percent_covered_display": "0", "missing_lines": 216, "excluded_lines": 0, "percent_statements_covered": 0.0, "percent_statements_covered_display": "0"}, "missing_lines": [6, 7, 8, 9, 10, 13, 14, 16, 17, 19, 26, 27, 29, 31, 32, 34, 35, 36, 39, 40, 41, 42, 43, 44, 45, 48, 49, 50, 53, 54, 55, 56, 57, 58, 61, 62, 63, 64, 67, 68, 69, 70, 71, 72, 73, 74, 75, 76, 77, 78, 80, 82, 83, 84, 86, 87, 90, 91, 92, 93, 94, 95, 98, 99, 101, 104, 105, 111, 112, 113, 115, 116, 117, 118, 120, 121, 122, 123, 124, 125, 128, 129, 132, 134, 135, 136, 137, 138, 140, 142, 144, 145, 146, 150, 151, 152, 155, 156, 159, 160, 163, 169, 170, 171, 175, 176, 177, 178, 179, 180, 183, 184, 187, 190, 193, 194, 197, 200, 204, 205, 206, 209, 210, 212, 215, 229, 232, 235, 248, 249, 251, 254, 257, 258, 259, 261, 263, 264, 265, 267, 268, 269, 270, 271, 272, 274, 277, 278, 284, 285, 286, 288, 289, 292, 293, 296, 298, 299, 300, 303, 310, 311, 315, 320, 321, 322, 323, 324, 325, 327, 329, 330, 331, 332, 333, 334, 335, 337, 338, 339, 340, 341, 342, 343, 345, 346, 347, 348, 349, 350, 351, 353, 354, 355, 356, 357, 358, 359, 361, 362, 363, 364, 365, 366, 367, 369, 370, 371, 372, 373, 374, 375, 377, 392, 394, 395], "excluded_lines": []}}}, "scripts/__init__.py": {"executed_lines": [], "summary": {"covered_lines": 0, "num_statements": 0, "percent_covered": 100.0, "percent_covered_display": "100", "missing_lines": 0, "excluded_lines": 0, "percent_statements_covered": 100.0, "percent_statements_covered_display": "100"}, "missing_lines": [], "excluded_lines": [], "functions": {"": {"executed_lines": [], "summary": {"covered_lines": 0, "num_statements": 0, "percent_covered": 100.0, "percent_covered_display": "100", "missing_lines": 0, "excluded_lines": 0, "percent_statements_covered": 100.0, "percent_statements_covered_display": "100"}, "missing_lines": [], "excluded_lines": []}}, "classes": {"": {"executed_lines": [], "summary": {"covered_lines": 0, "num_statements": 0, "percent_covered": 100.0, "percent_covered_display": "100", "missing_lines": 0, "excluded_lines": 0, "percent_statements_covered": 100.0, "percent_statements_covered_display": "100"}, "missing_lines": [], "excluded_lines": []}}}, "scripts/align_segments.py": {"executed_lines": [], "summary": {"covered_lines": 0, "num_statements": 68, "percent_covered": 0.0, "percent_covered_display": "0", "missing_lines": 68, "excluded_lines": 0, "percent_statements_covered": 0.0, "percent_statements_covered_display": "0"}, "missing_lines": [17, 18, 19, 20, 21, 22, 25, 26, 29, 36, 39, 40, 41, 44, 46, 47, 48, 49, 50, 51, 53, 56, 74, 75, 76, 77, 78, 79, 81, 82, 85, 90, 93, 95, 98, 106, 108, 110, 111, 112, 115, 117, 120, 121, 122, 123, 124, 125, 127, 130, 131, 133, 135, 138, 146, 147, 148, 149, 152, 153, 155, 157, 158, 160, 161, 162, 165, 166], "excluded_lines": [], "functions": {"load_segments": {"executed_lines": [], "summary": {"covered_lines": 0, "num_statements": 7, "percent_covered": 0.0, "percent_covered_display": "0", "missing_lines": 7, "excluded_lines": 0, "percent_statements_covered": 0.0, "percent_statements_covered_display": "0"}, "missing_lines": [46, 47, 48, 49, 50, 51, 53], "excluded_lines": []}, "align_with_whisperx": {"executed_lines": [], "summary": {"covered_lines": 0, "num_statements": 18, "percent_covered": 0.0, "percent_covered_display": "0", "missing_lines": 18, "excluded_lines": 0, "percent_statements_covered": 0.0, "percent_statements_covered_display": "0"}, "missing_lines": [74, 75, 76, 77, 78, 79, 81, 82, 85, 90, 93, 95, 98, 106, 108, 110, 111, 112], "excluded_lines": []}, "main": {"executed_lines": [], "summary": {"covered_lines": 0, "num_statements": 25, "percent_covered": 0.0, "percent_covered_display": "0", "missing_lines": 25, "excluded_lines": 0, "percent_statements_covered": 0.0, "percent_statements_covered_display": "0"}, "missing_lines": [117, 120, 121, 122, 123, 124, 125, 127, 130, 131, 133, 135, 138, 146, 147, 148, 149, 152, 153, 155, 157, 158, 160, 161, 162], "excluded_lines": []}, "": {"executed_lines": [], "summary": {"covered_lines": 0, "num_statements": 18, "percent_covered": 0.0, "percent_covered_display": "0", "missing_lines": 18, "excluded_lines": 0, "percent_statements_covered": 0.0, "percent_statements_covered_display": "0"}, "missing_lines": [17, 18, 19, 20, 21, 22, 25, 26, 29, 36, 39, 40, 41, 44, 56, 115, 165, 166], "excluded_lines": []}}, "classes": {"": {"executed_lines": [], "summary": {"covered_lines": 0, "num_statements": 68, "percent_covered": 0.0, "percent_covered_display": "0", "missing_lines": 68, "excluded_lines": 0, "percent_statements_covered": 0.0, "percent_statements_covered_display": "0"}, "missing_lines": [17, 18, 19, 20, 21, 22, 25, 26, 29, 36, 39, 40, 41, 44, 46, 47, 48, 49, 50, 51, 53, 56, 74, 75, 76, 77, 78, 79, 81, 82, 85, 90, 93, 95, 98, 106, 108, 110, 111, 112, 115, 117, 120, 121, 122, 123, 124, 125, 127, 130, 131, 133, 135, 138, 146, 147, 148, 149, 152, 153, 155, 157, 158, 160, 161, 162, 165, 166], "excluded_lines": []}}}, "scripts/device_selector.py": {"executed_lines": [], "summary": {"covered_lines": 0, "num_statements": 112, "percent_covered": 0.0, "percent_covered_display": "0", "missing_lines": 112, "excluded_lines": 0, "percent_statements_covered": 0.0, "percent_statements_covered_display": "0"}, "missing_lines": [19, 20, 23, 26, 27, 29, 32, 33, 36, 47, 48, 49, 50, 51, 52, 53, 54, 56, 59, 75, 77, 78, 79, 81, 82, 83, 84, 85, 87, 88, 89, 90, 92, 93, 95, 98, 119, 122, 123, 124, 125, 126, 128, 131, 132, 135, 136, 139, 142, 153, 155, 156, 157, 159, 160, 162, 164, 167, 177, 178, 180, 183, 194, 195, 197, 199, 202, 212, 213, 216, 229, 231, 232, 234, 237, 249, 251, 25
[...]
lay": "0"}, "missing_lines": [83, 85, 87, 89, 90, 92, 94], "excluded_lines": []}, "TMDBCache.get_age_days": {"executed_lines": [], "summary": {"covered_lines": 0, "num_statements": 9, "percent_covered": 0.0, "percent_covered_display": "0", "missing_lines": 9, "excluded_lines": 0, "percent_statements_covered": 0.0, "percent_statements_covered_display": "0"}, "missing_lines": [106, 108, 109, 111, 112, 113, 114, 115, 116], "excluded_lines": []}, "TMDBCache.clear": {"executed_lines": [], "summary": {"covered_lines": 0, "num_statements": 6, "percent_covered": 0.0, "percent_covered_display": "0", "missing_lines": 6, "excluded_lines": 0, "percent_statements_covered": 0.0, "percent_statements_covered_display": "0"}, "missing_lines": [125, 127, 128, 129, 132, 133], "excluded_lines": []}, "TMDBCache.clear_expired": {"executed_lines": [], "summary": {"covered_lines": 0, "num_statements": 8, "percent_covered": 0.0, "percent_covered_display": "0", "missing_lines": 8, "excluded_lines": 0, "percent_statements_covered": 0.0, "percent_statements_covered_display": "0"}, "missing_lines": [137, 138, 139, 140, 142, 143, 144, 145], "excluded_lines": []}, "TMDBCache.get_stats": {"executed_lines": [], "summary": {"covered_lines": 0, "num_statements": 12, "percent_covered": 0.0, "percent_covered_display": "0", "missing_lines": 12, "excluded_lines": 0, "percent_statements_covered": 0.0, "percent_statements_covered_display": "0"}, "missing_lines": [154, 156, 157, 163, 164, 165, 166, 167, 168, 169, 170, 172], "excluded_lines": []}, "": {"executed_lines": [], "summary": {"covered_lines": 0, "num_statements": 12, "percent_covered": 0.0, "percent_covered_display": "0", "missing_lines": 12, "excluded_lines": 0, "percent_statements_covered": 0.0, "percent_statements_covered_display": "0"}, "missing_lines": [10, 11, 12, 13, 16, 19, 34, 75, 96, 118, 135, 147], "excluded_lines": []}}, "classes": {"TMDBCache": {"executed_lines": [], "summary": {"covered_lines": 0, "num_statements": 61, "percent_covered": 0.0, "percent_covered_display": "0", "missing_lines": 61, "excluded_lines": 0, "percent_statements_covered": 0.0, "percent_statements_covered_display": "0"}, "missing_lines": [27, 28, 30, 31, 32, 44, 46, 47, 49, 51, 52, 54, 56, 59, 60, 63, 69, 71, 73, 83, 85, 87, 89, 90, 92, 94, 106, 108, 109, 111, 112, 113, 114, 115, 116, 125, 127, 128, 129, 132, 133, 137, 138, 139, 140, 142, 143, 144, 145, 154, 156, 157, 163, 164, 165, 166, 167, 168, 169, 170, 172], "excluded_lines": []}, "": {"executed_lines": [], "summary": {"covered_lines": 0, "num_statements": 12, "percent_covered": 0.0, "percent_covered_display": "0", "missing_lines": 12, "excluded_lines": 0, "percent_statements_covered": 0.0, "percent_statements_covered_display": "0"}, "missing_lines": [10, 11, 12, 13, 16, 19, 34, 75, 96, 118, 135, 147], "excluded_lines": []}}}, "shared/tmdb_client.py": {"executed_lines": [], "summary": {"covered_lines": 0, "num_statements": 134, "percent_covered": 0.0, "percent_covered_display": "0", "missing_lines": 134, "excluded_lines": 0, "percent_statements_covered": 0.0, "percent_statements_covered_display": "0"}, "missing_lines": [15, 16, 17, 18, 19, 22, 23, 26, 27, 30, 33, 49, 50, 51, 54, 55, 56, 59, 60, 63, 65, 66, 68, 85, 86, 87, 88, 89, 91, 92, 93, 96, 98, 99, 100, 101, 104, 105, 106, 107, 108, 109, 112, 113, 115, 117, 118, 121, 122, 123, 124, 125, 126, 127, 130, 131, 133, 134, 136, 137, 139, 140, 141, 142, 144, 154, 155, 156, 157, 158, 160, 161, 162, 165, 168, 171, 172, 175, 177, 178, 179, 180, 181, 182, 188, 195, 196, 200, 201, 202, 203, 204, 205, 211, 218, 234, 235, 236, 237, 238, 240, 241, 243, 244, 245, 246, 247, 248, 250, 263, 264, 265, 268, 269, 270, 271, 276, 278, 280, 290, 292, 293, 294, 297, 307, 308, 310, 311, 313, 314, 315, 316, 317, 318], "excluded_lines": [], "functions": {"TMDBClient.__init__": {"executed_lines": [], "summary": {"covered_lines": 0, "num_statements": 11, "percent_covered": 0.0, "percent_covered_display": "0", "missing_lines": 11, "excluded_lines": 0, "percent_statements_covered": 0.0, "percent_statements_covered_display": "0"}, "missing_lines": [49, 50, 51, 54, 55, 56, 59, 60, 63, 65, 66], "excluded_lines": []}, "TMDBClient.search_movie": {"executed_lines": [], "summary": {"covered_lines": 0, "num_statements": 41, "percent_covered": 0.0, "percent_covered_display": "0", "missing_lines": 41, "excluded_lines": 0, "percent_statements_covered": 0.0, "percent_statements_covered_display": "0"}, "missing_lines": [85, 86, 87, 88, 89, 91, 92, 93, 96, 98, 99, 100, 101, 104, 105, 106, 107, 108, 109, 112, 113, 115, 117, 118, 121, 122, 123, 124, 125, 126, 127, 130, 131, 133, 134, 136, 137, 139, 140, 141, 142], "excluded_lines": []}, "TMDBClient.get_movie_metadata": {"executed_lines": [], "summary": {"covered_lines": 0, "num_statements": 43, "percent_covered": 0.0, "percent_covered_display": "0", "missing_lines": 43, "excluded_lines": 0, "percent_statements_covered": 0.0, "percent_statements_covered_display": "0"}, "missing_lines": [154, 155, 156, 157, 158, 160, 161, 162, 165, 168, 171, 172, 175, 177, 178, 179, 180, 181, 182, 188, 195, 196, 200, 201, 202, 203, 204, 205, 211, 218, 234, 235, 236, 237, 238, 240, 241, 243, 244, 245, 246, 247, 248], "excluded_lines": []}, "TMDBClient.get_soundtrack_info": {"executed_lines": [], "summary": {"covered_lines": 0, "num_statements": 8, "percent_covered": 0.0, "percent_covered_display": "0", "missing_lines": 8, "excluded_lines": 0, "percent_statements_covered": 0.0, "percent_statements_covered_display": "0"}, "missing_lines": [263, 264, 265, 268, 269, 270, 271, 276], "excluded_lines": []}, "TMDBClient._movie_to_dict": {"executed_lines": [], "summary": {"covered_lines": 0, "num_statements": 1, "percent_covered": 0.0, "percent_covered_display": "0", "missing_lines": 1, "excluded_lines": 0, "percent_statements_covered": 0.0, "percent_statements_covered_display": "0"}, "missing_lines": [280], "excluded_lines": []}, "TMDBClient.clear_cache": {"executed_lines": [], "summary": {"covered_lines": 0, "num_statements": 3, "percent_covered": 0.0, "percent_covered_display": "0", "missing_lines": 3, "excluded_lines": 0, "percent_statements_covered": 0.0, "percent_statements_covered_display": "0"}, "missing_lines": [292, 293, 294], "excluded_lines": []}, "load_api_key": {"executed_lines": [], "summary": {"covered_lines": 0, "num_statements": 10, "percent_covered": 0.0, "percent_covered_display": "0", "missing_lines": 10, "excluded_lines": 0, "percent_statements_covered": 0.0, "percent_statements_covered_display": "0"}, "missing_lines": [307, 308, 310, 311, 313, 314, 315, 316, 317, 318], "excluded_lines": []}, "": {"executed_lines": [], "summary": {"covered_lines": 0, "num_statements": 17, "percent_covered": 0.0, "percent_covered_display": "0", "missing_lines": 17, "excluded_lines": 0, "percent_statements_covered": 0.0, "percent_statements_covered_display": "0"}, "missing_lines": [15, 16, 17, 18, 19, 22, 23, 26, 27, 30, 33, 68, 144, 250, 278, 290, 297], "excluded_lines": []}}, "classes": {"TMDBClient": {"executed_lines": [], "summary": {"covered_lines": 0, "num_statements": 107, "percent_covered": 0.0, "percent_covered_display": "0", "missing_lines": 107, "excluded_lines": 0, "percent_statements_covered": 0.0, "percent_statements_covered_display": "0"}, "missing_lines": [49, 50, 51, 54, 55, 56, 59, 60, 63, 65, 66, 85, 86, 87, 88, 89, 91, 92, 93, 96, 98, 99, 100, 101, 104, 105, 106, 107, 108, 109, 112, 113, 115, 117, 118, 121, 122, 123, 124, 125, 126, 127, 130, 131, 133, 134, 136, 137, 139, 140, 141, 142, 154, 155, 156, 157, 158, 160, 161, 162, 165, 168, 171, 172, 175, 177, 178, 179, 180, 181, 182, 188, 195, 196, 200, 201, 202, 203, 204, 205, 211, 218, 234, 235, 236, 237, 238, 240, 241, 243, 244, 245, 246, 247, 248, 263, 264, 265, 268, 269, 270, 271, 276, 280, 292, 293, 294], "excluded_lines": []}, "": {"executed_lines": [], "summary": {"covered_lines": 0, "num_statements": 27, "percent_covered": 0.0, "percent_covered_display": "0", "missing_lines": 27, "excluded_lines": 0, "percent_statements_covered": 0.0, "percent_statements_covered_display": "0"}, "missing_lines": [15, 16, 17, 18, 19, 22, 23, 26, 27, 30, 33, 68, 144, 250, 278, 290, 297, 307, 308, 310, 311, 313, 314, 315, 316, 317, 318], "excluded_lines": []}}}, "shared/utils.py": {"executed_lines": [], "summary": {"covered_lines": 0, "num_statements": 63, "percent_covered": 0.0, "percent_covered_display": "0", "missing_lines": 63, "excluded_lines": 0, "percent_statements_covered": 0.0, "percent_statements_covered_display": "0"}, "missing_lines": [6, 7, 8, 9, 12, 15, 17, 18, 19, 20, 21, 22, 25, 27, 28, 29, 30, 31, 32, 33, 36, 45, 48, 49, 52, 53, 55, 58, 59, 61, 64, 75, 78, 81, 84, 86, 89, 91, 94, 96, 99, 101, 104, 116, 119, 120, 122, 125, 132, 144, 156, 159, 160, 162, 165, 166, 168, 171, 181, 182, 183, 184, 186], "excluded_lines": [], "functions": {"save_json": {"executed_lines": [], "summary": {"covered_lines": 0, "num_statements": 6, "percent_covered": 0.0, "percent_covered_display": "0", "missing_lines": 6, "excluded_lines": 0, "percent_statements_covered": 0.0, "percent_statements_covered_display": "0"}, "missing_lines": [17, 18, 19, 20, 21, 22], "excluded_lines": []}, "load_json": {"executed_lines": [], "summary": {"covered_lines": 0, "num_statements": 7, "percent_covered": 0.0, "percent_covered_display": "0", "missing_lines": 7, "excluded_lines": 0, "percent_statements_covered": 0.0, "percent_statements_covered_display": "0"}, "missing_lines": [27, 28, 29, 30, 31, 32, 33], "excluded_lines": []}, "parse_filename": {"executed_lines": [], "summary": {"covered_lines": 0, "num_statements": 9, "percent_covered": 0.0, "percent_covered_display": "0", "missing_lines": 9, "excluded_lines": 0, "percent_statements_covered": 0.0, "percent_statements_covered_display": "0"}, "missing_lines": [45, 48, 49, 52, 53, 55, 58, 59, 61], "excluded_lines": []}, "sanitize_dirname": {"executed_lines": [], "summary": {"covered_lines": 0, "num_statements": 5, "percent_covered": 0.0, "percent_covered_display": "0", "missing_lines": 5, "excluded_lines": 0, "percent_statements_covered": 0.0, "percent_statements_covered_display": "0"}, "missing_lines": [75, 78, 81, 84, 86], "excluded_lines": []}, "is_windows": {"executed_lines": [], "summary": {"covered_lines": 0, "num_statements": 1, "percent_covered": 0.0, "percent_covered_display": "0", "missing_lines": 1, "excluded_lines": 0, "percent_statements_covered": 0.0, "percent_statements_covered_display": "0"}, "missing_lines": [91], "excluded_lines": []}, "is_linux": {"executed_lines": [], "summary": {"covered_lines": 0, "num_statements": 1, "percent_covered": 0.0, "percent_covered_display": "0", "missing_lines": 1, "excluded_lines": 0, "percent_statements_covered": 0.0, "percent_statements_covered_display": "0"}, "missing_lines": [96], "excluded_lines": []}, "is_macos": {"executed_lines": [], "summary": {"covered_lines": 0, "num_statements": 1, "percent_covered": 0.0, "percent_covered_display": "0", "missing_lines": 1, "excluded_lines": 0, "percent_statements_covered": 0.0, "percent_statements_covered_display": "0"}, "missing_lines": [101], "excluded_lines": []}, "normalize_path": {"executed_lines": [], "summary": {"covered_lines": 0, "num_statements": 4, "percent_covered": 0.0, "percent_covered_display": "0", "missing_lines": 4, "excluded_lines": 0, "percent_statements_covered": 0.0, "percent_statements_covered_display": "0"}, "missing_lines": [116, 119, 120, 122], "excluded_lines": []}, "get_platform_info": {"executed_lines": [], "summary": {"covered_lines": 0, "num_statements": 1, "percent_covered": 0.0, "percent_covered_display": "0", "missing_lines": 1, "excluded_lines": 0, "percent_statements_covered": 0.0, "percent_statements_covered_display": "0"}, "missing_lines": [132], "excluded_lines": []}, "get_movie_dir": {"executed_lines": [], "summary": {"covered_lines": 0, "num_statements": 7, "percent_covered": 0.0, "percent_covered_display": "0", "missing_lines": 7, "excluded_lines": 0, "percent_statements_covered": 0.0, "percent_statements_covered_display": "0"}, "missing_lines": [156, 159, 160, 162, 165, 166, 168], "excluded_lines": []}, "format_timestamp": {"executed_lines": [], "summary": {"covered_lines": 0, "num_statements": 5, "percent_covered": 0.0, "percent_covered_display": "0", "missing_lines": 5, "excluded_lines": 0, "percent_statements_covered": 0.0, "percent_statements_covered_display": "0"}, "missing_lines": [181, 182, 183, 184, 186], "excluded_lines": []}, "": {"executed_lines": [], "summary": {"covered_lines": 0, "num_statements": 16, "percent_covered": 0.0, "percent_covered_display": "0", "missing_lines": 16, "excluded_lines": 0, "percent_statements_covered": 0.0, "percent_statements_covered_display": "0"}, "missing_lines": [6, 7, 8, 9, 12, 15, 25, 36, 64, 89, 94, 99, 104, 125, 144, 171], "excluded_lines": []}}, "classes": {"": {"executed_lines": [], "summary": {"covered_lines": 0, "num_statements": 63, "percent_covered": 0.0, "percent_covered_display": "0", "missing_lines": 63, "excluded_lines": 0, "percent_statements_covered": 0.0, "percent_statements_covered_display": "0"}, "missing_lines": [6, 7, 8, 9, 12, 15, 17, 18, 19, 20, 21, 22, 25, 27, 28, 29, 30, 31, 32, 33, 36, 45, 48, 49, 52, 53, 55, 58, 59, 61, 64, 75, 78, 81, 84, 86, 89, 91, 94, 96, 99, 101, 104, 116, 119, 120, 122, 125, 132, 144, 156, 159, 160, 162, 165, 166, 168, 171, 181, 182, 183, 184, 186], "excluded_lines": []}}}, "shared/workflow_cache.py": {"executed_lines": [], "summary": {"covered_lines": 0, "num_statements": 136, "percent_covered": 0.0, "percent_covered_display": "0", "missing_lines": 136, "excluded_lines": 0, "percent_statements_covered": 0.0, "percent_statements_covered_display": "0"}, "missing_lines": [9, 10, 11, 12, 14, 15, 20, 22, 25, 45, 53, 54, 55, 56, 58, 68, 69, 71, 73, 74, 77, 79, 80, 82, 84, 86, 87, 88, 90, 97, 98, 100, 101, 103, 104, 106, 109, 118, 120, 122, 123, 124, 126, 149, 150, 152, 154, 155, 157, 160, 171, 183, 185, 186, 187, 189, 191, 193, 194, 195, 197, 210, 211, 214, 215, 217, 218, 219, 220, 221, 222, 223, 226, 227, 229, 230, 231, 232, 235, 236, 238, 239, 240, 241, 244, 245, 247, 248, 249, 250, 253, 254, 255, 256, 257, 259, 260, 262, 263, 264, 266, 268, 269, 271, 273, 274, 275, 276, 278, 291, 292, 294, 295, 296, 301, 302, 304, 306, 307, 308, 310, 317, 318, 319, 321, 328, 329, 331, 341, 342, 343, 344, 346, 347, 348, 349], "excluded_lines": [], "functions": {"WorkflowCacheIntegration.__init__": {"executed_lines": [], "summary": {"covered_lines": 0, "num_statements": 4, "percent_covered": 0.0, "percent_covered_display": "0", "missing_lines": 4, "excluded_lines": 0, "percent_statements_covered": 0.0, "percent_statements_covered_display": "0"}, "missing_lines": [53, 54, 55, 56], "excluded_lines": []}, "WorkflowCacheIntegration.is_cached_baseline_available": {"executed_lines": [], "summary": {"covered_lines": 0, "num_statements": 13, "percent_covered": 0.0, "percent_covered_display": "0", "missing_lines": 13, "excluded_lines": 0, "percent_statements_covered": 0.0, "percent_statements_covered_display": "0"}, "missing_lines": [68, 69, 71, 73, 74, 77, 79, 80, 82, 84, 86, 87, 88], "excluded_lines": []}, "WorkflowCacheIntegration.load_cached_baseline": {"executed_lines": [], "summary": {"covered_lines": 0, "num_statements": 13, "percent_covered": 0.0, "percent_covered_display": "0", "missing_lines": 13, "excluded_lines": 0, "percent_statements_covered": 0.0, "percent_statements_covered_display": "0"}, "missing_lines": [97, 98, 100, 101, 103, 104, 106, 109, 118, 120, 122, 123, 124], "excluded_lines": []}, "WorkflowCacheIntegration.store_baseline": {"executed_lines": [], "summary": {"covered_lines": 0, "num_statements": 17, "percent_covered": 0.0, "percent_covered_display": "0", "missing_lines": 17, "excluded_lines": 0, "percent_statements_covered": 0.0, "percent_statements_covered_display": "0"}, "missing_lines": [149, 150, 152, 154, 155, 157, 160, 171, 183, 185, 186, 187, 189, 191, 193, 194, 195], "excluded_lines": []}, "WorkflowCacheIntegration.restore_baseline_to_job": {"executed_lines": [], "summary": {"covered_lines": 0, "num_statements": 39, "percent_covered": 0.0, "percent_covered_display": "0", "missing_lines": 39, "excluded_lines": 0, "percent_statements_covered": 0.0, "percent_statements_covered_display": "0"}, "missing_lines": [210, 211, 214, 215, 217, 218, 219, 220, 221, 222, 223, 226, 227, 229, 230, 231, 232, 235, 236, 238, 239, 240, 241, 244, 245, 247, 248, 249, 250, 253, 254, 255, 256, 257, 259, 260, 262, 263, 264], "excluded_lines": []}, "WorkflowCacheIntegration._get_total_duration": {"executed_lines": [], "summary": {"covered_lines": 0, "num_statements": 7, "percent_covered": 0.0, "percent_covered_display": "0", "missing_lines": 7, "excluded_lines": 0, "percent_statements_covered": 0.0, "percent_statements_covered_display": "0"}, "missing_lines": [268, 269, 271, 273, 274, 275, 276], "excluded_lines": []}, "WorkflowCacheIntegration.is_cached_glossary_available": {"executed_lines": [], "summary": {"covered_lines": 0, "num_statements": 11, "percent_covered": 0.0, "percent_covered_display": "0", "missing_lines": 11, "excluded_lines": 0, "percent_statements_covered": 0.0, "percent_statements_covered_display": "0"}, "missing_lines": [291, 292, 294, 295, 296, 301, 302, 304, 306, 307, 308], "excluded_lines": []}, "WorkflowCacheIntegration.get_cache_stats": {"executed_lines": [], "summary": {"covered_lines": 0, "num_statements": 6, "percent_covered": 0.0, "percent_covered_display": "0", "missing_lines": 6, "excluded_lines": 0, "percent_statements_covered": 0.0, "percent_statements_covered_display": "0"}, "missing_lines": [317, 318, 319, 321, 328, 329], "excluded_lines": []}, "WorkflowCacheIntegration.clear_cache": {"executed_lines": [], "summary": {"covered_lines": 0, "num_statements": 8, "percent_covered": 0.0, "percent_covered_display": "0", "missing_lines": 8, "excluded_lines": 0, "percent_statements_covered": 0.0, "percent_statements_covered_display": "0"}, "missing_lines": [341, 342, 343, 344, 346, 347, 348, 349], "excluded_lines": []}, "": {"executed_lines": [], "summary": {"covered_lines": 0, "num_statements": 18, "percent_covered": 0.0, "percent_covered_display": "0", "missing_lines": 18, "excluded_lines": 0, "percent_statements_covered": 0.0, "percent_statements_covered_display": "0"}, "missing_lines": [9, 10, 11, 12, 14, 15, 20, 22, 25, 45, 58, 90, 126, 197, 266, 278, 310, 331], "excluded_lines": []}}, "classes": {"WorkflowCacheIntegration": {"executed_lines": [], "summary": {"covered_lines": 0, "num_statements": 118, "percent_covered": 0.0, "percent_covered_display": "0", "missing_lines": 118, "excluded_lines": 0, "percent_statements_covered": 0.0, "percent_statements_covered_display": "0"}, "missing_lines": [53, 54, 55, 56, 68, 69, 71, 73, 74, 77, 79, 80, 82, 84, 86, 87, 88, 97, 98, 100, 101, 103, 104, 106, 109, 118, 120, 122, 123, 124, 149, 150, 152, 154, 155, 157, 160, 171, 183, 185, 186, 187, 189, 191, 193, 194, 195, 210, 211, 214, 215, 217, 218, 219, 220, 221, 222, 223, 226, 227, 229, 230, 231, 232, 235, 236, 238, 239, 240, 241, 244, 245, 247, 248, 249, 250, 253, 254, 255, 256, 257, 259, 260, 262, 263, 264, 268, 269, 271, 273, 274, 275, 276, 291, 292, 294, 295, 296, 301, 302, 304, 306, 307, 308, 317, 318, 319, 321, 328, 329, 341, 342, 343, 344, 346, 347, 348, 349], "excluded_lines": []}, "": {"executed_lines": [], "summary": {"covered_lines": 0, "num_statements": 18, "percent_covered": 0.0, "percent_covered_display": "0", "missing_lines": 18, "excluded_lines": 0, "percent_statements_covered": 0.0, "percent_statements_covered_display": "0"}, "missing_lines": [9, 10, 11, 12, 14, 15, 20, 22, 25, 45, 58, 90, 126, 197, 266, 278, 310, 331], "excluded_lines": []}}}}, "totals": {"covered_lines": 195, "num_statements": 12053, "percent_covered": 1.6178544760640505, "percent_covered_display": "2", "missing_lines": 11858, "excluded_lines": 1, "percent_statements_covered": 1.6178544760640505, "percent_statements_covered_display": "2"}}