<?xml version="1.0" encoding="utf-8"?><testsuites name="pytest tests"><testsuite name="pytest" errors="0" failures="0" skipped="0" tests="23" time="3.665" timestamp="2025-12-10T17:25:28.192242-06:00" hostname="Rajs-MacBook-Pro.local"><testcase classname="tests.unit.test_cost_tracker.TestCostTracker" name="test_init_with_job_dir" time="0.004" /><testcase classname="tests.unit.test_cost_tracker.TestCostTracker" name="test_init_without_job_dir" time="0.001" /><testcase classname="tests.unit.test_cost_tracker.TestCostTracker" name="test_compute_cost_openai_gpt4o" time="0.001" /><testcase classname="tests.unit.test_cost_tracker.TestCostTracker" name="test_compute_cost_openai_gpt4" time="0.001" /><testcase classname="tests.unit.test_cost_tracker.TestCostTracker" name="test_compute_cost_gemini" time="0.001" /><testcase classname="tests.unit.test_cost_tracker.TestCostTracker" name="test_compute_cost_local_model_zero_cost" time="0.001" /><testcase classname="tests.unit.test_cost_tracker.TestCostTracker" name="test_compute_cost_unknown_service" time="0.002" /><testcase classname="tests.unit.test_cost_tracker.TestCostTracker" name="test_log_usage_creates_entry" time="0.016" /><testcase classname="tests.unit.test_cost_tracker.TestCostTracker" name="test_log_usage_multiple_entries" time="0.012" /><testcase classname="tests.unit.test_cost_tracker.TestCostTracker" name="test_get_job_cost" time="0.007" /><testcase classname="tests.unit.test_cost_tracker.TestCostTracker" name="test_get_job_cost_no_logs" time="0.002" /><testcase classname="tests.unit.test_cost_tracker.TestCostTracker" name="test_get_monthly_cost" time="0.009" /><testcase classname="tests.unit.test_cost_tracker.TestCostTracker" name="test_get_monthly_cost_multiple_users" time="0.012" /><testcase classname="tests.unit.test_cost_tracker.TestCostTracker" name="test_get_stage_costs" time="0.010" /><testcase classname="tests.unit.test_cost_tracker.TestCostTracker" name="test_budget_alert_80_percent" time="0.003" /><testcase classname="tests.unit.test_cost_tracker.TestCostTracker" name="test_budget_alert_100_percent" time="0.004" /><testcase classname="tests.unit.test_cost_tracker.TestCostTracker" name="test_is_over_budget" time="0.004" /><testcase classname="tests.unit.test_cost_tracker.TestCostTracker" name="test_estimate_cost" time="0.001" /><testcase classname="tests.unit.test_cost_tracker.TestCostTracker" name="test_get_monthly_summary" time="0.007" /><testcase classname="tests.unit.test_cost_tracker.TestCostTracker" name="test_log_usage_with_metadata" time="0.004" /><testcase classname="tests.unit.test_cost_tracker.TestCostTracker" name="test_pricing_database_completeness" time="0.000" /><testcase classname="tests.unit.test_cost_tracker.TestCostTracker" name="test_atomic_log_writes" time="0.004" /><testcase classname="tests.unit.test_cost_tracker.TestCostTrackerIntegration" name="test_multi_job_cost_tracking" time="0.007" /></testsuite></testsuites>