<?xml version="1.0" encoding="utf-8"?><testsuites name="pytest tests"><testsuite name="pytest" errors="0" failures="1" skipped="0" tests="1" time="2.361" timestamp="2025-12-09T06:32:44.594462-06:00" hostname="Rajs-MacBook-Pro.local"><testcase classname="tests.integration.test_ml_optimizer_integration.TestMLOptimizationDisabled" name="test_ml_disabled_falls_back_to_defaults" time="0.001"><failure message="AssertionError: assert 'WHISPERX_MODEL' in '# ============================================================================\n# CP-WhisperX-App Pipeline Configuration\n# ============================================================================\n# Version: 3.0.0\n# Date: 2025-11-25\n# \n# This file defines configuration for all pipeline stages.\n# Parameters are organized by stage for clarity.\n# Only actively used parameters are included.\n#\n# DEVELOPER GUIDELINES:\n# 1. Parameters must be documented with purpose and valid values\n# 2. Unused parameters should be removed immediately\n# 3. New parameters must include usage examples\n# 4. Group parameters by pipeline stage\n# 5. Use consistent naming: STAGE_PARAM_NAME format\n# ============================================================================\n\n# ============================================================================\n# GLOBAL CONFIGURATION\n# ============================================================================\n\n# ------------------------------------------------------------\n# Job Identification (auto-generated by prepare-job.sh)\n# ------------------------------------------------------------\n# JOB_ID: Unique identifier in format job-YYYYMMDD-u...CONFIDENCE_MUSIC=true\nMUSIC_TRANSCRIPTION_TEMPERATURE=0.2\nMUSIC_TAG_IN_SUBTITLES=true\n\n# ------------------------------------------------------------\n# Quality Metrics - NOT YET IMPLEMENTED\n# ------------------------------------------------------------\n# QUALITY_METRICS_ENABLED: Enable quality metrics collection\n#   Values: true | false\n#   Default: true (recommended for tracking improvements)\n#   Status: ⏳ Not implemented\n#   Impact: Minimal performance overhead (&lt;5%)\n# GENERATE_QUALITY_REPORT: Generate quality report after pipeline\n#   Values: true | false\n#   Default: true (creates quality_report.json)\n# TRACK_PERFORMANCE_METRICS: Track timing and resource usage\n#   Values: true | false\n#   Default: true (creates performance_report.json)\n# QUALITY_REPORT_FORMAT: Output format for reports\n#   Values: json | text | both\n#   Default: json (structured data)\nQUALITY_METRICS_ENABLED=true\nGENERATE_QUALITY_REPORT=true\nTRACK_PERFORMANCE_METRICS=true\nQUALITY_REPORT_FORMAT=json\n\n# ============================================================================\n# END OF CONFIGURATION\n# ============================================================================\n\n'">tests/integration/test_ml_optimizer_integration.py:114: in test_ml_disabled_falls_back_to_defaults
    assert "WHISPERX_MODEL" in content
E   AssertionError: assert 'WHISPERX_MODEL' in '# ============================================================================\n# CP-WhisperX-App Pipeline Configuration\n# ============================================================================\n# Version: 3.0.0\n# Date: 2025-11-25\n# \n# This file defines configuration for all pipeline stages.\n# Parameters are organized by stage for clarity.\n# Only actively used parameters are included.\n#\n# DEVELOPER GUIDELINES:\n# 1. Parameters must be documented with purpose and valid values\n# 2. Unused parameters should be removed immediately\n# 3. New parameters must include usage examples\n# 4. Group parameters by pipeline stage\n# 5. Use consistent naming: STAGE_PARAM_NAME format\n# ============================================================================\n\n# ============================================================================\n# GLOBAL CONFIGURATION\n# ============================================================================\n\n# ------------------------------------------------------------\n# Job Identification (auto-generated by prepare-job.sh)\n# ------------------------------------------------------------\n# JOB_ID: Unique identifier in format job-YYYYMMDD-u...CONFIDENCE_MUSIC=true\nMUSIC_TRANSCRIPTION_TEMPERATURE=0.2\nMUSIC_TAG_IN_SUBTITLES=true\n\n# ------------------------------------------------------------\n# Quality Metrics - NOT YET IMPLEMENTED\n# ------------------------------------------------------------\n# QUALITY_METRICS_ENABLED: Enable quality metrics collection\n#   Values: true | false\n#   Default: true (recommended for tracking improvements)\n#   Status: ⏳ Not implemented\n#   Impact: Minimal performance overhead (&lt;5%)\n# GENERATE_QUALITY_REPORT: Generate quality report after pipeline\n#   Values: true | false\n#   Default: true (creates quality_report.json)\n# TRACK_PERFORMANCE_METRICS: Track timing and resource usage\n#   Values: true | false\n#   Default: true (creates performance_report.json)\n# QUALITY_REPORT_FORMAT: Output format for reports\n#   Values: json | text | both\n#   Default: json (structured data)\nQUALITY_METRICS_ENABLED=true\nGENERATE_QUALITY_REPORT=true\nTRACK_PERFORMANCE_METRICS=true\nQUALITY_REPORT_FORMAT=json\n\n# ============================================================================\n# END OF CONFIGURATION\n# ============================================================================\n\n'</failure></testcase></testsuite></testsuites>