<?xml version="1.0" encoding="utf-8"?><testsuites name="pytest tests"><testsuite name="pytest" errors="0" failures="0" skipped="0" tests="29" time="2.692" timestamp="2025-12-02T23:46:18.618688-06:00" hostname="Rajs-MacBook-Pro.local"><testcase classname="tests.unit.shared.test_stage_dependencies" name="test_validate_valid_dependencies" time="0.003" /><testcase classname="tests.unit.shared.test_stage_dependencies" name="test_validate_missing_dependency" time="0.001" /><testcase classname="tests.unit.shared.test_stage_dependencies" name="test_validate_chain_dependencies" time="0.000" /><testcase classname="tests.unit.shared.test_stage_dependencies" name="test_validate_unknown_stage" time="0.001" /><testcase classname="tests.unit.shared.test_stage_dependencies" name="test_validate_empty_list" time="0.000" /><testcase classname="tests.unit.shared.test_stage_dependencies" name="test_validate_all_stages" time="0.000" /><testcase classname="tests.unit.shared.test_stage_dependencies" name="test_get_missing_enhancements_none" time="0.000" /><testcase classname="tests.unit.shared.test_stage_dependencies" name="test_get_missing_enhancements_some" time="0.000" /><testcase classname="tests.unit.shared.test_stage_dependencies" name="test_get_missing_enhancements_translation" time="0.000" /><testcase classname="tests.unit.shared.test_stage_dependencies" name="test_execution_order_maintains_dependencies" time="0.000" /><testcase classname="tests.unit.shared.test_stage_dependencies" name="test_execution_order_complete_pipeline" time="0.001" /><testcase classname="tests.unit.shared.test_stage_dependencies" name="test_execution_order_partial_pipeline" time="0.000" /><testcase classname="tests.unit.shared.test_stage_dependencies" name="test_execution_order_single_stage" time="0.000" /><testcase classname="tests.unit.shared.test_stage_dependencies" name="test_get_stage_info_valid" time="0.000" /><testcase classname="tests.unit.shared.test_stage_dependencies" name="test_get_stage_info_unknown" time="0.000" /><testcase classname="tests.unit.shared.test_stage_dependencies" name="test_get_stage_info_no_dependencies" time="0.000" /><testcase classname="tests.unit.shared.test_stage_dependencies" name="test_workflow_presets_valid" time="0.001" /><testcase classname="tests.unit.shared.test_stage_dependencies" name="test_get_workflow_stages_transcribe" time="0.000" /><testcase classname="tests.unit.shared.test_stage_dependencies" name="test_get_workflow_stages_subtitle_full" time="0.000" /><testcase classname="tests.unit.shared.test_stage_dependencies" name="test_get_workflow_stages_unknown" time="0.000" /><testcase classname="tests.unit.shared.test_stage_dependencies" name="test_workflow_stages_ordered" time="0.000" /><testcase classname="tests.unit.shared.test_stage_dependencies" name="test_stage_dependencies_complete" time="0.000" /><testcase classname="tests.unit.shared.test_stage_dependencies" name="test_stage_dependencies_valid" time="0.000" /><testcase classname="tests.unit.shared.test_stage_dependencies" name="test_optional_enhancements_valid" time="0.000" /><testcase classname="tests.unit.shared.test_stage_dependencies" name="test_no_circular_dependencies" time="0.000" /><testcase classname="tests.unit.shared.test_stage_dependencies" name="test_dependency_order_consistency" time="0.000" /><testcase classname="tests.unit.shared.test_stage_dependencies" name="test_minimal_transcription_pipeline" time="0.000" /><testcase classname="tests.unit.shared.test_stage_dependencies" name="test_enhanced_translation_pipeline" time="0.000" /><testcase classname="tests.unit.shared.test_stage_dependencies" name="test_skip_optional_stages" time="0.000" /></testsuite></testsuites>