<?xml version="1.0" encoding="utf-8"?><testsuites name="pytest tests"><testsuite name="pytest" errors="0" failures="0" skipped="0" tests="6" time="2.446" timestamp="2025-12-05T06:43:37.819728-06:00" hostname="Rajs-MacBook-Pro.local"><testcase classname="tests.test_file_naming_standard.TestFileNamingStandard" name="test_valid_filenames" time="0.001" /><testcase classname="tests.test_file_naming_standard.TestFileNamingStandard" name="test_invalid_leading_dot" time="0.000" /><testcase classname="tests.test_file_naming_standard.TestFileNamingStandard" name="test_invalid_leading_dash" time="0.000" /><testcase classname="tests.test_file_naming_standard.TestFileNamingStandard" name="test_invalid_no_stage_prefix" time="0.000" /><testcase classname="tests.test_file_naming_standard.TestFileNamingStandard" name="test_invalid_stage_prefix" time="0.000" /><testcase classname="tests.test_file_naming_standard.TestFileNamingStandard" name="test_legacy_files_allowed" time="0.000" /></testsuite></testsuites>