<?xml version="1.0" encoding="utf-8"?><testsuites name="pytest tests"><testsuite name="pytest" errors="0" failures="0" skipped="2" tests="4" time="2.910" timestamp="2025-12-03T16:59:16.207384-06:00" hostname="Rajs-MacBook-Pro.local"><testcase classname="tests.unit.stages.test_renamed_stage_entry_points.TestGlossaryLoaderStage" name="test_glossary_loader_entry_point_exists" time="0.353" /><testcase classname="tests.unit.stages.test_renamed_stage_entry_points.TestGlossaryLoaderStage" name="test_glossary_loader_has_main_function" time="0.000" /><testcase classname="tests.unit.stages.test_renamed_stage_entry_points.TestGlossaryLoaderStage" name="test_glossary_loader_creates_output_dir" time="0.000"><skipped type="pytest.skip" message="Phase 3 - Requires full environment and dependencies">/Users/rpatel/Projects/Active/cp-whisperx-app/tests/unit/stages/test_renamed_stage_entry_points.py:66: Phase 3 - Requires full environment and dependencies</skipped></testcase><testcase classname="tests.unit.stages.test_renamed_stage_entry_points.TestGlossaryLoaderStage" name="test_glossary_loader_returns_exit_code" time="0.000"><skipped type="pytest.skip" message="Phase 3 - Requires full environment and dependencies">/Users/rpatel/Projects/Active/cp-whisperx-app/tests/unit/stages/test_renamed_stage_entry_points.py:78: Phase 3 - Requires full environment and dependencies</skipped></testcase></testsuite></testsuites>