<?xml version="1.0" encoding="utf-8"?><testsuites name="pytest tests"><testsuite name="pytest" errors="0" failures="18" skipped="29" tests="214" time="39.685" timestamp="2025-12-03T16:03:26.607715-06:00" hostname="Rajs-MacBook-Pro.local"><testcase classname="tests.performance.test_benchmarks.TestPerformanceInfrastructure" name="test_performance_benchmarks_defined" time="0.006" /><testcase classname="tests.performance.test_benchmarks.TestPerformanceInfrastructure" name="test_benchmark_values_reasonable" time="0.000"><failure message="TypeError: '&lt;' not supported between instances of 'int' and 'str'">E   TypeError: '&lt;' not supported between instances of 'int' and 'str'</failure></testcase><testcase classname="tests.performance.test_benchmarks.TestSystemResources" name="test_system_has_sufficient_memory" time="0.000" /><testcase classname="tests.performance.test_benchmarks.TestSystemResources" name="test_system_has_sufficient_disk_space" time="0.000" /><testcase classname="tests.performance.test_benchmarks.TestSystemResources" name="test_system_cpu_count" time="0.000" /><testcase classname="tests.unit.test_renamed_stages.TestPhase1RenamedStages" name="test_stage_module_importable[scripts.03_glossary_load-03_glossary_load]" time="0.248" /><testcase classname="tests.unit.test_renamed_stages.TestPhase1RenamedStages" name="test_stage_module_importable[scripts.05_ner-05_ner]" time="0.007" /><testcase classname="tests.unit.test_renamed_stages.TestPhase1RenamedStages" name="test_stage_module_importable[scripts.06_lyrics_detection-06_lyrics_detection]" time="0.020" /><testcase classname="tests.unit.test_renamed_stages.TestPhase1RenamedStages" name="test_stage_module_importable[scripts.07_hallucination_removal-07_hallucination_removal]" time="0.009" /><testcase classname="tests.unit.test_renamed_stages.TestPhase1RenamedStages" name="test_stage_module_importable[scripts.09_subtitle_gen-09_subtitle_gen]" time="0.005" /><testcase classname="tests.unit.test_renamed_stages.TestPhase1RenamedStages" name="test_stage_has_run_stage_function[scripts.03_glossary_load-03_glossary_load]" time="0.000" /><testcase classname="tests.unit.test_renamed_stages.TestPhase1RenamedStages" name="test_stage_has_run_stage_function[scripts.05_ner-05_ner]" time="0.000" /><testcase classname="tests.unit.test_renamed_stages.TestPhase1RenamedStages" name="test_stage_has_run_stage_function[scripts.06_lyrics_detection-06_lyrics_detection]" time="0.000" /><testcase classname="tests.unit.test_renamed_stages.TestPhase1RenamedStages" name="test_stage_has_run_stage_function[scripts.07_hallucination_removal-07_hallucination_removal]" time="0.000" /><testcase classname="tests.unit.test_renamed_stages.TestPhase1RenamedStages" name="test_stage_has_run_stage_function[scripts.09_subtitle_gen-09_subtitle_gen]" time="0.000" /><testcase classname="tests.unit.test_renamed_stages.TestPhase1RenamedStages" name="test_run_stage_signature[scripts.03_glossary_load-03_glossary_load]" time="0.000" /><testcase classname="tests.unit.test_renamed_stages.TestPhase1RenamedStages" name="test_run_stage_signature[scripts.05_ner-05_ner]" time="0.000" /><testcase classname="tests.unit.test_renamed_stages.TestPhase1RenamedStages" name="test_run_stage_signature[scripts.06_lyrics_detection-06_lyrics_detection]" time="0.000" /><testcase classname="tests.unit.test_renamed_stages.TestPhase1RenamedStages" name="test_run_stage_signature[scripts.07_hallucination_removal-07_hallucination_removal]" time="0.000" /><testcase classname="tests.unit.test_renamed_stages.TestPhase1RenamedStages" name="test_run_stage_signature[scripts.09_subtitle_gen-09_subtitle_gen]" time="0.000" /><testcase classname="tests.unit.test_renamed_stages.TestGlossaryLearnerModule" name="test_glossary_learner_importable" time="0.003" /><testcase classname="tests.unit.test_renamed_stages.TestGlossaryLearnerModule" name="test_glossary_learner_has_class" time="0.000" /><testcase classname="tests.unit.test_renamed_stages.TestStageFileNaming" name="test_all_stage_files_in_scripts_dir" time="0.001" /><testcase classname="tests.unit.test_renamed_stages.TestStageFileNaming" name="test_no_stage_subdirectories_remain" time="0.000" /><testcase classname="tests.unit.test_renamed_stages.TestStageFileNaming" name="test_stage_files_follow_naming_pattern" time="0.001" /><testcase classname="tests.unit.test_renamed_stages.TestStageImportPatterns" name="test_run_pipeline_uses_importlib" time="0.001" /><testcase classname="tests.unit.test_renamed_stages.TestStageImportPatterns" name="test_run_pipeline_no_old_sys_path_insertions" time="0.000" /><testcase classname="tests.unit.test_renamed_stages.TestStageModuleMetadata" name="test_module_has_docstring[scripts.03_glossary_load]" time="0.000" /><testcase classname="tests.unit.test_renamed_stages.TestStageModuleMetadata" name="test_module_has_docstring[scripts.03_glossary_learner]" time="0.000" /><testcase classname="tests.unit.test_renamed_stages.TestStageModuleMetadata" name="test_module_has_docstring[scripts.05_ner]" time="0.000" /><testcase classname="tests.unit.test_renamed_stages.TestStageModuleMetadata" name="test_module_has_docstring[scripts.06_lyrics_detection]" time="0.000" /><testcase classname="tests.unit.test_renamed_stages.TestStageModuleMetadata" name="test_module_has_docstring[scripts.07_hallucination_removal]" time="0.000" /><testcase classname="tests.unit.test_renamed_stages.TestStageModuleMetadata" name="test_module_has_docstring[scripts.09_subtitle_gen]" time="0.000" /><testcase classname="tests.unit.test_renamed_stages.TestStageModuleMetadata" name="test_module_has_logger[scripts.03_glossary_load]" time="0.001" /><testcase classname="tests.unit.test_renamed_stages.TestStageModuleMetadata" name="test_module_has_logger[scripts.03_glossary_learner]" time="0.001" /><testcase classname="tests.unit.test_renamed_stages.TestStageModuleMetadata" name="test_module_has_logger[scripts.05_ner]" time="0.001" /><testcase classname="tests.unit.test_renamed_stages.TestStageModuleMetadata" name="test_module_has_logger[scripts.06_lyrics_detection]" time="0.001" /><testcase classname="tests.unit.test_renamed_stages.TestStageModuleMetadata" name="test_module_has_logger[scripts.07_hallucination_removal]" time="0.001" /><testcase classname="tests.unit.test_renamed_stages.TestStageModuleMetadata" name="test_module_has_logger[scripts.09_subtitle_gen]" time="0.001" /><testcase classname="tests.unit.test_shared_modules.TestConfigLoader" name="test_config_loader_module_importable" time="0.003" /><testcase classname="tests.unit.test_shared_modules.TestConfigLoader" name="test_shared_config_module_importable" time="0.000" /><testcase classname="tests.unit.test_shared_modules.TestConfigLoader" name="test_load_config_returns_dict" time="0.005"><failure message="AssertionError: load_config should return dict&#10;assert False&#10; +  where False = isinstance(PipelineConfig(job_id='', user_id=1, title=None, year=None, workflow_mode='subtitle-gen', source_language=None, target_language=None, media_processing_mode='full', media_start_time=None, media_end_time=None, docker_registry='rajiup', docker_tag='latest', in_root='', output_root='./out', log_root='./logs', temp_root='./temp', log_level='info', log_format='json', log_to_console=True, log_to_file=True, secrets_path='./config/secrets.json', tmdb_api_key='ea32848e3a843143f35705bf3503557b', hf_token='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', step_demux=True, step_tmdb_metadata=True, step_pre_asr_ner=True, step_vad_silero=True, step_silero_vad=True, step_vad_pyannote=True, step_pyannote_vad=True, step_diarization=True, step_whisperx=True, step_post_asr_ner=True, step_subtitle_gen=True, step_mux=True, audio_sample_rate=16000, audio_channels=1, audio_format='wav', audio_codec='pcm_s16le', tmdb_enabled=True, tmdb_language='en-US', tmdb_infer_from_filename=True, pre_ner_enabled=True, pre_ner_model='en_core_web_trf', pre_ner_confidence_threshold=0.0, pre_ner_entity_types='PERSON,ORG,GPE,LOC,FAC', bias_enabled=True, bias_window_seconds=45, bias_stride_seconds=15, bias_topk=10, bias_min_confiden...glossary/prompts', glossary_cache_dir='glossary/cache', glossary_cache_enabled=True, glossary_cache_ttl_days=30, glossary_learning_enabled=False, glossary_auto_learn=True, glossary_min_occurrences=2, glossary_confidence_threshold=3, glossary_enabled=True, glossary_path='glossary/hinglish_master.tsv', glossary_strategy='adaptive', film_prompt_path='', frequency_data_path='glossary/learned/term_frequency.json', cps_target=15.0, cps_hard_cap=17.0, cps_enforcement=True, second_pass_enabled=True, second_pass_backend='nllb', lyric_detect_enabled=True, lyric_threshold=0.5, lyric_style='lyric', lyric_min_duration=30.0, post_ner_model='en_core_web_trf', post_ner_entity_correction=True, post_ner_tmdb_matching=True, post_ner_confidence_threshold=0.8, post_ner_device='cpu', mux_subtitle_codec='mov_text', mux_subtitle_language='eng', mux_subtitle_title='English', mux_copy_video=True, mux_copy_audio=True, mux_container_format='mp4', device='cpu', device_whisperx='cpu', device_diarization='cpu', device_vad='cpu', device_ner='cpu', docker_memory_limit='10g', docker_cpu_limit=4, enable_chunking=False, chunk_duration_minutes=30, cleanup_temp_files=True, keep_intermediate_files=False, max_retries=3), dict)">E   AssertionError: load_config should return dict
    assert False
     +  where False = isinstance(PipelineConfig(job_id='', user_id=1, title=None, year=None, workflow_mode='subtitle-gen', source_language=None, target_language=None, media_processing_mode='full', media_start_time=None, media_end_time=None, docker_registry='rajiup', docker_tag='latest', in_root='', output_root='./out', log_root='./logs', temp_root='./temp', log_level='info', log_format='json', log_to_console=True, log_to_file=True, secrets_path='./config/secrets.json', tmdb_api_key='ea32848e3a843143f35705bf3503557b', hf_token='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', step_demux=True, step_tmdb_metadata=True, step_pre_asr_ner=True, step_vad_silero=True, step_silero_vad=True, step_vad_pyannote=True, step_pyannote_vad=True, step_diarization=True, step_whisperx=True, step_post_asr_ner=True, step_subtitle_gen=True, step_mux=True, audio_sample_rate=16000, audio_channels=1, audio_format='wav', audio_codec='pcm_s16le', tmdb_enabled=True, tmdb_language='en-US', tmdb_infer_from_filename=True, pre_ner_enabled=True, pre_ner_model='en_core_web_trf', pre_ner_confidence_threshold=0.0, pre_ner_entity_types='PERSON,ORG,GPE,LOC,FAC', bias_enabled=True, bias_window_seconds=45, bias_stride_seconds=15, bias_topk=10, bias_min_confiden...glossary/prompts', glossary_cache_dir='glossary/cache', glossary_cache_enabled=True, glossary_cache_ttl_days=30, glossary_learning_enabled=False, glossary_auto_learn=True, glossary_min_occurrences=2, glossary_confidence_threshold=3, glossary_enabled=True, glossary_path='glossary/hinglish_master.tsv', glossary_strategy='adaptive', film_prompt_path='', frequency_data_path='glossary/learned/term_frequency.json', cps_target=15.0, cps_hard_cap=17.0, cps_enforcement=True, second_pass_enabled=True, second_pass_backend='nllb', lyric_detect_enabled=True, lyric_threshold=0.5, lyric_style='lyric', lyric_min_duration=30.0, post_ner_model='en_core_web_trf', post_ner_entity_correction=True, post_ner_tmdb_matching=True, post_ner_confidence_threshold=0.8, post_ner_device='cpu', mux_subtitle_codec='mov_text', mux_subtitle_language='eng', mux_subtitle_title='English', mux_copy_video=True, mux_copy_audio=True, mux_container_format='mp4', device='cpu', device_whisperx='cpu', device_diarization='cpu', device_vad='cpu', device_ner='cpu', docker_memory_limit='10g', docker_cpu_limit=4, enable_chunking=False, chunk_duration_minutes=30, cleanup_temp_files=True, keep_intermediate_files=False, max_retries=3), dict)</failure></testcase><testcase classname="tests.unit.test_shared_modules.TestConfigLoader" name="test_config_handles_missing_file_gracefully" time="0.003"><failure message="AssertionError: assert False&#10; +  where False = isinstance(PipelineConfig(job_id='', user_id=1, title=None, year=None, workflow_mode='subtitle-gen', source_language=None, target_language=None, media_processing_mode='full', media_start_time=None, media_end_time=None, docker_registry='rajiup', docker_tag='latest', in_root='', output_root='./out', log_root='./logs', temp_root='./temp', log_level='info', log_format='json', log_to_console=True, log_to_file=True, secrets_path='./config/secrets.json', tmdb_api_key='ea32848e3a843143f35705bf3503557b', hf_token='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', step_demux=True, step_tmdb_metadata=True, step_pre_asr_ner=True, step_vad_silero=True, step_silero_vad=True, step_vad_pyannote=True, step_pyannote_vad=True, step_diarization=True, step_whisperx=True, step_post_asr_ner=True, step_subtitle_gen=True, step_mux=True, audio_sample_rate=16000, audio_channels=1, audio_format='wav', audio_codec='pcm_s16le', tmdb_enabled=True, tmdb_language='en-US', tmdb_infer_from_filename=True, pre_ner_enabled=True, pre_ner_model='en_core_web_trf', pre_ner_confidence_threshold=0.0, pre_ner_entity_types='PERSON,ORG,GPE,LOC,FAC', bias_enabled=True, bias_window_seconds=45, bias_stride_seconds=15, bias_topk=10, bias_min_confiden...glossary/prompts', glossary_cache_dir='glossary/cache', glossary_cache_enabled=True, glossary_cache_ttl_days=30, glossary_learning_enabled=False, glossary_auto_learn=True, glossary_min_occurrences=2, glossary_confidence_threshold=3, glossary_enabled=True, glossary_path='glossary/hinglish_master.tsv', glossary_strategy='adaptive', film_prompt_path='', frequency_data_path='glossary/learned/term_frequency.json', cps_target=15.0, cps_hard_cap=17.0, cps_enforcement=True, second_pass_enabled=True, second_pass_backend='nllb', lyric_detect_enabled=True, lyric_threshold=0.5, lyric_style='lyric', lyric_min_duration=30.0, post_ner_model='en_core_web_trf', post_ner_entity_correction=True, post_ner_tmdb_matching=True, post_ner_confidence_threshold=0.8, post_ner_device='cpu', mux_subtitle_codec='mov_text', mux_subtitle_language='eng', mux_subtitle_title='English', mux_copy_video=True, mux_copy_audio=True, mux_container_format='mp4', device='cpu', device_whisperx='cpu', device_diarization='cpu', device_vad='cpu', device_ner='cpu', docker_memory_limit='10g', docker_cpu_limit=4, enable_chunking=False, chunk_duration_minutes=30, cleanup_temp_files=True, keep_intermediate_files=False, max_retries=3), dict)">E   AssertionError: assert False
     +  where False = isinstance(PipelineConfig(job_id='', user_id=1, title=None, year=None, workflow_mode='subtitle-gen', source_language=None, target_language=None, media_processing_mode='full', media_start_time=None, media_end_time=None, docker_registry='rajiup', docker_tag='latest', in_root='', output_root='./out', log_root='./logs', temp_root='./temp', log_level='info', log_format='json', log_to_console=True, log_to_file=True, secrets_path='./config/secrets.json', tmdb_api_key='ea32848e3a843143f35705bf3503557b', hf_token='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', step_demux=True, step_tmdb_metadata=True, step_pre_asr_ner=True, step_vad_silero=True, step_silero_vad=True, step_vad_pyannote=True, step_pyannote_vad=True, step_diarization=True, step_whisperx=True, step_post_asr_ner=True, step_subtitle_gen=True, step_mux=True, audio_sample_rate=16000, audio_channels=1, audio_format='wav', audio_codec='pcm_s16le', tmdb_enabled=True, tmdb_language='en-US', tmdb_infer_from_filename=True, pre_ner_enabled=True, pre_ner_model='en_core_web_trf', pre_ner_confidence_threshold=0.0, pre_ner_entity_types='PERSON,ORG,GPE,LOC,FAC', bias_enabled=True, bias_window_seconds=45, bias_stride_seconds=15, bias_topk=10, bias_min_confiden...glossary/prompts', glossary_cache_dir='glossary/cache', glossary_cache_enabled=True, glossary_cache_ttl_days=30, glossary_learning_enabled=False, glossary_auto_learn=True, glossary_min_occurrences=2, glossary_confidence_threshold=3, glossary_enabled=True, glossary_path='glossary/hinglish_master.tsv', glossary_strategy='adaptive', film_prompt_path='', frequency_data_path='glossary/learned/term_frequency.json', cps_target=15.0, cps_hard_cap=17.0, cps_enforcement=True, second_pass_enabled=True, second_pass_backend='nllb', lyric_detect_enabled=True, lyric_threshold=0.5, lyric_style='lyric', lyric_min_duration=30.0, post_ner_model='en_core_web_trf', post_ner_entity_correction=True, post_ner_tmdb_matching=True, post_ner_confidence_threshold=0.8, post_ner_device='cpu', mux_subtitle_codec='mov_text', mux_subtitle_language='eng', mux_subtitle_title='English', mux_copy_video=True, mux_copy_audio=True, mux_container_format='mp4', device='cpu', device_whisperx='cpu', device_diarization='cpu', device_vad='cpu', device_ner='cpu', docker_memory_limit='10g', docker_cpu_limit=4, enable_chunking=False, chunk_duration_minutes=30, cleanup_temp_files=True, keep_intermediate_files=False, max_retries=3), dict)</failure></testcase><testcase classname="tests.unit.test_shared_modules.TestStageUtils" name="test_stage_utils_importable" time="0.000" /><testcase classname="tests.unit.test_shared_modules.TestStageUtils" name="test_stageio_class_exists" time="0.000" /><testcase classname="tests.unit.test_shared_modules.TestStageUtils" name="test_stageio_can_be_instantiated" time="0.002" /><testcase classname="tests.unit.test_shared_modules.TestStageUtils" name="test_stageio_creates_stage_directory" time="0.002"><failure message="AssertionError: StageIO should create stage directory&#10;assert False&#10; +  where False = exists()&#10; +    where exists = PosixPath('/var/folders/3s/1tzr9fgd00n236ct50ny49vh0000gn/T/tmp1dnq6k8s/test_stage').exists">E   AssertionError: StageIO should create stage directory
    assert False
     +  where False = exists()
     +    where exists = PosixPath('/var/folders/3s/1tzr9fgd00n236ct50ny49vh0000gn/T/tmp1dnq6k8s/test_stage').exists</failure></testcase><testcase classname="tests.unit.test_shared_modules.TestStageUtils" name="test_stageio_has_stage_logger_method" time="0.002" /><testcase classname="tests.unit.test_shared_modules.TestLogger" name="test_logger_module_importable" time="0.000" /><testcase classname="tests.unit.test_shared_modules.TestLogger" name="test_get_logger_returns_logger" time="0.000" /><testcase classname="tests.unit.test_shared_modules.TestLogger" name="test_get_logger_with_name" time="0.000" /><testcase classname="tests.unit.test_shared_modules.TestLogger" name="test_pipeline_logger_class_exists" time="0.000" /><testcase classname="tests.unit.test_shared_modules.TestManifest" name="test_manifest_module_importable" time="0.000" /><testcase classname="tests.unit.test_shared_modules.TestManifest" name="test_manifest_can_be_instantiated" time="0.002" /><testcase classname="tests.unit.test_shared_modules.TestManifest" name="test_manifest_has_add_input_method" time="0.002"><skipped type="pytest.skip" message="StageManifest API may differ - adjust test based on actual implementation">/Users/rpatel/Projects/Active/cp-whisperx-app/tests/unit/test_shared_modules.py:201: StageManifest API may differ - adjust test based on actual implementation</skipped></testcase><testcase classname="tests.unit.test_shared_modules.TestManifest" name="test_manifest_has_add_output_method" time="0.001" /><testcase classname="tests.unit.test_shared_modules.TestEnvironmentManager" name="test_environment_manager_importable" time="0.005" /><testcase classname="tests.unit.test_shared_modules.TestEnvironmentManager" name="test_environment_manager_can_be_instantiated" time="0.001" /><testcase classname="tests.unit.test_shared_modules.TestEnvironmentManager" name="test_environment_manager_detects_platform" time="0.000" /><testcase classname="tests.unit.test_shared_modules.TestStageDependencies" name="test_stage_dependencies_module_importable" time="0.002" /><testcase classname="tests.unit.test_shared_modules.TestStageDependencies" name="test_validate_stage_dependencies_function_exists" time="0.000" /><testcase classname="tests.unit.test_shared_modules.TestStageDependencies" name="test_get_workflow_stages_function_exists" time="0.000" /><testcase classname="tests.unit.test_shared_modules.TestStageDependencies" name="test_stage_dependencies_dict_exists" time="0.000" /><testcase classname="tests.unit.test_shared_modules.TestStageDependencies" name="test_workflow_presets_dict_exists" time="0.000" /><testcase classname="tests.unit.test_shared_modules.TestStageOrder" name="test_stage_order_module_importable" time="0.000" /><testcase classname="tests.unit.test_shared_modules.TestStageOrder" name="test_get_stage_dir_function_exists" time="0.000" /><testcase classname="tests.unit.test_shared_modules.TestStageOrder" name="test_get_stage_dir_returns_string" time="0.000" /><testcase classname="tests.unit.test_shared_modules.TestHardwareDetection" name="test_hardware_detection_importable" time="0.003" /><testcase classname="tests.unit.test_shared_modules.TestHardwareDetection" name="test_hardware_detection_has_functions" time="0.000" /><testcase classname="tests.unit.test_shared_modules.TestAllSharedModules" name="test_shared_module_importable[shared.config]" time="0.000" /><testcase classname="tests.unit.test_shared_modules.TestAllSharedModules" name="test_shared_module_importable[shared.logger]" time="0.000" /><testcase classname="tests.unit.test_shared_modules.TestAllSharedModules" name="test_shared_module_importable[shared.manifest]" time="0.000" /><testcase classname="tests.unit.test_shared_modules.TestAllSharedModules" name="test_shared_module_importable[shared.stage_utils]" time="0.000" /><testcase classname="tests.unit.test_shared_modules.TestAllSharedModules" name="test_shared_module_importable[shared.environment_manager]" time="0.000" /><testcase classname="tests.unit.test_shared_modules.TestAllSharedModules" name="test_shared_module_importable[shared.stage_dependencies]" time="0.000" /><testcase classname="tests.unit.test_shared_modules.TestAllSharedModules" name="test_shared_module_importable[shared.stage_order]" time="0.000" /><testcase classname="tests.unit.test_shared_modules.TestAllSharedModules" name="test_shared_module_importable[shared.hardware_detection]" time="0.000" /><testcase classname="tests.unit.test_shared_modules.TestAllSharedModules" name="test_shared_module_importable[shared.model_checker]" time="0.003" /><testcase classname="tests.unit.test_shared_modules.TestAllSharedModules" name="test_shared_module_has_docstring[shared.config]" time="0.000" /><testcase classname="tests.unit.test_shared_modules.TestAllSharedModules" name="test_shared_module_has_docstring[shared.logger]" time="0.000" /><testcase classname="tests.unit.test_shared_modules.TestAllSharedModules" name="test_shared_module_has_docstring[shared.manifest]" time="0.000" /><testcase classname="tests.unit.test_shared_modules.TestAllSharedModules" name="test_shared_module_has_docstring[shared.stage_utils]" time="0.000" /><testcase classname="tests.unit.test_shared_modules.TestAllSharedModules" name="test_shared_module_has_docstring[shared.environment_manager]" time="0.000" /><testcase classname="tests.unit.test_shared_modules.TestAllSharedModules" name="test_shared_module_has_docstring[shared.stage_dependencies]" time="0.000" /><testcase classname="tests.unit.test_shared_modules.TestAllSharedModules" name="test_shared_module_has_docstring[shared.stage_order]" time="0.000" /><testcase classname="tests.unit.test_shared_modules.TestAllSharedModules" name="test_shared_module_has_docstring[shared.hardware_detection]" time="0.000" /><testcase classname="tests.unit.test_shared_modules.TestAllSharedModules" name="test_shared_module_has_docstring[shared.model_checker]" time="0.000" /><testcase classname="tests.unit.test_shared_modules.TestAllSharedModules" name="test_shared_module_file_exists[shared.config]" time="0.000" /><testcase classname="tests.unit.test_shared_modules.TestAllSharedModules" name="test_shared_module_file_exists[shared.logger]" time="0.000" /><testcase classname="tests.unit.test_shared_modules.TestAllSharedModules" name="test_shared_module_file_exists[shared.manifest]" time="0.000" /><testcase classname="tests.unit.test_shared_modules.TestAllSharedModules" name="test_shared_module_file_exists[shared.stage_utils]" time="0.000" /><testcase classname="tests.unit.test_shared_modules.TestAllSharedModules" name="test_shared_module_file_exists[shared.environment_manager]" time="0.000" /><testcase classname="tests.unit.test_shared_modules.TestAllSharedModules" name="test_shared_module_file_exists[shared.stage_dependencies]" time="0.000" /><testcase classname="tests.unit.test_shared_modules.TestAllSharedModules" name="test_shared_module_file_exists[shared.stage_order]" time="0.000" /><testcase classname="tests.unit.test_shared_modules.TestAllSharedModules" name="test_shared_module_file_exists[shared.hardware_detection]" time="0.000" /><testcase classname="tests.unit.test_shared_modules.TestAllSharedModules" name="test_shared_module_file_exists[shared.model_checker]" time="0.000" /><testcase classname="tests.unit.stages.test_core_stages.TestDemuxStage" name="test_demux_script_exists" time="0.000" /><testcase classname="tests.unit.stages.test_core_stages.TestDemuxStage" name="test_demux_is_executable" time="0.001" /><testcase classname="tests.unit.stages.test_core_stages.TestDemuxStage" name="test_demux_imports_correctly" time="0.006" /><testcase classname="tests.unit.stages.test_core_stages.TestTMDBEnrichmentStage" name="test_tmdb_enrichment_module_importable" time="0.526" /><testcase classname="tests.unit.stages.test_core_stages.TestTMDBEnrichmentStage" name="test_tmdb_enrichment_has_run_stage" time="0.001" /><testcase classname="tests.unit.stages.test_core_stages.TestTMDBEnrichmentStage" name="test_tmdb_enrichment_has_docstring" time="0.000" /><testcase classname="tests.unit.stages.test_core_stages.TestSourceSeparationStage" name="test_source_separation_module_importable" time="0.007" /><testcase classname="tests.unit.stages.test_core_stages.TestSourceSeparationStage" name="test_source_separation_has_run_stage" time="0.001"><failure message="AssertionError: Missing run_stage() function&#10;assert False&#10; +  where False = hasattr(&lt;module 'scripts.04_source_separation' from '/Users/rpatel/Projects/Active/cp-whisperx-app/scripts/04_source_separation.py'&gt;, 'run_stage')">E   AssertionError: Missing run_stage() function
    assert False
     +  where False = hasattr(&lt;module 'scripts.04_source_separation' from '/Users/rpatel/Projects/Active/cp-whisperx-app/scripts/04_source_separation.py'&gt;, 'run_stage')</failure></testcase><testcase classname="tests.unit.stages.test_core_stages.TestSourceSeparationStage" name="test_source_separation_uses_logger" time="0.001" /><testcase classname="tests.unit.stages.test_core_stages.TestPyannoteVADStage" name="test_pyannote_vad_module_importable" time="0.002"><failure message="  File &quot;/Users/rpatel/Projects/Active/cp-whisperx-app/scripts/05_pyannote_vad.py&quot;, line 90&#10;    logger.error(f&quot;✗ File not found: {e}&quot;, exc_info=True, exc_info=True)&#10;                                                            ^^^^^^^^^^^^^&#10;SyntaxError: keyword argument repeated: exc_info">E     File "/Users/rpatel/Projects/Active/cp-whisperx-app/scripts/05_pyannote_vad.py", line 90
        logger.error(f"✗ File not found: {e}", exc_info=True, exc_info=True)
                                                                ^^^^^^^^^^^^^
    SyntaxError: keyword argument repeated: exc_info</failure></testcase><testcase classname="tests.unit.stages.test_core_stages.TestPyannoteVADStage" name="test_pyannote_vad_has_run_stage" time="0.001"><failure message="  File &quot;/Users/rpatel/Projects/Active/cp-whisperx-app/scripts/05_pyannote_vad.py&quot;, line 90&#10;    logger.error(f&quot;✗ File not found: {e}&quot;, exc_info=True, exc_info=True)&#10;                                                            ^^^^^^^^^^^^^&#10;SyntaxError: keyword argument repeated: exc_info">E     File "/Users/rpatel/Projects/Active/cp-whisperx-app/scripts/05_pyannote_vad.py", line 90
        logger.error(f"✗ File not found: {e}", exc_info=True, exc_info=True)
                                                                ^^^^^^^^^^^^^
    SyntaxError: keyword argument repeated: exc_info</failure></testcase><testcase classname="tests.unit.stages.test_core_stages.TestPyannoteVADStage" name="test_pyannote_vad_has_docstring" time="0.001"><failure message="  File &quot;/Users/rpatel/Projects/Active/cp-whisperx-app/scripts/05_pyannote_vad.py&quot;, line 90&#10;    logger.error(f&quot;✗ File not found: {e}&quot;, exc_info=True, exc_info=True)&#10;                                                            ^^^^^^^^^^^^^&#10;SyntaxError: keyword argument repeated: exc_info">E     File "/Users/rpatel/Projects/Active/cp-whisperx-app/scripts/05_pyannote_vad.py", line 90
        logger.error(f"✗ File not found: {e}", exc_info=True, exc_info=True)
                                                                ^^^^^^^^^^^^^
    SyntaxError: keyword argument repeated: exc_info</failure></testcase><testcase classname="tests.unit.stages.test_core_stages.TestWhisperXASRStage" name="test_whisperx_asr_module_importable" time="0.007"><failure message="Failed: Failed to import 06_whisperx_asr: No module named 'whisperx_integration'">E   ModuleNotFoundError: No module named 'whisperx_integration'

During handling of the above exception, another exception occurred:
E   Failed: Failed to import 06_whisperx_asr: No module named 'whisperx_integration'</failure></testcase><testcase classname="tests.unit.stages.test_core_stages.TestWhisperXASRStage" name="test_whisperx_asr_has_run_stage" time="0.001"><failure message="ModuleNotFoundError: No module named 'whisperx_integration'">E   ModuleNotFoundError: No module named 'whisperx_integration'</failure></testcase><testcase classname="tests.unit.stages.test_core_stages.TestWhisperXASRStage" name="test_whisperx_asr_uses_logger" time="0.000" /><testcase classname="tests.unit.stages.test_core_stages.TestAlignmentStage" name="test_alignment_module_importable" time="0.002"><failure message="  File &quot;/Users/rpatel/Projects/Active/cp-whisperx-app/scripts/07_alignment.py&quot;, line 260&#10;    logger: logging.Logger&#10;          ^&#10;SyntaxError: invalid syntax">E     File "/Users/rpatel/Projects/Active/cp-whisperx-app/scripts/07_alignment.py", line 260
        logger: logging.Logger
              ^
    SyntaxError: invalid syntax</failure></testcase><testcase classname="tests.unit.stages.test_core_stages.TestAlignmentStage" name="test_alignment_has_run_stage" time="0.002"><failure message="  File &quot;/Users/rpatel/Projects/Active/cp-whisperx-app/scripts/07_alignment.py&quot;, line 260&#10;    logger: logging.Logger&#10;          ^&#10;SyntaxError: invalid syntax">E     File "/Users/rpatel/Projects/Active/cp-whisperx-app/scripts/07_alignment.py", line 260
        logger: logging.Logger
              ^
    SyntaxError: invalid syntax</failure></testcase><testcase classname="tests.unit.stages.test_core_stages.TestAlignmentStage" name="test_alignment_has_docstring" time="0.002"><failure message="  File &quot;/Users/rpatel/Projects/Active/cp-whisperx-app/scripts/07_alignment.py&quot;, line 260&#10;    logger: logging.Logger&#10;          ^&#10;SyntaxError: invalid syntax">E     File "/Users/rpatel/Projects/Active/cp-whisperx-app/scripts/07_alignment.py", line 260
        logger: logging.Logger
              ^
    SyntaxError: invalid syntax</failure></testcase><testcase classname="tests.unit.stages.test_core_stages.TestTranslationStage" name="test_translation_module_importable" time="38.435" /><testcase classname="tests.unit.stages.test_core_stages.TestTranslationStage" name="test_translation_has_run_stage" time="0.000" /><testcase classname="tests.unit.stages.test_core_stages.TestTranslationStage" name="test_translation_uses_logger" time="0.001" /><testcase classname="tests.unit.stages.test_core_stages.TestTranslationStage" name="test_translation_has_docstring" time="0.000" /><testcase classname="tests.unit.stages.test_core_stages.TestMuxStage" name="test_mux_module_importable" time="0.019" /><testcase classname="tests.unit.stages.test_core_stages.TestMuxStage" name="test_mux_has_run_stage" time="0.000" /><testcase classname="tests.unit.stages.test_core_stages.TestMuxStage" name="test_mux_has_docstring" time="0.000" /><testcase classname="tests.unit.stages.test_core_stages.TestAllStagesCommon" name="test_stage_file_exists[scripts.01_demux]" time="0.000" /><testcase classname="tests.unit.stages.test_core_stages.TestAllStagesCommon" name="test_stage_file_exists[scripts.02_tmdb_enrichment]" time="0.000" /><testcase classname="tests.unit.stages.test_core_stages.TestAllStagesCommon" name="test_stage_file_exists[scripts.04_source_separation]" time="0.000" /><testcase classname="tests.unit.stages.test_core_stages.TestAllStagesCommon" name="test_stage_file_exists[scripts.05_pyannote_vad]" time="0.000" /><testcase classname="tests.unit.stages.test_core_stages.TestAllStagesCommon" name="test_stage_file_exists[scripts.06_whisperx_asr]" time="0.000" /><testcase classname="tests.unit.stages.test_core_stages.TestAllStagesCommon" name="test_stage_file_exists[scripts.07_alignment]" time="0.000" /><testcase classname="tests.unit.stages.test_core_stages.TestAllStagesCommon" name="test_stage_file_exists[scripts.08_translation]" time="0.000" /><testcase classname="tests.unit.stages.test_core_stages.TestAllStagesCommon" name="test_stage_file_exists[scripts.10_mux]" time="0.000" /><testcase classname="tests.unit.stages.test_core_stages.TestAllStagesCommon" name="test_stage_has_no_syntax_errors[scripts.01_demux]" time="0.004" /><testcase classname="tests.unit.stages.test_core_stages.TestAllStagesCommon" name="test_stage_has_no_syntax_errors[scripts.02_tmdb_enrichment]" time="0.004" /><testcase classname="tests.unit.stages.test_core_stages.TestAllStagesCommon" name="test_stage_has_no_syntax_errors[scripts.04_source_separation]" time="0.003" /><testcase classname="tests.unit.stages.test_core_stages.TestAllStagesCommon" name="test_stage_has_no_syntax_errors[scripts.05_pyannote_vad]" time="0.002"><failure message="Failed: 05_pyannote_vad.py has syntax errors:   File &quot;/Users/rpatel/Projects/Active/cp-whisperx-app/scripts/05_pyannote_vad.py&quot;, line 90&#10;    logger.error(f&quot;✗ File not found: {e}&quot;, exc_info=True, exc_info=True)&#10;                                                            ^^^^^^^^^^^^^&#10;SyntaxError: keyword argument repeated: exc_info">E     File "/Users/rpatel/Projects/Active/cp-whisperx-app/scripts/05_pyannote_vad.py", line 90
        logger.error(f"✗ File not found: {e}", exc_info=True, exc_info=True)
                                                                ^^^^^^^^^^^^^
    SyntaxError: keyword argument repeated: exc_info

During handling of the above exception, another exception occurred:
E   py_compile.PyCompileError:   File "/Users/rpatel/Projects/Active/cp-whisperx-app/scripts/05_pyannote_vad.py", line 90
        logger.error(f"✗ File not found: {e}", exc_info=True, exc_info=True)
                                                                ^^^^^^^^^^^^^
    SyntaxError: keyword argument repeated: exc_info

During handling of the above exception, another exception occurred:
E   Failed: 05_pyannote_vad.py has syntax errors:   File "/Users/rpatel/Projects/Active/cp-whisperx-app/scripts/05_pyannote_vad.py", line 90
        logger.error(f"✗ File not found: {e}", exc_info=True, exc_info=True)
                                                                ^^^^^^^^^^^^^
    SyntaxError: keyword argument repeated: exc_info</failure></testcase><testcase classname="tests.unit.stages.test_core_stages.TestAllStagesCommon" name="test_stage_has_no_syntax_errors[scripts.06_whisperx_asr]" time="0.002" /><testcase classname="tests.unit.stages.test_core_stages.TestAllStagesCommon" name="test_stage_has_no_syntax_errors[scripts.07_alignment]" time="0.002"><failure message="Failed: 07_alignment.py has syntax errors:   File &quot;/Users/rpatel/Projects/Active/cp-whisperx-app/scripts/07_alignment.py&quot;, line 260&#10;    logger: logging.Logger&#10;          ^&#10;SyntaxError: invalid syntax">E     File "/Users/rpatel/Projects/Active/cp-whisperx-app/scripts/07_alignment.py", line 260
        logger: logging.Logger
              ^
    SyntaxError: invalid syntax

During handling of the above exception, another exception occurred:
E   py_compile.PyCompileError:   File "/Users/rpatel/Projects/Active/cp-whisperx-app/scripts/07_alignment.py", line 260
        logger: logging.Logger
              ^
    SyntaxError: invalid syntax

During handling of the above exception, another exception occurred:
E   Failed: 07_alignment.py has syntax errors:   File "/Users/rpatel/Projects/Active/cp-whisperx-app/scripts/07_alignment.py", line 260
        logger: logging.Logger
              ^
    SyntaxError: invalid syntax</failure></testcase><testcase classname="tests.unit.stages.test_core_stages.TestAllStagesCommon" name="test_stage_has_no_syntax_errors[scripts.08_translation]" time="0.005" /><testcase classname="tests.unit.stages.test_core_stages.TestAllStagesCommon" name="test_stage_has_no_syntax_errors[scripts.10_mux]" time="0.003" /><testcase classname="tests.unit.stages.test_core_stages.TestAllStagesCommon" name="test_stage_follows_naming_pattern[scripts.01_demux]" time="0.000" /><testcase classname="tests.unit.stages.test_core_stages.TestAllStagesCommon" name="test_stage_follows_naming_pattern[scripts.02_tmdb_enrichment]" time="0.000" /><testcase classname="tests.unit.stages.test_core_stages.TestAllStagesCommon" name="test_stage_follows_naming_pattern[scripts.04_source_separation]" time="0.000" /><testcase classname="tests.unit.stages.test_core_stages.TestAllStagesCommon" name="test_stage_follows_naming_pattern[scripts.05_pyannote_vad]" time="0.000" /><testcase classname="tests.unit.stages.test_core_stages.TestAllStagesCommon" name="test_stage_follows_naming_pattern[scripts.06_whisperx_asr]" time="0.000" /><testcase classname="tests.unit.stages.test_core_stages.TestAllStagesCommon" name="test_stage_follows_naming_pattern[scripts.07_alignment]" time="0.000" /><testcase classname="tests.unit.stages.test_core_stages.TestAllStagesCommon" name="test_stage_follows_naming_pattern[scripts.08_translation]" time="0.000" /><testcase classname="tests.unit.stages.test_core_stages.TestAllStagesCommon" name="test_stage_follows_naming_pattern[scripts.10_mux]" time="0.000" /><testcase classname="tests.integration.test_standard_media.TestStandardMediaAvailability" name="test_sample1_exists" time="0.000" /><testcase classname="tests.integration.test_standard_media.TestStandardMediaAvailability" name="test_sample2_exists" time="0.000" /><testcase classname="tests.integration.test_standard_media.TestStandardMediaAvailability" name="test_test_media_index_exists" time="0.005" /><testcase classname="tests.integration.test_standard_media.TestSample1Transcribe" name="test_sample1_transcribe_workflow" time="0.000"><skipped type="pytest.skip" message="Phase 3 - Requires full pipeline integration">/Users/rpatel/Projects/Active/cp-whisperx-app/tests/integration/test_standard_media.py:162: Phase 3 - Requires full pipeline integration</skipped></testcase><testcase classname="tests.integration.test_standard_media.TestSample1Transcribe" name="test_sample1_handles_technical_terminology" time="0.000"><skipped type="pytest.skip" message="Phase 3 - Requires full pipeline integration">/Users/rpatel/Projects/Active/cp-whisperx-app/tests/integration/test_standard_media.py:185: Phase 3 - Requires full pipeline integration</skipped></testcase><testcase classname="tests.integration.test_standard_media.TestSample1Translate" name="test_sample1_english_to_hindi_translation" time="0.000"><skipped type="pytest.skip" message="Phase 3 - Requires full pipeline integration">/Users/rpatel/Projects/Active/cp-whisperx-app/tests/integration/test_standard_media.py:201: Phase 3 - Requires full pipeline integration</skipped></testcase><testcase classname="tests.integration.test_standard_media.TestSample2Subtitle" name="test_sample2_subtitle_workflow" time="0.000"><skipped type="pytest.skip" message="Phase 3 - Requires full pipeline integration">/Users/rpatel/Projects/Active/cp-whisperx-app/tests/integration/test_standard_media.py:227: Phase 3 - Requires full pipeline integration</skipped></testcase><testcase classname="tests.integration.test_standard_media.TestSample2Subtitle" name="test_sample2_character_name_preservation" time="0.000"><skipped type="pytest.skip" message="Phase 3 - Requires full pipeline integration">/Users/rpatel/Projects/Active/cp-whisperx-app/tests/integration/test_standard_media.py:257: Phase 3 - Requires full pipeline integration</skipped></testcase><testcase classname="tests.integration.test_standard_media.TestSample2Subtitle" name="test_sample2_hinglish_code_mixing_handled" time="0.000"><skipped type="pytest.skip" message="Phase 3 - Requires full pipeline integration">/Users/rpatel/Projects/Active/cp-whisperx-app/tests/integration/test_standard_media.py:266: Phase 3 - Requires full pipeline integration</skipped></testcase><testcase classname="tests.integration.test_standard_media.TestSample2Transcribe" name="test_sample2_transcribe_workflow" time="0.000"><skipped type="pytest.skip" message="Phase 3 - Requires full pipeline integration">/Users/rpatel/Projects/Active/cp-whisperx-app/tests/integration/test_standard_media.py:282: Phase 3 - Requires full pipeline integration</skipped></testcase><testcase classname="tests.integration.test_standard_media.TestSample2Translate" name="test_sample2_hindi_to_english_translation" time="0.000"><skipped type="pytest.skip" message="Phase 3 - Requires full pipeline integration">/Users/rpatel/Projects/Active/cp-whisperx-app/tests/integration/test_standard_media.py:304: Phase 3 - Requires full pipeline integration</skipped></testcase><testcase classname="tests.integration.test_standard_media.TestQualityBaselines" name="test_sample1_meets_asr_baseline" time="0.000"><skipped type="pytest.skip" message="Phase 3 - Requires baseline measurements">/Users/rpatel/Projects/Active/cp-whisperx-app/tests/integration/test_standard_media.py:329: Phase 3 - Requires baseline measurements</skipped></testcase><testcase classname="tests.integration.test_standard_media.TestQualityBaselines" name="test_sample1_meets_translation_baseline" time="0.000"><skipped type="pytest.skip" message="Phase 3 - Requires baseline measurements">/Users/rpatel/Projects/Active/cp-whisperx-app/tests/integration/test_standard_media.py:337: Phase 3 - Requires baseline measurements</skipped></testcase><testcase classname="tests.integration.test_standard_media.TestQualityBaselines" name="test_sample2_meets_asr_baseline" time="0.000"><skipped type="pytest.skip" message="Phase 3 - Requires baseline measurements">/Users/rpatel/Projects/Active/cp-whisperx-app/tests/integration/test_standard_media.py:345: Phase 3 - Requires baseline measurements</skipped></testcase><testcase classname="tests.integration.test_standard_media.TestQualityBaselines" name="test_sample2_meets_subtitle_baseline" time="0.000"><skipped type="pytest.skip" message="Phase 3 - Requires baseline measurements">/Users/rpatel/Projects/Active/cp-whisperx-app/tests/integration/test_standard_media.py:353: Phase 3 - Requires baseline measurements</skipped></testcase><testcase classname="tests.integration.test_standard_media.TestStandardMediaSmoke" name="test_sample1_is_video_file" time="0.001" /><testcase classname="tests.integration.test_standard_media.TestStandardMediaSmoke" name="test_sample2_is_video_file" time="0.001" /><testcase classname="tests.integration.test_workflow_integration.TestPrepareJobIntegration" name="test_prepare_job_script_exists" time="0.000" /><testcase classname="tests.integration.test_workflow_integration.TestPrepareJobIntegration" name="test_prepare_job_is_executable" time="0.000" /><testcase classname="tests.integration.test_workflow_integration.TestPrepareJobIntegration" name="test_prepare_job_creates_job_directory" time="0.000"><skipped type="pytest.skip" message="Requires actual execution - slow test">/Users/rpatel/Projects/Active/cp-whisperx-app/tests/integration/test_workflow_integration.py:118: Requires actual execution - slow test</skipped></testcase><testcase classname="tests.integration.test_workflow_integration.TestPrepareJobIntegration" name="test_prepare_job_creates_config" time="0.000"><skipped type="pytest.skip" message="Requires actual execution - slow test">/Users/rpatel/Projects/Active/cp-whisperx-app/tests/integration/test_workflow_integration.py:137: Requires actual execution - slow test</skipped></testcase><testcase classname="tests.integration.test_workflow_integration.TestWorkflowStructure" name="test_transcribe_workflow_stages_defined" time="0.000" /><testcase classname="tests.integration.test_workflow_integration.TestWorkflowStructure" name="test_translate_workflow_stages_defined" time="0.000" /><testcase classname="tests.integration.test_workflow_integration.TestWorkflowStructure" name="test_subtitle_workflow_stages_defined" time="0.000"><failure message="AssertionError: Subtitle workflow should have at least 8 stages (full pipeline)&#10;assert 5 &gt;= 8&#10; +  where 5 = len(['01_demux', '04_asr', '08_translation', '09_subtitle_gen', '10_mux'])">E   AssertionError: Subtitle workflow should have at least 8 stages (full pipeline)
    assert 5 &gt;= 8
     +  where 5 = len(['01_demux', '04_asr', '08_translation', '09_subtitle_gen', '10_mux'])</failure></testcase><testcase classname="tests.integration.test_workflow_integration.TestWorkflowStructure" name="test_workflow_dependencies_valid" time="0.000"><failure message="TypeError: object of type 'NoneType' has no len()">E   TypeError: object of type 'NoneType' has no len()</failure></testcase><testcase classname="tests.integration.test_workflow_integration.TestStageScriptsAvailable" name="test_stage_script_exists[01_demux.py]" time="0.000" /><testcase classname="tests.integration.test_workflow_integration.TestStageScriptsAvailable" name="test_stage_script_exists[02_tmdb_enrichment.py]" time="0.000" /><testcase classname="tests.integration.test_workflow_integration.TestStageScriptsAvailable" name="test_stage_script_exists[03_glossary_load.py]" time="0.000" /><testcase classname="tests.integration.test_workflow_integration.TestStageScriptsAvailable" name="test_stage_script_exists[04_source_separation.py]" time="0.000" /><testcase classname="tests.integration.test_workflow_integration.TestStageScriptsAvailable" name="test_stage_script_exists[05_pyannote_vad.py]" time="0.000" /><testcase classname="tests.integration.test_workflow_integration.TestStageScriptsAvailable" name="test_stage_script_exists[06_whisperx_asr.py]" time="0.000" /><testcase classname="tests.integration.test_workflow_integration.TestStageScriptsAvailable" name="test_stage_script_exists[07_alignment.py]" time="0.000" /><testcase classname="tests.integration.test_workflow_integration.TestStageScriptsAvailable" name="test_stage_script_exists[08_translation.py]" time="0.000" /><testcase classname="tests.integration.test_workflow_integration.TestStageScriptsAvailable" name="test_stage_script_exists[09_subtitle_generation.py]" time="0.000" /><testcase classname="tests.integration.test_workflow_integration.TestStageScriptsAvailable" name="test_stage_script_exists[10_mux.py]" time="0.000" /><testcase classname="tests.integration.test_workflow_integration.TestStageScriptsAvailable" name="test_stage_script_is_python[01_demux.py]" time="0.000" /><testcase classname="tests.integration.test_workflow_integration.TestStageScriptsAvailable" name="test_stage_script_is_python[02_tmdb_enrichment.py]" time="0.000" /><testcase classname="tests.integration.test_workflow_integration.TestStageScriptsAvailable" name="test_stage_script_is_python[03_glossary_load.py]" time="0.001" /><testcase classname="tests.integration.test_workflow_integration.TestStageScriptsAvailable" name="test_stage_script_is_python[04_source_separation.py]" time="0.000" /><testcase classname="tests.integration.test_workflow_integration.TestStageScriptsAvailable" name="test_stage_script_is_python[05_pyannote_vad.py]" time="0.000" /><testcase classname="tests.integration.test_workflow_integration.TestStageScriptsAvailable" name="test_stage_script_is_python[06_whisperx_asr.py]" time="0.000" /><testcase classname="tests.integration.test_workflow_integration.TestStageScriptsAvailable" name="test_stage_script_is_python[07_alignment.py]" time="0.000" /><testcase classname="tests.integration.test_workflow_integration.TestStageScriptsAvailable" name="test_stage_script_is_python[08_translation.py]" time="0.000"><failure message="AssertionError: Stage 08_translation.py should have Python shebang&#10;assert (False)&#10; +  where False = &lt;built-in method startswith of str object at 0x117d1ed30&gt;('#!')&#10; +    where &lt;built-in method startswith of str object at 0x117d1ed30&gt; = '&quot;&quot;&quot;\n'.startswith">E   AssertionError: Stage 08_translation.py should have Python shebang
    assert (False)
     +  where False = &lt;built-in method startswith of str object at 0x117d1ed30&gt;('#!')
     +    where &lt;built-in method startswith of str object at 0x117d1ed30&gt; = '"""\n'.startswith</failure></testcase><testcase classname="tests.integration.test_workflow_integration.TestStageScriptsAvailable" name="test_stage_script_is_python[09_subtitle_generation.py]" time="0.001" /><testcase classname="tests.integration.test_workflow_integration.TestStageScriptsAvailable" name="test_stage_script_is_python[10_mux.py]" time="0.000" /><testcase classname="tests.integration.test_workflow_integration.TestJobDirectoryStructure" name="test_output_directory_exists" time="0.000" /><testcase classname="tests.integration.test_workflow_integration.TestJobDirectoryStructure" name="test_logs_directory_exists" time="0.000" /><testcase classname="tests.integration.test_workflow_integration.TestJobDirectoryStructure" name="test_expected_stage_directories_structure" time="0.003" /><testcase classname="tests.integration.test_workflow_integration.TestPipelineRunner" name="test_run_pipeline_script_exists" time="0.000" /><testcase classname="tests.integration.test_workflow_integration.TestPipelineRunner" name="test_run_pipeline_py_exists" time="0.000" /><testcase classname="tests.integration.test_workflow_integration.TestPipelineRunner" name="test_run_pipeline_has_main_function" time="0.001"><skipped type="pytest.skip" message="Could not verify run-pipeline.py: run-pipeline.py should have main execution guard&#10;assert &quot;if __name__ == '__main__'&quot; in '#!/usr/bin/env python3\n&quot;&quot;&quot;\nIndicTrans2 Pipeline Orchestrator\n\nSimplified pipeline execution for IndicTrans2 workflows:\n- Transcribe workflow: demux → asr → alignment\n- Translate workflow: load_transcript → indictrans2_translation → subtitle_generation\n\nReuses existing infrastructure:\n- shared/logger.py for logging\n- shared/manifest.py for tracking\n- Existing stage implementations where possible\n&quot;&quot;&quot;\n\n# Standard library\nimport sys\nimport os\nimport json\nimport argparse\nimport subprocess\nimport traceback\nimport logging\nfrom pathlib import Path\nfrom datetime import datetime\nfrom typing import Optional, Dict, List, Any\n\n# Add paths for imports\nSCRIPT_DIR = Path(__file__).parent\nPROJECT_ROOT = SCRIPT_DIR.parent\nsys.path.insert(0, str(PROJECT_ROOT))\n\nfrom shared.logger import PipelineLogger, get_logger\nfrom shared.environment_manager import EnvironmentManager\nfrom scripts.config_loader import Config\nfrom shared.stage_order import get_stage_dir\nfrom shared.stage_dependencies import (\n    validate_stage_dependencies,\n    get_workflow_stages,\n    get_execution_order\n)\n\n# Initialize logger\nlogger = get_logger(__name__)\n\n\ndef format_timestamp_srt(...fig.debug_mode:\n                import traceback\n                self.logger.error(f&quot;Traceback: {traceback.format_exc()}&quot;, exc_info=True)\n            \n            # Graceful degradation - continue with original segments\n            self.logger.warning(&quot;Continuing with original segments (graceful degradation)&quot;)\n            return True  # Don\'t fail pipeline, just skip cleaning\n\n\ndef main() -&gt; Any:\n    &quot;&quot;&quot;Main.&quot;&quot;&quot;\n    parser = argparse.ArgumentParser(\n        description=&quot;IndicTrans2 Pipeline Orchestrator&quot;\n    )\n    \n    parser.add_argument(\n        &quot;--job-dir&quot;,\n        type=Path,\n        required=True,\n        help=&quot;Job directory&quot;\n    )\n    \n    parser.add_argument(\n        &quot;--resume&quot;,\n        action=&quot;store_true&quot;,\n        help=&quot;Resume from last completed stage&quot;\n    )\n    \n    args = parser.parse_args()\n    \n    if not args.job_dir.exists():\n        logger.info(f&quot;❌ Error: Job directory not found: {args.job_dir}&quot;)\n        return 1\n    \n    # Create and run pipeline\n    pipeline = IndicTrans2Pipeline(args.job_dir, args.resume)\n    success = pipeline.run()\n    \n    return 0 if success else 1\n\n\nif __name__ == &quot;__main__&quot;:\n    sys.exit(main())\n'">/Users/rpatel/Projects/Active/cp-whisperx-app/tests/integration/test_workflow_integration.py:345: Could not verify run-pipeline.py: run-pipeline.py should have main execution guard
assert "if __name__ == '__main__'" in '#!/usr/bin/env python3\n"""\nIndicTrans2 Pipeline Orchestrator\n\nSimplified pipeline execution for IndicTrans2 workflows:\n- Transcribe workflow: demux → asr → alignment\n- Translate workflow: load_transcript → indictrans2_translation → subtitle_generation\n\nReuses existing infrastructure:\n- shared/logger.py for logging\n- shared/manifest.py for tracking\n- Existing stage implementations where possible\n"""\n\n# Standard library\nimport sys\nimport os\nimport json\nimport argparse\nimport subprocess\nimport traceback\nimport logging\nfrom pathlib import Path\nfrom datetime import datetime\nfrom typing import Optional, Dict, List, Any\n\n# Add paths for imports\nSCRIPT_DIR = Path(__file__).parent\nPROJECT_ROOT = SCRIPT_DIR.parent\nsys.path.insert(0, str(PROJECT_ROOT))\n\nfrom shared.logger import PipelineLogger, get_logger\nfrom shared.environment_manager import EnvironmentManager\nfrom scripts.config_loader import Config\nfrom shared.stage_order import get_stage_dir\nfrom shared.stage_dependencies import (\n    validate_stage_dependencies,\n    get_workflow_stages,\n    get_execution_order\n)\n\n# Initialize logger\nlogger = get_logger(__name__)\n\n\ndef format_timestamp_srt(...fig.debug_mode:\n                import traceback\n                self.logger.error(f"Traceback: {traceback.format_exc()}", exc_info=True)\n            \n            # Graceful degradation - continue with original segments\n            self.logger.warning("Continuing with original segments (graceful degradation)")\n            return True  # Don\'t fail pipeline, just skip cleaning\n\n\ndef main() -&gt; Any:\n    """Main."""\n    parser = argparse.ArgumentParser(\n        description="IndicTrans2 Pipeline Orchestrator"\n    )\n    \n    parser.add_argument(\n        "--job-dir",\n        type=Path,\n        required=True,\n        help="Job directory"\n    )\n    \n    parser.add_argument(\n        "--resume",\n        action="store_true",\n        help="Resume from last completed stage"\n    )\n    \n    args = parser.parse_args()\n    \n    if not args.job_dir.exists():\n        logger.info(f"❌ Error: Job directory not found: {args.job_dir}")\n        return 1\n    \n    # Create and run pipeline\n    pipeline = IndicTrans2Pipeline(args.job_dir, args.resume)\n    success = pipeline.run()\n    \n    return 0 if success else 1\n\n\nif __name__ == "__main__":\n    sys.exit(main())\n'</skipped></testcase><testcase classname="tests.integration.test_workflow_integration.TestTranscribeWorkflowE2E" name="test_transcribe_sample1_english_technical" time="0.000"><skipped type="pytest.skip" message="Phase 3 - Requires full pipeline with models">/Users/rpatel/Projects/Active/cp-whisperx-app/tests/integration/test_workflow_integration.py:359: Phase 3 - Requires full pipeline with models</skipped></testcase><testcase classname="tests.integration.test_workflow_integration.TestTranscribeWorkflowE2E" name="test_transcribe_sample2_hinglish" time="0.000"><skipped type="pytest.skip" message="Phase 3 - Requires full pipeline with models">/Users/rpatel/Projects/Active/cp-whisperx-app/tests/integration/test_workflow_integration.py:375: Phase 3 - Requires full pipeline with models</skipped></testcase><testcase classname="tests.integration.test_workflow_integration.TestTranslateWorkflowE2E" name="test_translate_english_to_hindi" time="0.000"><skipped type="pytest.skip" message="Phase 3 - Requires full pipeline with models">/Users/rpatel/Projects/Active/cp-whisperx-app/tests/integration/test_workflow_integration.py:399: Phase 3 - Requires full pipeline with models</skipped></testcase><testcase classname="tests.integration.test_workflow_integration.TestTranslateWorkflowE2E" name="test_translate_hindi_to_english" time="0.000"><skipped type="pytest.skip" message="Phase 3 - Requires full pipeline with models">/Users/rpatel/Projects/Active/cp-whisperx-app/tests/integration/test_workflow_integration.py:415: Phase 3 - Requires full pipeline with models</skipped></testcase><testcase classname="tests.integration.test_workflow_integration.TestSubtitleWorkflowE2E" name="test_subtitle_full_pipeline_sample2" time="0.000"><skipped type="pytest.skip" message="Phase 3 - Requires full pipeline with models">/Users/rpatel/Projects/Active/cp-whisperx-app/tests/integration/test_workflow_integration.py:439: Phase 3 - Requires full pipeline with models</skipped></testcase><testcase classname="tests.integration.test_quality_baselines.TestSample1QualityBaselines" name="test_sample1_asr_wer_meets_target" time="0.000"><skipped type="pytest.skip" message="Phase 3 - Requires actual pipeline execution and models">/Users/rpatel/Projects/Active/cp-whisperx-app/tests/integration/test_quality_baselines.py:88: Phase 3 - Requires actual pipeline execution and models</skipped></testcase><testcase classname="tests.integration.test_quality_baselines.TestSample1QualityBaselines" name="test_sample1_translation_bleu_meets_target" time="0.000"><skipped type="pytest.skip" message="Phase 3 - Requires actual pipeline execution and models">/Users/rpatel/Projects/Active/cp-whisperx-app/tests/integration/test_quality_baselines.py:114: Phase 3 - Requires actual pipeline execution and models</skipped></testcase><testcase classname="tests.integration.test_quality_baselines.TestSample1QualityBaselines" name="test_sample1_technical_term_preservation" time="0.000"><skipped type="pytest.skip" message="Phase 3 - Requires actual pipeline execution and models">/Users/rpatel/Projects/Active/cp-whisperx-app/tests/integration/test_quality_baselines.py:140: Phase 3 - Requires actual pipeline execution and models</skipped></testcase><testcase classname="tests.integration.test_quality_baselines.TestSample2QualityBaselines" name="test_sample2_asr_wer_meets_target" time="0.000"><skipped type="pytest.skip" message="Phase 3 - Requires actual pipeline execution and models">/Users/rpatel/Projects/Active/cp-whisperx-app/tests/integration/test_quality_baselines.py:176: Phase 3 - Requires actual pipeline execution and models</skipped></testcase><testcase classname="tests.integration.test_quality_baselines.TestSample2QualityBaselines" name="test_sample2_subtitle_quality_meets_target" time="0.000"><skipped type="pytest.skip" message="Phase 3 - Requires actual pipeline execution and models">/Users/rpatel/Projects/Active/cp-whisperx-app/tests/integration/test_quality_baselines.py:203: Phase 3 - Requires actual pipeline execution and models</skipped></testcase><testcase classname="tests.integration.test_quality_baselines.TestSample2QualityBaselines" name="test_sample2_timing_accuracy_meets_target" time="0.000"><skipped type="pytest.skip" message="Phase 3 - Requires actual pipeline execution and models">/Users/rpatel/Projects/Active/cp-whisperx-app/tests/integration/test_quality_baselines.py:232: Phase 3 - Requires actual pipeline execution and models</skipped></testcase><testcase classname="tests.integration.test_quality_baselines.TestSample2QualityBaselines" name="test_sample2_glossary_application_meets_target" time="0.000"><skipped type="pytest.skip" message="Phase 3 - Requires actual pipeline execution and models">/Users/rpatel/Projects/Active/cp-whisperx-app/tests/integration/test_quality_baselines.py:258: Phase 3 - Requires actual pipeline execution and models</skipped></testcase><testcase classname="tests.integration.test_quality_baselines.TestSample2QualityBaselines" name="test_sample2_context_awareness_meets_target" time="0.000"><skipped type="pytest.skip" message="Phase 3 - Requires actual pipeline execution and models">/Users/rpatel/Projects/Active/cp-whisperx-app/tests/integration/test_quality_baselines.py:286: Phase 3 - Requires actual pipeline execution and models</skipped></testcase><testcase classname="tests.integration.test_quality_baselines.TestBaselineInfrastructure" name="test_quality_baselines_document_exists" time="0.000" /><testcase classname="tests.integration.test_quality_baselines.TestBaselineInfrastructure" name="test_quality_baselines_fixture_loads" time="0.000" /><testcase classname="tests.integration.test_quality_baselines.TestBaselineInfrastructure" name="test_sample1_baselines_complete" time="0.000" /><testcase classname="tests.integration.test_quality_baselines.TestBaselineInfrastructure" name="test_sample2_baselines_complete" time="0.000" /><testcase classname="tests.integration.test_quality_baselines.TestBaselineInfrastructure" name="test_baseline_values_reasonable" time="0.000" /></testsuite></testsuites>