<?xml version="1.0" encoding="utf-8"?><testsuites name="pytest tests"><testsuite name="pytest" errors="0" failures="0" skipped="0" tests="18" time="2.601" timestamp="2025-12-10T09:39:52.631880-06:00" hostname="Rajs-MacBook-Pro.local"><testcase classname="tests.unit.test_ai_summarizer.TestSummaryRequest" name="test_create_basic_request" time="0.001" /><testcase classname="tests.unit.test_ai_summarizer.TestSummaryRequest" name="test_create_full_request" time="0.000" /><testcase classname="tests.unit.test_ai_summarizer.TestSummaryResponse" name="test_create_basic_response" time="0.000" /><testcase classname="tests.unit.test_ai_summarizer.TestSummaryResponse" name="test_create_full_response" time="0.000" /><testcase classname="tests.unit.test_ai_summarizer.TestOpenAIProvider" name="test_initialization" time="0.001" /><testcase classname="tests.unit.test_ai_summarizer.TestOpenAIProvider" name="test_initialization_with_model" time="0.001" /><testcase classname="tests.unit.test_ai_summarizer.TestOpenAIProvider" name="test_build_prompt" time="0.001" /><testcase classname="tests.unit.test_ai_summarizer.TestOpenAIProvider" name="test_build_prompt_with_timestamps" time="0.001" /><testcase classname="tests.unit.test_ai_summarizer.TestOpenAIProvider" name="test_extract_key_points_bullets" time="0.000" /><testcase classname="tests.unit.test_ai_summarizer.TestOpenAIProvider" name="test_extract_key_points_numbered" time="0.000" /><testcase classname="tests.unit.test_ai_summarizer.TestOpenAIProvider" name="test_extract_key_points_empty" time="0.000" /><testcase classname="tests.unit.test_ai_summarizer.TestAISummarizer" name="test_initialization_openai" time="0.000" /><testcase classname="tests.unit.test_ai_summarizer.TestAISummarizer" name="test_initialization_gemini" time="0.001" /><testcase classname="tests.unit.test_ai_summarizer.TestAISummarizer" name="test_initialization_unsupported_provider" time="0.000" /><testcase classname="tests.unit.test_ai_summarizer.TestAISummarizer" name="test_create_summarizer_factory" time="0.001" /><testcase classname="tests.unit.test_ai_summarizer.TestAISummarizer" name="test_create_summarizer_with_model" time="0.001" /><testcase classname="tests.unit.test_ai_summarizer.TestProviderRegistry" name="test_available_providers" time="0.000" /><testcase classname="tests.unit.test_ai_summarizer.TestProviderRegistry" name="test_provider_classes" time="0.000" /></testsuite></testsuites>