<?xml version="1.0" encoding="utf-8"?><testsuites name="pytest tests"><testsuite name="pytest" errors="0" failures="0" skipped="0" tests="50" time="6.747" timestamp="2025-12-09T18:47:35.961948-06:00" hostname="Rajs-MacBook-Pro.local"><testcase classname="tests.unit.test_cache_manager.TestMediaCacheManager" name="test_cache_manager_creates_directory" time="0.003" /><testcase classname="tests.unit.test_cache_manager.TestMediaCacheManager" name="test_has_baseline_returns_false_initially" time="0.002" /><testcase classname="tests.unit.test_cache_manager.TestMediaCacheManager" name="test_store_and_retrieve_baseline" time="0.027" /><testcase classname="tests.unit.test_cache_manager.TestMediaCacheManager" name="test_clear_baseline" time="0.007" /><testcase classname="tests.unit.test_cache_manager.TestMediaCacheManager" name="test_get_baseline_returns_none_if_not_exist" time="0.008" /><testcase classname="tests.unit.test_cache_manager.TestGlossaryCache" name="test_has_glossary_results_returns_false_initially" time="0.001" /><testcase classname="tests.unit.test_cache_manager.TestGlossaryCache" name="test_store_and_retrieve_glossary_results" time="0.008" /><testcase classname="tests.unit.test_cache_manager.TestGlossaryCache" name="test_different_glossary_hash_separate_cache" time="0.011" /><testcase classname="tests.unit.test_cache_manager.TestCacheManagement" name="test_get_cache_size" time="0.004" /><testcase classname="tests.unit.test_cache_manager.TestCacheManagement" name="test_list_cached_media" time="0.004" /><testcase classname="tests.unit.test_cache_manager.TestCacheManagement" name="test_clear_all_cache" time="0.006" /><testcase classname="tests.unit.test_cache_manager.TestBaselineArtifacts" name="test_to_dict_converts_path_to_string" time="0.001" /><testcase classname="tests.unit.test_cache_manager.TestBaselineArtifacts" name="test_from_dict_converts_string_to_path" time="0.000" /><testcase classname="tests.unit.test_media_identity.TestComputeMediaId" name="test_requires_existing_file" time="0.001" /><testcase classname="tests.unit.test_media_identity.TestComputeMediaId" name="test_requires_file_not_directory" time="0.001" /><testcase classname="tests.unit.test_media_identity.TestComputeMediaId" name="test_returns_64_char_hex_string" time="0.446" /><testcase classname="tests.unit.test_media_identity.TestComputeMediaId" name="test_stability_across_runs" time="1.095" /><testcase classname="tests.unit.test_media_identity.TestComputeMediaId" name="test_different_files_different_ids" time="0.665" /><testcase classname="tests.unit.test_media_identity.TestComputeMediaId" name="test_verify_media_id_stability_helper" time="1.075" /><testcase classname="tests.unit.test_media_identity.TestComputeGlossaryHash" name="test_empty_glossary_returns_empty_hash" time="0.001" /><testcase classname="tests.unit.test_media_identity.TestComputeGlossaryHash" name="test_same_glossary_same_hash" time="0.004" /><testcase classname="tests.unit.test_media_identity.TestComputeGlossaryHash" name="test_different_content_different_hash" time="0.011" /><testcase classname="tests.unit.test_media_identity.TestGetMediaDuration" name="test_gets_duration_for_valid_media" time="0.059" /><testcase classname="tests.unit.test_media_identity.TestGetMediaDuration" name="test_returns_none_for_invalid_file" time="0.050" /><testcase classname="tests.unit.test_media_identity.TestMediaIdCaching" name="test_same_media_id_enables_caching" time="0.709" /><testcase classname="tests.unit.test_ml_optimizer.TestAudioFingerprint" name="test_create_fingerprint" time="0.000" /><testcase classname="tests.unit.test_ml_optimizer.TestAudioFingerprint" name="test_feature_vector" time="0.000" /><testcase classname="tests.unit.test_ml_optimizer.TestAudioFingerprint" name="test_language_encoding" time="0.000" /><testcase classname="tests.unit.test_ml_optimizer.TestAdaptiveQualityPredictor" name="test_create_predictor" time="0.001" /><testcase classname="tests.unit.test_ml_optimizer.TestAdaptiveQualityPredictor" name="test_rule_based_clean_audio_short" time="0.001" /><testcase classname="tests.unit.test_ml_optimizer.TestAdaptiveQualityPredictor" name="test_rule_based_clean_audio_medium" time="0.001" /><testcase classname="tests.unit.test_ml_optimizer.TestAdaptiveQualityPredictor" name="test_rule_based_noisy_audio" time="0.001" /><testcase classname="tests.unit.test_ml_optimizer.TestAdaptiveQualityPredictor" name="test_rule_based_multiple_speakers" time="0.000" /><testcase classname="tests.unit.test_ml_optimizer.TestAdaptiveQualityPredictor" name="test_wer_estimation_clean" time="0.000" /><testcase classname="tests.unit.test_ml_optimizer.TestAdaptiveQualityPredictor" name="test_wer_estimation_noisy" time="0.000" /><testcase classname="tests.unit.test_ml_optimizer.TestAdaptiveQualityPredictor" name="test_duration_estimation" time="0.000" /><testcase classname="tests.unit.test_ml_optimizer.TestAdaptiveQualityPredictor" name="test_default_configs" time="0.000" /><testcase classname="tests.unit.test_ml_optimizer.TestAdaptiveQualityPredictor" name="test_learn_from_result" time="0.007" /><testcase classname="tests.unit.test_ml_optimizer.TestPredictionConfig" name="test_create_config" time="0.000" /><testcase classname="tests.unit.test_log_paths.TestGetLogPath" name="test_testing_log_path_structure" time="0.000" /><testcase classname="tests.unit.test_log_paths.TestGetLogPath" name="test_debug_log_path_structure" time="0.000" /><testcase classname="tests.unit.test_log_paths.TestGetLogPath" name="test_pipeline_log_path_structure" time="0.001" /><testcase classname="tests.unit.test_log_paths.TestGetLogPath" name="test_creates_directory" time="0.000" /><testcase classname="tests.unit.test_log_paths.TestGetLogPath" name="test_timestamp_format" time="0.000" /><testcase classname="tests.unit.test_log_paths.TestGetLogPath" name="test_purpose_in_filename" time="0.000" /><testcase classname="tests.unit.test_log_paths.TestGetLogPath" name="test_detail_optional" time="0.000" /><testcase classname="tests.unit.test_log_paths.TestGetExistingLogPath" name="test_existing_log_migration" time="0.000" /><testcase classname="tests.unit.test_log_paths.TestGetExistingLogPath" name="test_creates_target_directory" time="0.000" /><testcase classname="tests.unit.test_log_paths.TestLogPathCategories" name="test_all_categories_supported" time="0.000" /><testcase classname="tests.unit.test_log_paths.TestLogPathCategories" name="test_invalid_category_handled" time="0.000" /></testsuite></testsuites>