<?xml version="1.0" encoding="utf-8"?><testsuites name="pytest tests"><testsuite name="pytest" errors="0" failures="3" skipped="0" tests="73" time="17.222" timestamp="2025-12-03T15:43:20.604571-06:00" hostname="Rajs-MacBook-Pro.local"><testcase classname="tests.unit.test_renamed_stages.TestPhase1RenamedStages" name="test_stage_module_importable[scripts.03_glossary_load-03_glossary_load]" time="0.101" /><testcase classname="tests.unit.test_renamed_stages.TestPhase1RenamedStages" name="test_stage_module_importable[scripts.05_ner-05_ner]" time="0.003" /><testcase classname="tests.unit.test_renamed_stages.TestPhase1RenamedStages" name="test_stage_module_importable[scripts.06_lyrics_detection-06_lyrics_detection]" time="0.003" /><testcase classname="tests.unit.test_renamed_stages.TestPhase1RenamedStages" name="test_stage_module_importable[scripts.07_hallucination_removal-07_hallucination_removal]" time="0.003" /><testcase classname="tests.unit.test_renamed_stages.TestPhase1RenamedStages" name="test_stage_module_importable[scripts.09_subtitle_gen-09_subtitle_gen]" time="0.003" /><testcase classname="tests.unit.test_renamed_stages.TestPhase1RenamedStages" name="test_stage_has_run_stage_function[scripts.03_glossary_load-03_glossary_load]" time="0.000" /><testcase classname="tests.unit.test_renamed_stages.TestPhase1RenamedStages" name="test_stage_has_run_stage_function[scripts.05_ner-05_ner]" time="0.000" /><testcase classname="tests.unit.test_renamed_stages.TestPhase1RenamedStages" name="test_stage_has_run_stage_function[scripts.06_lyrics_detection-06_lyrics_detection]" time="0.000" /><testcase classname="tests.unit.test_renamed_stages.TestPhase1RenamedStages" name="test_stage_has_run_stage_function[scripts.07_hallucination_removal-07_hallucination_removal]" time="0.000" /><testcase classname="tests.unit.test_renamed_stages.TestPhase1RenamedStages" name="test_stage_has_run_stage_function[scripts.09_subtitle_gen-09_subtitle_gen]" time="0.000" /><testcase classname="tests.unit.test_renamed_stages.TestPhase1RenamedStages" name="test_run_stage_signature[scripts.03_glossary_load-03_glossary_load]" time="0.000" /><testcase classname="tests.unit.test_renamed_stages.TestPhase1RenamedStages" name="test_run_stage_signature[scripts.05_ner-05_ner]" time="0.000" /><testcase classname="tests.unit.test_renamed_stages.TestPhase1RenamedStages" name="test_run_stage_signature[scripts.06_lyrics_detection-06_lyrics_detection]" time="0.000" /><testcase classname="tests.unit.test_renamed_stages.TestPhase1RenamedStages" name="test_run_stage_signature[scripts.07_hallucination_removal-07_hallucination_removal]" time="0.000" /><testcase classname="tests.unit.test_renamed_stages.TestPhase1RenamedStages" name="test_run_stage_signature[scripts.09_subtitle_gen-09_subtitle_gen]" time="0.000" /><testcase classname="tests.unit.test_renamed_stages.TestGlossaryLearnerModule" name="test_glossary_learner_importable" time="0.003" /><testcase classname="tests.unit.test_renamed_stages.TestGlossaryLearnerModule" name="test_glossary_learner_has_class" time="0.000" /><testcase classname="tests.unit.test_renamed_stages.TestStageFileNaming" name="test_all_stage_files_in_scripts_dir" time="0.000" /><testcase classname="tests.unit.test_renamed_stages.TestStageFileNaming" name="test_no_stage_subdirectories_remain" time="0.000" /><testcase classname="tests.unit.test_renamed_stages.TestStageFileNaming" name="test_stage_files_follow_naming_pattern" time="0.001" /><testcase classname="tests.unit.test_renamed_stages.TestStageImportPatterns" name="test_run_pipeline_uses_importlib" time="0.001" /><testcase classname="tests.unit.test_renamed_stages.TestStageImportPatterns" name="test_run_pipeline_no_old_sys_path_insertions" time="0.000" /><testcase classname="tests.unit.test_renamed_stages.TestStageModuleMetadata" name="test_module_has_docstring[scripts.03_glossary_load]" time="0.000" /><testcase classname="tests.unit.test_renamed_stages.TestStageModuleMetadata" name="test_module_has_docstring[scripts.03_glossary_learner]" time="0.000" /><testcase classname="tests.unit.test_renamed_stages.TestStageModuleMetadata" name="test_module_has_docstring[scripts.05_ner]" time="0.000" /><testcase classname="tests.unit.test_renamed_stages.TestStageModuleMetadata" name="test_module_has_docstring[scripts.06_lyrics_detection]" time="0.000" /><testcase classname="tests.unit.test_renamed_stages.TestStageModuleMetadata" name="test_module_has_docstring[scripts.07_hallucination_removal]" time="0.000" /><testcase classname="tests.unit.test_renamed_stages.TestStageModuleMetadata" name="test_module_has_docstring[scripts.09_subtitle_gen]" time="0.000" /><testcase classname="tests.unit.test_renamed_stages.TestStageModuleMetadata" name="test_module_has_logger[scripts.03_glossary_load]" time="0.001" /><testcase classname="tests.unit.test_renamed_stages.TestStageModuleMetadata" name="test_module_has_logger[scripts.03_glossary_learner]" time="0.001" /><testcase classname="tests.unit.test_renamed_stages.TestStageModuleMetadata" name="test_module_has_logger[scripts.05_ner]" time="0.001" /><testcase classname="tests.unit.test_renamed_stages.TestStageModuleMetadata" name="test_module_has_logger[scripts.06_lyrics_detection]" time="0.001" /><testcase classname="tests.unit.test_renamed_stages.TestStageModuleMetadata" name="test_module_has_logger[scripts.07_hallucination_removal]" time="0.001" /><testcase classname="tests.unit.test_renamed_stages.TestStageModuleMetadata" name="test_module_has_logger[scripts.09_subtitle_gen]" time="0.001" /><testcase classname="tests.integration.test_standard_media.TestStandardMediaAvailability" name="test_sample1_exists" time="0.000" /><testcase classname="tests.integration.test_standard_media.TestStandardMediaAvailability" name="test_sample2_exists" time="0.001" /><testcase classname="tests.integration.test_standard_media.TestStandardMediaAvailability" name="test_test_media_index_exists" time="0.004" /><testcase classname="tests.integration.test_standard_media.TestStandardMediaSmoke" name="test_sample1_is_video_file" time="0.001" /><testcase classname="tests.integration.test_standard_media.TestStandardMediaSmoke" name="test_sample2_is_video_file" time="0.001" /><testcase classname="tests.unit.test_shared_modules.TestConfigLoader" name="test_config_loader_module_importable" time="0.003" /><testcase classname="tests.unit.test_shared_modules.TestConfigLoader" name="test_shared_config_module_importable" time="0.000" /><testcase classname="tests.unit.test_shared_modules.TestConfigLoader" name="test_load_config_returns_dict" time="0.013"><failure message="AssertionError: load_config should return dict&#10;assert False&#10; +  where False = isinstance(PipelineConfig(job_id='', user_id=1, title=None, year=None, workflow_mode='subtitle-gen', source_language=None, target_language=None, media_processing_mode='full', media_start_time=None, media_end_time=None, docker_registry='rajiup', docker_tag='latest', in_root='', output_root='./out', log_root='./logs', temp_root='./temp', log_level='info', log_format='json', log_to_console=True, log_to_file=True, secrets_path='./config/secrets.json', tmdb_api_key='ea32848e3a843143f35705bf3503557b', hf_token='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', step_demux=True, step_tmdb_metadata=True, step_pre_asr_ner=True, step_vad_silero=True, step_silero_vad=True, step_vad_pyannote=True, step_pyannote_vad=True, step_diarization=True, step_whisperx=True, step_post_asr_ner=True, step_subtitle_gen=True, step_mux=True, audio_sample_rate=16000, audio_channels=1, audio_format='wav', audio_codec='pcm_s16le', tmdb_enabled=True, tmdb_language='en-US', tmdb_infer_from_filename=True, pre_ner_enabled=True, pre_ner_model='en_core_web_trf', pre_ner_confidence_threshold=0.0, pre_ner_entity_types='PERSON,ORG,GPE,LOC,FAC', bias_enabled=True, bias_window_seconds=45, bias_stride_seconds=15, bias_topk=10, bias_min_confidence=0.6, song_bias_enabled=True, song_bias_fuzzy_threshold=0.8, use_musicbrainz=True, cache_musicbrainz=True, whisper_model='large-v3', whisper_compute_type='int8', whisper_batch_size=16, whisper_language='hi', whisper_task='translate', whisper_temperature='0.0,0.2,0.4,0.6,0.8,1.0', whisper_beam_size=5, whisper_best_of=5, whisper_patience=1.0, whisper_length_penalty=1.0, whisper_no_speech_threshold=0.6, whisper_logprob_threshold=-1.0, whisper_compression_ratio_threshold=2.4, whisper_condition_on_previous_text=True, whisper_initial_prompt='', whisperx_device='auto', whisperx_backend='auto', whisperx_align_extend=2.0, whisperx_align_from_prev=True, src_lang='hi', tgt_lang='en', source_lang='hi', target_lang='en', silero_threshold=0.6, silero_min_speech_duration_ms=250, silero_min_silence_duration_ms=300, silero_merge_gap_sec=0.35, pyannote_onset=0.5, pyannote_offset=0.5, pyannote_min_duration_on=0.0, pyannote_min_duration_off=0.0, pyannote_device='auto', pyannote_window_pad=0.25, pyannote_merge_gap=0.2, diarization_min_speakers=1, diarization_max_speakers=10, diarization_model='pyannote/speaker-diarization-3.1', diarization_device='auto', diarization_method='pyannote', speaker_map='', subtitle_format='srt', subtitle_max_line_length=42, subtitle_max_lines=2, subtitle_include_speaker_labels=True, subtitle_speaker_format='[{speaker}]', subtitle_word_level_timestamps=False, subtitle_max_duration=7.0, subtitle_min_duration=1.0, subtitle_merge_short=True, glossary_enable=True, glossary_seed_sources='asr,tmdb,master', glossary_min_conf=0.55, glossary_master='glossary/hinglish_master.tsv', glossary_prompts_dir='glossary/prompts', glossary_cache_dir='glossary/cache', glossary_cache_enabled=True, glossary_cache_ttl_days=30, glossary_learning_enabled=False, glossary_auto_learn=True, glossary_min_occurrences=2, glossary_confidence_threshold=3, glossary_enabled=True, glossary_path='glossary/hinglish_master.tsv', glossary_strategy='adaptive', film_prompt_path='', frequency_data_path='glossary/learned/term_frequency.json', cps_target=15.0, cps_hard_cap=17.0, cps_enforcement=True, second_pass_enabled=True, second_pass_backend='nllb', lyric_detect_enabled=True, lyric_threshold=0.5, lyric_style='lyric', lyric_min_duration=30.0, post_ner_model='en_core_web_trf', post_ner_entity_correction=True, post_ner_tmdb_matching=True, post_ner_confidence_threshold=0.8, post_ner_device='cpu', mux_subtitle_codec='mov_text', mux_subtitle_language='eng', mux_subtitle_title='English', mux_copy_video=True, mux_copy_audio=True, mux_container_format='mp4', device='cpu', device_whisperx='cpu', device_diarization='cpu', device_vad='cpu', device_ner='cpu', docker_memory_limit='10g', docker_cpu_limit=4, enable_chunking=False, chunk_duration_minutes=30, cleanup_temp_files=True, keep_intermediate_files=False, max_retries=3), dict)">tests/unit/test_shared_modules.py:60: in test_load_config_returns_dict
    assert isinstance(config, dict), "load_config should return dict"
E   AssertionError: load_config should return dict
E   assert False
E    +  where False = isinstance(PipelineConfig(job_id='', user_id=1, title=None, year=None, workflow_mode='subtitle-gen', source_language=None, target_language=None, media_processing_mode='full', media_start_time=None, media_end_time=None, docker_registry='rajiup', docker_tag='latest', in_root='', output_root='./out', log_root='./logs', temp_root='./temp', log_level='info', log_format='json', log_to_console=True, log_to_file=True, secrets_path='./config/secrets.json', tmdb_api_key='ea32848e3a843143f35705bf3503557b', hf_token='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', step_demux=True, step_tmdb_metadata=True, step_pre_asr_ner=True, step_vad_silero=True, step_silero_vad=True, step_vad_pyannote=True, step_pyannote_vad=True, step_diarization=True, step_whisperx=True, step_post_asr_ner=True, step_subtitle_gen=True, step_mux=True, audio_sample_rate=16000, audio_channels=1, audio_format='wav', audio_codec='pcm_s16le', tmdb_enabled=True, tmdb_language='en-US', tmdb_infer_from_filename=True, pre_ner_enabled=True, pre_ner_model='en_core_web_trf', pre_ner_confidence_threshold=0.0, pre_ner_entity_types='PERSON,ORG,GPE,LOC,FAC', bias_enabled=True, bias_window_seconds=45, bias_stride_seconds=15, bias_topk=10, bias_min_confidence=0.6, song_bias_enabled=True, song_bias_fuzzy_threshold=0.8, use_musicbrainz=True, cache_musicbrainz=True, whisper_model='large-v3', whisper_compute_type='int8', whisper_batch_size=16, whisper_language='hi', whisper_task='translate', whisper_temperature='0.0,0.2,0.4,0.6,0.8,1.0', whisper_beam_size=5, whisper_best_of=5, whisper_patience=1.0, whisper_length_penalty=1.0, whisper_no_speech_threshold=0.6, whisper_logprob_threshold=-1.0, whisper_compression_ratio_threshold=2.4, whisper_condition_on_previous_text=True, whisper_initial_prompt='', whisperx_device='auto', whisperx_backend='auto', whisperx_align_extend=2.0, whisperx_align_from_prev=True, src_lang='hi', tgt_lang='en', source_lang='hi', target_lang='en', silero_threshold=0.6, silero_min_speech_duration_ms=250, silero_min_silence_duration_ms=300, silero_merge_gap_sec=0.35, pyannote_onset=0.5, pyannote_offset=0.5, pyannote_min_duration_on=0.0, pyannote_min_duration_off=0.0, pyannote_device='auto', pyannote_window_pad=0.25, pyannote_merge_gap=0.2, diarization_min_speakers=1, diarization_max_speakers=10, diarization_model='pyannote/speaker-diarization-3.1', diarization_device='auto', diarization_method='pyannote', speaker_map='', subtitle_format='srt', subtitle_max_line_length=42, subtitle_max_lines=2, subtitle_include_speaker_labels=True, subtitle_speaker_format='[{speaker}]', subtitle_word_level_timestamps=False, subtitle_max_duration=7.0, subtitle_min_duration=1.0, subtitle_merge_short=True, glossary_enable=True, glossary_seed_sources='asr,tmdb,master', glossary_min_conf=0.55, glossary_master='glossary/hinglish_master.tsv', glossary_prompts_dir='glossary/prompts', glossary_cache_dir='glossary/cache', glossary_cache_enabled=True, glossary_cache_ttl_days=30, glossary_learning_enabled=False, glossary_auto_learn=True, glossary_min_occurrences=2, glossary_confidence_threshold=3, glossary_enabled=True, glossary_path='glossary/hinglish_master.tsv', glossary_strategy='adaptive', film_prompt_path='', frequency_data_path='glossary/learned/term_frequency.json', cps_target=15.0, cps_hard_cap=17.0, cps_enforcement=True, second_pass_enabled=True, second_pass_backend='nllb', lyric_detect_enabled=True, lyric_threshold=0.5, lyric_style='lyric', lyric_min_duration=30.0, post_ner_model='en_core_web_trf', post_ner_entity_correction=True, post_ner_tmdb_matching=True, post_ner_confidence_threshold=0.8, post_ner_device='cpu', mux_subtitle_codec='mov_text', mux_subtitle_language='eng', mux_subtitle_title='English', mux_copy_video=True, mux_copy_audio=True, mux_container_format='mp4', device='cpu', device_whisperx='cpu', device_diarization='cpu', device_vad='cpu', device_ner='cpu', docker_memory_limit='10g', docker_cpu_limit=4, enable_chunking=False, chunk_duration_minutes=30, cleanup_temp_files=True, keep_intermediate_files=False, max_retries=3), dict)</failure></testcase><testcase classname="tests.unit.test_shared_modules.TestConfigLoader" name="test_config_handles_missing_file_gracefully" time="0.003"><failure message="AssertionError: assert False&#10; +  where False = isinstance(PipelineConfig(job_id='', user_id=1, title=None, year=None, workflow_mode='subtitle-gen', source_language=None, target_language=None, media_processing_mode='full', media_start_time=None, media_end_time=None, docker_registry='rajiup', docker_tag='latest', in_root='', output_root='./out', log_root='./logs', temp_root='./temp', log_level='info', log_format='json', log_to_console=True, log_to_file=True, secrets_path='./config/secrets.json', tmdb_api_key='ea32848e3a843143f35705bf3503557b', hf_token='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', step_demux=True, step_tmdb_metadata=True, step_pre_asr_ner=True, step_vad_silero=True, step_silero_vad=True, step_vad_pyannote=True, step_pyannote_vad=True, step_diarization=True, step_whisperx=True, step_post_asr_ner=True, step_subtitle_gen=True, step_mux=True, audio_sample_rate=16000, audio_channels=1, audio_format='wav', audio_codec='pcm_s16le', tmdb_enabled=True, tmdb_language='en-US', tmdb_infer_from_filename=True, pre_ner_enabled=True, pre_ner_model='en_core_web_trf', pre_ner_confidence_threshold=0.0, pre_ner_entity_types='PERSON,ORG,GPE,LOC,FAC', bias_enabled=True, bias_window_seconds=45, bias_stride_seconds=15, bias_topk=10, bias_min_confidence=0.6, song_bias_enabled=True, song_bias_fuzzy_threshold=0.8, use_musicbrainz=True, cache_musicbrainz=True, whisper_model='large-v3', whisper_compute_type='int8', whisper_batch_size=16, whisper_language='hi', whisper_task='translate', whisper_temperature='0.0,0.2,0.4,0.6,0.8,1.0', whisper_beam_size=5, whisper_best_of=5, whisper_patience=1.0, whisper_length_penalty=1.0, whisper_no_speech_threshold=0.6, whisper_logprob_threshold=-1.0, whisper_compression_ratio_threshold=2.4, whisper_condition_on_previous_text=True, whisper_initial_prompt='', whisperx_device='auto', whisperx_backend='auto', whisperx_align_extend=2.0, whisperx_align_from_prev=True, src_lang='hi', tgt_lang='en', source_lang='hi', target_lang='en', silero_threshold=0.6, silero_min_speech_duration_ms=250, silero_min_silence_duration_ms=300, silero_merge_gap_sec=0.35, pyannote_onset=0.5, pyannote_offset=0.5, pyannote_min_duration_on=0.0, pyannote_min_duration_off=0.0, pyannote_device='auto', pyannote_window_pad=0.25, pyannote_merge_gap=0.2, diarization_min_speakers=1, diarization_max_speakers=10, diarization_model='pyannote/speaker-diarization-3.1', diarization_device='auto', diarization_method='pyannote', speaker_map='', subtitle_format='srt', subtitle_max_line_length=42, subtitle_max_lines=2, subtitle_include_speaker_labels=True, subtitle_speaker_format='[{speaker}]', subtitle_word_level_timestamps=False, subtitle_max_duration=7.0, subtitle_min_duration=1.0, subtitle_merge_short=True, glossary_enable=True, glossary_seed_sources='asr,tmdb,master', glossary_min_conf=0.55, glossary_master='glossary/hinglish_master.tsv', glossary_prompts_dir='glossary/prompts', glossary_cache_dir='glossary/cache', glossary_cache_enabled=True, glossary_cache_ttl_days=30, glossary_learning_enabled=False, glossary_auto_learn=True, glossary_min_occurrences=2, glossary_confidence_threshold=3, glossary_enabled=True, glossary_path='glossary/hinglish_master.tsv', glossary_strategy='adaptive', film_prompt_path='', frequency_data_path='glossary/learned/term_frequency.json', cps_target=15.0, cps_hard_cap=17.0, cps_enforcement=True, second_pass_enabled=True, second_pass_backend='nllb', lyric_detect_enabled=True, lyric_threshold=0.5, lyric_style='lyric', lyric_min_duration=30.0, post_ner_model='en_core_web_trf', post_ner_entity_correction=True, post_ner_tmdb_matching=True, post_ner_confidence_threshold=0.8, post_ner_device='cpu', mux_subtitle_codec='mov_text', mux_subtitle_language='eng', mux_subtitle_title='English', mux_copy_video=True, mux_copy_audio=True, mux_container_format='mp4', device='cpu', device_whisperx='cpu', device_diarization='cpu', device_vad='cpu', device_ner='cpu', docker_memory_limit='10g', docker_cpu_limit=4, enable_chunking=False, chunk_duration_minutes=30, cleanup_temp_files=True, keep_intermediate_files=False, max_retries=3), dict)">tests/unit/test_shared_modules.py:70: in test_config_handles_missing_file_gracefully
    assert isinstance(config, dict)
E   AssertionError: assert False
E    +  where False = isinstance(PipelineConfig(job_id='', user_id=1, title=None, year=None, workflow_mode='subtitle-gen', source_language=None, target_language=None, media_processing_mode='full', media_start_time=None, media_end_time=None, docker_registry='rajiup', docker_tag='latest', in_root='', output_root='./out', log_root='./logs', temp_root='./temp', log_level='info', log_format='json', log_to_console=True, log_to_file=True, secrets_path='./config/secrets.json', tmdb_api_key='ea32848e3a843143f35705bf3503557b', hf_token='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', step_demux=True, step_tmdb_metadata=True, step_pre_asr_ner=True, step_vad_silero=True, step_silero_vad=True, step_vad_pyannote=True, step_pyannote_vad=True, step_diarization=True, step_whisperx=True, step_post_asr_ner=True, step_subtitle_gen=True, step_mux=True, audio_sample_rate=16000, audio_channels=1, audio_format='wav', audio_codec='pcm_s16le', tmdb_enabled=True, tmdb_language='en-US', tmdb_infer_from_filename=True, pre_ner_enabled=True, pre_ner_model='en_core_web_trf', pre_ner_confidence_threshold=0.0, pre_ner_entity_types='PERSON,ORG,GPE,LOC,FAC', bias_enabled=True, bias_window_seconds=45, bias_stride_seconds=15, bias_topk=10, bias_min_confidence=0.6, song_bias_enabled=True, song_bias_fuzzy_threshold=0.8, use_musicbrainz=True, cache_musicbrainz=True, whisper_model='large-v3', whisper_compute_type='int8', whisper_batch_size=16, whisper_language='hi', whisper_task='translate', whisper_temperature='0.0,0.2,0.4,0.6,0.8,1.0', whisper_beam_size=5, whisper_best_of=5, whisper_patience=1.0, whisper_length_penalty=1.0, whisper_no_speech_threshold=0.6, whisper_logprob_threshold=-1.0, whisper_compression_ratio_threshold=2.4, whisper_condition_on_previous_text=True, whisper_initial_prompt='', whisperx_device='auto', whisperx_backend='auto', whisperx_align_extend=2.0, whisperx_align_from_prev=True, src_lang='hi', tgt_lang='en', source_lang='hi', target_lang='en', silero_threshold=0.6, silero_min_speech_duration_ms=250, silero_min_silence_duration_ms=300, silero_merge_gap_sec=0.35, pyannote_onset=0.5, pyannote_offset=0.5, pyannote_min_duration_on=0.0, pyannote_min_duration_off=0.0, pyannote_device='auto', pyannote_window_pad=0.25, pyannote_merge_gap=0.2, diarization_min_speakers=1, diarization_max_speakers=10, diarization_model='pyannote/speaker-diarization-3.1', diarization_device='auto', diarization_method='pyannote', speaker_map='', subtitle_format='srt', subtitle_max_line_length=42, subtitle_max_lines=2, subtitle_include_speaker_labels=True, subtitle_speaker_format='[{speaker}]', subtitle_word_level_timestamps=False, subtitle_max_duration=7.0, subtitle_min_duration=1.0, subtitle_merge_short=True, glossary_enable=True, glossary_seed_sources='asr,tmdb,master', glossary_min_conf=0.55, glossary_master='glossary/hinglish_master.tsv', glossary_prompts_dir='glossary/prompts', glossary_cache_dir='glossary/cache', glossary_cache_enabled=True, glossary_cache_ttl_days=30, glossary_learning_enabled=False, glossary_auto_learn=True, glossary_min_occurrences=2, glossary_confidence_threshold=3, glossary_enabled=True, glossary_path='glossary/hinglish_master.tsv', glossary_strategy='adaptive', film_prompt_path='', frequency_data_path='glossary/learned/term_frequency.json', cps_target=15.0, cps_hard_cap=17.0, cps_enforcement=True, second_pass_enabled=True, second_pass_backend='nllb', lyric_detect_enabled=True, lyric_threshold=0.5, lyric_style='lyric', lyric_min_duration=30.0, post_ner_model='en_core_web_trf', post_ner_entity_correction=True, post_ner_tmdb_matching=True, post_ner_confidence_threshold=0.8, post_ner_device='cpu', mux_subtitle_codec='mov_text', mux_subtitle_language='eng', mux_subtitle_title='English', mux_copy_video=True, mux_copy_audio=True, mux_container_format='mp4', device='cpu', device_whisperx='cpu', device_diarization='cpu', device_vad='cpu', device_ner='cpu', docker_memory_limit='10g', docker_cpu_limit=4, enable_chunking=False, chunk_duration_minutes=30, cleanup_temp_files=True, keep_intermediate_files=False, max_retries=3), dict)</failure></testcase><testcase classname="tests.unit.test_shared_modules.TestStageUtils" name="test_stage_utils_importable" time="0.000" /><testcase classname="tests.unit.test_shared_modules.TestStageUtils" name="test_stageio_class_exists" time="0.000" /><testcase classname="tests.unit.test_shared_modules.TestStageUtils" name="test_stageio_can_be_instantiated" time="0.002" /><testcase classname="tests.unit.test_shared_modules.TestStageUtils" name="test_stageio_creates_stage_directory" time="0.002"><failure message="AssertionError: StageIO should create stage directory&#10;assert False&#10; +  where False = exists()&#10; +    where exists = PosixPath('/var/folders/3s/1tzr9fgd00n236ct50ny49vh0000gn/T/tmpddkyc30i/test_stage').exists">tests/unit/test_shared_modules.py:114: in test_stageio_creates_stage_directory
    assert stage_dir.exists(), "StageIO should create stage directory"
E   AssertionError: StageIO should create stage directory
E   assert False
E    +  where False = exists()
E    +    where exists = PosixPath('/var/folders/3s/1tzr9fgd00n236ct50ny49vh0000gn/T/tmpddkyc30i/test_stage').exists</failure></testcase><testcase classname="tests.unit.test_shared_modules.TestStageUtils" name="test_stageio_has_stage_logger_method" time="0.002" /><testcase classname="tests.unit.test_shared_modules.TestLogger" name="test_logger_module_importable" time="0.000" /><testcase classname="tests.unit.test_shared_modules.TestLogger" name="test_get_logger_returns_logger" time="0.000" /><testcase classname="tests.unit.test_shared_modules.TestLogger" name="test_get_logger_with_name" time="0.000" /><testcase classname="tests.unit.test_shared_modules.TestLogger" name="test_pipeline_logger_class_exists" time="0.000" /><testcase classname="tests.unit.test_shared_modules.TestStageDependencies" name="test_stage_dependencies_module_importable" time="0.003" /><testcase classname="tests.unit.test_shared_modules.TestStageDependencies" name="test_validate_stage_dependencies_function_exists" time="0.000" /><testcase classname="tests.unit.test_shared_modules.TestStageDependencies" name="test_get_workflow_stages_function_exists" time="0.000" /><testcase classname="tests.unit.test_shared_modules.TestStageDependencies" name="test_stage_dependencies_dict_exists" time="0.000" /><testcase classname="tests.unit.test_shared_modules.TestStageDependencies" name="test_workflow_presets_dict_exists" time="0.000" /><testcase classname="tests.unit.test_shared_modules.TestStageOrder" name="test_stage_order_module_importable" time="0.000" /><testcase classname="tests.unit.test_shared_modules.TestStageOrder" name="test_get_stage_dir_function_exists" time="0.000" /><testcase classname="tests.unit.test_shared_modules.TestStageOrder" name="test_get_stage_dir_returns_string" time="0.000" /><testcase classname="tests.unit.stages.test_core_stages.TestDemuxStage" name="test_demux_script_exists" time="0.000" /><testcase classname="tests.unit.stages.test_core_stages.TestDemuxStage" name="test_demux_is_executable" time="0.001" /><testcase classname="tests.unit.stages.test_core_stages.TestDemuxStage" name="test_demux_imports_correctly" time="0.002" /><testcase classname="tests.unit.stages.test_core_stages.TestTMDBEnrichmentStage" name="test_tmdb_enrichment_module_importable" time="0.345" /><testcase classname="tests.unit.stages.test_core_stages.TestTMDBEnrichmentStage" name="test_tmdb_enrichment_has_run_stage" time="0.000" /><testcase classname="tests.unit.stages.test_core_stages.TestTMDBEnrichmentStage" name="test_tmdb_enrichment_has_docstring" time="0.000" /><testcase classname="tests.unit.stages.test_core_stages.TestTranslationStage" name="test_translation_module_importable" time="16.568" /><testcase classname="tests.unit.stages.test_core_stages.TestTranslationStage" name="test_translation_has_run_stage" time="0.000" /><testcase classname="tests.unit.stages.test_core_stages.TestTranslationStage" name="test_translation_uses_logger" time="0.001" /><testcase classname="tests.unit.stages.test_core_stages.TestTranslationStage" name="test_translation_has_docstring" time="0.000" /><testcase classname="tests.unit.stages.test_core_stages.TestMuxStage" name="test_mux_module_importable" time="0.003" /><testcase classname="tests.unit.stages.test_core_stages.TestMuxStage" name="test_mux_has_run_stage" time="0.000" /><testcase classname="tests.unit.stages.test_core_stages.TestMuxStage" name="test_mux_has_docstring" time="0.000" /></testsuite></testsuites>