<?xml version="1.0" encoding="utf-8"?><testsuites name="pytest tests"><testsuite name="pytest" errors="0" failures="0" skipped="0" tests="14" time="3.038" timestamp="2025-12-09T19:51:47.156328-06:00" hostname="Rajs-MacBook-Pro.local"><testcase classname="tests.unit.test_context_learner.TestLearnedTerm" name="test_create_learned_term" time="0.001" /><testcase classname="tests.unit.test_context_learner.TestLearnedTerm" name="test_to_dict" time="0.000" /><testcase classname="tests.unit.test_context_learner.TestLearnedTerm" name="test_from_dict" time="0.000" /><testcase classname="tests.unit.test_context_learner.TestTranslationMemoryEntry" name="test_create_entry" time="0.000" /><testcase classname="tests.unit.test_context_learner.TestTranslationMemoryEntry" name="test_to_dict" time="0.000" /><testcase classname="tests.unit.test_context_learner.TestContextLearner" name="test_create_learner" time="0.002" /><testcase classname="tests.unit.test_context_learner.TestContextLearner" name="test_add_learned_term" time="0.001" /><testcase classname="tests.unit.test_context_learner.TestContextLearner" name="test_add_learned_term_updates_frequency" time="0.002" /><testcase classname="tests.unit.test_context_learner.TestContextLearner" name="test_add_translation_memory" time="0.002" /><testcase classname="tests.unit.test_context_learner.TestContextLearner" name="test_get_learned_terms_by_category" time="0.001" /><testcase classname="tests.unit.test_context_learner.TestContextLearner" name="test_get_learned_terms_by_confidence" time="0.002" /><testcase classname="tests.unit.test_context_learner.TestContextLearner" name="test_generate_auto_glossary" time="0.001" /><testcase classname="tests.unit.test_context_learner.TestContextLearner" name="test_save_and_load_knowledge" time="0.008" /><testcase classname="tests.unit.test_context_learner.TestContextLearner" name="test_learn_from_tmdb_mock" time="0.008" /></testsuite></testsuites>