<?xml version="1.0" encoding="utf-8"?><testsuites name="pytest tests"><testsuite name="pytest" errors="0" failures="0" skipped="10" tests="16" time="2.104" timestamp="2025-12-03T16:54:56.896526-06:00" hostname="Rajs-MacBook-Pro.local"><testcase classname="tests.unit.stages.test_10_mux.TestMuxStage" name="test_mux_entry_point_exists" time="0.176" /><testcase classname="tests.unit.stages.test_10_mux.TestMuxStage" name="test_mux_has_main_function" time="0.000" /><testcase classname="tests.unit.stages.test_10_mux.TestMuxStage" name="test_mux_creates_output_dir" time="0.000"><skipped type="pytest.skip" message="Phase 3 - Requires ffmpeg and full environment">/Users/rpatel/Projects/Active/cp-whisperx-app/tests/unit/stages/test_10_mux.py:66: Phase 3 - Requires ffmpeg and full environment</skipped></testcase><testcase classname="tests.unit.stages.test_10_mux.TestMuxStage" name="test_mux_returns_exit_code" time="0.000"><skipped type="pytest.skip" message="Phase 3 - Requires ffmpeg and full environment">/Users/rpatel/Projects/Active/cp-whisperx-app/tests/unit/stages/test_10_mux.py:77: Phase 3 - Requires ffmpeg and full environment</skipped></testcase><testcase classname="tests.unit.stages.test_10_mux.TestMuxFunctionality" name="test_mux_handles_missing_subtitles" time="0.000"><skipped type="pytest.skip" message="Phase 3 - Requires mocking ffmpeg">/Users/rpatel/Projects/Active/cp-whisperx-app/tests/unit/stages/test_10_mux.py:109: Phase 3 - Requires mocking ffmpeg</skipped></testcase><testcase classname="tests.unit.stages.test_10_mux.TestMuxFunctionality" name="test_mux_handles_multiple_subtitles" time="0.000"><skipped type="pytest.skip" message="Phase 3 - Requires mocking ffmpeg">/Users/rpatel/Projects/Active/cp-whisperx-app/tests/unit/stages/test_10_mux.py:115: Phase 3 - Requires mocking ffmpeg</skipped></testcase><testcase classname="tests.unit.stages.test_10_mux.TestMuxFunctionality" name="test_mux_preserves_video_format" time="0.000"><skipped type="pytest.skip" message="Phase 3 - Requires mocking ffmpeg">/Users/rpatel/Projects/Active/cp-whisperx-app/tests/unit/stages/test_10_mux.py:121: Phase 3 - Requires mocking ffmpeg</skipped></testcase><testcase classname="tests.unit.stages.test_10_mux.TestMuxFunctionality" name="test_mux_sets_subtitle_language_metadata" time="0.000"><skipped type="pytest.skip" message="Phase 3 - Requires mocking ffmpeg">/Users/rpatel/Projects/Active/cp-whisperx-app/tests/unit/stages/test_10_mux.py:127: Phase 3 - Requires mocking ffmpeg</skipped></testcase><testcase classname="tests.unit.stages.test_10_mux.TestMuxFunctionality" name="test_mux_creates_final_output_link" time="0.000"><skipped type="pytest.skip" message="Phase 3 - Requires mocking ffmpeg">/Users/rpatel/Projects/Active/cp-whisperx-app/tests/unit/stages/test_10_mux.py:133: Phase 3 - Requires mocking ffmpeg</skipped></testcase><testcase classname="tests.unit.stages.test_10_mux.TestMuxHelpers" name="test_language_code_extraction" time="0.000" /><testcase classname="tests.unit.stages.test_10_mux.TestMuxHelpers" name="test_language_code_mapping" time="0.000" /><testcase classname="tests.unit.stages.test_10_mux.TestMuxHelpers" name="test_subtitle_sort_order" time="0.000" /><testcase classname="tests.unit.stages.test_10_mux.TestMuxIntegration" name="test_mux_stage_in_pipeline" time="0.000"><skipped type="pytest.skip" message="Phase 3 - Requires full pipeline environment">/Users/rpatel/Projects/Active/cp-whisperx-app/tests/unit/stages/test_10_mux.py:213: Phase 3 - Requires full pipeline environment</skipped></testcase><testcase classname="tests.unit.stages.test_10_mux.TestMuxIntegration" name="test_mux_with_test_media" time="0.000"><skipped type="pytest.skip" message="Phase 3 - Requires test media">/Users/rpatel/Projects/Active/cp-whisperx-app/tests/unit/stages/test_10_mux.py:219: Phase 3 - Requires test media</skipped></testcase><testcase classname="tests.unit.stages.test_10_mux.TestMuxIntegration" name="test_mux_completes_subtitle_workflow" time="0.000"><skipped type="pytest.skip" message="Phase 3 - Requires workflow validation">/Users/rpatel/Projects/Active/cp-whisperx-app/tests/unit/stages/test_10_mux.py:226: Phase 3 - Requires workflow validation</skipped></testcase><testcase classname="tests.unit.stages.test_10_mux" name="test_module_info" time="0.000" /></testsuite></testsuites>