<?xml version="1.0" encoding="utf-8"?><testsuites name="pytest tests"><testsuite name="pytest" errors="0" failures="1" skipped="0" tests="32" time="2.591" timestamp="2025-12-10T13:45:57.051999-06:00" hostname="MacBookPro.localdomain"><testcase classname="tests.unit.test_user_profile.TestUserIdManager" name="test_get_next_user_id_starts_at_1" time="0.005" /><testcase classname="tests.unit.test_user_profile.TestUserIdManager" name="test_get_next_user_id_increments" time="0.011" /><testcase classname="tests.unit.test_user_profile.TestUserIdManager" name="test_user_exists_false_for_new_user" time="0.001" /><testcase classname="tests.unit.test_user_profile.TestUserIdManager" name="test_user_exists_true_after_creation" time="0.003" /><testcase classname="tests.unit.test_user_profile.TestUserIdManager" name="test_list_users_empty_initially" time="0.003" /><testcase classname="tests.unit.test_user_profile.TestUserIdManager" name="test_list_users_returns_created_users" time="0.006" /><testcase classname="tests.unit.test_user_profile.TestUserProfileCreation" name="test_create_new_user_assigns_user_id" time="0.002" /><testcase classname="tests.unit.test_user_profile.TestUserProfileCreation" name="test_create_new_user_creates_profile_file" time="0.002" /><testcase classname="tests.unit.test_user_profile.TestUserProfileCreation" name="test_create_new_user_creates_cache_dir" time="0.002" /><testcase classname="tests.unit.test_user_profile.TestUserProfileCreation" name="test_create_new_user_sets_user_info" time="0.004" /><testcase classname="tests.unit.test_user_profile.TestUserProfileCreation" name="test_create_new_user_with_credentials" time="0.004" /><testcase classname="tests.unit.test_user_profile.TestUserProfileCreation" name="test_create_multiple_users" time="0.004" /><testcase classname="tests.unit.test_user_profile.TestUserProfileLoading" name="test_load_existing_profile" time="0.004" /><testcase classname="tests.unit.test_user_profile.TestUserProfileLoading" name="test_load_nonexistent_profile_raises" time="0.003"><failure message="Failed: DID NOT RAISE &lt;class 'FileNotFoundError'&gt;">tests/unit/test_user_profile.py:151: in test_load_nonexistent_profile_raises
    with pytest.raises(FileNotFoundError, match="User profile not found"):
E   Failed: DID NOT RAISE &lt;class 'FileNotFoundError'&gt;</failure></testcase><testcase classname="tests.unit.test_user_profile.TestUserProfileLoading" name="test_load_validates_schema" time="0.007" /><testcase classname="tests.unit.test_user_profile.TestUserProfileLoading" name="test_load_sets_user_id" time="0.005" /><testcase classname="tests.unit.test_user_profile.TestCredentialAccess" name="test_get_credential_existing" time="0.008" /><testcase classname="tests.unit.test_user_profile.TestCredentialAccess" name="test_get_credential_missing_returns_none" time="0.008" /><testcase classname="tests.unit.test_user_profile.TestCredentialAccess" name="test_get_credential_empty_string_returns_none" time="0.004" /><testcase classname="tests.unit.test_user_profile.TestCredentialAccess" name="test_set_credential_new" time="0.004" /><testcase classname="tests.unit.test_user_profile.TestCredentialAccess" name="test_set_credential_overwrites_existing" time="0.004" /><testcase classname="tests.unit.test_user_profile.TestCredentialAccess" name="test_save_persists_changes" time="0.010" /><testcase classname="tests.unit.test_user_profile.TestWorkflowValidation" name="test_validate_transcribe_workflow_valid" time="0.004" /><testcase classname="tests.unit.test_user_profile.TestWorkflowValidation" name="test_validate_transcribe_workflow_missing_hf_raises" time="0.005" /><testcase classname="tests.unit.test_user_profile.TestWorkflowValidation" name="test_validate_subtitle_workflow_valid" time="0.004" /><testcase classname="tests.unit.test_user_profile.TestWorkflowValidation" name="test_validate_subtitle_workflow_missing_tmdb_raises" time="0.005" /><testcase classname="tests.unit.test_user_profile.TestWorkflowValidation" name="test_validate_unknown_workflow_raises" time="0.004" /><testcase classname="tests.unit.test_user_profile.TestBackwardCompatibility" name="test_load_migrates_from_secrets_json" time="0.005" /><testcase classname="tests.unit.test_user_profile.TestConvenienceFunctions" name="test_create_user_function" time="0.002" /><testcase classname="tests.unit.test_user_profile.TestConvenienceFunctions" name="test_list_all_users_function" time="0.005" /><testcase classname="tests.unit.test_user_profile.TestProfileMethods" name="test_to_dict" time="0.004" /><testcase classname="tests.unit.test_user_profile.TestProfileMethods" name="test_repr" time="0.007" /></testsuite></testsuites>