<?xml version="1.0" encoding="utf-8"?><testsuites name="pytest tests"><testsuite name="pytest" errors="0" failures="17" skipped="50" tests="235" time="21.266" timestamp="2025-12-03T15:53:37.654180-06:00" hostname="Rajs-MacBook-Pro.local"><testcase classname="tests.unit.test_renamed_stages.TestPhase1RenamedStages" name="test_stage_module_importable[scripts.03_glossary_load-03_glossary_load]" time="0.144" /><testcase classname="tests.unit.test_renamed_stages.TestPhase1RenamedStages" name="test_stage_module_importable[scripts.05_ner-05_ner]" time="0.001" /><testcase classname="tests.unit.test_renamed_stages.TestPhase1RenamedStages" name="test_stage_module_importable[scripts.06_lyrics_detection-06_lyrics_detection]" time="0.001" /><testcase classname="tests.unit.test_renamed_stages.TestPhase1RenamedStages" name="test_stage_module_importable[scripts.07_hallucination_removal-07_hallucination_removal]" time="0.001" /><testcase classname="tests.unit.test_renamed_stages.TestPhase1RenamedStages" name="test_stage_module_importable[scripts.09_subtitle_gen-09_subtitle_gen]" time="0.001" /><testcase classname="tests.unit.test_renamed_stages.TestPhase1RenamedStages" name="test_stage_has_run_stage_function[scripts.03_glossary_load-03_glossary_load]" time="0.000" /><testcase classname="tests.unit.test_renamed_stages.TestPhase1RenamedStages" name="test_stage_has_run_stage_function[scripts.05_ner-05_ner]" time="0.000" /><testcase classname="tests.unit.test_renamed_stages.TestPhase1RenamedStages" name="test_stage_has_run_stage_function[scripts.06_lyrics_detection-06_lyrics_detection]" time="0.000" /><testcase classname="tests.unit.test_renamed_stages.TestPhase1RenamedStages" name="test_stage_has_run_stage_function[scripts.07_hallucination_removal-07_hallucination_removal]" time="0.000" /><testcase classname="tests.unit.test_renamed_stages.TestPhase1RenamedStages" name="test_stage_has_run_stage_function[scripts.09_subtitle_gen-09_subtitle_gen]" time="0.000" /><testcase classname="tests.unit.test_renamed_stages.TestPhase1RenamedStages" name="test_run_stage_signature[scripts.03_glossary_load-03_glossary_load]" time="0.000" /><testcase classname="tests.unit.test_renamed_stages.TestPhase1RenamedStages" name="test_run_stage_signature[scripts.05_ner-05_ner]" time="0.000" /><testcase classname="tests.unit.test_renamed_stages.TestPhase1RenamedStages" name="test_run_stage_signature[scripts.06_lyrics_detection-06_lyrics_detection]" time="0.000" /><testcase classname="tests.unit.test_renamed_stages.TestPhase1RenamedStages" name="test_run_stage_signature[scripts.07_hallucination_removal-07_hallucination_removal]" time="0.000" /><testcase classname="tests.unit.test_renamed_stages.TestPhase1RenamedStages" name="test_run_stage_signature[scripts.09_subtitle_gen-09_subtitle_gen]" time="0.000" /><testcase classname="tests.unit.test_renamed_stages.TestGlossaryLearnerModule" name="test_glossary_learner_importable" time="0.001" /><testcase classname="tests.unit.test_renamed_stages.TestGlossaryLearnerModule" name="test_glossary_learner_has_class" time="0.000" /><testcase classname="tests.unit.test_renamed_stages.TestStageFileNaming" name="test_all_stage_files_in_scripts_dir" time="0.000" /><testcase classname="tests.unit.test_renamed_stages.TestStageFileNaming" name="test_no_stage_subdirectories_remain" time="0.000" /><testcase classname="tests.unit.test_renamed_stages.TestStageFileNaming" name="test_stage_files_follow_naming_pattern" time="0.001" /><testcase classname="tests.unit.test_renamed_stages.TestStageImportPatterns" name="test_run_pipeline_uses_importlib" time="0.001" /><testcase classname="tests.unit.test_renamed_stages.TestStageImportPatterns" name="test_run_pipeline_no_old_sys_path_insertions" time="0.000" /><testcase classname="tests.unit.test_renamed_stages.TestStageModuleMetadata" name="test_module_has_docstring[scripts.03_glossary_load]" time="0.000" /><testcase classname="tests.unit.test_renamed_stages.TestStageModuleMetadata" name="test_module_has_docstring[scripts.03_glossary_learner]" time="0.000" /><testcase classname="tests.unit.test_renamed_stages.TestStageModuleMetadata" name="test_module_has_docstring[scripts.05_ner]" time="0.000" /><testcase classname="tests.unit.test_renamed_stages.TestStageModuleMetadata" name="test_module_has_docstring[scripts.06_lyrics_detection]" time="0.000" /><testcase classname="tests.unit.test_renamed_stages.TestStageModuleMetadata" name="test_module_has_docstring[scripts.07_hallucination_removal]" time="0.000" /><testcase classname="tests.unit.test_renamed_stages.TestStageModuleMetadata" name="test_module_has_docstring[scripts.09_subtitle_gen]" time="0.000" /><testcase classname="tests.unit.test_renamed_stages.TestStageModuleMetadata" name="test_module_has_logger[scripts.03_glossary_load]" time="0.001" /><testcase classname="tests.unit.test_renamed_stages.TestStageModuleMetadata" name="test_module_has_logger[scripts.03_glossary_learner]" time="0.001" /><testcase classname="tests.unit.test_renamed_stages.TestStageModuleMetadata" name="test_module_has_logger[scripts.05_ner]" time="0.001" /><testcase classname="tests.unit.test_renamed_stages.TestStageModuleMetadata" name="test_module_has_logger[scripts.06_lyrics_detection]" time="0.001" /><testcase classname="tests.unit.test_renamed_stages.TestStageModuleMetadata" name="test_module_has_logger[scripts.07_hallucination_removal]" time="0.001" /><testcase classname="tests.unit.test_renamed_stages.TestStageModuleMetadata" name="test_module_has_logger[scripts.09_subtitle_gen]" time="0.001" /><testcase classname="tests.unit.test_shared_modules.TestConfigLoader" name="test_config_loader_module_importable" time="0.001" /><testcase classname="tests.unit.test_shared_modules.TestConfigLoader" name="test_shared_config_module_importable" time="0.000" /><testcase classname="tests.unit.test_shared_modules.TestConfigLoader" name="test_load_config_returns_dict" time="0.005"><failure message="AssertionError: load_config should return dict&#10;assert False&#10; +  where False = isinstance(PipelineConfig(job_id='', user_id=1, title=None, year=None, workflow_mode='subtitle-gen', source_language=None, target_language=None, media_processing_mode='full', media_start_time=None, media_end_time=None, docker_registry='rajiup', docker_tag='latest', in_root='', output_root='./out', log_root='./logs', temp_root='./temp', log_level='info', log_format='json', log_to_console=True, log_to_file=True, secrets_path='./config/secrets.json', tmdb_api_key='ea32848e3a843143f35705bf3503557b', hf_token='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', step_demux=True, step_tmdb_metadata=True, step_pre_asr_ner=True, step_vad_silero=True, step_silero_vad=True, step_vad_pyannote=True, step_pyannote_vad=True, step_diarization=True, step_whisperx=True, step_post_asr_ner=True, step_subtitle_gen=True, step_mux=True, audio_sample_rate=16000, audio_channels=1, audio_format='wav', audio_codec='pcm_s16le', tmdb_enabled=True, tmdb_language='en-US', tmdb_infer_from_filename=True, pre_ner_enabled=True, pre_ner_model='en_core_web_trf', pre_ner_confidence_threshold=0.0, pre_ner_entity_types='PERSON,ORG,GPE,LOC,FAC', bias_enabled=True, bias_window_seconds=45, bias_stride_seconds=15, bias_topk=10, bias_min_confidence=0.6, song_bias_enabled=True, song_bias_fuzzy_threshold=0.8, use_musicbrainz=True, cache_musicbrainz=True, whisper_model='large-v3', whisper_compute_type='int8', whisper_batch_size=16, whisper_language='hi', whisper_task='translate', whisper_temperature='0.0,0.2,0.4,0.6,0.8,1.0', whisper_beam_size=5, whisper_best_of=5, whisper_patience=1.0, whisper_length_penalty=1.0, whisper_no_speech_threshold=0.6, whisper_logprob_threshold=-1.0, whisper_compression_ratio_threshold=2.4, whisper_condition_on_previous_text=True, whisper_initial_prompt='', whisperx_device='auto', whisperx_backend='auto', whisperx_align_extend=2.0, whisperx_align_from_prev=True, src_lang='hi', tgt_lang='en', source_lang='hi', target_lang='en', silero_threshold=0.6, silero_min_speech_duration_ms=250, silero_min_silence_duration_ms=300, silero_merge_gap_sec=0.35, pyannote_onset=0.5, pyannote_offset=0.5, pyannote_min_duration_on=0.0, pyannote_min_duration_off=0.0, pyannote_device='auto', pyannote_window_pad=0.25, pyannote_merge_gap=0.2, diarization_min_speakers=1, diarization_max_speakers=10, diarization_model='pyannote/speaker-diarization-3.1', diarization_device='auto', diarization_method='pyannote', speaker_map='', subtitle_format='srt', subtitle_max_line_length=42, subtitle_max_lines=2, subtitle_include_speaker_labels=True, subtitle_speaker_format='[{speaker}]', subtitle_word_level_timestamps=False, subtitle_max_duration=7.0, subtitle_min_duration=1.0, subtitle_merge_short=True, glossary_enable=True, glossary_seed_sources='asr,tmdb,master', glossary_min_conf=0.55, glossary_master='glossary/hinglish_master.tsv', glossary_prompts_dir='glossary/prompts', glossary_cache_dir='glossary/cache', glossary_cache_enabled=True, glossary_cache_ttl_days=30, glossary_learning_enabled=False, glossary_auto_learn=True, glossary_min_occurrences=2, glossary_confidence_threshold=3, glossary_enabled=True, glossary_path='glossary/hinglish_master.tsv', glossary_strategy='adaptive', film_prompt_path='', frequency_data_path='glossary/learned/term_frequency.json', cps_target=15.0, cps_hard_cap=17.0, cps_enforcement=True, second_pass_enabled=True, second_pass_backend='nllb', lyric_detect_enabled=True, lyric_threshold=0.5, lyric_style='lyric', lyric_min_duration=30.0, post_ner_model='en_core_web_trf', post_ner_entity_correction=True, post_ner_tmdb_matching=True, post_ner_confidence_threshold=0.8, post_ner_device='cpu', mux_subtitle_codec='mov_text', mux_subtitle_language='eng', mux_subtitle_title='English', mux_copy_video=True, mux_copy_audio=True, mux_container_format='mp4', device='cpu', device_whisperx='cpu', device_diarization='cpu', device_vad='cpu', device_ner='cpu', docker_memory_limit='10g', docker_cpu_limit=4, enable_chunking=False, chunk_duration_minutes=30, cleanup_temp_files=True, keep_intermediate_files=False, max_retries=3), dict)">E   AssertionError: load_config should return dict
    assert False
     +  where False = isinstance(PipelineConfig(job_id='', user_id=1, title=None, year=None, workflow_mode='subtitle-gen', source_language=None, target_language=None, media_processing_mode='full', media_start_time=None, media_end_time=None, docker_registry='rajiup', docker_tag='latest', in_root='', output_root='./out', log_root='./logs', temp_root='./temp', log_level='info', log_format='json', log_to_console=True, log_to_file=True, secrets_path='./config/secrets.json', tmdb_api_key='ea32848e3a843143f35705bf3503557b', hf_token='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', step_demux=True, step_tmdb_metadata=True, step_pre_asr_ner=True, step_vad_silero=True, step_silero_vad=True, step_vad_pyannote=True, step_pyannote_vad=True, step_diarization=True, step_whisperx=True, step_post_asr_ner=True, step_subtitle_gen=True, step_mux=True, audio_sample_rate=16000, audio_channels=1, audio_format='wav', audio_codec='pcm_s16le', tmdb_enabled=True, tmdb_language='en-US', tmdb_infer_from_filename=True, pre_ner_enabled=True, pre_ner_model='en_core_web_trf', pre_ner_confidence_threshold=0.0, pre_ner_entity_types='PERSON,ORG,GPE,LOC,FAC', bias_enabled=True, bias_window_seconds=45, bias_stride_seconds=15, bias_topk=10, bias_min_confidence=0.6, song_bias_enabled=True, song_bias_fuzzy_threshold=0.8, use_musicbrainz=True, cache_musicbrainz=True, whisper_model='large-v3', whisper_compute_type='int8', whisper_batch_size=16, whisper_language='hi', whisper_task='translate', whisper_temperature='0.0,0.2,0.4,0.6,0.8,1.0', whisper_beam_size=5, whisper_best_of=5, whisper_patience=1.0, whisper_length_penalty=1.0, whisper_no_speech_threshold=0.6, whisper_logprob_threshold=-1.0, whisper_compression_ratio_threshold=2.4, whisper_condition_on_previous_text=True, whisper_initial_prompt='', whisperx_device='auto', whisperx_backend='auto', whisperx_align_extend=2.0, whisperx_align_from_prev=True, src_lang='hi', tgt_lang='en', source_lang='hi', target_lang='en', silero_threshold=0.6, silero_min_speech_duration_ms=250, silero_min_silence_duration_ms=300, silero_merge_gap_sec=0.35, pyannote_onset=0.5, pyannote_offset=0.5, pyannote_min_duration_on=0.0, pyannote_min_duration_off=0.0, pyannote_device='auto', pyannote_window_pad=0.25, pyannote_merge_gap=0.2, diarization_min_speakers=1, diarization_max_speakers=10, diarization_model='pyannote/speaker-diarization-3.1', diarization_device='auto', diarization_method='pyannote', speaker_map='', subtitle_format='srt', subtitle_max_line_length=42, subtitle_max_lines=2, subtitle_include_speaker_labels=True, subtitle_speaker_format='[{speaker}]', subtitle_word_level_timestamps=False, subtitle_max_duration=7.0, subtitle_min_duration=1.0, subtitle_merge_short=True, glossary_enable=True, glossary_seed_sources='asr,tmdb,master', glossary_min_conf=0.55, glossary_master='glossary/hinglish_master.tsv', glossary_prompts_dir='glossary/prompts', glossary_cache_dir='glossary/cache', glossary_cache_enabled=True, glossary_cache_ttl_days=30, glossary_learning_enabled=False, glossary_auto_learn=True, glossary_min_occurrences=2, glossary_confidence_threshold=3, glossary_enabled=True, glossary_path='glossary/hinglish_master.tsv', glossary_strategy='adaptive', film_prompt_path='', frequency_data_path='glossary/learned/term_frequency.json', cps_target=15.0, cps_hard_cap=17.0, cps_enforcement=True, second_pass_enabled=True, second_pass_backend='nllb', lyric_detect_enabled=True, lyric_threshold=0.5, lyric_style='lyric', lyric_min_duration=30.0, post_ner_model='en_core_web_trf', post_ner_entity_correction=True, post_ner_tmdb_matching=True, post_ner_confidence_threshold=0.8, post_ner_device='cpu', mux_subtitle_codec='mov_text', mux_subtitle_language='eng', mux_subtitle_title='English', mux_copy_video=True, mux_copy_audio=True, mux_container_format='mp4', device='cpu', device_whisperx='cpu', device_diarization='cpu', device_vad='cpu', device_ner='cpu', docker_memory_limit='10g', docker_cpu_limit=4, enable_chunking=False, chunk_duration_minutes=30, cleanup_temp_files=True, keep_intermediate_files=False, max_retries=3), dict)</failure></testcase><testcase classname="tests.unit.test_shared_modules.TestConfigLoader" name="test_config_handles_missing_file_gracefully" time="0.003"><failure message="AssertionError: assert False&#10; +  where False = isinstance(PipelineConfig(job_id='', user_id=1, title=None, year=None, workflow_mode='subtitle-gen', source_language=None, target_language=None, media_processing_mode='full', media_start_time=None, media_end_time=None, docker_registry='rajiup', docker_tag='latest', in_root='', output_root='./out', log_root='./logs', temp_root='./temp', log_level='info', log_format='json', log_to_console=True, log_to_file=True, secrets_path='./config/secrets.json', tmdb_api_key='ea32848e3a843143f35705bf3503557b', hf_token='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', step_demux=True, step_tmdb_metadata=True, step_pre_asr_ner=True, step_vad_silero=True, step_silero_vad=True, step_vad_pyannote=True, step_pyannote_vad=True, step_diarization=True, step_whisperx=True, step_post_asr_ner=True, step_subtitle_gen=True, step_mux=True, audio_sample_rate=16000, audio_channels=1, audio_format='wav', audio_codec='pcm_s16le', tmdb_enabled=True, tmdb_language='en-US', tmdb_infer_from_filename=True, pre_ner_enabled=True, pre_ner_model='en_core_web_trf', pre_ner_confidence_threshold=0.0, pre_ner_entity_types='PERSON,ORG,GPE,LOC,FAC', bias_enabled=True, bias_window_seconds=45, bias_stride_seconds=15, bias_topk=10, bias_min_confidence=0.6, song_bias_enabled=True, song_bias_fuzzy_threshold=0.8, use_musicbrainz=True, cache_musicbrainz=True, whisper_model='large-v3', whisper_compute_type='int8', whisper_batch_size=16, whisper_language='hi', whisper_task='translate', whisper_temperature='0.0,0.2,0.4,0.6,0.8,1.0', whisper_beam_size=5, whisper_best_of=5, whisper_patience=1.0, whisper_length_penalty=1.0, whisper_no_speech_threshold=0.6, whisper_logprob_threshold=-1.0, whisper_compression_ratio_threshold=2.4, whisper_condition_on_previous_text=True, whisper_initial_prompt='', whisperx_device='auto', whisperx_backend='auto', whisperx_align_extend=2.0, whisperx_align_from_prev=True, src_lang='hi', tgt_lang='en', source_lang='hi', target_lang='en', silero_threshold=0.6, silero_min_speech_duration_ms=250, silero_min_silence_duration_ms=300, silero_merge_gap_sec=0.35, pyannote_onset=0.5, pyannote_offset=0.5, pyannote_min_duration_on=0.0, pyannote_min_duration_off=0.0, pyannote_device='auto', pyannote_window_pad=0.25, pyannote_merge_gap=0.2, diarization_min_speakers=1, diarization_max_speakers=10, diarization_model='pyannote/speaker-diarization-3.1', diarization_device='auto', diarization_method='pyannote', speaker_map='', subtitle_format='srt', subtitle_max_line_length=42, subtitle_max_lines=2, subtitle_include_speaker_labels=True, subtitle_speaker_format='[{speaker}]', subtitle_word_level_timestamps=False, subtitle_max_duration=7.0, subtitle_min_duration=1.0, subtitle_merge_short=True, glossary_enable=True, glossary_seed_sources='asr,tmdb,master', glossary_min_conf=0.55, glossary_master='glossary/hinglish_master.tsv', glossary_prompts_dir='glossary/prompts', glossary_cache_dir='glossary/cache', glossary_cache_enabled=True, glossary_cache_ttl_days=30, glossary_learning_enabled=False, glossary_auto_learn=True, glossary_min_occurrences=2, glossary_confidence_threshold=3, glossary_enabled=True, glossary_path='glossary/hinglish_master.tsv', glossary_strategy='adaptive', film_prompt_path='', frequency_data_path='glossary/learned/term_frequency.json', cps_target=15.0, cps_hard_cap=17.0, cps_enforcement=True, second_pass_enabled=True, second_pass_backend='nllb', lyric_detect_enabled=True, lyric_threshold=0.5, lyric_style='lyric', lyric_min_duration=30.0, post_ner_model='en_core_web_trf', post_ner_entity_correction=True, post_ner_tmdb_matching=True, post_ner_confidence_threshold=0.8, post_ner_device='cpu', mux_subtitle_codec='mov_text', mux_subtitle_language='eng', mux_subtitle_title='English', mux_copy_video=True, mux_copy_audio=True, mux_container_format='mp4', device='cpu', device_whisperx='cpu', device_diarization='cpu', device_vad='cpu', device_ner='cpu', docker_memory_limit='10g', docker_cpu_limit=4, enable_chunking=False, chunk_duration_minutes=30, cleanup_temp_files=True, keep_intermediate_files=False, max_retries=3), dict)">E   AssertionError: assert False
     +  where False = isinstance(PipelineConfig(job_id='', user_id=1, title=None, year=None, workflow_mode='subtitle-gen', source_language=None, target_language=None, media_processing_mode='full', media_start_time=None, media_end_time=None, docker_registry='rajiup', docker_tag='latest', in_root='', output_root='./out', log_root='./logs', temp_root='./temp', log_level='info', log_format='json', log_to_console=True, log_to_file=True, secrets_path='./config/secrets.json', tmdb_api_key='ea32848e3a843143f35705bf3503557b', hf_token='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', step_demux=True, step_tmdb_metadata=True, step_pre_asr_ner=True, step_vad_silero=True, step_silero_vad=True, step_vad_pyannote=True, step_pyannote_vad=True, step_diarization=True, step_whisperx=True, step_post_asr_ner=True, step_subtitle_gen=True, step_mux=True, audio_sample_rate=16000, audio_channels=1, audio_format='wav', audio_codec='pcm_s16le', tmdb_enabled=True, tmdb_language='en-US', tmdb_infer_from_filename=True, pre_ner_enabled=True, pre_ner_model='en_core_web_trf', pre_ner_confidence_threshold=0.0, pre_ner_entity_types='PERSON,ORG,GPE,LOC,FAC', bias_enabled=True, bias_window_seconds=45, bias_stride_seconds=15, bias_topk=10, bias_min_confidence=0.6, song_bias_enabled=True, song_bias_fuzzy_threshold=0.8, use_musicbrainz=True, cache_musicbrainz=True, whisper_model='large-v3', whisper_compute_type='int8', whisper_batch_size=16, whisper_language='hi', whisper_task='translate', whisper_temperature='0.0,0.2,0.4,0.6,0.8,1.0', whisper_beam_size=5, whisper_best_of=5, whisper_patience=1.0, whisper_length_penalty=1.0, whisper_no_speech_threshold=0.6, whisper_logprob_threshold=-1.0, whisper_compression_ratio_threshold=2.4, whisper_condition_on_previous_text=True, whisper_initial_prompt='', whisperx_device='auto', whisperx_backend='auto', whisperx_align_extend=2.0, whisperx_align_from_prev=True, src_lang='hi', tgt_lang='en', source_lang='hi', target_lang='en', silero_threshold=0.6, silero_min_speech_duration_ms=250, silero_min_silence_duration_ms=300, silero_merge_gap_sec=0.35, pyannote_onset=0.5, pyannote_offset=0.5, pyannote_min_duration_on=0.0, pyannote_min_duration_off=0.0, pyannote_device='auto', pyannote_window_pad=0.25, pyannote_merge_gap=0.2, diarization_min_speakers=1, diarization_max_speakers=10, diarization_model='pyannote/speaker-diarization-3.1', diarization_device='auto', diarization_method='pyannote', speaker_map='', subtitle_format='srt', subtitle_max_line_length=42, subtitle_max_lines=2, subtitle_include_speaker_labels=True, subtitle_speaker_format='[{speaker}]', subtitle_word_level_timestamps=False, subtitle_max_duration=7.0, subtitle_min_duration=1.0, subtitle_merge_short=True, glossary_enable=True, glossary_seed_sources='asr,tmdb,master', glossary_min_conf=0.55, glossary_master='glossary/hinglish_master.tsv', glossary_prompts_dir='glossary/prompts', glossary_cache_dir='glossary/cache', glossary_cache_enabled=True, glossary_cache_ttl_days=30, glossary_learning_enabled=False, glossary_auto_learn=True, glossary_min_occurrences=2, glossary_confidence_threshold=3, glossary_enabled=True, glossary_path='glossary/hinglish_master.tsv', glossary_strategy='adaptive', film_prompt_path='', frequency_data_path='glossary/learned/term_frequency.json', cps_target=15.0, cps_hard_cap=17.0, cps_enforcement=True, second_pass_enabled=True, second_pass_backend='nllb', lyric_detect_enabled=True, lyric_threshold=0.5, lyric_style='lyric', lyric_min_duration=30.0, post_ner_model='en_core_web_trf', post_ner_entity_correction=True, post_ner_tmdb_matching=True, post_ner_confidence_threshold=0.8, post_ner_device='cpu', mux_subtitle_codec='mov_text', mux_subtitle_language='eng', mux_subtitle_title='English', mux_copy_video=True, mux_copy_audio=True, mux_container_format='mp4', device='cpu', device_whisperx='cpu', device_diarization='cpu', device_vad='cpu', device_ner='cpu', docker_memory_limit='10g', docker_cpu_limit=4, enable_chunking=False, chunk_duration_minutes=30, cleanup_temp_files=True, keep_intermediate_files=False, max_retries=3), dict)</failure></testcase><testcase classname="tests.unit.test_shared_modules.TestStageUtils" name="test_stage_utils_importable" time="0.000" /><testcase classname="tests.unit.test_shared_modules.TestStageUtils" name="test_stageio_class_exists" time="0.000" /><testcase classname="tests.unit.test_shared_modules.TestStageUtils" name="test_stageio_can_be_instantiated" time="0.002" /><testcase classname="tests.unit.test_shared_modules.TestStageUtils" name="test_stageio_creates_stage_directory" time="0.002"><failure message="AssertionError: StageIO should create stage directory&#10;assert False&#10; +  where False = exists()&#10; +    where exists = PosixPath('/var/folders/3s/1tzr9fgd00n236ct50ny49vh0000gn/T/tmp598evl0s/test_stage').exists">E   AssertionError: StageIO should create stage directory
    assert False
     +  where False = exists()
     +    where exists = PosixPath('/var/folders/3s/1tzr9fgd00n236ct50ny49vh0000gn/T/tmp598evl0s/test_stage').exists</failure></testcase><testcase classname="tests.unit.test_shared_modules.TestStageUtils" name="test_stageio_has_stage_logger_method" time="0.002" /><testcase classname="tests.unit.test_shared_modules.TestLogger" name="test_logger_module_importable" time="0.000" /><testcase classname="tests.unit.test_shared_modules.TestLogger" name="test_get_logger_returns_logger" time="0.000" /><testcase classname="tests.unit.test_shared_modules.TestLogger" name="test_get_logger_with_name" time="0.000" /><testcase classname="tests.unit.test_shared_modules.TestLogger" name="test_pipeline_logger_class_exists" time="0.000" /><testcase classname="tests.unit.test_shared_modules.TestManifest" name="test_manifest_module_importable" time="0.000" /><testcase classname="tests.unit.test_shared_modules.TestManifest" name="test_manifest_can_be_instantiated" time="0.001" /><testcase classname="tests.unit.test_shared_modules.TestManifest" name="test_manifest_has_add_input_method" time="0.001"><skipped type="pytest.skip" message="StageManifest API may differ - adjust test based on actual implementation">/Users/rpatel/Projects/Active/cp-whisperx-app/tests/unit/test_shared_modules.py:201: StageManifest API may differ - adjust test based on actual implementation</skipped></testcase><testcase classname="tests.unit.test_shared_modules.TestManifest" name="test_manifest_has_add_output_method" time="0.001" /><testcase classname="tests.unit.test_shared_modules.TestEnvironmentManager" name="test_environment_manager_importable" time="0.003" /><testcase classname="tests.unit.test_shared_modules.TestEnvironmentManager" name="test_environment_manager_can_be_instantiated" time="0.001" /><testcase classname="tests.unit.test_shared_modules.TestEnvironmentManager" name="test_environment_manager_detects_platform" time="0.000" /><testcase classname="tests.unit.test_shared_modules.TestStageDependencies" name="test_stage_dependencies_module_importable" time="0.001" /><testcase classname="tests.unit.test_shared_modules.TestStageDependencies" name="test_validate_stage_dependencies_function_exists" time="0.000" /><testcase classname="tests.unit.test_shared_modules.TestStageDependencies" name="test_get_workflow_stages_function_exists" time="0.000" /><testcase classname="tests.unit.test_shared_modules.TestStageDependencies" name="test_stage_dependencies_dict_exists" time="0.000" /><testcase classname="tests.unit.test_shared_modules.TestStageDependencies" name="test_workflow_presets_dict_exists" time="0.000" /><testcase classname="tests.unit.test_shared_modules.TestStageOrder" name="test_stage_order_module_importable" time="0.000" /><testcase classname="tests.unit.test_shared_modules.TestStageOrder" name="test_get_stage_dir_function_exists" time="0.000" /><testcase classname="tests.unit.test_shared_modules.TestStageOrder" name="test_get_stage_dir_returns_string" time="0.000" /><testcase classname="tests.unit.test_shared_modules.TestHardwareDetection" name="test_hardware_detection_importable" time="0.012" /><testcase classname="tests.unit.test_shared_modules.TestHardwareDetection" name="test_hardware_detection_has_functions" time="0.000" /><testcase classname="tests.unit.test_shared_modules.TestAllSharedModules" name="test_shared_module_importable[shared.config]" time="0.000" /><testcase classname="tests.unit.test_shared_modules.TestAllSharedModules" name="test_shared_module_importable[shared.logger]" time="0.000" /><testcase classname="tests.unit.test_shared_modules.TestAllSharedModules" name="test_shared_module_importable[shared.manifest]" time="0.000" /><testcase classname="tests.unit.test_shared_modules.TestAllSharedModules" name="test_shared_module_importable[shared.stage_utils]" time="0.000" /><testcase classname="tests.unit.test_shared_modules.TestAllSharedModules" name="test_shared_module_importable[shared.environment_manager]" time="0.000" /><testcase classname="tests.unit.test_shared_modules.TestAllSharedModules" name="test_shared_module_importable[shared.stage_dependencies]" time="0.000" /><testcase classname="tests.unit.test_shared_modules.TestAllSharedModules" name="test_shared_module_importable[shared.stage_order]" time="0.000" /><testcase classname="tests.unit.test_shared_modules.TestAllSharedModules" name="test_shared_module_importable[shared.hardware_detection]" time="0.000" /><testcase classname="tests.unit.test_shared_modules.TestAllSharedModules" name="test_shared_module_importable[shared.model_checker]" time="0.003" /><testcase classname="tests.unit.test_shared_modules.TestAllSharedModules" name="test_shared_module_has_docstring[shared.config]" time="0.000" /><testcase classname="tests.unit.test_shared_modules.TestAllSharedModules" name="test_shared_module_has_docstring[shared.logger]" time="0.000" /><testcase classname="tests.unit.test_shared_modules.TestAllSharedModules" name="test_shared_module_has_docstring[shared.manifest]" time="0.000" /><testcase classname="tests.unit.test_shared_modules.TestAllSharedModules" name="test_shared_module_has_docstring[shared.stage_utils]" time="0.000" /><testcase classname="tests.unit.test_shared_modules.TestAllSharedModules" name="test_shared_module_has_docstring[shared.environment_manager]" time="0.000" /><testcase classname="tests.unit.test_shared_modules.TestAllSharedModules" name="test_shared_module_has_docstring[shared.stage_dependencies]" time="0.000" /><testcase classname="tests.unit.test_shared_modules.TestAllSharedModules" name="test_shared_module_has_docstring[shared.stage_order]" time="0.000" /><testcase classname="tests.unit.test_shared_modules.TestAllSharedModules" name="test_shared_module_has_docstring[shared.hardware_detection]" time="0.000" /><testcase classname="tests.unit.test_shared_modules.TestAllSharedModules" name="test_shared_module_has_docstring[shared.model_checker]" time="0.000" /><testcase classname="tests.unit.test_shared_modules.TestAllSharedModules" name="test_shared_module_file_exists[shared.config]" time="0.000" /><testcase classname="tests.unit.test_shared_modules.TestAllSharedModules" name="test_shared_module_file_exists[shared.logger]" time="0.000" /><testcase classname="tests.unit.test_shared_modules.TestAllSharedModules" name="test_shared_module_file_exists[shared.manifest]" time="0.000" /><testcase classname="tests.unit.test_shared_modules.TestAllSharedModules" name="test_shared_module_file_exists[shared.stage_utils]" time="0.000" /><testcase classname="tests.unit.test_shared_modules.TestAllSharedModules" name="test_shared_module_file_exists[shared.environment_manager]" time="0.000" /><testcase classname="tests.unit.test_shared_modules.TestAllSharedModules" name="test_shared_module_file_exists[shared.stage_dependencies]" time="0.000" /><testcase classname="tests.unit.test_shared_modules.TestAllSharedModules" name="test_shared_module_file_exists[shared.stage_order]" time="0.000" /><testcase classname="tests.unit.test_shared_modules.TestAllSharedModules" name="test_shared_module_file_exists[shared.hardware_detection]" time="0.000" /><testcase classname="tests.unit.test_shared_modules.TestAllSharedModules" name="test_shared_module_file_exists[shared.model_checker]" time="0.000" /><testcase classname="tests.unit.stages.test_core_stages.TestDemuxStage" name="test_demux_script_exists" time="0.000" /><testcase classname="tests.unit.stages.test_core_stages.TestDemuxStage" name="test_demux_is_executable" time="0.001" /><testcase classname="tests.unit.stages.test_core_stages.TestDemuxStage" name="test_demux_imports_correctly" time="0.003" /><testcase classname="tests.unit.stages.test_core_stages.TestTMDBEnrichmentStage" name="test_tmdb_enrichment_module_importable" time="0.108" /><testcase classname="tests.unit.stages.test_core_stages.TestTMDBEnrichmentStage" name="test_tmdb_enrichment_has_run_stage" time="0.000" /><testcase classname="tests.unit.stages.test_core_stages.TestTMDBEnrichmentStage" name="test_tmdb_enrichment_has_docstring" time="0.000" /><testcase classname="tests.unit.stages.test_core_stages.TestSourceSeparationStage" name="test_source_separation_module_importable" time="0.003" /><testcase classname="tests.unit.stages.test_core_stages.TestSourceSeparationStage" name="test_source_separation_has_run_stage" time="0.000"><failure message="AssertionError: Missing run_stage() function&#10;assert False&#10; +  where False = hasattr(&lt;module 'scripts.04_source_separation' from '/Users/rpatel/Projects/Active/cp-whisperx-app/scripts/04_source_separation.py'&gt;, 'run_stage')">E   AssertionError: Missing run_stage() function
    assert False
     +  where False = hasattr(&lt;module 'scripts.04_source_separation' from '/Users/rpatel/Projects/Active/cp-whisperx-app/scripts/04_source_separation.py'&gt;, 'run_stage')</failure></testcase><testcase classname="tests.unit.stages.test_core_stages.TestSourceSeparationStage" name="test_source_separation_uses_logger" time="0.001" /><testcase classname="tests.unit.stages.test_core_stages.TestPyannoteVADStage" name="test_pyannote_vad_module_importable" time="0.001"><failure message="  File &quot;/Users/rpatel/Projects/Active/cp-whisperx-app/scripts/05_pyannote_vad.py&quot;, line 90&#10;    logger.error(f&quot;✗ File not found: {e}&quot;, exc_info=True, exc_info=True)&#10;                                                            ^^^^^^^^^^^^^&#10;SyntaxError: keyword argument repeated: exc_info">E     File "/Users/rpatel/Projects/Active/cp-whisperx-app/scripts/05_pyannote_vad.py", line 90
        logger.error(f"✗ File not found: {e}", exc_info=True, exc_info=True)
                                                                ^^^^^^^^^^^^^
    SyntaxError: keyword argument repeated: exc_info</failure></testcase><testcase classname="tests.unit.stages.test_core_stages.TestPyannoteVADStage" name="test_pyannote_vad_has_run_stage" time="0.001"><failure message="  File &quot;/Users/rpatel/Projects/Active/cp-whisperx-app/scripts/05_pyannote_vad.py&quot;, line 90&#10;    logger.error(f&quot;✗ File not found: {e}&quot;, exc_info=True, exc_info=True)&#10;                                                            ^^^^^^^^^^^^^&#10;SyntaxError: keyword argument repeated: exc_info">E     File "/Users/rpatel/Projects/Active/cp-whisperx-app/scripts/05_pyannote_vad.py", line 90
        logger.error(f"✗ File not found: {e}", exc_info=True, exc_info=True)
                                                                ^^^^^^^^^^^^^
    SyntaxError: keyword argument repeated: exc_info</failure></testcase><testcase classname="tests.unit.stages.test_core_stages.TestPyannoteVADStage" name="test_pyannote_vad_has_docstring" time="0.001"><failure message="  File &quot;/Users/rpatel/Projects/Active/cp-whisperx-app/scripts/05_pyannote_vad.py&quot;, line 90&#10;    logger.error(f&quot;✗ File not found: {e}&quot;, exc_info=True, exc_info=True)&#10;                                                            ^^^^^^^^^^^^^&#10;SyntaxError: keyword argument repeated: exc_info">E     File "/Users/rpatel/Projects/Active/cp-whisperx-app/scripts/05_pyannote_vad.py", line 90
        logger.error(f"✗ File not found: {e}", exc_info=True, exc_info=True)
                                                                ^^^^^^^^^^^^^
    SyntaxError: keyword argument repeated: exc_info</failure></testcase><testcase classname="tests.unit.stages.test_core_stages.TestWhisperXASRStage" name="test_whisperx_asr_module_importable" time="0.003"><failure message="Failed: Failed to import 06_whisperx_asr: No module named 'whisperx_integration'">E   ModuleNotFoundError: No module named 'whisperx_integration'

During handling of the above exception, another exception occurred:
E   Failed: Failed to import 06_whisperx_asr: No module named 'whisperx_integration'</failure></testcase><testcase classname="tests.unit.stages.test_core_stages.TestWhisperXASRStage" name="test_whisperx_asr_has_run_stage" time="0.001"><failure message="ModuleNotFoundError: No module named 'whisperx_integration'">E   ModuleNotFoundError: No module named 'whisperx_integration'</failure></testcase><testcase classname="tests.unit.stages.test_core_stages.TestWhisperXASRStage" name="test_whisperx_asr_uses_logger" time="0.000" /><testcase classname="tests.unit.stages.test_core_stages.TestAlignmentStage" name="test_alignment_module_importable" time="0.002"><failure message="  File &quot;/Users/rpatel/Projects/Active/cp-whisperx-app/scripts/07_alignment.py&quot;, line 260&#10;    logger: logging.Logger&#10;          ^&#10;SyntaxError: invalid syntax">E     File "/Users/rpatel/Projects/Active/cp-whisperx-app/scripts/07_alignment.py", line 260
        logger: logging.Logger
              ^
    SyntaxError: invalid syntax</failure></testcase><testcase classname="tests.unit.stages.test_core_stages.TestAlignmentStage" name="test_alignment_has_run_stage" time="0.002"><failure message="  File &quot;/Users/rpatel/Projects/Active/cp-whisperx-app/scripts/07_alignment.py&quot;, line 260&#10;    logger: logging.Logger&#10;          ^&#10;SyntaxError: invalid syntax">E     File "/Users/rpatel/Projects/Active/cp-whisperx-app/scripts/07_alignment.py", line 260
        logger: logging.Logger
              ^
    SyntaxError: invalid syntax</failure></testcase><testcase classname="tests.unit.stages.test_core_stages.TestAlignmentStage" name="test_alignment_has_docstring" time="0.002"><failure message="  File &quot;/Users/rpatel/Projects/Active/cp-whisperx-app/scripts/07_alignment.py&quot;, line 260&#10;    logger: logging.Logger&#10;          ^&#10;SyntaxError: invalid syntax">E     File "/Users/rpatel/Projects/Active/cp-whisperx-app/scripts/07_alignment.py", line 260
        logger: logging.Logger
              ^
    SyntaxError: invalid syntax</failure></testcase><testcase classname="tests.unit.stages.test_core_stages.TestTranslationStage" name="test_translation_module_importable" time="20.663" /><testcase classname="tests.unit.stages.test_core_stages.TestTranslationStage" name="test_translation_has_run_stage" time="0.000" /><testcase classname="tests.unit.stages.test_core_stages.TestTranslationStage" name="test_translation_uses_logger" time="0.001" /><testcase classname="tests.unit.stages.test_core_stages.TestTranslationStage" name="test_translation_has_docstring" time="0.000" /><testcase classname="tests.unit.stages.test_core_stages.TestMuxStage" name="test_mux_module_importable" time="0.007" /><testcase classname="tests.unit.stages.test_core_stages.TestMuxStage" name="test_mux_has_run_stage" time="0.000" /><testcase classname="tests.unit.stages.test_core_stages.TestMuxStage" name="test_mux_has_docstring" time="0.000" /><testcase classname="tests.unit.stages.test_core_stages.TestAllStagesCommon" name="test_stage_file_exists[scripts.01_demux]" time="0.000" /><testcase classname="tests.unit.stages.test_core_stages.TestAllStagesCommon" name="test_stage_file_exists[scripts.02_tmdb_enrichment]" time="0.000" /><testcase classname="tests.unit.stages.test_core_stages.TestAllStagesCommon" name="test_stage_file_exists[scripts.04_source_separation]" time="0.000" /><testcase classname="tests.unit.stages.test_core_stages.TestAllStagesCommon" name="test_stage_file_exists[scripts.05_pyannote_vad]" time="0.004" /><testcase classname="tests.unit.stages.test_core_stages.TestAllStagesCommon" name="test_stage_file_exists[scripts.06_whisperx_asr]" time="0.000" /><testcase classname="tests.unit.stages.test_core_stages.TestAllStagesCommon" name="test_stage_file_exists[scripts.07_alignment]" time="0.000" /><testcase classname="tests.unit.stages.test_core_stages.TestAllStagesCommon" name="test_stage_file_exists[scripts.08_translation]" time="0.000" /><testcase classname="tests.unit.stages.test_core_stages.TestAllStagesCommon" name="test_stage_file_exists[scripts.10_mux]" time="0.000" /><testcase classname="tests.unit.stages.test_core_stages.TestAllStagesCommon" name="test_stage_has_no_syntax_errors[scripts.01_demux]" time="0.010" /><testcase classname="tests.unit.stages.test_core_stages.TestAllStagesCommon" name="test_stage_has_no_syntax_errors[scripts.02_tmdb_enrichment]" time="0.013" /><testcase classname="tests.unit.stages.test_core_stages.TestAllStagesCommon" name="test_stage_has_no_syntax_errors[scripts.04_source_separation]" time="0.007" /><testcase classname="tests.unit.stages.test_core_stages.TestAllStagesCommon" name="test_stage_has_no_syntax_errors[scripts.05_pyannote_vad]" time="0.002"><failure message="Failed: 05_pyannote_vad.py has syntax errors:   File &quot;/Users/rpatel/Projects/Active/cp-whisperx-app/scripts/05_pyannote_vad.py&quot;, line 90&#10;    logger.error(f&quot;✗ File not found: {e}&quot;, exc_info=True, exc_info=True)&#10;                                                            ^^^^^^^^^^^^^&#10;SyntaxError: keyword argument repeated: exc_info">E     File "/Users/rpatel/Projects/Active/cp-whisperx-app/scripts/05_pyannote_vad.py", line 90
        logger.error(f"✗ File not found: {e}", exc_info=True, exc_info=True)
                                                                ^^^^^^^^^^^^^
    SyntaxError: keyword argument repeated: exc_info

During handling of the above exception, another exception occurred:
E   py_compile.PyCompileError:   File "/Users/rpatel/Projects/Active/cp-whisperx-app/scripts/05_pyannote_vad.py", line 90
        logger.error(f"✗ File not found: {e}", exc_info=True, exc_info=True)
                                                                ^^^^^^^^^^^^^
    SyntaxError: keyword argument repeated: exc_info

During handling of the above exception, another exception occurred:
E   Failed: 05_pyannote_vad.py has syntax errors:   File "/Users/rpatel/Projects/Active/cp-whisperx-app/scripts/05_pyannote_vad.py", line 90
        logger.error(f"✗ File not found: {e}", exc_info=True, exc_info=True)
                                                                ^^^^^^^^^^^^^
    SyntaxError: keyword argument repeated: exc_info</failure></testcase><testcase classname="tests.unit.stages.test_core_stages.TestAllStagesCommon" name="test_stage_has_no_syntax_errors[scripts.06_whisperx_asr]" time="0.002" /><testcase classname="tests.unit.stages.test_core_stages.TestAllStagesCommon" name="test_stage_has_no_syntax_errors[scripts.07_alignment]" time="0.003"><failure message="Failed: 07_alignment.py has syntax errors:   File &quot;/Users/rpatel/Projects/Active/cp-whisperx-app/scripts/07_alignment.py&quot;, line 260&#10;    logger: logging.Logger&#10;          ^&#10;SyntaxError: invalid syntax">E     File "/Users/rpatel/Projects/Active/cp-whisperx-app/scripts/07_alignment.py", line 260
        logger: logging.Logger
              ^
    SyntaxError: invalid syntax

During handling of the above exception, another exception occurred:
E   py_compile.PyCompileError:   File "/Users/rpatel/Projects/Active/cp-whisperx-app/scripts/07_alignment.py", line 260
        logger: logging.Logger
              ^
    SyntaxError: invalid syntax

During handling of the above exception, another exception occurred:
E   Failed: 07_alignment.py has syntax errors:   File "/Users/rpatel/Projects/Active/cp-whisperx-app/scripts/07_alignment.py", line 260
        logger: logging.Logger
              ^
    SyntaxError: invalid syntax</failure></testcase><testcase classname="tests.unit.stages.test_core_stages.TestAllStagesCommon" name="test_stage_has_no_syntax_errors[scripts.08_translation]" time="0.005" /><testcase classname="tests.unit.stages.test_core_stages.TestAllStagesCommon" name="test_stage_has_no_syntax_errors[scripts.10_mux]" time="0.003" /><testcase classname="tests.unit.stages.test_core_stages.TestAllStagesCommon" name="test_stage_follows_naming_pattern[scripts.01_demux]" time="0.001" /><testcase classname="tests.unit.stages.test_core_stages.TestAllStagesCommon" name="test_stage_follows_naming_pattern[scripts.02_tmdb_enrichment]" time="0.000" /><testcase classname="tests.unit.stages.test_core_stages.TestAllStagesCommon" name="test_stage_follows_naming_pattern[scripts.04_source_separation]" time="0.000" /><testcase classname="tests.unit.stages.test_core_stages.TestAllStagesCommon" name="test_stage_follows_naming_pattern[scripts.05_pyannote_vad]" time="0.000" /><testcase classname="tests.unit.stages.test_core_stages.TestAllStagesCommon" name="test_stage_follows_naming_pattern[scripts.06_whisperx_asr]" time="0.000" /><testcase classname="tests.unit.stages.test_core_stages.TestAllStagesCommon" name="test_stage_follows_naming_pattern[scripts.07_alignment]" time="0.000" /><testcase classname="tests.unit.stages.test_core_stages.TestAllStagesCommon" name="test_stage_follows_naming_pattern[scripts.08_translation]" time="0.000" /><testcase classname="tests.unit.stages.test_core_stages.TestAllStagesCommon" name="test_stage_follows_naming_pattern[scripts.10_mux]" time="0.000" /><testcase classname="tests.unit.stages.test_renamed_stage_entry_points.TestGlossaryLoadStage" name="test_glossary_load_entry_point_exists" time="0.000" /><testcase classname="tests.unit.stages.test_renamed_stage_entry_points.TestGlossaryLoadStage" name="test_glossary_load_creates_output_dir" time="0.000"><skipped type="pytest.skip" message="Phase 3 - Requires full stage implementation">/Users/rpatel/Projects/Active/cp-whisperx-app/tests/unit/stages/test_renamed_stage_entry_points.py:55: Phase 3 - Requires full stage implementation</skipped></testcase><testcase classname="tests.unit.stages.test_renamed_stage_entry_points.TestGlossaryLoadStage" name="test_glossary_load_returns_exit_code" time="0.000"><skipped type="pytest.skip" message="Phase 3 - Requires full stage implementation">/Users/rpatel/Projects/Active/cp-whisperx-app/tests/unit/stages/test_renamed_stage_entry_points.py:67: Phase 3 - Requires full stage implementation</skipped></testcase><testcase classname="tests.unit.stages.test_renamed_stage_entry_points.TestNERStage" name="test_ner_entry_point_exists" time="0.000" /><testcase classname="tests.unit.stages.test_renamed_stage_entry_points.TestNERStage" name="test_ner_creates_output_dir" time="0.000"><skipped type="pytest.skip" message="Phase 3 - Requires full stage implementation">/Users/rpatel/Projects/Active/cp-whisperx-app/tests/unit/stages/test_renamed_stage_entry_points.py:108: Phase 3 - Requires full stage implementation</skipped></testcase><testcase classname="tests.unit.stages.test_renamed_stage_entry_points.TestLyricsDetectionStage" name="test_lyrics_detection_entry_point_exists" time="0.000" /><testcase classname="tests.unit.stages.test_renamed_stage_entry_points.TestLyricsDetectionStage" name="test_lyrics_detection_creates_output_dir" time="0.000"><skipped type="pytest.skip" message="Phase 3 - Requires full stage implementation">/Users/rpatel/Projects/Active/cp-whisperx-app/tests/unit/stages/test_renamed_stage_entry_points.py:149: Phase 3 - Requires full stage implementation</skipped></testcase><testcase classname="tests.unit.stages.test_renamed_stage_entry_points.TestHallucinationRemovalStage" name="test_hallucination_removal_entry_point_exists" time="0.000" /><testcase classname="tests.unit.stages.test_renamed_stage_entry_points.TestHallucinationRemovalStage" name="test_hallucination_removal_creates_output_dir" time="0.000"><skipped type="pytest.skip" message="Phase 3 - Requires full stage implementation">/Users/rpatel/Projects/Active/cp-whisperx-app/tests/unit/stages/test_renamed_stage_entry_points.py:194: Phase 3 - Requires full stage implementation</skipped></testcase><testcase classname="tests.unit.stages.test_renamed_stage_entry_points.TestSubtitleGenStage" name="test_subtitle_gen_entry_point_exists" time="0.000" /><testcase classname="tests.unit.stages.test_renamed_stage_entry_points.TestSubtitleGenStage" name="test_subtitle_gen_creates_output_dir" time="0.000"><skipped type="pytest.skip" message="Phase 3 - Requires full stage implementation">/Users/rpatel/Projects/Active/cp-whisperx-app/tests/unit/stages/test_renamed_stage_entry_points.py:239: Phase 3 - Requires full stage implementation</skipped></testcase><testcase classname="tests.unit.stages.test_renamed_stage_entry_points.TestStageErrorHandling" name="test_stage_handles_missing_job_dir[scripts.03_glossary_load]" time="0.000"><skipped type="pytest.skip" message="Phase 3 - Requires full error handling implementation">/Users/rpatel/Projects/Active/cp-whisperx-app/tests/unit/stages/test_renamed_stage_entry_points.py:267: Phase 3 - Requires full error handling implementation</skipped></testcase><testcase classname="tests.unit.stages.test_renamed_stage_entry_points.TestStageErrorHandling" name="test_stage_handles_missing_job_dir[scripts.05_ner]" time="0.000"><skipped type="pytest.skip" message="Phase 3 - Requires full error handling implementation">/Users/rpatel/Projects/Active/cp-whisperx-app/tests/unit/stages/test_renamed_stage_entry_points.py:267: Phase 3 - Requires full error handling implementation</skipped></testcase><testcase classname="tests.unit.stages.test_renamed_stage_entry_points.TestStageErrorHandling" name="test_stage_handles_missing_job_dir[scripts.06_lyrics_detection]" time="0.000"><skipped type="pytest.skip" message="Phase 3 - Requires full error handling implementation">/Users/rpatel/Projects/Active/cp-whisperx-app/tests/unit/stages/test_renamed_stage_entry_points.py:267: Phase 3 - Requires full error handling implementation</skipped></testcase><testcase classname="tests.unit.stages.test_renamed_stage_entry_points.TestStageErrorHandling" name="test_stage_handles_missing_job_dir[scripts.07_hallucination_removal]" time="0.000"><skipped type="pytest.skip" message="Phase 3 - Requires full error handling implementation">/Users/rpatel/Projects/Active/cp-whisperx-app/tests/unit/stages/test_renamed_stage_entry_points.py:267: Phase 3 - Requires full error handling implementation</skipped></testcase><testcase classname="tests.unit.stages.test_renamed_stage_entry_points.TestStageErrorHandling" name="test_stage_handles_missing_job_dir[scripts.09_subtitle_gen]" time="0.000"><skipped type="pytest.skip" message="Phase 3 - Requires full error handling implementation">/Users/rpatel/Projects/Active/cp-whisperx-app/tests/unit/stages/test_renamed_stage_entry_points.py:267: Phase 3 - Requires full error handling implementation</skipped></testcase><testcase classname="tests.unit.stages.test_renamed_stage_entry_points.TestStageErrorHandling" name="test_stage_handles_missing_prerequisites[scripts.03_glossary_load]" time="0.000"><skipped type="pytest.skip" message="Phase 3 - Requires full error handling implementation">/Users/rpatel/Projects/Active/cp-whisperx-app/tests/unit/stages/test_renamed_stage_entry_points.py:282: Phase 3 - Requires full error handling implementation</skipped></testcase><testcase classname="tests.unit.stages.test_renamed_stage_entry_points.TestStageErrorHandling" name="test_stage_handles_missing_prerequisites[scripts.05_ner]" time="0.000"><skipped type="pytest.skip" message="Phase 3 - Requires full error handling implementation">/Users/rpatel/Projects/Active/cp-whisperx-app/tests/unit/stages/test_renamed_stage_entry_points.py:282: Phase 3 - Requires full error handling implementation</skipped></testcase><testcase classname="tests.unit.stages.test_renamed_stage_entry_points.TestStageErrorHandling" name="test_stage_handles_missing_prerequisites[scripts.06_lyrics_detection]" time="0.000"><skipped type="pytest.skip" message="Phase 3 - Requires full error handling implementation">/Users/rpatel/Projects/Active/cp-whisperx-app/tests/unit/stages/test_renamed_stage_entry_points.py:282: Phase 3 - Requires full error handling implementation</skipped></testcase><testcase classname="tests.unit.stages.test_renamed_stage_entry_points.TestStageErrorHandling" name="test_stage_handles_missing_prerequisites[scripts.07_hallucination_removal]" time="0.000"><skipped type="pytest.skip" message="Phase 3 - Requires full error handling implementation">/Users/rpatel/Projects/Active/cp-whisperx-app/tests/unit/stages/test_renamed_stage_entry_points.py:282: Phase 3 - Requires full error handling implementation</skipped></testcase><testcase classname="tests.unit.stages.test_renamed_stage_entry_points.TestStageErrorHandling" name="test_stage_handles_missing_prerequisites[scripts.09_subtitle_gen]" time="0.000"><skipped type="pytest.skip" message="Phase 3 - Requires full error handling implementation">/Users/rpatel/Projects/Active/cp-whisperx-app/tests/unit/stages/test_renamed_stage_entry_points.py:282: Phase 3 - Requires full error handling implementation</skipped></testcase><testcase classname="tests.unit.stages.test_renamed_stage_entry_points.TestStageManifests" name="test_stage_creates_manifest[scripts.03_glossary_load]" time="0.000"><skipped type="pytest.skip" message="Phase 3 - Requires full StageIO implementation">/Users/rpatel/Projects/Active/cp-whisperx-app/tests/unit/stages/test_renamed_stage_entry_points.py:316: Phase 3 - Requires full StageIO implementation</skipped></testcase><testcase classname="tests.unit.stages.test_renamed_stage_entry_points.TestStageManifests" name="test_stage_creates_manifest[scripts.05_ner]" time="0.000"><skipped type="pytest.skip" message="Phase 3 - Requires full StageIO implementation">/Users/rpatel/Projects/Active/cp-whisperx-app/tests/unit/stages/test_renamed_stage_entry_points.py:316: Phase 3 - Requires full StageIO implementation</skipped></testcase><testcase classname="tests.unit.stages.test_renamed_stage_entry_points.TestStageManifests" name="test_stage_creates_manifest[scripts.06_lyrics_detection]" time="0.000"><skipped type="pytest.skip" message="Phase 3 - Requires full StageIO implementation">/Users/rpatel/Projects/Active/cp-whisperx-app/tests/unit/stages/test_renamed_stage_entry_points.py:316: Phase 3 - Requires full StageIO implementation</skipped></testcase><testcase classname="tests.unit.stages.test_renamed_stage_entry_points.TestStageManifests" name="test_stage_creates_manifest[scripts.07_hallucination_removal]" time="0.000"><skipped type="pytest.skip" message="Phase 3 - Requires full StageIO implementation">/Users/rpatel/Projects/Active/cp-whisperx-app/tests/unit/stages/test_renamed_stage_entry_points.py:316: Phase 3 - Requires full StageIO implementation</skipped></testcase><testcase classname="tests.unit.stages.test_renamed_stage_entry_points.TestStageManifests" name="test_stage_creates_manifest[scripts.09_subtitle_gen]" time="0.000"><skipped type="pytest.skip" message="Phase 3 - Requires full StageIO implementation">/Users/rpatel/Projects/Active/cp-whisperx-app/tests/unit/stages/test_renamed_stage_entry_points.py:316: Phase 3 - Requires full StageIO implementation</skipped></testcase><testcase classname="tests.integration.test_standard_media.TestStandardMediaAvailability" name="test_sample1_exists" time="0.000" /><testcase classname="tests.integration.test_standard_media.TestStandardMediaAvailability" name="test_sample2_exists" time="0.000" /><testcase classname="tests.integration.test_standard_media.TestStandardMediaAvailability" name="test_test_media_index_exists" time="0.001" /><testcase classname="tests.integration.test_standard_media.TestSample1Transcribe" name="test_sample1_transcribe_workflow" time="0.000"><skipped type="pytest.skip" message="Phase 3 - Requires full pipeline integration">/Users/rpatel/Projects/Active/cp-whisperx-app/tests/integration/test_standard_media.py:162: Phase 3 - Requires full pipeline integration</skipped></testcase><testcase classname="tests.integration.test_standard_media.TestSample1Transcribe" name="test_sample1_handles_technical_terminology" time="0.000"><skipped type="pytest.skip" message="Phase 3 - Requires full pipeline integration">/Users/rpatel/Projects/Active/cp-whisperx-app/tests/integration/test_standard_media.py:185: Phase 3 - Requires full pipeline integration</skipped></testcase><testcase classname="tests.integration.test_standard_media.TestSample1Translate" name="test_sample1_english_to_hindi_translation" time="0.000"><skipped type="pytest.skip" message="Phase 3 - Requires full pipeline integration">/Users/rpatel/Projects/Active/cp-whisperx-app/tests/integration/test_standard_media.py:201: Phase 3 - Requires full pipeline integration</skipped></testcase><testcase classname="tests.integration.test_standard_media.TestSample2Subtitle" name="test_sample2_subtitle_workflow" time="0.000"><skipped type="pytest.skip" message="Phase 3 - Requires full pipeline integration">/Users/rpatel/Projects/Active/cp-whisperx-app/tests/integration/test_standard_media.py:227: Phase 3 - Requires full pipeline integration</skipped></testcase><testcase classname="tests.integration.test_standard_media.TestSample2Subtitle" name="test_sample2_character_name_preservation" time="0.000"><skipped type="pytest.skip" message="Phase 3 - Requires full pipeline integration">/Users/rpatel/Projects/Active/cp-whisperx-app/tests/integration/test_standard_media.py:257: Phase 3 - Requires full pipeline integration</skipped></testcase><testcase classname="tests.integration.test_standard_media.TestSample2Subtitle" name="test_sample2_hinglish_code_mixing_handled" time="0.000"><skipped type="pytest.skip" message="Phase 3 - Requires full pipeline integration">/Users/rpatel/Projects/Active/cp-whisperx-app/tests/integration/test_standard_media.py:266: Phase 3 - Requires full pipeline integration</skipped></testcase><testcase classname="tests.integration.test_standard_media.TestSample2Transcribe" name="test_sample2_transcribe_workflow" time="0.000"><skipped type="pytest.skip" message="Phase 3 - Requires full pipeline integration">/Users/rpatel/Projects/Active/cp-whisperx-app/tests/integration/test_standard_media.py:282: Phase 3 - Requires full pipeline integration</skipped></testcase><testcase classname="tests.integration.test_standard_media.TestSample2Translate" name="test_sample2_hindi_to_english_translation" time="0.000"><skipped type="pytest.skip" message="Phase 3 - Requires full pipeline integration">/Users/rpatel/Projects/Active/cp-whisperx-app/tests/integration/test_standard_media.py:304: Phase 3 - Requires full pipeline integration</skipped></testcase><testcase classname="tests.integration.test_standard_media.TestQualityBaselines" name="test_sample1_meets_asr_baseline" time="0.000"><skipped type="pytest.skip" message="Phase 3 - Requires baseline measurements">/Users/rpatel/Projects/Active/cp-whisperx-app/tests/integration/test_standard_media.py:329: Phase 3 - Requires baseline measurements</skipped></testcase><testcase classname="tests.integration.test_standard_media.TestQualityBaselines" name="test_sample1_meets_translation_baseline" time="0.000"><skipped type="pytest.skip" message="Phase 3 - Requires baseline measurements">/Users/rpatel/Projects/Active/cp-whisperx-app/tests/integration/test_standard_media.py:337: Phase 3 - Requires baseline measurements</skipped></testcase><testcase classname="tests.integration.test_standard_media.TestQualityBaselines" name="test_sample2_meets_asr_baseline" time="0.000"><skipped type="pytest.skip" message="Phase 3 - Requires baseline measurements">/Users/rpatel/Projects/Active/cp-whisperx-app/tests/integration/test_standard_media.py:345: Phase 3 - Requires baseline measurements</skipped></testcase><testcase classname="tests.integration.test_standard_media.TestQualityBaselines" name="test_sample2_meets_subtitle_baseline" time="0.000"><skipped type="pytest.skip" message="Phase 3 - Requires baseline measurements">/Users/rpatel/Projects/Active/cp-whisperx-app/tests/integration/test_standard_media.py:353: Phase 3 - Requires baseline measurements</skipped></testcase><testcase classname="tests.integration.test_standard_media.TestStandardMediaSmoke" name="test_sample1_is_video_file" time="0.001" /><testcase classname="tests.integration.test_standard_media.TestStandardMediaSmoke" name="test_sample2_is_video_file" time="0.001" /><testcase classname="tests.integration.test_workflow_integration.TestPrepareJobIntegration" name="test_prepare_job_script_exists" time="0.000" /><testcase classname="tests.integration.test_workflow_integration.TestPrepareJobIntegration" name="test_prepare_job_is_executable" time="0.000" /><testcase classname="tests.integration.test_workflow_integration.TestPrepareJobIntegration" name="test_prepare_job_creates_job_directory" time="0.000"><skipped type="pytest.skip" message="Requires actual execution - slow test">/Users/rpatel/Projects/Active/cp-whisperx-app/tests/integration/test_workflow_integration.py:118: Requires actual execution - slow test</skipped></testcase><testcase classname="tests.integration.test_workflow_integration.TestPrepareJobIntegration" name="test_prepare_job_creates_config" time="0.000"><skipped type="pytest.skip" message="Requires actual execution - slow test">/Users/rpatel/Projects/Active/cp-whisperx-app/tests/integration/test_workflow_integration.py:137: Requires actual execution - slow test</skipped></testcase><testcase classname="tests.integration.test_workflow_integration.TestWorkflowStructure" name="test_transcribe_workflow_stages_defined" time="0.000" /><testcase classname="tests.integration.test_workflow_integration.TestWorkflowStructure" name="test_translate_workflow_stages_defined" time="0.000" /><testcase classname="tests.integration.test_workflow_integration.TestWorkflowStructure" name="test_subtitle_workflow_stages_defined" time="0.000"><failure message="AssertionError: Subtitle workflow should have at least 8 stages (full pipeline)&#10;assert 5 &gt;= 8&#10; +  where 5 = len(['01_demux', '04_asr', '08_translation', '09_subtitle_gen', '10_mux'])">E   AssertionError: Subtitle workflow should have at least 8 stages (full pipeline)
    assert 5 &gt;= 8
     +  where 5 = len(['01_demux', '04_asr', '08_translation', '09_subtitle_gen', '10_mux'])</failure></testcase><testcase classname="tests.integration.test_workflow_integration.TestWorkflowStructure" name="test_workflow_dependencies_valid" time="0.000"><failure message="TypeError: object of type 'NoneType' has no len()">E   TypeError: object of type 'NoneType' has no len()</failure></testcase><testcase classname="tests.integration.test_workflow_integration.TestStageScriptsAvailable" name="test_stage_script_exists[01_demux.py]" time="0.000" /><testcase classname="tests.integration.test_workflow_integration.TestStageScriptsAvailable" name="test_stage_script_exists[02_tmdb_enrichment.py]" time="0.000" /><testcase classname="tests.integration.test_workflow_integration.TestStageScriptsAvailable" name="test_stage_script_exists[03_glossary_load.py]" time="0.000" /><testcase classname="tests.integration.test_workflow_integration.TestStageScriptsAvailable" name="test_stage_script_exists[04_source_separation.py]" time="0.000" /><testcase classname="tests.integration.test_workflow_integration.TestStageScriptsAvailable" name="test_stage_script_exists[05_pyannote_vad.py]" time="0.000" /><testcase classname="tests.integration.test_workflow_integration.TestStageScriptsAvailable" name="test_stage_script_exists[06_whisperx_asr.py]" time="0.000" /><testcase classname="tests.integration.test_workflow_integration.TestStageScriptsAvailable" name="test_stage_script_exists[07_alignment.py]" time="0.000" /><testcase classname="tests.integration.test_workflow_integration.TestStageScriptsAvailable" name="test_stage_script_exists[08_translation.py]" time="0.000" /><testcase classname="tests.integration.test_workflow_integration.TestStageScriptsAvailable" name="test_stage_script_exists[09_subtitle_generation.py]" time="0.000" /><testcase classname="tests.integration.test_workflow_integration.TestStageScriptsAvailable" name="test_stage_script_exists[10_mux.py]" time="0.000" /><testcase classname="tests.integration.test_workflow_integration.TestStageScriptsAvailable" name="test_stage_script_is_python[01_demux.py]" time="0.000" /><testcase classname="tests.integration.test_workflow_integration.TestStageScriptsAvailable" name="test_stage_script_is_python[02_tmdb_enrichment.py]" time="0.000" /><testcase classname="tests.integration.test_workflow_integration.TestStageScriptsAvailable" name="test_stage_script_is_python[03_glossary_load.py]" time="0.001" /><testcase classname="tests.integration.test_workflow_integration.TestStageScriptsAvailable" name="test_stage_script_is_python[04_source_separation.py]" time="0.000" /><testcase classname="tests.integration.test_workflow_integration.TestStageScriptsAvailable" name="test_stage_script_is_python[05_pyannote_vad.py]" time="0.000" /><testcase classname="tests.integration.test_workflow_integration.TestStageScriptsAvailable" name="test_stage_script_is_python[06_whisperx_asr.py]" time="0.000" /><testcase classname="tests.integration.test_workflow_integration.TestStageScriptsAvailable" name="test_stage_script_is_python[07_alignment.py]" time="0.000" /><testcase classname="tests.integration.test_workflow_integration.TestStageScriptsAvailable" name="test_stage_script_is_python[08_translation.py]" time="0.000"><failure message="AssertionError: Stage 08_translation.py should have Python shebang&#10;assert (False)&#10; +  where False = &lt;built-in method startswith of str object at 0x117257830&gt;('#!')&#10; +    where &lt;built-in method startswith of str object at 0x117257830&gt; = '&quot;&quot;&quot;\n'.startswith">E   AssertionError: Stage 08_translation.py should have Python shebang
    assert (False)
     +  where False = &lt;built-in method startswith of str object at 0x117257830&gt;('#!')
     +    where &lt;built-in method startswith of str object at 0x117257830&gt; = '"""\n'.startswith</failure></testcase><testcase classname="tests.integration.test_workflow_integration.TestStageScriptsAvailable" name="test_stage_script_is_python[09_subtitle_generation.py]" time="0.001" /><testcase classname="tests.integration.test_workflow_integration.TestStageScriptsAvailable" name="test_stage_script_is_python[10_mux.py]" time="0.000" /><testcase classname="tests.integration.test_workflow_integration.TestJobDirectoryStructure" name="test_output_directory_exists" time="0.000" /><testcase classname="tests.integration.test_workflow_integration.TestJobDirectoryStructure" name="test_logs_directory_exists" time="0.000" /><testcase classname="tests.integration.test_workflow_integration.TestJobDirectoryStructure" name="test_expected_stage_directories_structure" time="0.003" /><testcase classname="tests.integration.test_workflow_integration.TestPipelineRunner" name="test_run_pipeline_script_exists" time="0.000" /><testcase classname="tests.integration.test_workflow_integration.TestPipelineRunner" name="test_run_pipeline_py_exists" time="0.000" /><testcase classname="tests.integration.test_workflow_integration.TestPipelineRunner" name="test_run_pipeline_has_main_function" time="0.004"><skipped type="pytest.skip" message="Could not verify run-pipeline.py: run-pipeline.py should have main execution guard&#10;assert &quot;if __name__ == '__main__'&quot; in '#!/usr/bin/env python3\n&quot;&quot;&quot;\nIndicTrans2 Pipeline Orchestrator\n\nSimplified pipeline execution for IndicTrans2 workflows:\n- Transcribe workflow: demux \u2192 asr \u2192 alignment\n- Translate workflow: load_transcript \u2192 indictrans2_translation \u2192 subtitle_generation\n\nReuses existing infrastructure:\n- shared/logger.py for logging\n- shared/manifest.py for tracking\n- Existing stage implementations where possible\n&quot;&quot;&quot;\n\n# Standard library\nimport sys\nimport os\nimport json\nimport argparse\nimport subprocess\nimport traceback\nimport logging\nfrom pathlib import Path\nfrom datetime import datetime\nfrom typing import Optional, Dict, List, Any\n\n# Add paths for imports\nSCRIPT_DIR = Path(__file__).parent\nPROJECT_ROOT = SCRIPT_DIR.parent\nsys.path.insert(0, str(PROJECT_ROOT))\n\nfrom shared.logger import PipelineLogger, get_logger\nfrom shared.environment_manager import EnvironmentManager\nfrom scripts.config_loader import Config\nfrom shared.stage_order import get_stage_dir\nfrom shared.stage_dependencies import (\n    validate_stage_dependencies,\n    get_workflow_stages,\n    get_execution_order\n)\n\n# Initialize logger\nlogger = get_logger(__name__)\n\n\ndef format_timestamp_srt(seconds: float) -&gt; str:\n    &quot;&quot;&quot;Format seconds as SRT timestamp (HH:MM:SS,mmm)&quot;&quot;&quot;\n    hours = int(seconds // 3600)\n    minutes = int((seconds % 3600) // 60)\n    secs = int(seconds % 60)\n    millis = int((seconds % 1) * 1000)\n    return f&quot;{hours:02d}:{minutes:02d}:{secs:02d},{millis:03d}&quot;\n\n\ndef normalize_segments_data(data: Dict[str, Any]) -&gt; Any:\n    &quot;&quot;&quot;\n    Normalize segments data to consistent dict format.\n    Handles both list [...] and dict {&quot;segments&quot;: [...]} formats.\n    \n    Args:\n        data: Either a list of segments or a dict containing segments\n        \n    Returns:\n        Tuple of (data_dict, segments_list)\n    &quot;&quot;&quot;\n    if isinstance(data, list):\n        segments = data\n        data = {&quot;segments&quot;: segments}\n    elif isinstance(data, dict):\n        segments = data.get(&quot;segments&quot;, [])\n    else:\n        segments = []\n    \n    return data, segments\n\n\ndef generate_srt_from_segments(segments: List[Dict], output_path: Path) -&gt; bool:\n    &quot;&quot;&quot;Generate SRT subtitle file from segments&quot;&quot;&quot;\n    try:\n        with open(output_path, \'w\', encoding=\'utf-8\') as f:\n            for i, segment in enumerate(segments, 1):\n                # Segment number\n                f.write(f&quot;{i}\\n&quot;)\n                \n                # Timestamps\n                start = format_timestamp_srt(segment.get(\'start\', 0))\n                end = format_timestamp_srt(segment.get(\'end\', 0))\n                f.write(f&quot;{start} --&gt; {end}\\n&quot;)\n                \n                # Text\n                text = segment.get(\'text\', \'\').strip()\n                f.write(f&quot;{text}\\n&quot;)\n                \n                # Blank line between segments\n                f.write(&quot;\\n&quot;)\n        \n        return True\n    except Exception as e:\n        return False\n\n\n\nclass IndicTrans2Pipeline:\n    &quot;&quot;&quot;Pipeline orchestrator for IndicTrans2 workflows&quot;&quot;&quot;\n    \n    def __init__(self, job_dir: Path, resume: bool = False):\n        &quot;&quot;&quot;  Init  .&quot;&quot;&quot;\n        self.job_dir = job_dir\n        self.resume = resume\n        \n        # Set scripts directory\n        self.scripts_dir = PROJECT_ROOT / &quot;scripts&quot;\n        \n        # Load main configuration for fallback defaults\n        self.main_config = Config(PROJECT_ROOT)\n        \n        # Load job configuration\n        self.job_config = self._load_config(&quot;job.json&quot;)\n        self.manifest = self._load_config(&quot;manifest.json&quot;)\n        \n        # Initialize environment manager\n        self.env_manager = EnvironmentManager(PROJECT_ROOT)\n        \n        # Load job-specific environment configuration\n        self.env_config = self._load_env_config()\n        \n        # Get debug mode from job config\n        self.debug = self.job_config.get(&quot;debug&quot;, False)\n        log_level = &quot;DEBUG&quot; if self.debug else &quot;INFO&quot;\n        \n        # Setup logging - DUAL logging architecture:\n        # 1. Main pipeline log: High-level orchestration\n        # 2. Stage logs: Detailed logs in each stage subdirectory\n        log_dir = job_dir / &quot;logs&quot;\n        log_dir.mkdir(exist_ok=True)\n        \n        # Create main pipeline log file (99_pipeline_*.log for clarity)\n        timestamp = datetime.now().strftime(&quot;%Y%m%d_%H%M%S&quot;)\n        log_file = log_dir / f&quot;99_pipeline_{timestamp}.log&quot;\n        \n        self.logger = PipelineLogger(\n            module_name=&quot;pipeline&quot;,\n            log_file=log_file,\n            log_level=log_level\n        )\n        \n        self.logger.info(&quot;=&quot; * 80)\n        self.logger.info(&quot;PIPELINE LOGGING ARCHITECTURE&quot;)\n        self.logger.info(&quot;=&quot; * 80)\n        self.logger.info(f&quot;\U0001f4cb Main pipeline log: {log_file.relative_to(job_dir)}&quot;)\n        self.logger.info(f&quot;\U0001f4cb Stage logs: Each stage writes to its own subdirectory&quot;)\n        self.logger.info(f&quot;\U0001f4cb Stage manifests: Track inputs/outputs/intermediate files&quot;)\n        self.logger.info(&quot;&quot;)\n        \n        if self.debug:\n            self.logger.info(&quot;\U0001f41b DEBUG MODE ENABLED - Verbose logging active&quot;)\n        \n        self.workflow = self.job_config[&quot;workflow&quot;]\n        \n        # Initialize glossary manager (will be loaded in stage)\n        self.glossary_manager = None\n        \n        # Log cache configuration\n        cache_config = self.env_manager.hardware_cache.get(&quot;cache&quot;, {})\n        if cache_config:\n            self.logger.info(&quot;\U0001f4e6 Model cache configuration:&quot;)\n            if &quot;hf_home&quot; in cache_config:\n                hf_cache = PROJECT_ROOT / cache_config[&quot;hf_home&quot;]\n                if hf_cache.exists():\n                    # Count cached models\n                    hub_dir = hf_cache / &quot;hub&quot;\n                    if hub_dir.exists():\n                        model_count = len([d for d in hub_dir.iterdir() if d.is_dir() and d.name.startswith(&quot;models--&quot;)])\n                        self.logger.info(f&quot;  HuggingFace cache: {cache_config[\'hf_home\']} ({model_count} models cached)&quot;)\n                    else:\n                        self.logger.info(f&quot;  HuggingFace cache: {cache_config[\'hf_home\']} (empty)&quot;)\n                else:\n                    self.logger.warning(f&quot;  HuggingFace cache not found: {cache_config[\'hf_home\']}&quot;)\n            if &quot;torch_home&quot; in cache_config:\n                self.logger.info(f&quot;  PyTorch cache: {cache_config[\'torch_home\']}&quot;)\n            if &quot;mlx_home&quot; in cache_config:\n                self.logger.info(f&quot;  MLX cache: {cache_config[\'mlx_home\']}&quot;)\n        \n        # Log environment information\n        envs = self.job_config.get(&quot;environments&quot;, {})\n        if envs:\n            self.logger.info(f&quot;Multi-environment mode: {len(envs)} environment(s) configured&quot;)\n            for env_name, env_path in envs.items():\n                installed = &quot;\u2713&quot; if self.env_manager.is_environment_installed(env_name) else &quot;\u2717&quot;\n                self.logger.info(f&quot;  {installed} {env_name}: {env_path}&quot;)\n    \n    def _stage_path(self, stage_name: str) -&gt; Path:\n        &quot;&quot;&quot;\n        Get the path to a stage directory using centralized stage ordering.\n        \n        Args:\n            stage_name: Name of the stage\n            \n        Returns:\n            Path to stage directory\n        &quot;&quot;&quot;\n        return self.job_dir / get_stage_dir(stage_name)\n    \n    def _load_env_config(self) -&gt; Dict[str, str]:\n        &quot;&quot;&quot;Load job-specific .env file created by prepare-job&quot;&quot;&quot;\n        job_id = self.job_config[&quot;job_id&quot;]\n        env_file = self.job_dir / f&quot;.{job_id}.env&quot;\n        \n        if not env_file.exists():\n            self.logger.warning(f&quot;Job .env file not found: {env_file}&quot;)\n            return {}\n        \n        config = {}\n        with open(env_file) as f:\n            for line in f:\n                line = line.strip()\n                if line and not line.startswith(\'#\') and \'=\' in line:\n                    key, value = line.split(\'=\', 1)\n                    config[key] = value\n        \n        return config\n    \n    def _is_indic_language(self, lang_code: str) -&gt; bool:\n        &quot;&quot;&quot;Check if a language code is an Indic language supported by IndicTrans2&quot;&quot;&quot;\n        indic_languages = {\n            &quot;hi&quot;, &quot;as&quot;, &quot;bn&quot;, &quot;gu&quot;, &quot;kn&quot;, &quot;ml&quot;, &quot;mr&quot;, &quot;or&quot;, &quot;pa&quot;, &quot;ta&quot;, &quot;te&quot;, &quot;ur&quot;,\n            &quot;ne&quot;, &quot;sd&quot;, &quot;si&quot;, &quot;sa&quot;, &quot;ks&quot;, &quot;doi&quot;, &quot;mni&quot;, &quot;kok&quot;, &quot;mai&quot;, &quot;sat&quot;\n        }\n        return lang_code in indic_languages\n        \n    def _load_config(self, filename: str) -&gt; Dict:\n        &quot;&quot;&quot;Load JSON configuration file&quot;&quot;&quot;\n        config_file = self.job_dir / filename\n        if not config_file.exists():\n            raise FileNotFoundError(f&quot;Configuration not found: {config_file}&quot;)\n        \n        with open(config_file) as f:\n            return json.load(f)\n    \n    def _save_manifest(self) -&gt; None:\n        &quot;&quot;&quot;Save manifest to file&quot;&quot;&quot;\n        manifest_file = self.job_dir / &quot;manifest.json&quot;\n        self.manifest[&quot;updated_at&quot;] = datetime.now().isoformat()\n        \n        with open(manifest_file, \'w\') as f:\n            json.dump(self.manifest, f, indent=2)\n    \n    def _update_stage_status(self, stage_name: str, status: str, \n                            duration: Optional[float] = None):\n        &quot;&quot;&quot;Update stage status in manifest&quot;&quot;&quot;\n        for stage in self.manifest[&quot;stages&quot;]:\n            if stage[&quot;name&quot;] == stage_name:\n                stage[&quot;status&quot;] = status\n                if status == &quot;running&quot;:\n                    stage[&quot;start_time&quot;] = datetime.now().isoformat()\n                elif status in [&quot;completed&quot;, &quot;failed&quot;]:\n                    stage[&quot;end_time&quot;] = datetime.now().isoformat()\n                    if duration:\n                        stage[&quot;duration_seconds&quot;] = duration\n                break\n        \n        self._save_manifest()\n    \n    def _get_stage_environment(self, stage_name: str) -&gt; Optional[str]:\n        &quot;&quot;&quot;Get the required environment for a stage&quot;&quot;&quot;\n        stage_envs = self.job_config.get(&quot;stage_environments&quot;, {})\n        \n        # Try exact match first\n        if stage_name in stage_envs:\n            return stage_envs[stage_name]\n        \n        # Handle dynamic translation stage names (e.g., indictrans2_translation_en)\n        if stage_name.startswith(&quot;indictrans2_translation_&quot;):\n            # Look for generic &quot;translation&quot; mapping\n            return stage_envs.get(&quot;translation&quot;) or &quot;indictrans2&quot;\n        \n        # Handle dynamic NLLB translation stage names\n        if stage_name.startswith(&quot;nllb_translation_&quot;):\n            return stage_envs.get(&quot;nllb_translation&quot;) or &quot;nllb&quot;\n        \n        # Handle dynamic subtitle generation stage names\n        if stage_name.startswith(&quot;subtitle_generation_&quot;):\n            return stage_envs.get(&quot;subtitle_gen&quot;) or stage_envs.get(&quot;subtitle_generation&quot;) or &quot;common&quot;\n        \n        # Default environment mappings for stages without explicit config\n        default_envs = {\n            &quot;source_separation&quot;: &quot;common&quot;,\n            &quot;pyannote_vad&quot;: &quot;pyannote&quot;\n        }\n        \n        if stage_name in default_envs:\n            return default_envs[stage_name]\n        \n        return None\n    \n    def _get_target_language(self) -&gt; Optional[str]:\n        &quot;&quot;&quot;\n        Get target language from job config, handling both singular and plural forms.\n        \n        Returns:\n            Target language code, or None if not set\n        &quot;&quot;&quot;\n        # Try singular form first (legacy)\n        target_lang = self.job_config.get(&quot;target_language&quot;)\n        if target_lang:\n            return target_lang\n        \n        # Try plural form (new format)\n        target_langs = self.job_config.get(&quot;target_languages&quot;, [])\n        if target_langs:\n            return target_langs[0]\n        \n        return None\n    \n    def _run_in_environment(self, stage_name: str, command: List[str], **kwargs) -&gt; subprocess.CompletedProcess:\n        &quot;&quot;&quot;\n        Run a command in the appropriate environment for a stage\n        \n        Args:\n            stage_name: Name of the stage\n            command: Command to run\n            **kw
[...]
(["-c", "copy"])\n        \n        # Set subtitle codec based on output format\n        cmd.extend(["-c:s", subtitle_codec])\n        \n        # Add metadata for each subtitle track\n        # Map 2-letter codes to ISO 639-2 (3-letter) for better player compatibility\n        lang_map_iso639_2 = {\n            "hi": "hin",  # Hindi\n            "en": "eng",  # English\n            "gu": "guj",  # Gujarati\n            "ta": "tam",  # Tamil\n            "te": "tel",  # Telugu\n            "bn": "ben",  # Bengali\n            "mr": "mar",  # Marathi\n            "kn": "kan",  # Kannada\n            "ml": "mal",  # Malayalam\n            "pa": "pan",  # Punjabi\n            "ur": "urd",  # Urdu\n            "as": "asm",  # Assamese\n            "or": "ori",  # Odia\n            "ne": "nep",  # Nepali\n            "sd": "snd",  # Sindhi\n            "si": "sin",  # Sinhala\n            "sa": "san",  # Sanskrit\n        }\n        \n        # Map to full language names for display\n        lang_names = {\n            "hin": "Hindi", "hi": "Hindi",\n            "eng": "English", "en": "English",\n            "guj": "Gujarati", "gu": "Gujarati",\n            "tam": "Tamil", "ta": "Tamil",\n            "tel": "Telugu", "te": "Telugu",\n            "ben": "Bengali", "bn": "Bengali",\n            "mar": "Marathi", "mr": "Marathi",\n            "kan": "Kannada", "kn": "Kannada",\n            "mal": "Malayalam", "ml": "Malayalam",\n            "pan": "Punjabi", "pa": "Punjabi",\n            "urd": "Urdu", "ur": "Urdu",\n            "asm": "Assamese", "as": "Assamese",\n            "ori": "Odia", "or": "Odia",\n            "nep": "Nepali", "ne": "Nepali",\n            "snd": "Sindhi", "sd": "Sindhi",\n            "sin": "Sinhala", "si": "Sinhala",\n            "san": "Sanskrit", "sa": "Sanskrit",\n        }\n        \n        for i, lang in enumerate(subtitle_langs):\n            # Convert to ISO 639-2 (3-letter code)\n            lang_iso = lang_map_iso639_2.get(lang, lang)\n            # Get full language name\n            lang_title = lang_names.get(lang, lang.upper())\n            \n            cmd.extend([\n                "-metadata:s:s:" + str(i), f"language={lang_iso}",\n                "-metadata:s:s:" + str(i), f"title={lang_title}",\n            ])\n        \n        # Output file\n        cmd.append(str(output_video))\n        \n        mode_str = f"clipped ({start_time} to {end_time})" if processing_mode == "clip" else "full"\n        self.logger.info(f"Creating {mode_str} video with {len(subtitle_files)} subtitle tracks...")\n        for i, lang in enumerate(subtitle_langs):\n            lang_iso = lang_map_iso639_2.get(lang, lang)\n            lang_title = lang_names.get(lang, lang.upper())\n            self.logger.info(f"  \u2022 Track {i}: {lang_title} ({lang_iso})")\n        \n        try:\n            # Set up environment with debug flag\n            env = os.environ.copy()\n            env[\'DEBUG_MODE\'] = \'true\' if self.debug else \'false\'\n            env[\'LOG_LEVEL\'] = \'DEBUG\' if self.debug else \'INFO\'\n            \n            result = subprocess.run(\n                cmd,\n                capture_output=True,\n                text=True,\n                check=True,\n                env=env\n            )\n            \n            if self.debug and result.stderr:\n                self.logger.debug(f"FFmpeg output: {result.stderr}")\n            \n            if output_video.exists():\n                size_mb = output_video.stat().st_size / (1024 * 1024)\n                self.logger.info(f"\u2713 Video created: {output_video.relative_to(self.job_dir)} ({size_mb:.1f} MB)")\n                self.logger.info(f"\u2713 Video contains {len(subtitle_files)} subtitle tracks: {\', \'.join([l.upper() for l in subtitle_langs])}")\n                \n                # Also copy to media subdirectory for user convenience\n                import shutil\n                shutil.copy2(output_video, media_output_video)\n                self.logger.info(f"\u2713 Copy saved to: {media_output_video.relative_to(self.job_dir)}")\n                \n                return True\n            else:\n                self.logger.error("Video muxing failed - no output file")\n                return False\n                \n        except subprocess.CalledProcessError as e:\n            self.logger.error(f"FFmpeg muxing error: {e.stderr}", exc_info=True)\n            return False\n    \n    # ========================================================================\n    # Main Execution\n    # ========================================================================\n    \n    def run(self) -&gt; bool:\n        """Execute pipeline based on workflow"""\n        self.logger.info(f"Starting pipeline: {self.workflow}")\n        self.logger.info(f"Job ID: {self.job_config[\'job_id\']}")\n        self.logger.info(f"Job directory: {self.job_dir}")\n        \n        self.manifest["status"] = "running"\n        self._save_manifest()\n        \n        if self.workflow == "transcribe":\n            success = self.run_transcribe_workflow()\n        elif self.workflow == "translate":\n            success = self.run_translate_workflow()\n        elif self.workflow == "subtitle":\n            success = self.run_subtitle_workflow()\n        else:\n            self.logger.error(f"Unknown workflow: {self.workflow}")\n            success = False\n        \n        if success:\n            self.manifest["status"] = "completed"\n            self.logger.info("=" * 80)\n            self.logger.info("PIPELINE COMPLETED SUCCESSFULLY")\n            self.logger.info("=" * 80)\n        else:\n            self.manifest["status"] = "failed"\n            self.logger.error("=" * 80)\n            self.logger.error("PIPELINE FAILED")\n            self.logger.error("=" * 80)\n        \n        self._save_manifest()\n        return success\n    \n    def _stage_hallucination_removal(self) -&gt; bool:\n        """\n        Stage: Remove hallucinations from ASR transcript\n        \n        Detects and removes looping/repetition hallucinations from WhisperX output.\n        Runs after ASR, before alignment.\n        \n        Follows developer standards:\n        - Uses Config class for configuration\n        - Proper error handling with graceful degradation\n        - Logging with PipelineLogger\n        - Respects opt-out (HALLUCINATION_REMOVAL_ENABLED=false)\n        \n        Returns:\n            bool: True if successful or disabled, False on error\n        """\n        self.logger.info("Running hallucination removal...")\n        \n        # Check if enabled (default: true, opt-out)\n        enabled = self.env_config.get(\'HALLUCINATION_REMOVAL_ENABLED\', \'true\').lower() == \'true\'\n        if not enabled:\n            self.logger.info("Hallucination removal is disabled (HALLUCINATION_REMOVAL_ENABLED=false)")\n            self.logger.info("Skipping stage - segments will be used as-is")\n            return True\n        \n        # Configuration with defaults (following developer standards)\n        loop_threshold = int(self.env_config.get(\'HALLUCINATION_LOOP_THRESHOLD\', \'3\'))\n        max_repeats = int(self.env_config.get(\'HALLUCINATION_MAX_REPEATS\', \'2\'))\n        \n        self.logger.info(f"Configuration:")\n        self.logger.info(f"  Loop threshold: {loop_threshold} (min consecutive repeats to consider hallucination)")\n        self.logger.info(f"  Max repeats: {max_repeats} (max occurrences to keep)")\n        \n        # Input/output paths\n        segments_file = self.job_dir / "transcripts" / "segments.json"\n        if not segments_file.exists():\n            self.logger.error(f"Segments file not found: {segments_file}")\n            self.logger.error("Run ASR stage first!")\n            return False\n        \n        try:\n            # Load segments\n            with open(segments_file, \'r\', encoding=\'utf-8\') as f:\n                data = json.load(f)\n            \n            # Extract segments and metadata\n            if isinstance(data, dict):\n                segments = data.get(\'segments\', [])\n                metadata = {k: v for k, v in data.items() if k != \'segments\'}\n            else:\n                segments = data\n                metadata = {}\n            \n            if not segments:\n                self.logger.warning("No segments found - nothing to clean")\n                return True\n            \n            original_count = len(segments)\n            self.logger.info(f"Processing {original_count} segments...")\n            \n            # Import hallucination remover (late import to avoid issues)\n            sys.path.insert(0, str(SCRIPT_DIR))\n            from hallucination_removal import HallucinationRemover\n            \n            # Create remover instance\n            remover = HallucinationRemover(\n                loop_threshold=loop_threshold,\n                max_repeats=max_repeats,\n                logger=None  # Use pipeline logger instead\n            )\n            \n            # Detect loops manually (for logging)\n            loops = remover.detect_looping_hallucinations(segments)\n            \n            if loops:\n                self.logger.warning(f"Detected {len(loops)} hallucination loop(s):")\n                for start_idx, end_idx, text in loops:\n                    count = end_idx - start_idx + 1\n                    self.logger.warning(f"  \u2022 \'{text}\' repeated {count} times (segments {start_idx}-{end_idx})")\n            else:\n                self.logger.info("No hallucination loops detected - segments are clean")\n            \n            # Remove loops\n            cleaned_segments = remover.remove_looping_hallucinations(segments, loops)\n            cleaned_count = len(cleaned_segments)\n            removed_count = original_count - cleaned_count\n            \n            # Log results\n            if removed_count &gt; 0:\n                self.logger.info(f"Removed {removed_count} hallucinated segments")\n                self.logger.info(f"Kept {cleaned_count}/{original_count} segments ({cleaned_count/original_count*100:.1f}%)")\n                \n                # Calculate repetition improvement\n                before_texts = [seg.get(\'text\', \'\').strip() for seg in segments if seg.get(\'text\', \'\').strip()]\n                after_texts = [seg.get(\'text\', \'\').strip() for seg in cleaned_segments if seg.get(\'text\', \'\').strip()]\n                \n                before_unique = len(set(before_texts))\n                after_unique = len(set(after_texts))\n                \n                before_rep_rate = 1.0 - (before_unique / len(before_texts)) if before_texts else 0.0\n                after_rep_rate = 1.0 - (after_unique / len(after_texts)) if after_texts else 0.0\n                \n                if before_rep_rate &gt; 0:\n                    improvement = ((before_rep_rate - after_rep_rate) / before_rep_rate) * 100\n                    self.logger.info(f"Repetition rate improved: {before_rep_rate:.1%} \u2192 {after_rep_rate:.1%} ({improvement:.0f}% better)")\n            else:\n                self.logger.info("No hallucinations found - transcript is clean")\n            \n            # Save cleaned segments (backup original first)\n            backup_file = segments_file.with_suffix(\'.json.pre-hallucination-removal\')\n            if not backup_file.exists():\n                import shutil\n                shutil.copy2(segments_file, backup_file)\n                self.logger.info(f"Backed up original segments: {backup_file.name}")\n            \n            # Write cleaned segments\n            output_data = metadata.copy()\n            output_data[\'segments\'] = cleaned_segments\n            output_data[\'hallucination_removal\'] = {\n                \'enabled\': True,\n                \'original_count\': original_count,\n                \'cleaned_count\': cleaned_count,\n                \'removed_count\': removed_count,\n                \'loops_detected\': len(loops),\n                \'loop_threshold\': loop_threshold,\n                \'max_repeats\': max_repeats\n            }\n            \n            with open(segments_file, \'w\', encoding=\'utf-8\') as f:\n                json.dump(output_data, f, indent=2, ensure_ascii=False)\n            \n            self.logger.info(f"Cleaned segments saved: {segments_file}")\n            self.logger.info("\u2705 Hallucination removal completed successfully")\n            return True\n            \n        except Exception as e:\n            self.logger.error(f"Error in hallucination removal: {e}", exc_info=True)\n            if self.main_config.debug_mode:\n                import traceback\n                self.logger.error(f"Traceback: {traceback.format_exc()}", exc_info=True)\n            \n            # Graceful degradation - continue with original segments\n            self.logger.warning("Continuing with original segments (graceful degradation)")\n            return True  # Don\'t fail pipeline, just skip cleaning\n\n\ndef main() -&gt; Any:\n    """Main."""\n    parser = argparse.ArgumentParser(\n        description="IndicTrans2 Pipeline Orchestrator"\n    )\n    \n    parser.add_argument(\n        "--job-dir",\n        type=Path,\n        required=True,\n        help="Job directory"\n    )\n    \n    parser.add_argument(\n        "--resume",\n        action="store_true",\n        help="Resume from last completed stage"\n    )\n    \n    args = parser.parse_args()\n    \n    if not args.job_dir.exists():\n        logger.info(f"\u274c Error: Job directory not found: {args.job_dir}")\n        return 1\n    \n    # Create and run pipeline\n    pipeline = IndicTrans2Pipeline(args.job_dir, args.resume)\n    success = pipeline.run()\n    \n    return 0 if success else 1\n\n\nif __name__ == "__main__":\n    sys.exit(main())\n'</skipped></testcase><testcase classname="tests.integration.test_workflow_integration.TestTranscribeWorkflowE2E" name="test_transcribe_sample1_english_technical" time="0.000"><skipped type="pytest.skip" message="Phase 3 - Requires full pipeline with models">/Users/rpatel/Projects/Active/cp-whisperx-app/tests/integration/test_workflow_integration.py:359: Phase 3 - Requires full pipeline with models</skipped></testcase><testcase classname="tests.integration.test_workflow_integration.TestTranscribeWorkflowE2E" name="test_transcribe_sample2_hinglish" time="0.000"><skipped type="pytest.skip" message="Phase 3 - Requires full pipeline with models">/Users/rpatel/Projects/Active/cp-whisperx-app/tests/integration/test_workflow_integration.py:375: Phase 3 - Requires full pipeline with models</skipped></testcase><testcase classname="tests.integration.test_workflow_integration.TestTranslateWorkflowE2E" name="test_translate_english_to_hindi" time="0.000"><skipped type="pytest.skip" message="Phase 3 - Requires full pipeline with models">/Users/rpatel/Projects/Active/cp-whisperx-app/tests/integration/test_workflow_integration.py:399: Phase 3 - Requires full pipeline with models</skipped></testcase><testcase classname="tests.integration.test_workflow_integration.TestTranslateWorkflowE2E" name="test_translate_hindi_to_english" time="0.000"><skipped type="pytest.skip" message="Phase 3 - Requires full pipeline with models">/Users/rpatel/Projects/Active/cp-whisperx-app/tests/integration/test_workflow_integration.py:415: Phase 3 - Requires full pipeline with models</skipped></testcase><testcase classname="tests.integration.test_workflow_integration.TestSubtitleWorkflowE2E" name="test_subtitle_full_pipeline_sample2" time="0.000"><skipped type="pytest.skip" message="Phase 3 - Requires full pipeline with models">/Users/rpatel/Projects/Active/cp-whisperx-app/tests/integration/test_workflow_integration.py:439: Phase 3 - Requires full pipeline with models</skipped></testcase><testcase classname="tests.integration.test_quality_baselines.TestSample1QualityBaselines" name="test_sample1_asr_wer_meets_target" time="0.000"><skipped type="pytest.skip" message="Phase 3 - Requires actual pipeline execution and models">/Users/rpatel/Projects/Active/cp-whisperx-app/tests/integration/test_quality_baselines.py:88: Phase 3 - Requires actual pipeline execution and models</skipped></testcase><testcase classname="tests.integration.test_quality_baselines.TestSample1QualityBaselines" name="test_sample1_translation_bleu_meets_target" time="0.000"><skipped type="pytest.skip" message="Phase 3 - Requires actual pipeline execution and models">/Users/rpatel/Projects/Active/cp-whisperx-app/tests/integration/test_quality_baselines.py:114: Phase 3 - Requires actual pipeline execution and models</skipped></testcase><testcase classname="tests.integration.test_quality_baselines.TestSample1QualityBaselines" name="test_sample1_technical_term_preservation" time="0.000"><skipped type="pytest.skip" message="Phase 3 - Requires actual pipeline execution and models">/Users/rpatel/Projects/Active/cp-whisperx-app/tests/integration/test_quality_baselines.py:140: Phase 3 - Requires actual pipeline execution and models</skipped></testcase><testcase classname="tests.integration.test_quality_baselines.TestSample2QualityBaselines" name="test_sample2_asr_wer_meets_target" time="0.000"><skipped type="pytest.skip" message="Phase 3 - Requires actual pipeline execution and models">/Users/rpatel/Projects/Active/cp-whisperx-app/tests/integration/test_quality_baselines.py:176: Phase 3 - Requires actual pipeline execution and models</skipped></testcase><testcase classname="tests.integration.test_quality_baselines.TestSample2QualityBaselines" name="test_sample2_subtitle_quality_meets_target" time="0.000"><skipped type="pytest.skip" message="Phase 3 - Requires actual pipeline execution and models">/Users/rpatel/Projects/Active/cp-whisperx-app/tests/integration/test_quality_baselines.py:203: Phase 3 - Requires actual pipeline execution and models</skipped></testcase><testcase classname="tests.integration.test_quality_baselines.TestSample2QualityBaselines" name="test_sample2_timing_accuracy_meets_target" time="0.000"><skipped type="pytest.skip" message="Phase 3 - Requires actual pipeline execution and models">/Users/rpatel/Projects/Active/cp-whisperx-app/tests/integration/test_quality_baselines.py:232: Phase 3 - Requires actual pipeline execution and models</skipped></testcase><testcase classname="tests.integration.test_quality_baselines.TestSample2QualityBaselines" name="test_sample2_glossary_application_meets_target" time="0.000"><skipped type="pytest.skip" message="Phase 3 - Requires actual pipeline execution and models">/Users/rpatel/Projects/Active/cp-whisperx-app/tests/integration/test_quality_baselines.py:258: Phase 3 - Requires actual pipeline execution and models</skipped></testcase><testcase classname="tests.integration.test_quality_baselines.TestSample2QualityBaselines" name="test_sample2_context_awareness_meets_target" time="0.000"><skipped type="pytest.skip" message="Phase 3 - Requires actual pipeline execution and models">/Users/rpatel/Projects/Active/cp-whisperx-app/tests/integration/test_quality_baselines.py:286: Phase 3 - Requires actual pipeline execution and models</skipped></testcase><testcase classname="tests.integration.test_quality_baselines.TestBaselineInfrastructure" name="test_quality_baselines_document_exists" time="0.000" /><testcase classname="tests.integration.test_quality_baselines.TestBaselineInfrastructure" name="test_quality_baselines_fixture_loads" time="0.000" /><testcase classname="tests.integration.test_quality_baselines.TestBaselineInfrastructure" name="test_sample1_baselines_complete" time="0.000" /><testcase classname="tests.integration.test_quality_baselines.TestBaselineInfrastructure" name="test_sample2_baselines_complete" time="0.000" /><testcase classname="tests.integration.test_quality_baselines.TestBaselineInfrastructure" name="test_baseline_values_reasonable" time="0.000" /></testsuite></testsuites>