<?xml version="1.0" encoding="utf-8"?><testsuites name="pytest tests"><testsuite name="pytest" errors="0" failures="0" skipped="0" tests="12" time="3.061" timestamp="2025-12-09T20:13:11.349925-06:00" hostname="Rajs-MacBook-Pro.local"><testcase classname="tests.unit.test_similarity_optimizer.TestMediaFingerprint" name="test_create_fingerprint" time="0.001" /><testcase classname="tests.unit.test_similarity_optimizer.TestMediaFingerprint" name="test_to_dict" time="0.000" /><testcase classname="tests.unit.test_similarity_optimizer.TestProcessingDecision" name="test_create_decision" time="0.000" /><testcase classname="tests.unit.test_similarity_optimizer.TestSimilarityOptimizer" name="test_create_optimizer" time="0.002" /><testcase classname="tests.unit.test_similarity_optimizer.TestSimilarityOptimizer" name="test_compute_similarity_identical" time="0.002" /><testcase classname="tests.unit.test_similarity_optimizer.TestSimilarityOptimizer" name="test_compute_similarity_different" time="0.001" /><testcase classname="tests.unit.test_similarity_optimizer.TestSimilarityOptimizer" name="test_find_similar_media" time="0.002" /><testcase classname="tests.unit.test_similarity_optimizer.TestSimilarityOptimizer" name="test_store_and_retrieve_decision" time="0.003" /><testcase classname="tests.unit.test_similarity_optimizer.TestSimilarityOptimizer" name="test_get_reusable_decisions" time="0.008" /><testcase classname="tests.unit.test_similarity_optimizer.TestSimilarityOptimizer" name="test_get_reusable_decisions_low_confidence" time="0.003" /><testcase classname="tests.unit.test_similarity_optimizer.TestSimilarityOptimizer" name="test_save_and_load_cache" time="0.008" /><testcase classname="tests.unit.test_similarity_optimizer.TestSimilarityOptimizer" name="test_get_optimization_stats" time="0.003" /></testsuite></testsuites>